<?xml version="1.0" encoding="UTF-8"?>
<coverage generated="1782309305572" clover="3.2.0">
  <project timestamp="1782309305572" name="All files">
    <metrics statements="1185" coveredstatements="1149" conditionals="751" coveredconditionals="538" methods="150" coveredmethods="141" elements="2086" coveredelements="1828" complexity="0" loc="1185" ncloc="1185" packages="5" files="29" classes="29"/>
    <package name="controllers">
      <metrics statements="458" coveredstatements="457" conditionals="341" coveredconditionals="257" methods="42" coveredmethods="42"/>
      <file name="authController.js" path="C:\Users\21266\Desktop\sdk52\sallysudo\backend\src\controllers\authController.js">
        <metrics statements="88" coveredstatements="88" conditionals="79" coveredconditionals="54" methods="8" coveredmethods="8"/>
        <line num="1" count="7" type="stmt"/>
        <line num="2" count="7" type="stmt"/>
        <line num="3" count="7" type="stmt"/>
        <line num="5" count="7" type="stmt"/>
        <line num="6" count="256" type="cond" truecount="1" falsecount="1"/>
        <line num="17" count="7" type="cond" truecount="2" falsecount="0"/>
        <line num="20" count="9" type="stmt"/>
        <line num="28" count="8" type="cond" truecount="3" falsecount="1"/>
        <line num="29" count="8" type="stmt"/>
        <line num="30" count="8" type="stmt"/>
        <line num="31" count="8" type="cond" truecount="1" falsecount="1"/>
        <line num="32" count="8" type="stmt"/>
        <line num="33" count="8" type="cond" truecount="3" falsecount="3"/>
        <line num="35" count="8" type="cond" truecount="3" falsecount="1"/>
        <line num="36" count="1" type="stmt"/>
        <line num="38" count="7" type="cond" truecount="2" falsecount="0"/>
        <line num="39" count="1" type="stmt"/>
        <line num="41" count="6" type="cond" truecount="3" falsecount="1"/>
        <line num="42" count="6" type="cond" truecount="1" falsecount="1"/>
        <line num="43" count="6" type="stmt"/>
        <line num="47" count="7" type="stmt"/>
        <line num="48" count="249" type="stmt"/>
        <line num="49" count="249" type="stmt"/>
        <line num="52" count="249" type="stmt"/>
        <line num="53" count="248" type="cond" truecount="2" falsecount="0"/>
        <line num="54" count="1" type="stmt"/>
        <line num="60" count="247" type="stmt"/>
        <line num="64" count="247" type="stmt"/>
        <line num="66" count="247" type="stmt"/>
        <line num="83" count="1" type="cond" truecount="1" falsecount="1"/>
        <line num="88" count="7" type="stmt"/>
        <line num="89" count="5" type="stmt"/>
        <line num="90" count="5" type="stmt"/>
        <line num="93" count="5" type="stmt"/>
        <line num="94" count="3" type="cond" truecount="2" falsecount="0"/>
        <line num="95" count="1" type="stmt"/>
        <line num="99" count="2" type="stmt"/>
        <line num="100" count="2" type="cond" truecount="2" falsecount="0"/>
        <line num="101" count="1" type="stmt"/>
        <line num="106" count="1" type="stmt"/>
        <line num="107" count="1" type="stmt"/>
        <line num="108" count="1" type="stmt"/>
        <line num="110" count="1" type="stmt"/>
        <line num="112" count="1" type="stmt"/>
        <line num="133" count="2" type="cond" truecount="1" falsecount="1"/>
        <line num="138" count="7" type="stmt"/>
        <line num="139" count="3" type="stmt"/>
        <line num="140" count="3" type="stmt"/>
        <line num="141" count="2" type="stmt"/>
        <line num="143" count="1" type="cond" truecount="1" falsecount="1"/>
        <line num="155" count="7" type="stmt"/>
        <line num="156" count="9" type="stmt"/>
        <line num="157" count="9" type="cond" truecount="2" falsecount="0"/>
        <line num="158" count="9" type="cond" truecount="2" falsecount="0"/>
        <line num="160" count="8" type="stmt"/>
        <line num="161" count="6" type="stmt"/>
        <line num="164" count="6" type="stmt"/>
        <line num="169" count="6" type="cond" truecount="4" falsecount="0"/>
        <line num="171" count="6" type="cond" truecount="2" falsecount="0"/>
        <line num="173" count="2" type="cond" truecount="2" falsecount="0"/>
        <line num="174" count="1" type="stmt"/>
        <line num="175" count="1" type="cond" truecount="2" falsecount="0"/>
        <line num="176" count="1" type="cond" truecount="1" falsecount="1"/>
        <line num="177" count="1" type="stmt"/>
        <line num="178" count="1" type="stmt"/>
        <line num="180" count="1" type="stmt"/>
        <line num="181" count="1" type="stmt"/>
        <line num="185" count="4" type="cond" truecount="2" falsecount="7"/>
        <line num="187" count="4" type="stmt"/>
        <line num="188" count="4" type="stmt"/>
        <line num="189" count="4" type="stmt"/>
        <line num="190" count="51" type="stmt"/>
        <line num="191" count="51" type="stmt"/>
        <line num="192" count="51" type="cond" truecount="2" falsecount="0"/>
        <line num="195" count="4" type="stmt"/>
        <line num="196" count="4" type="stmt"/>
        <line num="209" count="6" type="stmt"/>
        <line num="210" count="6" type="stmt"/>
        <line num="228" count="2" type="cond" truecount="1" falsecount="1"/>
        <line num="229" count="2" type="stmt"/>
        <line num="237" count="7" type="stmt"/>
        <line num="238" count="3" type="stmt"/>
        <line num="241" count="3" type="stmt"/>
        <line num="242" count="3" type="stmt"/>
        <line num="251" count="2" type="stmt"/>
        <line num="252" count="2" type="stmt"/>
        <line num="253" count="2" type="stmt"/>
        <line num="255" count="1" type="cond" truecount="1" falsecount="1"/>
      </file>
      <file name="challengeController.js" path="C:\Users\21266\Desktop\sdk52\sallysudo\backend\src\controllers\challengeController.js">
        <metrics statements="248" coveredstatements="248" conditionals="175" coveredconditionals="130" methods="22" coveredmethods="22"/>
        <line num="1" count="8" type="stmt"/>
        <line num="2" count="8" type="stmt"/>
        <line num="3" count="8" type="stmt"/>
        <line num="12" count="11" type="stmt"/>
        <line num="13" count="11" type="stmt"/>
        <line num="14" count="11" type="cond" truecount="3" falsecount="1"/>
        <line num="15" count="11" type="cond" truecount="1" falsecount="1"/>
        <line num="16" count="11" type="cond" truecount="1" falsecount="1"/>
        <line num="17" count="11" type="cond" truecount="1" falsecount="1"/>
        <line num="18" count="10" type="cond" truecount="1" falsecount="1"/>
        <line num="19" count="10" type="cond" truecount="1" falsecount="1"/>
        <line num="26" count="10" type="stmt"/>
        <line num="27" count="10" type="stmt"/>
        <line num="28" count="10" type="stmt"/>
        <line num="29" count="10" type="cond" truecount="1" falsecount="1"/>
        <line num="30" count="10" type="stmt"/>
        <line num="31" count="10" type="stmt"/>
        <line num="32" count="90" type="stmt"/>
        <line num="33" count="810" type="stmt"/>
        <line num="34" count="810" type="cond" truecount="3" falsecount="1"/>
        <line num="35" count="810" type="cond" truecount="2" falsecount="0"/>
        <line num="36" count="282" type="cond" truecount="2" falsecount="0"/>
        <line num="37" count="282" type="cond" truecount="3" falsecount="1"/>
        <line num="38" count="282" type="cond" truecount="2" falsecount="0"/>
        <line num="39" count="178" type="cond" truecount="2" falsecount="2"/>
        <line num="40" count="178" type="cond" truecount="2" falsecount="0"/>
        <line num="41" count="178" type="cond" truecount="1" falsecount="1"/>
        <line num="44" count="10" type="stmt"/>
        <line num="50" count="45" type="stmt"/>
        <line num="62" count="830" type="stmt"/>
        <line num="63" count="45" type="stmt"/>
        <line num="64" count="45" type="stmt"/>
        <line num="65" count="405" type="stmt"/>
        <line num="67" count="3645" type="stmt"/>
        <line num="68" count="405" type="stmt"/>
        <line num="69" count="45" type="stmt"/>
        <line num="70" count="45" type="cond" truecount="2" falsecount="0"/>
        <line num="72" count="45" type="stmt"/>
        <line num="73" count="45" type="stmt"/>
        <line num="74" count="2189" type="stmt"/>
        <line num="75" count="2189" type="stmt"/>
        <line num="76" count="2189" type="cond" truecount="2" falsecount="0"/>
        <line num="77" count="1615" type="stmt"/>
        <line num="78" count="1615" type="stmt"/>
        <line num="82" count="45" type="stmt"/>
        <line num="86" count="8" type="stmt"/>
        <line num="87" count="2" type="stmt"/>
        <line num="88" count="2" type="stmt"/>
        <line num="89" count="2" type="stmt"/>
        <line num="91" count="2" type="stmt"/>
        <line num="102" count="1" type="stmt"/>
        <line num="103" count="1" type="stmt"/>
        <line num="105" count="1" type="stmt"/>
        <line num="107" count="1" type="cond" truecount="1" falsecount="1"/>
        <line num="112" count="8" type="stmt"/>
        <line num="113" count="48" type="stmt"/>
        <line num="114" count="48" type="stmt"/>
        <line num="118" count="48" type="cond" truecount="2" falsecount="0"/>
        <line num="119" count="46" type="stmt"/>
        <line num="122" count="45" type="cond" truecount="2" falsecount="0"/>
        <line num="123" count="44" type="cond" truecount="2" falsecount="0"/>
        <line num="124" count="1" type="stmt"/>
        <line num="127" count="2" type="cond" truecount="2" falsecount="0"/>
        <line num="128" count="1" type="stmt"/>
        <line num="130" count="1" type="stmt"/>
        <line num="131" count="1" type="cond" truecount="1" falsecount="1"/>
        <line num="132" count="1" type="stmt"/>
        <line num="135" count="43" type="stmt"/>
        <line num="139" count="43" type="stmt"/>
        <line num="145" count="43" type="cond" truecount="2" falsecount="0"/>
        <line num="146" count="2" type="stmt"/>
        <line num="149" count="41" type="stmt"/>
        <line num="157" count="41" type="cond" truecount="2" falsecount="0"/>
        <line num="158" count="1" type="stmt"/>
        <line num="161" count="40" type="cond" truecount="1" falsecount="1"/>
        <line num="163" count="40" type="stmt"/>
        <line num="173" count="40" type="stmt"/>
        <line num="184" count="40" type="cond" truecount="1" falsecount="1"/>
        <line num="185" count="40" type="stmt"/>
        <line num="197" count="40" type="stmt"/>
        <line num="199" count="1" type="cond" truecount="1" falsecount="1"/>
        <line num="204" count="8" type="stmt"/>
        <line num="205" count="10" type="stmt"/>
        <line num="206" count="10" type="stmt"/>
        <line num="213" count="9" type="stmt"/>
        <line num="220" count="9" type="stmt"/>
        <line num="231" count="9" type="stmt"/>
        <line num="244" count="9" type="stmt"/>
        <line num="252" count="1" type="cond" truecount="1" falsecount="1"/>
        <line num="257" count="8" type="stmt"/>
        <line num="258" count="21" type="stmt"/>
        <line num="259" count="21" type="stmt"/>
        <line num="261" count="21" type="stmt"/>
        <line num="267" count="20" type="cond" truecount="2" falsecount="0"/>
        <line num="268" count="1" type="stmt"/>
        <line num="271" count="19" type="stmt"/>
        <line num="272" count="19" type="stmt"/>
        <line num="276" count="19" type="stmt"/>
        <line num="277" count="19" type="stmt"/>
        <line num="279" count="19" type="stmt"/>
        <line num="284" count="19" type="stmt"/>
        <line num="286" count="1" type="cond" truecount="1" falsecount="1"/>
        <line num="291" count="8" type="stmt"/>
        <line num="292" count="4" type="stmt"/>
        <line num="293" count="4" type="stmt"/>
        <line num="295" count="4" type="stmt"/>
        <line num="301" count="3" type="cond" truecount="2" falsecount="0"/>
        <line num="302" count="1" type="stmt"/>
        <line num="305" count="2" type="stmt"/>
        <line num="306" count="2" type="stmt"/>
        <line num="308" count="2" type="stmt"/>
        <line num="310" count="1" type="cond" truecount="1" falsecount="1"/>
        <line num="315" count="8" type="stmt"/>
        <line num="316" count="12" type="stmt"/>
        <line num="317" count="12" type="stmt"/>
        <line num="319" count="12" type="stmt"/>
        <line num="328" count="11" type="cond" truecount="2" falsecount="0"/>
        <line num="329" count="1" type="stmt"/>
        <line num="332" count="10" type="stmt"/>
        <line num="333" count="10" type="stmt"/>
        <line num="338" count="10" type="stmt"/>
        <line num="339" count="10" type="stmt"/>
        <line num="341" count="10" type="stmt"/>
        <line num="346" count="10" type="stmt"/>
        <line num="348" count="1" type="cond" truecount="1" falsecount="1"/>
        <line num="353" count="8" type="stmt"/>
        <line num="354" count="3" type="stmt"/>
        <line num="355" count="3" type="stmt"/>
        <line num="357" count="3" type="stmt"/>
        <line num="368" count="2" type="cond" truecount="2" falsecount="0"/>
        <line num="369" count="1" type="stmt"/>
        <line num="372" count="1" type="stmt"/>
        <line num="374" count="1" type="cond" truecount="1" falsecount="1"/>
        <line num="379" count="8" type="stmt"/>
        <line num="380" count="5" type="stmt"/>
        <line num="381" count="5" type="stmt"/>
        <line num="382" count="5" type="stmt"/>
        <line num="384" count="5" type="stmt"/>
        <line num="393" count="4" type="cond" truecount="2" falsecount="0"/>
        <line num="394" count="1" type="stmt"/>
        <line num="397" count="3" type="stmt"/>
        <line num="398" count="3" type="cond" truecount="2" falsecount="0"/>
        <line num="402" count="3" type="cond" truecount="1" falsecount="1"/>
        <line num="403" count="3" type="cond" truecount="2" falsecount="0"/>
        <line num="404" count="3" type="stmt"/>
        <line num="405" count="3" type="stmt"/>
        <line num="406" count="3" type="stmt"/>
        <line num="407" count="3" type="stmt"/>
        <line num="409" count="3" type="stmt"/>
        <line num="411" count="3" type="stmt"/>
        <line num="413" count="1" type="cond" truecount="1" falsecount="1"/>
        <line num="418" count="8" type="stmt"/>
        <line num="419" count="7" type="stmt"/>
        <line num="420" count="7" type="stmt"/>
        <line num="421" count="7" type="stmt"/>
        <line num="423" count="7" type="stmt"/>
        <line num="432" count="6" type="cond" truecount="2" falsecount="0"/>
        <line num="433" count="1" type="stmt"/>
        <line num="436" count="5" type="stmt"/>
        <line num="437" count="5" type="cond" truecount="2" falsecount="0"/>
        <line num="438" count="5" type="cond" truecount="2" falsecount="0"/>
        <line num="440" count="5" type="stmt"/>
        <line num="443" count="5" type="cond" truecount="1" falsecount="1"/>
        <line num="444" count="5" type="cond" truecount="2" falsecount="0"/>
        <line num="448" count="5" type="stmt"/>
        <line num="457" count="5" type="stmt"/>
        <line num="458" count="5" type="stmt"/>
        <line num="459" count="5" type="stmt"/>
        <line num="460" count="5" type="stmt"/>
        <line num="468" count="5" type="stmt"/>
        <line num="471" count="5" type="stmt"/>
        <line num="478" count="5" type="stmt"/>
        <line num="479" count="5" type="stmt"/>
        <line num="480" count="5" type="stmt"/>
        <line num="490" count="5" type="stmt"/>
        <line num="492" count="1" type="cond" truecount="1" falsecount="1"/>
        <line num="497" count="8" type="stmt"/>
        <line num="498" count="4" type="stmt"/>
        <line num="499" count="4" type="stmt"/>
        <line num="501" count="4" type="stmt"/>
        <line num="510" count="3" type="cond" truecount="2" falsecount="0"/>
        <line num="511" count="1" type="stmt"/>
        <line num="514" count="2" type="stmt"/>
        <line num="515" count="2" type="cond" truecount="1" falsecount="1"/>
        <line num="516" count="2" type="cond" truecount="1" falsecount="1"/>
        <line num="523" count="2" type="stmt"/>
        <line num="535" count="2" type="cond" truecount="2" falsecount="0"/>
        <line num="536" count="1" type="stmt"/>
        <line num="538" count="1" type="stmt"/>
        <line num="540" count="1" type="stmt"/>
        <line num="546" count="1" type="stmt"/>
        <line num="548" count="1" type="cond" truecount="1" falsecount="1"/>
        <line num="553" count="8" type="stmt"/>
        <line num="554" count="3" type="stmt"/>
        <line num="555" count="3" type="stmt"/>
        <line num="557" count="3" type="stmt"/>
        <line num="563" count="2" type="cond" truecount="2" falsecount="0"/>
        <line num="564" count="1" type="stmt"/>
        <line num="567" count="1" type="stmt"/>
        <line num="568" count="1" type="stmt"/>
        <line num="570" count="1" type="stmt"/>
        <line num="572" count="1" type="cond" truecount="1" falsecount="1"/>
        <line num="577" count="8" type="stmt"/>
        <line num="578" count="2" type="stmt"/>
        <line num="579" count="2" type="stmt"/>
        <line num="581" count="2" type="stmt"/>
        <line num="590" count="1" type="stmt"/>
        <line num="600" count="1" type="cond" truecount="1" falsecount="1"/>
        <line num="606" count="11" type="stmt"/>
        <line num="607" count="11" type="stmt"/>
        <line num="609" count="11" type="cond" truecount="4" falsecount="0"/>
        <line num="610" count="1" type="stmt"/>
        <line num="611" count="1" type="stmt"/>
        <line num="612" count="10" type="cond" truecount="4" falsecount="0"/>
        <line num="613" count="1" type="stmt"/>
        <line num="614" count="1" type="stmt"/>
        <line num="615" count="9" type="cond" truecount="4" falsecount="0"/>
        <line num="616" count="1" type="stmt"/>
        <line num="617" count="8" type="cond" truecount="4" falsecount="0"/>
        <line num="620" count="2" type="stmt"/>
        <line num="621" count="2" type="stmt"/>
        <line num="622" count="6" type="cond" truecount="4" falsecount="0"/>
        <line num="623" count="3" type="stmt"/>
        <line num="624" count="3" type="stmt"/>
        <line num="627" count="3" type="stmt"/>
        <line num="628" count="3" type="stmt"/>
        <line num="630" count="3" type="cond" truecount="2" falsecount="0"/>
        <line num="631" count="1" type="stmt"/>
        <line num="632" count="1" type="stmt"/>
        <line num="633" count="2" type="cond" truecount="2" falsecount="0"/>
        <line num="634" count="1" type="stmt"/>
        <line num="635" count="1" type="stmt"/>
        <line num="637" count="1" type="stmt"/>
        <line num="645" count="11" type="stmt"/>
        <line num="646" count="11" type="stmt"/>
        <line num="650" count="11" type="stmt"/>
        <line num="651" count="11" type="stmt"/>
        <line num="652" count="11" type="cond" truecount="1" falsecount="1"/>
        <line num="653" count="11" type="stmt"/>
        <line num="661" count="12" type="cond" truecount="2" falsecount="0"/>
        <line num="662" count="2" type="stmt"/>
        <line num="665" count="2" type="stmt"/>
        <line num="668" count="10" type="cond" truecount="3" falsecount="1"/>
        <line num="669" count="10" type="cond" truecount="1" falsecount="1"/>
        <line num="670" count="10" type="stmt"/>
        <line num="680" count="10" type="stmt"/>
        <line num="691" count="8" type="cond" truecount="1" falsecount="1"/>
        <line num="692" count="8" type="stmt"/>
      </file>
      <file name="gameController.js" path="C:\Users\21266\Desktop\sdk52\sallysudo\backend\src\controllers\gameController.js">
        <metrics statements="94" coveredstatements="93" conditionals="77" coveredconditionals="66" methods="8" coveredmethods="8"/>
        <line num="1" count="8" type="stmt"/>
        <line num="2" count="8" type="stmt"/>
        <line num="3" count="8" type="stmt"/>
        <line num="12" count="16" type="stmt"/>
        <line num="13" count="16" type="cond" truecount="2" falsecount="0"/>
        <line num="14" count="2" type="cond" truecount="2" falsecount="0"/>
        <line num="15" count="9" type="stmt"/>
        <line num="17" count="14" type="stmt"/>
        <line num="19" count="0" type="stmt"/>
        <line num="20" count="15" type="cond" truecount="4" falsecount="0"/>
        <line num="21" count="10" type="stmt"/>
        <line num="22" count="192" type="stmt"/>
        <line num="23" count="1720" type="cond" truecount="5" falsecount="0"/>
        <line num="24" count="191" type="stmt"/>
        <line num="26" count="10" type="stmt"/>
        <line num="27" count="66" type="cond" truecount="3" falsecount="1"/>
        <line num="28" count="66" type="cond" truecount="2" falsecount="0"/>
        <line num="30" count="7" type="stmt"/>
        <line num="31" count="567" type="cond" truecount="1" falsecount="1"/>
        <line num="33" count="7" type="stmt"/>
        <line num="34" count="21" type="stmt"/>
        <line num="35" count="63" type="stmt"/>
        <line num="36" count="567" type="stmt"/>
        <line num="37" count="63" type="cond" truecount="1" falsecount="1"/>
        <line num="40" count="7" type="stmt"/>
        <line num="44" count="8" type="stmt"/>
        <line num="45" count="11" type="stmt"/>
        <line num="46" count="11" type="stmt"/>
        <line num="49" count="11" type="stmt"/>
        <line num="52" count="10" type="stmt"/>
        <line num="59" count="10" type="cond" truecount="2" falsecount="0"/>
        <line num="60" count="1" type="stmt"/>
        <line num="61" count="1" type="stmt"/>
        <line num="64" count="10" type="stmt"/>
        <line num="66" count="1" type="cond" truecount="1" falsecount="1"/>
        <line num="71" count="8" type="stmt"/>
        <line num="72" count="3" type="stmt"/>
        <line num="73" count="3" type="stmt"/>
        <line num="75" count="3" type="stmt"/>
        <line num="76" count="2" type="cond" truecount="2" falsecount="0"/>
        <line num="77" count="1" type="stmt"/>
        <line num="80" count="1" type="stmt"/>
        <line num="81" count="1" type="stmt"/>
        <line num="82" count="1" type="stmt"/>
        <line num="83" count="1" type="stmt"/>
        <line num="85" count="1" type="stmt"/>
        <line num="87" count="1" type="cond" truecount="1" falsecount="1"/>
        <line num="92" count="8" type="stmt"/>
        <line num="93" count="9" type="stmt"/>
        <line num="94" count="9" type="stmt"/>
        <line num="97" count="9" type="stmt"/>
        <line num="98" count="8" type="cond" truecount="2" falsecount="0"/>
        <line num="99" count="1" type="stmt"/>
        <line num="104" count="7" type="cond" truecount="2" falsecount="0"/>
        <line num="105" count="7" type="cond" truecount="1" falsecount="1"/>
        <line num="106" count="7" type="cond" truecount="2" falsecount="0"/>
        <line num="107" count="7" type="cond" truecount="2" falsecount="0"/>
        <line num="111" count="7" type="cond" truecount="4" falsecount="0"/>
        <line num="114" count="7" type="stmt"/>
        <line num="115" count="7" type="stmt"/>
        <line num="116" count="7" type="stmt"/>
        <line num="117" count="7" type="cond" truecount="2" falsecount="0"/>
        <line num="118" count="7" type="cond" truecount="2" falsecount="0"/>
        <line num="124" count="7" type="stmt"/>
        <line num="138" count="7" type="cond" truecount="2" falsecount="0"/>
        <line num="140" count="1" type="stmt"/>
        <line num="150" count="6" type="stmt"/>
        <line num="151" count="6" type="stmt"/>
        <line num="152" count="6" type="cond" truecount="2" falsecount="0"/>
        <line num="153" count="5" type="stmt"/>
        <line num="154" count="5" type="stmt"/>
        <line num="155" count="5" type="stmt"/>
        <line num="156" count="5" type="stmt"/>
        <line num="157" count="5" type="cond" truecount="1" falsecount="1"/>
        <line num="158" count="5" type="cond" truecount="2" falsecount="0"/>
        <line num="159" count="4" type="stmt"/>
        <line num="160" count="4" type="stmt"/>
        <line num="162" count="1" type="cond" truecount="1" falsecount="1"/>
        <line num="163" count="1" type="stmt"/>
        <line num="165" count="6" type="stmt"/>
        <line num="169" count="6" type="stmt"/>
        <line num="170" count="6" type="stmt"/>
        <line num="175" count="6" type="stmt"/>
        <line num="181" count="1" type="stmt"/>
        <line num="182" count="1" type="cond" truecount="1" falsecount="1"/>
        <line num="187" count="8" type="stmt"/>
        <line num="188" count="3" type="stmt"/>
        <line num="189" count="3" type="cond" truecount="2" falsecount="0"/>
        <line num="191" count="3" type="stmt"/>
        <line num="196" count="2" type="stmt"/>
        <line num="198" count="2" type="stmt"/>
        <line num="200" count="1" type="cond" truecount="1" falsecount="1"/>
        <line num="204" count="8" type="cond" truecount="1" falsecount="1"/>
        <line num="205" count="8" type="stmt"/>
      </file>
      <file name="leaderboardController.js" path="C:\Users\21266\Desktop\sdk52\sallysudo\backend\src\controllers\leaderboardController.js">
        <metrics statements="28" coveredstatements="28" conditionals="10" coveredconditionals="7" methods="4" coveredmethods="4"/>
        <line num="1" count="7" type="stmt"/>
        <line num="2" count="7" type="stmt"/>
        <line num="5" count="7" type="stmt"/>
        <line num="6" count="5" type="stmt"/>
        <line num="7" count="5" type="cond" truecount="1" falsecount="0"/>
        <line num="9" count="5" type="stmt"/>
        <line num="14" count="8" type="stmt"/>
        <line num="24" count="4" type="stmt"/>
        <line num="26" count="1" type="stmt"/>
        <line num="27" count="1" type="cond" truecount="1" falsecount="1"/>
        <line num="32" count="7" type="stmt"/>
        <line num="33" count="2" type="stmt"/>
        <line num="34" count="2" type="cond" truecount="1" falsecount="0"/>
        <line num="37" count="2" type="stmt"/>
        <line num="38" count="2" type="stmt"/>
        <line num="39" count="2" type="stmt"/>
        <line num="40" count="2" type="stmt"/>
        <line num="42" count="2" type="stmt"/>
        <line num="47" count="1" type="stmt"/>
        <line num="49" count="1" type="stmt"/>
        <line num="50" count="1" type="cond" truecount="1" falsecount="1"/>
        <line num="55" count="7" type="stmt"/>
        <line num="56" count="4" type="stmt"/>
        <line num="57" count="4" type="stmt"/>
        <line num="61" count="3" type="stmt"/>
        <line num="68" count="3" type="stmt"/>
        <line num="75" count="1" type="stmt"/>
        <line num="76" count="1" type="cond" truecount="1" falsecount="1"/>
      </file>
    </package>
    <package name="middleware">
      <metrics statements="16" coveredstatements="15" conditionals="6" coveredconditionals="4" methods="1" coveredmethods="1"/>
      <file name="auth.js" path="C:\Users\21266\Desktop\sdk52\sallysudo\backend\src\middleware\auth.js">
        <metrics statements="16" coveredstatements="15" conditionals="6" coveredconditionals="4" methods="1" coveredmethods="1"/>
        <line num="9" count="7" type="stmt"/>
        <line num="10" count="7" type="stmt"/>
        <line num="16" count="7" type="stmt"/>
        <line num="17" count="242" type="stmt"/>
        <line num="19" count="242" type="stmt"/>
        <line num="21" count="242" type="cond" truecount="2" falsecount="0"/>
        <line num="22" count="3" type="stmt"/>
        <line num="29" count="239" type="cond" truecount="1" falsecount="1"/>
        <line num="32" count="238" type="stmt"/>
        <line num="34" count="238" type="cond" truecount="1" falsecount="1"/>
        <line num="35" count="0" type="stmt"/>
        <line num="42" count="238" type="stmt"/>
        <line num="43" count="238" type="stmt"/>
        <line num="45" count="238" type="stmt"/>
        <line num="47" count="1" type="stmt"/>
        <line num="48" count="1" type="stmt"/>
      </file>
    </package>
    <package name="models">
      <metrics statements="61" coveredstatements="55" conditionals="2" coveredconditionals="2" methods="6" coveredmethods="4"/>
      <file name="Achievement.js" path="C:\Users\21266\Desktop\sdk52\sallysudo\backend\src\models\Achievement.js">
        <metrics statements="3" coveredstatements="3" conditionals="0" coveredconditionals="0" methods="0" coveredmethods="0"/>
        <line num="1" count="7" type="stmt"/>
        <line num="3" count="7" type="stmt"/>
        <line num="37" count="7" type="stmt"/>
      </file>
      <file name="Challenge.js" path="C:\Users\21266\Desktop\sdk52\sallysudo\backend\src\models\Challenge.js">
        <metrics statements="8" coveredstatements="8" conditionals="0" coveredconditionals="0" methods="1" coveredmethods="1"/>
        <line num="1" count="8" type="stmt"/>
        <line num="3" count="8" type="stmt"/>
        <line num="78" count="47" type="stmt"/>
        <line num="82" count="8" type="stmt"/>
        <line num="83" count="8" type="stmt"/>
        <line num="84" count="8" type="stmt"/>
        <line num="85" count="8" type="stmt"/>
        <line num="87" count="8" type="stmt"/>
      </file>
      <file name="DailyChallenge.js" path="C:\Users\21266\Desktop\sdk52\sallysudo\backend\src\models\DailyChallenge.js">
        <metrics statements="3" coveredstatements="3" conditionals="0" coveredconditionals="0" methods="0" coveredmethods="0"/>
        <line num="1" count="7" type="stmt"/>
        <line num="3" count="7" type="stmt"/>
        <line num="27" count="7" type="stmt"/>
      </file>
      <file name="Game.js" path="C:\Users\21266\Desktop\sdk52\sallysudo\backend\src\models\Game.js">
        <metrics statements="6" coveredstatements="6" conditionals="0" coveredconditionals="0" methods="0" coveredmethods="0"/>
        <line num="1" count="8" type="stmt"/>
        <line num="3" count="8" type="stmt"/>
        <line num="30" count="8" type="stmt"/>
        <line num="31" count="8" type="stmt"/>
        <line num="32" count="8" type="stmt"/>
        <line num="34" count="8" type="stmt"/>
      </file>
      <file name="Leaderboard.js" path="C:\Users\21266\Desktop\sdk52\sallysudo\backend\src\models\Leaderboard.js">
        <metrics statements="5" coveredstatements="5" conditionals="0" coveredconditionals="0" methods="0" coveredmethods="0"/>
        <line num="1" count="7" type="stmt"/>
        <line num="3" count="7" type="stmt"/>
        <line num="20" count="7" type="stmt"/>
        <line num="21" count="7" type="stmt"/>
        <line num="23" count="7" type="stmt"/>
      </file>
      <file name="Level.js" path="C:\Users\21266\Desktop\sdk52\sallysudo\backend\src\models\Level.js">
        <metrics statements="4" coveredstatements="4" conditionals="0" coveredconditionals="0" methods="0" coveredmethods="0"/>
        <line num="1" count="8" type="stmt"/>
        <line num="3" count="8" type="stmt"/>
        <line num="30" count="8" type="stmt"/>
        <line num="32" count="8" type="stmt"/>
      </file>
      <file name="Report.js" path="C:\Users\21266\Desktop\sdk52\sallysudo\backend\src\models\Report.js">
        <metrics statements="4" coveredstatements="4" conditionals="0" coveredconditionals="0" methods="0" coveredmethods="0"/>
        <line num="1" count="7" type="stmt"/>
        <line num="5" count="7" type="stmt"/>
        <line num="15" count="7" type="stmt"/>
        <line num="17" count="7" type="stmt"/>
      </file>
      <file name="ShopItem.js" path="C:\Users\21266\Desktop\sdk52\sallysudo\backend\src\models\ShopItem.js">
        <metrics statements="3" coveredstatements="3" conditionals="0" coveredconditionals="0" methods="0" coveredmethods="0"/>
        <line num="1" count="7" type="stmt"/>
        <line num="3" count="7" type="stmt"/>
        <line num="46" count="7" type="stmt"/>
      </file>
      <file name="User.js" path="C:\Users\21266\Desktop\sdk52\sallysudo\backend\src\models\User.js">
        <metrics statements="25" coveredstatements="19" conditionals="2" coveredconditionals="2" methods="5" coveredmethods="3"/>
        <line num="1" count="8" type="stmt"/>
        <line num="2" count="8" type="stmt"/>
        <line num="4" count="8" type="stmt"/>
        <line num="101" count="8" type="stmt"/>
        <line num="102" count="265" type="cond" truecount="2" falsecount="0"/>
        <line num="103" count="253" type="stmt"/>
        <line num="104" count="253" type="stmt"/>
        <line num="110" count="8" type="stmt"/>
        <line num="111" count="2" type="stmt"/>
        <line num="115" count="8" type="stmt"/>
        <line num="116" count="8" type="stmt"/>
        <line num="120" count="8" type="stmt"/>
        <line num="121" count="0" type="stmt"/>
        <line num="122" count="0" type="stmt"/>
        <line num="123" count="0" type="stmt"/>
        <line num="127" count="8" type="stmt"/>
        <line num="128" count="0" type="stmt"/>
        <line num="129" count="0" type="stmt"/>
        <line num="130" count="0" type="stmt"/>
        <line num="134" count="8" type="stmt"/>
        <line num="135" count="8" type="stmt"/>
        <line num="136" count="8" type="stmt"/>
        <line num="137" count="8" type="stmt"/>
        <line num="138" count="8" type="stmt"/>
        <line num="140" count="8" type="stmt"/>
      </file>
    </package>
    <package name="routes">
      <metrics statements="443" coveredstatements="426" conditionals="279" coveredconditionals="197" methods="55" coveredmethods="50"/>
      <file name="achievements.js" path="C:\Users\21266\Desktop\sdk52\sallysudo\backend\src\routes\achievements.js">
        <metrics statements="42" coveredstatements="42" conditionals="30" coveredconditionals="22" methods="7" coveredmethods="7"/>
        <line num="1" count="7" type="stmt"/>
        <line num="2" count="7" type="stmt"/>
        <line num="3" count="7" type="stmt"/>
        <line num="4" count="7" type="stmt"/>
        <line num="5" count="7" type="stmt"/>
        <line num="8" count="7" type="stmt"/>
        <line num="9" count="2" type="stmt"/>
        <line num="10" count="2" type="stmt"/>
        <line num="11" count="1" type="stmt"/>
        <line num="13" count="1" type="stmt"/>
        <line num="14" count="1" type="cond" truecount="1" falsecount="1"/>
        <line num="19" count="7" type="stmt"/>
        <line num="20" count="3" type="stmt"/>
        <line num="21" count="3" type="stmt"/>
        <line num="22" count="2" type="stmt"/>
        <line num="24" count="2" type="stmt"/>
        <line num="26" count="1" type="stmt"/>
        <line num="27" count="1" type="stmt"/>
        <line num="30" count="2" type="stmt"/>
        <line num="32" count="1" type="stmt"/>
        <line num="33" count="1" type="cond" truecount="1" falsecount="1"/>
        <line num="38" count="7" type="stmt"/>
        <line num="39" count="7" type="stmt"/>
        <line num="40" count="7" type="stmt"/>
        <line num="41" count="6" type="cond" truecount="2" falsecount="0"/>
        <line num="43" count="5" type="stmt"/>
        <line num="44" count="6" type="cond" truecount="2" falsecount="0"/>
        <line num="45" count="1" type="stmt"/>
        <line num="52" count="4" type="cond" truecount="1" falsecount="1"/>
        <line num="53" count="4" type="cond" truecount="2" falsecount="0"/>
        <line num="54" count="3" type="cond" truecount="1" falsecount="1"/>
        <line num="55" count="3" type="stmt"/>
        <line num="62" count="3" type="cond" truecount="5" falsecount="1"/>
        <line num="63" count="1" type="stmt"/>
        <line num="67" count="3" type="stmt"/>
        <line num="68" count="3" type="cond" truecount="1" falsecount="1"/>
        <line num="69" count="3" type="cond" truecount="1" falsecount="1"/>
        <line num="70" count="3" type="stmt"/>
        <line num="72" count="3" type="stmt"/>
        <line num="74" count="1" type="stmt"/>
        <line num="75" count="1" type="cond" truecount="1" falsecount="1"/>
        <line num="79" count="7" type="stmt"/>
      </file>
      <file name="auth.js" path="C:\Users\21266\Desktop\sdk52\sallysudo\backend\src\routes\auth.js">
        <metrics statements="10" coveredstatements="10" conditionals="0" coveredconditionals="0" methods="0" coveredmethods="0"/>
        <line num="1" count="7" type="stmt"/>
        <line num="2" count="7" type="stmt"/>
        <line num="3" count="7" type="stmt"/>
        <line num="4" count="7" type="stmt"/>
        <line num="6" count="7" type="stmt"/>
        <line num="7" count="7" type="stmt"/>
        <line num="8" count="7" type="stmt"/>
        <line num="9" count="7" type="stmt"/>
        <line num="10" count="7" type="stmt"/>
        <line num="12" count="7" type="stmt"/>
      </file>
      <file name="challenges.js" path="C:\Users\21266\Desktop\sdk52\sallysudo\backend\src\routes\challenges.js">
        <metrics statements="53" coveredstatements="40" conditionals="43" coveredconditionals="29" methods="8" coveredmethods="6"/>
        <line num="1" count="7" type="stmt"/>
        <line num="2" count="7" type="stmt"/>
        <line num="3" count="7" type="stmt"/>
        <line num="17" count="7" type="stmt"/>
        <line num="20" count="7" type="stmt"/>
        <line num="23" count="7" type="stmt"/>
        <line num="28" count="28" type="stmt"/>
        <line num="29" count="8" type="stmt"/>
        <line num="30" count="8" type="cond" truecount="4" falsecount="1"/>
        <line num="31" count="0" type="stmt"/>
        <line num="33" count="8" type="stmt"/>
        <line num="35" count="7" type="stmt"/>
        <line num="36" count="7" type="stmt"/>
        <line num="37" count="7" type="stmt"/>
        <line num="38" count="7" type="stmt"/>
        <line num="41" count="7" type="stmt"/>
        <line num="44" count="7" type="stmt"/>
        <line num="51" count="7" type="stmt"/>
        <line num="52" count="7" type="stmt"/>
        <line num="53" count="7" type="stmt"/>
        <line num="54" count="2" type="stmt"/>
        <line num="57" count="2" type="cond" truecount="1" falsecount="1"/>
        <line num="58" count="0" type="stmt"/>
        <line num="63" count="2" type="stmt"/>
        <line num="74" count="2" type="cond" truecount="2" falsecount="0"/>
        <line num="75" count="1" type="stmt"/>
        <line num="97" count="0" type="stmt"/>
        <line num="98" count="0" type="stmt"/>
        <line num="106" count="7" type="stmt"/>
        <line num="107" count="1" type="stmt"/>
        <line num="108" count="1" type="cond" truecount="1" falsecount="1"/>
        <line num="109" count="0" type="stmt"/>
        <line num="111" count="1" type="stmt"/>
        <line num="115" count="1" type="cond" truecount="1" falsecount="1"/>
        <line num="116" count="1" type="stmt"/>
        <line num="137" count="0" type="stmt"/>
        <line num="138" count="0" type="stmt"/>
        <line num="145" count="7" type="stmt"/>
        <line num="146" count="0" type="stmt"/>
        <line num="147" count="0" type="stmt"/>
        <line num="153" count="0" type="stmt"/>
        <line num="155" count="0" type="stmt"/>
        <line num="166" count="0" type="stmt"/>
        <line num="167" count="0" type="stmt"/>
        <line num="172" count="7" type="stmt"/>
        <line num="175" count="7" type="stmt"/>
        <line num="178" count="7" type="stmt"/>
        <line num="181" count="7" type="stmt"/>
        <line num="184" count="7" type="stmt"/>
        <line num="187" count="7" type="stmt"/>
        <line num="190" count="7" type="stmt"/>
        <line num="193" count="7" type="stmt"/>
        <line num="195" count="7" type="stmt"/>
      </file>
      <file name="daily.js" path="C:\Users\21266\Desktop\sdk52\sallysudo\backend\src\routes\daily.js">
        <metrics statements="42" coveredstatements="42" conditionals="10" coveredconditionals="6" methods="6" coveredmethods="6"/>
        <line num="1" count="7" type="stmt"/>
        <line num="2" count="7" type="stmt"/>
        <line num="3" count="7" type="stmt"/>
        <line num="4" count="7" type="stmt"/>
        <line num="5" count="7" type="stmt"/>
        <line num="8" count="7" type="stmt"/>
        <line num="9" count="4" type="stmt"/>
        <line num="10" count="4" type="stmt"/>
        <line num="11" count="4" type="stmt"/>
        <line num="14" count="3" type="cond" truecount="1" falsecount="1"/>
        <line num="16" count="3" type="stmt"/>
        <line num="24" count="3" type="stmt"/>
        <line num="25" count="3" type="stmt"/>
        <line num="27" count="3" type="stmt"/>
        <line num="29" count="1" type="stmt"/>
        <line num="30" count="1" type="cond" truecount="1" falsecount="1"/>
        <line num="36" count="27" type="stmt"/>
        <line num="39" count="27" type="stmt"/>
        <line num="43" count="7" type="stmt"/>
        <line num="44" count="4" type="stmt"/>
        <line num="45" count="4" type="stmt"/>
        <line num="46" count="4" type="stmt"/>
        <line num="48" count="4" type="stmt"/>
        <line num="49" count="3" type="stmt"/>
        <line num="51" count="3" type="cond" truecount="2" falsecount="0"/>
        <line num="52" count="1" type="stmt"/>
        <line num="56" count="2" type="stmt"/>
        <line num="57" count="2" type="stmt"/>
        <line num="58" count="2" type="stmt"/>
        <line num="60" count="2" type="stmt"/>
        <line num="61" count="2" type="cond" truecount="1" falsecount="1"/>
        <line num="62" count="2" type="stmt"/>
        <line num="65" count="2" type="stmt"/>
        <line num="66" count="2" type="stmt"/>
        <line num="67" count="2" type="stmt"/>
        <line num="68" count="2" type="stmt"/>
        <line num="69" count="2" type="stmt"/>
        <line num="71" count="2" type="stmt"/>
        <line num="73" count="2" type="stmt"/>
        <line num="79" count="1" type="stmt"/>
        <line num="80" count="1" type="cond" truecount="1" falsecount="1"/>
        <line num="84" count="7" type="stmt"/>
      </file>
      <file name="games.js" path="C:\Users\21266\Desktop\sdk52\sallysudo\backend\src\routes\games.js">
        <metrics statements="9" coveredstatements="9" conditionals="0" coveredconditionals="0" methods="0" coveredmethods="0"/>
        <line num="1" count="7" type="stmt"/>
        <line num="2" count="7" type="stmt"/>
        <line num="3" count="7" type="stmt"/>
        <line num="4" count="7" type="stmt"/>
        <line num="6" count="7" type="stmt"/>
        <line num="7" count="7" type="stmt"/>
        <line num="8" count="7" type="stmt"/>
        <line num="9" count="7" type="stmt"/>
        <line num="11" count="7" type="stmt"/>
      </file>
      <file name="leaderboard.js" path="C:\Users\21266\Desktop\sdk52\sallysudo\backend\src\routes\leaderboard.js">
        <metrics statements="8" coveredstatements="8" conditionals="0" coveredconditionals="0" methods="0" coveredmethods="0"/>
        <line num="1" count="7" type="stmt"/>
        <line num="2" count="7" type="stmt"/>
        <line num="3" count="7" type="stmt"/>
        <line num="4" count="7" type="stmt"/>
        <line num="6" count="7" type="stmt"/>
        <line num="7" count="7" type="stmt"/>
        <line num="8" count="7" type="stmt"/>
        <line num="10" count="7" type="stmt"/>
      </file>
      <file name="levels.js" path="C:\Users\21266\Desktop\sdk52\sallysudo\backend\src\routes\levels.js">
        <metrics statements="21" coveredstatements="21" conditionals="8" coveredconditionals="6" methods="3" coveredmethods="3"/>
        <line num="1" count="7" type="stmt"/>
        <line num="2" count="7" type="stmt"/>
        <line num="3" count="7" type="stmt"/>
        <line num="4" count="7" type="stmt"/>
        <line num="5" count="7" type="stmt"/>
        <line num="8" count="7" type="stmt"/>
        <line num="9" count="3" type="stmt"/>
        <line num="10" count="3" type="stmt"/>
        <line num="11" count="2" type="stmt"/>
        <line num="13" count="2" type="stmt"/>
        <line num="19" count="2" type="stmt"/>
        <line num="21" count="1" type="stmt"/>
        <line num="22" count="1" type="cond" truecount="1" falsecount="1"/>
        <line num="27" count="7" type="stmt"/>
        <line num="28" count="3" type="stmt"/>
        <line num="29" count="3" type="stmt"/>
        <line num="30" count="2" type="cond" truecount="2" falsecount="0"/>
        <line num="31" count="1" type="stmt"/>
        <line num="33" count="1" type="stmt"/>
        <line num="34" count="1" type="cond" truecount="1" falsecount="1"/>
        <line num="38" count="7" type="stmt"/>
      </file>
      <file name="reports.js" path="C:\Users\21266\Desktop\sdk52\sallysudo\backend\src\routes\reports.js">
        <metrics statements="11" coveredstatements="10" conditionals="12" coveredconditionals="6" methods="1" coveredmethods="1"/>
        <line num="1" count="7" type="stmt"/>
        <line num="2" count="7" type="stmt"/>
        <line num="3" count="7" type="stmt"/>
        <line num="4" count="7" type="stmt"/>
        <line num="8" count="7" type="stmt"/>
        <line num="9" count="1" type="stmt"/>
        <line num="10" count="1" type="stmt"/>
        <line num="11" count="1" type="stmt"/>
        <line num="19" count="1" type="stmt"/>
        <line num="21" count="0" type="cond" truecount="0" falsecount="2"/>
        <line num="25" count="7" type="stmt"/>
      </file>
      <file name="shop.js" path="C:\Users\21266\Desktop\sdk52\sallysudo\backend\src\routes\shop.js">
        <metrics statements="36" coveredstatements="36" conditionals="20" coveredconditionals="16" methods="2" coveredmethods="2"/>
        <line num="1" count="7" type="stmt"/>
        <line num="2" count="7" type="stmt"/>
        <line num="3" count="7" type="stmt"/>
        <line num="4" count="7" type="stmt"/>
        <line num="5" count="7" type="stmt"/>
        <line num="8" count="7" type="stmt"/>
        <line num="9" count="3" type="stmt"/>
        <line num="10" count="3" type="stmt"/>
        <line num="11" count="2" type="stmt"/>
        <line num="13" count="1" type="stmt"/>
        <line num="14" count="1" type="cond" truecount="1" falsecount="1"/>
        <line num="19" count="7" type="stmt"/>
        <line num="20" count="8" type="stmt"/>
        <line num="21" count="8" type="stmt"/>
        <line num="23" count="8" type="stmt"/>
        <line num="24" count="7" type="cond" truecount="2" falsecount="0"/>
        <line num="26" count="6" type="stmt"/>
        <line num="29" count="6" type="cond" truecount="4" falsecount="0"/>
        <line num="30" count="1" type="stmt"/>
        <line num="34" count="5" type="stmt"/>
        <line num="35" count="5" type="cond" truecount="2" falsecount="0"/>
        <line num="36" count="1" type="stmt"/>
        <line num="40" count="4" type="stmt"/>
        <line num="42" count="4" type="cond" truecount="2" falsecount="0"/>
        <line num="43" count="2" type="stmt"/>
        <line num="44" count="2" type="cond" truecount="1" falsecount="1"/>
        <line num="47" count="2" type="stmt"/>
        <line num="48" count="2" type="cond" truecount="2" falsecount="0"/>
        <line num="49" count="1" type="stmt"/>
        <line num="51" count="1" type="cond" truecount="1" falsecount="1"/>
        <line num="52" count="1" type="stmt"/>
        <line num="55" count="3" type="stmt"/>
        <line num="57" count="3" type="stmt"/>
        <line num="59" count="1" type="stmt"/>
        <line num="60" count="1" type="cond" truecount="1" falsecount="1"/>
        <line num="64" count="7" type="stmt"/>
      </file>
      <file name="stats.js" path="C:\Users\21266\Desktop\sdk52\sallysudo\backend\src\routes\stats.js">
        <metrics statements="22" coveredstatements="22" conditionals="6" coveredconditionals="3" methods="2" coveredmethods="2"/>
        <line num="1" count="7" type="stmt"/>
        <line num="2" count="7" type="stmt"/>
        <line num="3" count="7" type="stmt"/>
        <line num="4" count="7" type="stmt"/>
        <line num="5" count="7" type="stmt"/>
        <line num="8" count="7" type="stmt"/>
        <line num="9" count="2" type="stmt"/>
        <line num="10" count="2" type="stmt"/>
        <line num="11" count="1" type="stmt"/>
        <line num="12" count="1" type="stmt"/>
        <line num="14" count="1" type="stmt"/>
        <line num="16" count="1" type="stmt"/>
        <line num="27" count="1" type="stmt"/>
        <line num="28" count="1" type="cond" truecount="1" falsecount="1"/>
        <line num="33" count="7" type="stmt"/>
        <line num="34" count="3" type="stmt"/>
        <line num="35" count="3" type="stmt"/>
        <line num="36" count="2" type="stmt"/>
        <line num="40" count="2" type="stmt"/>
        <line num="49" count="1" type="stmt"/>
        <line num="50" count="1" type="cond" truecount="1" falsecount="1"/>
        <line num="54" count="7" type="stmt"/>
      </file>
      <file name="turn.js" path="C:\Users\21266\Desktop\sdk52\sallysudo\backend\src\routes\turn.js">
        <metrics statements="17" coveredstatements="17" conditionals="8" coveredconditionals="7" methods="1" coveredmethods="1"/>
        <line num="12" count="7" type="stmt"/>
        <line num="13" count="7" type="stmt"/>
        <line num="14" count="7" type="stmt"/>
        <line num="16" count="7" type="stmt"/>
        <line num="17" count="2" type="stmt"/>
        <line num="18" count="2" type="cond" truecount="2" falsecount="0"/>
        <line num="19" count="2" type="cond" truecount="2" falsecount="0"/>
        <line num="21" count="2" type="stmt"/>
        <line num="26" count="2" type="cond" truecount="2" falsecount="0"/>
        <line num="27" count="1" type="stmt"/>
        <line num="28" count="1" type="stmt"/>
        <line num="29" count="1" type="cond" truecount="1" falsecount="1"/>
        <line num="30" count="1" type="stmt"/>
        <line num="31" count="1" type="stmt"/>
        <line num="32" count="1" type="stmt"/>
        <line num="38" count="2" type="stmt"/>
        <line num="41" count="7" type="stmt"/>
      </file>
      <file name="users.js" path="C:\Users\21266\Desktop\sdk52\sallysudo\backend\src\routes\users.js">
        <metrics statements="107" coveredstatements="107" conditionals="92" coveredconditionals="66" methods="13" coveredmethods="13"/>
        <line num="1" count="7" type="stmt"/>
        <line num="2" count="7" type="stmt"/>
        <line num="3" count="7" type="stmt"/>
        <line num="4" count="7" type="stmt"/>
        <line num="9" count="7" type="stmt"/>
        <line num="10" count="5" type="stmt"/>
        <line num="11" count="5" type="cond" truecount="2" falsecount="0"/>
        <line num="12" count="5" type="cond" truecount="4" falsecount="0"/>
        <line num="14" count="3" type="stmt"/>
        <line num="15" count="3" type="stmt"/>
        <line num="22" count="2" type="stmt"/>
        <line num="24" count="1" type="stmt"/>
        <line num="25" count="1" type="cond" truecount="1" falsecount="1"/>
        <line num="35" count="7" type="stmt"/>
        <line num="36" count="2" type="stmt"/>
        <line num="37" count="2" type="stmt"/>
        <line num="40" count="2" type="stmt"/>
        <line num="41" count="2" type="stmt"/>
        <line num="54" count="1" type="stmt"/>
        <line num="55" count="1" type="stmt"/>
        <line num="56" count="1" type="stmt"/>
        <line num="58" count="1" type="stmt"/>
        <line num="59" count="1" type="cond" truecount="1" falsecount="1"/>
        <line num="69" count="7" type="stmt"/>
        <line num="70" count="5" type="stmt"/>
        <line num="71" count="5" type="cond" truecount="1" falsecount="1"/>
        <line num="72" count="5" type="cond" truecount="1" falsecount="1"/>
        <line num="73" count="5" type="stmt"/>
        <line num="74" count="5" type="stmt"/>
        <line num="77" count="4" type="cond" truecount="2" falsecount="0"/>
        <line num="82" count="3" type="stmt"/>
        <line num="83" count="3" type="stmt"/>
        <line num="92" count="3" type="stmt"/>
        <line num="93" count="1" type="stmt"/>
        <line num="94" count="1" type="cond" truecount="1" falsecount="1"/>
        <line num="95" count="1" type="cond" truecount="1" falsecount="1"/>
        <line num="96" count="1" type="cond" truecount="1" falsecount="1"/>
        <line num="98" count="1" type="stmt"/>
        <line num="109" count="3" type="stmt"/>
        <line num="128" count="1" type="stmt"/>
        <line num="129" count="1" type="cond" truecount="1" falsecount="1"/>
        <line num="134" count="7" type="stmt"/>
        <line num="135" count="3" type="stmt"/>
        <line num="138" count="3" type="cond" truecount="2" falsecount="0"/>
        <line num="139" count="2" type="stmt"/>
        <line num="140" count="1" type="stmt"/>
        <line num="142" count="1" type="stmt"/>
        <line num="143" count="1" type="cond" truecount="1" falsecount="1"/>
        <line num="148" count="7" type="stmt"/>
        <line num="149" count="3" type="stmt"/>
        <line num="152" count="3" type="cond" truecount="2" falsecount="0"/>
        <line num="153" count="3" type="cond" truecount="2" falsecount="0"/>
        <line num="154" count="3" type="stmt"/>
        <line num="155" count="2" type="cond" truecount="1" falsecount="1"/>
        <line num="156" count="2" type="stmt"/>
        <line num="158" count="1" type="stmt"/>
        <line num="159" count="1" type="cond" truecount="1" falsecount="1"/>
        <line num="164" count="7" type="stmt"/>
        <line num="165" count="3" type="stmt"/>
        <line num="166" count="3" type="cond" truecount="4" falsecount="0"/>
        <line num="167" count="1" type="stmt"/>
        <line num="175" count="2" type="stmt"/>
        <line num="176" count="2" type="stmt"/>
        <line num="181" count="32" type="stmt"/>
        <line num="183" count="2" type="stmt"/>
        <line num="184" count="1" type="stmt"/>
        <line num="186" count="1" type="stmt"/>
        <line num="187" count="1" type="cond" truecount="1" falsecount="1"/>
        <line num="192" count="7" type="stmt"/>
        <line num="193" count="3" type="stmt"/>
        <line num="194" count="3" type="cond" truecount="4" falsecount="0"/>
        <line num="195" count="1" type="stmt"/>
        <line num="198" count="2" type="stmt"/>
        <line num="199" count="1" type="stmt"/>
        <line num="201" count="1" type="stmt"/>
        <line num="202" count="1" type="cond" truecount="1" falsecount="1"/>
        <line num="207" count="7" type="stmt"/>
        <line num="208" count="3" type="stmt"/>
        <line num="211" count="3" type="cond" truecount="4" falsecount="0"/>
        <line num="212" count="1" type="stmt"/>
        <line num="214" count="2" type="stmt"/>
        <line num="215" count="1" type="cond" truecount="1" falsecount="1"/>
        <line num="216" count="1" type="stmt"/>
        <line num="217" count="1" type="stmt"/>
        <line num="218" count="1" type="stmt"/>
        <line num="220" count="1" type="stmt"/>
        <line num="221" count="1" type="cond" truecount="1" falsecount="1"/>
        <line num="227" count="7" type="stmt"/>
        <line num="228" count="5" type="stmt"/>
        <line num="229" count="5" type="cond" truecount="2" falsecount="0"/>
        <line num="230" count="4" type="stmt"/>
        <line num="231" count="3" type="stmt"/>
        <line num="233" count="1" type="stmt"/>
        <line num="234" count="1" type="cond" truecount="1" falsecount="1"/>
        <line num="238" count="7" type="stmt"/>
        <line num="239" count="3" type="stmt"/>
        <line num="240" count="3" type="stmt"/>
        <line num="241" count="2" type="stmt"/>
        <line num="243" count="1" type="stmt"/>
        <line num="244" count="1" type="cond" truecount="1" falsecount="1"/>
        <line num="248" count="7" type="stmt"/>
        <line num="249" count="3" type="stmt"/>
        <line num="250" count="3" type="stmt"/>
        <line num="251" count="2" type="cond" truecount="1" falsecount="1"/>
        <line num="253" count="1" type="stmt"/>
        <line num="254" count="1" type="cond" truecount="1" falsecount="1"/>
        <line num="258" count="7" type="stmt"/>
      </file>
      <file name="youtube.js" path="C:\Users\21266\Desktop\sdk52\sallysudo\backend\src\routes\youtube.js">
        <metrics statements="65" coveredstatements="62" conditionals="50" coveredconditionals="36" methods="12" coveredmethods="9"/>
        <line num="18" count="7" type="stmt"/>
        <line num="19" count="7" type="stmt"/>
        <line num="20" count="7" type="stmt"/>
        <line num="21" count="7" type="stmt"/>
        <line num="22" count="7" type="stmt"/>
        <line num="23" count="7" type="stmt"/>
        <line num="25" count="7" type="cond" truecount="1" falsecount="1"/>
        <line num="27" count="7" type="cond" truecount="2" falsecount="0"/>
        <line num="30" count="0" type="stmt"/>
        <line num="39" count="3" type="stmt"/>
        <line num="40" count="3" type="stmt"/>
        <line num="41" count="3" type="cond" truecount="2" falsecount="0"/>
        <line num="42" count="2" type="stmt"/>
        <line num="46" count="7" type="stmt"/>
        <line num="47" count="3" type="cond" truecount="1" falsecount="1"/>
        <line num="50" count="3" type="cond" truecount="2" falsecount="0"/>
        <line num="51" count="3" type="stmt"/>
        <line num="52" count="3" type="stmt"/>
        <line num="56" count="7" type="stmt"/>
        <line num="57" count="9" type="stmt"/>
        <line num="60" count="9" type="cond" truecount="1" falsecount="1"/>
        <line num="61" count="0" type="stmt"/>
        <line num="62" count="9" type="stmt"/>
        <line num="66" count="9" type="cond" truecount="2" falsecount="0"/>
        <line num="67" count="8" type="cond" truecount="4" falsecount="0"/>
        <line num="68" count="7" type="cond" truecount="1" falsecount="1"/>
        <line num="71" count="7" type="stmt"/>
        <line num="72" count="1" type="stmt"/>
        <line num="74" count="6" type="stmt"/>
        <line num="75" count="6" type="stmt"/>
        <line num="76" count="5" type="stmt"/>
        <line num="77" count="5" type="stmt"/>
        <line num="79" count="5" type="stmt"/>
        <line num="88" count="5" type="cond" truecount="1" falsecount="1"/>
        <line num="90" count="5" type="stmt"/>
        <line num="92" count="5" type="cond" truecount="2" falsecount="0"/>
        <line num="94" count="1" type="stmt"/>
        <line num="96" count="4" type="stmt"/>
        <line num="98" count="1" type="stmt"/>
        <line num="99" count="1" type="cond" truecount="1" falsecount="1"/>
        <line num="104" count="7" type="stmt"/>
        <line num="105" count="4" type="cond" truecount="1" falsecount="1"/>
        <line num="106" count="4" type="stmt"/>
        <line num="117" count="7" type="stmt"/>
        <line num="118" count="2" type="cond" truecount="1" falsecount="1"/>
        <line num="119" count="2" type="stmt"/>
        <line num="120" count="2" type="stmt"/>
        <line num="121" count="1" type="cond" truecount="1" falsecount="1"/>
        <line num="122" count="1" type="stmt"/>
        <line num="127" count="1" type="stmt"/>
        <line num="129" count="1" type="stmt"/>
        <line num="135" count="7" type="stmt"/>
        <line num="136" count="2" type="cond" truecount="1" falsecount="1"/>
        <line num="137" count="2" type="cond" truecount="1" falsecount="1"/>
        <line num="138" count="2" type="cond" truecount="4" falsecount="0"/>
        <line num="139" count="1" type="stmt"/>
        <line num="141" count="1" type="stmt"/>
        <line num="142" count="1" type="stmt"/>
        <line num="143" count="1" type="stmt"/>
        <line num="144" count="1" type="stmt"/>
        <line num="146" count="0" type="stmt"/>
        <line num="151" count="7" type="stmt"/>
        <line num="152" count="1" type="stmt"/>
        <line num="155" count="1" type="stmt"/>
        <line num="158" count="7" type="stmt"/>
      </file>
    </package>
    <package name="services">
      <metrics statements="207" coveredstatements="196" conditionals="123" coveredconditionals="78" methods="46" coveredmethods="44"/>
      <file name="socketService.js" path="C:\Users\21266\Desktop\sdk52\sallysudo\backend\src\services\socketService.js">
        <metrics statements="151" coveredstatements="140" conditionals="68" coveredconditionals="44" methods="33" coveredmethods="32"/>
        <line num="6" count="8" type="stmt"/>
        <line num="7" count="8" type="stmt"/>
        <line num="8" count="8" type="stmt"/>
        <line num="11" count="8" type="stmt"/>
        <line num="12" count="8" type="stmt"/>
        <line num="16" count="8" type="stmt"/>
        <line num="19" count="7" type="stmt"/>
        <line num="22" count="7" type="stmt"/>
        <line num="23" count="30" type="stmt"/>
        <line num="24" count="30" type="cond" truecount="2" falsecount="0"/>
        <line num="26" count="30" type="cond" truecount="2" falsecount="0"/>
        <line num="27" count="1" type="stmt"/>
        <line num="30" count="29" type="cond" truecount="1" falsecount="1"/>
        <line num="31" count="28" type="stmt"/>
        <line num="33" count="28" type="cond" truecount="1" falsecount="1"/>
        <line num="34" count="0" type="stmt"/>
        <line num="37" count="28" type="stmt"/>
        <line num="38" count="28" type="stmt"/>
        <line num="40" count="1" type="stmt"/>
        <line num="41" count="1" type="stmt"/>
        <line num="46" count="7" type="stmt"/>
        <line num="47" count="28" type="stmt"/>
        <line num="48" count="28" type="stmt"/>
        <line num="50" count="28" type="stmt"/>
        <line num="53" count="28" type="stmt"/>
        <line num="54" count="28" type="stmt"/>
        <line num="58" count="28" type="stmt"/>
        <line num="59" count="28" type="stmt"/>
        <line num="60" count="0" type="stmt"/>
        <line num="63" count="28" type="stmt"/>
        <line num="74" count="28" type="stmt"/>
        <line num="75" count="17" type="stmt"/>
        <line num="76" count="17" type="stmt"/>
        <line num="77" count="17" type="cond" truecount="5" falsecount="0"/>
        <line num="80" count="16" type="stmt"/>
        <line num="81" count="16" type="stmt"/>
        <line num="84" count="0" type="stmt"/>
        <line num="89" count="28" type="stmt"/>
        <line num="90" count="1" type="stmt"/>
        <line num="91" count="1" type="stmt"/>
        <line num="99" count="28" type="stmt"/>
        <line num="100" count="3" type="stmt"/>
        <line num="101" count="3" type="cond" truecount="2" falsecount="0"/>
        <line num="102" count="2" type="stmt"/>
        <line num="103" count="2" type="cond" truecount="2" falsecount="0"/>
        <line num="104" count="1" type="stmt"/>
        <line num="105" count="1" type="stmt"/>
        <line num="108" count="0" type="stmt"/>
        <line num="115" count="28" type="stmt"/>
        <line num="116" count="1" type="stmt"/>
        <line num="118" count="1" type="cond" truecount="1" falsecount="1"/>
        <line num="119" count="1" type="stmt"/>
        <line num="126" count="1" type="stmt"/>
        <line num="131" count="28" type="stmt"/>
        <line num="132" count="1" type="stmt"/>
        <line num="133" count="1" type="stmt"/>
        <line num="137" count="1" type="cond" truecount="1" falsecount="1"/>
        <line num="139" count="1" type="stmt"/>
        <line num="146" count="1" type="stmt"/>
        <line num="147" count="1" type="cond" truecount="1" falsecount="1"/>
        <line num="148" count="1" type="stmt"/>
        <line num="150" count="1" type="stmt"/>
        <line num="153" count="0" type="stmt"/>
        <line num="158" count="28" type="stmt"/>
        <line num="159" count="1" type="stmt"/>
        <line num="160" count="1" type="stmt"/>
        <line num="161" count="1" type="cond" truecount="1" falsecount="1"/>
        <line num="162" count="1" type="stmt"/>
        <line num="163" count="1" type="cond" truecount="1" falsecount="1"/>
        <line num="164" count="1" type="stmt"/>
        <line num="166" count="1" type="stmt"/>
        <line num="169" count="0" type="stmt"/>
        <line num="174" count="28" type="stmt"/>
        <line num="175" count="1" type="stmt"/>
        <line num="179" count="1" type="stmt"/>
        <line num="185" count="28" type="stmt"/>
        <line num="187" count="2" type="stmt"/>
        <line num="197" count="28" type="stmt"/>
        <line num="198" count="2" type="stmt"/>
        <line num="205" count="2" type="stmt"/>
        <line num="209" count="28" type="stmt"/>
        <line num="210" count="1" type="stmt"/>
        <line num="215" count="1" type="stmt"/>
        <line num="219" count="28" type="stmt"/>
        <line num="220" count="1" type="stmt"/>
        <line num="232" count="28" type="stmt"/>
        <line num="233" count="12" type="cond" truecount="2" falsecount="0"/>
        <line num="236" count="28" type="stmt"/>
        <line num="237" count="3" type="cond" truecount="2" falsecount="0"/>
        <line num="241" count="2" type="cond" truecount="1" falsecount="1"/>
        <line num="242" count="2" type="cond" truecount="2" falsecount="3"/>
        <line num="245" count="2" type="cond" truecount="2" falsecount="2"/>
        <line num="246" count="2" type="stmt"/>
        <line num="252" count="28" type="stmt"/>
        <line num="253" count="2" type="cond" truecount="2" falsecount="0"/>
        <line num="254" count="1" type="stmt"/>
        <line num="256" count="28" type="stmt"/>
        <line num="257" count="1" type="cond" truecount="1" falsecount="1"/>
        <line num="258" count="1" type="stmt"/>
        <line num="260" count="28" type="stmt"/>
        <line num="261" count="1" type="cond" truecount="1" falsecount="1"/>
        <line num="262" count="1" type="stmt"/>
        <line num="264" count="28" type="stmt"/>
        <line num="265" count="1" type="cond" truecount="1" falsecount="1"/>
        <line num="266" count="1" type="stmt"/>
        <line num="272" count="28" type="stmt"/>
        <line num="273" count="1" type="cond" truecount="1" falsecount="1"/>
        <line num="274" count="1" type="cond" truecount="1" falsecount="1"/>
        <line num="276" count="28" type="stmt"/>
        <line num="277" count="1" type="cond" truecount="1" falsecount="1"/>
        <line num="278" count="1" type="stmt"/>
        <line num="280" count="28" type="stmt"/>
        <line num="281" count="1" type="cond" truecount="1" falsecount="1"/>
        <line num="282" count="1" type="stmt"/>
        <line num="284" count="28" type="stmt"/>
        <line num="285" count="1" type="cond" truecount="1" falsecount="1"/>
        <line num="286" count="1" type="stmt"/>
        <line num="292" count="28" type="stmt"/>
        <line num="293" count="1" type="stmt"/>
        <line num="297" count="28" type="stmt"/>
        <line num="298" count="1" type="stmt"/>
        <line num="299" count="1" type="stmt"/>
        <line num="300" count="1" type="stmt"/>
        <line num="305" count="1" type="stmt"/>
        <line num="306" count="0" type="stmt"/>
        <line num="310" count="28" type="stmt"/>
        <line num="311" count="28" type="stmt"/>
        <line num="316" count="28" type="stmt"/>
        <line num="317" count="28" type="cond" truecount="1" falsecount="1"/>
        <line num="320" count="28" type="stmt"/>
        <line num="321" count="28" type="stmt"/>
        <line num="322" count="3" type="stmt"/>
        <line num="325" count="28" type="stmt"/>
        <line num="330" count="7" type="stmt"/>
        <line num="331" count="0" type="stmt"/>
        <line num="332" count="0" type="stmt"/>
        <line num="333" count="0" type="stmt"/>
        <line num="338" count="0" type="stmt"/>
        <line num="342" count="7" type="stmt"/>
        <line num="348" count="2" type="stmt"/>
        <line num="352" count="2" type="stmt"/>
        <line num="356" count="1" type="stmt"/>
        <line num="364" count="42" type="cond" truecount="1" falsecount="1"/>
        <line num="365" count="42" type="stmt"/>
        <line num="366" count="42" type="cond" truecount="2" falsecount="0"/>
        <line num="367" count="2" type="stmt"/>
        <line num="368" count="2" type="stmt"/>
        <line num="374" count="6" type="cond" truecount="1" falsecount="1"/>
        <line num="375" count="6" type="stmt"/>
        <line num="376" count="6" type="stmt"/>
        <line num="379" count="8" type="stmt"/>
      </file>
      <file name="youtubeService.js" path="C:\Users\21266\Desktop\sdk52\sallysudo\backend\src\services\youtubeService.js">
        <metrics statements="56" coveredstatements="56" conditionals="55" coveredconditionals="34" methods="13" coveredmethods="12"/>
        <line num="21" count="8" type="stmt"/>
        <line num="23" count="8" type="stmt"/>
        <line num="24" count="8" type="stmt"/>
        <line num="25" count="8" type="stmt"/>
        <line num="28" count="8" type="stmt"/>
        <line num="31" count="29" type="stmt"/>
        <line num="39" count="18" type="stmt"/>
        <line num="40" count="18" type="cond" truecount="2" falsecount="0"/>
        <line num="47" count="11" type="stmt"/>
        <line num="48" count="11" type="cond" truecount="2" falsecount="2"/>
        <line num="49" count="11" type="cond" truecount="1" falsecount="1"/>
        <line num="53" count="8" type="cond" truecount="2" falsecount="0"/>
        <line num="54" count="7" type="stmt"/>
        <line num="55" count="7" type="stmt"/>
        <line num="56" count="7" type="stmt"/>
        <line num="57" count="7" type="stmt"/>
        <line num="58" count="7" type="stmt"/>
        <line num="62" count="8" type="cond" truecount="5" falsecount="0"/>
        <line num="63" count="4" type="stmt"/>
        <line num="64" count="4" type="stmt"/>
        <line num="65" count="4" type="stmt"/>
        <line num="66" count="4" type="stmt"/>
        <line num="67" count="4" type="stmt"/>
        <line num="69" count="1" type="stmt"/>
        <line num="77" count="3" type="stmt"/>
        <line num="78" count="3" type="stmt"/>
        <line num="88" count="3" type="stmt"/>
        <line num="92" count="6" type="stmt"/>
        <line num="93" count="6" type="stmt"/>
        <line num="100" count="6" type="stmt"/>
        <line num="105" count="6" type="stmt"/>
        <line num="106" count="6" type="cond" truecount="4" falsecount="2"/>
        <line num="107" count="5" type="stmt"/>
        <line num="111" count="2" type="stmt"/>
        <line num="112" count="2" type="stmt"/>
        <line num="118" count="2" type="stmt"/>
        <line num="123" count="2" type="stmt"/>
        <line num="124" count="2" type="cond" truecount="1" falsecount="3"/>
        <line num="125" count="2" type="stmt"/>
        <line num="130" count="9" type="stmt"/>
        <line num="131" count="18" type="cond" truecount="1" falsecount="1"/>
        <line num="132" count="9" type="stmt"/>
        <line num="140" count="9" type="stmt"/>
        <line num="141" count="9" type="cond" truecount="1" falsecount="3"/>
        <line num="142" count="9" type="stmt"/>
        <line num="146" count="5" type="stmt"/>
        <line num="147" count="5" type="stmt"/>
        <line num="148" count="5" type="cond" truecount="1" falsecount="1"/>
        <line num="156" count="1" type="stmt"/>
        <line num="157" count="1" type="stmt"/>
        <line num="166" count="1" type="stmt"/>
        <line num="176" count="1" type="stmt"/>
        <line num="180" count="1" type="cond" truecount="1" falsecount="1"/>
        <line num="181" count="1" type="stmt"/>
        <line num="192" count="1" type="stmt"/>
        <line num="198" count="8" type="stmt"/>
      </file>
    </package>
  </project>
</coverage>
