{"C:\\Users\\21266\\Desktop\\sdk52\\sallysudo\\backend\\src\\controllers\\authController.js": {"path":"C:\\Users\\21266\\Desktop\\sdk52\\sallysudo\\backend\\src\\controllers\\authController.js","statementMap":{"0":{"start":{"line":1,"column":12},"end":{"line":1,"column":35}},"1":{"start":{"line":2,"column":15},"end":{"line":2,"column":32}},"2":{"start":{"line":3,"column":13},"end":{"line":3,"column":38}},"3":{"start":{"line":5,"column":22},"end":{"line":9,"column":1}},"4":{"start":{"line":6,"column":2},"end":{"line":8,"column":5}},"5":{"start":{"line":17,"column":28},"end":{"line":20,"column":47}},"6":{"start":{"line":20,"column":22},"end":{"line":20,"column":30}},"7":{"start":{"line":28,"column":2},"end":{"line":28,"column":82}},"8":{"start":{"line":28,"column":47},"end":{"line":28,"column":82}},"9":{"start":{"line":29,"column":14},"end":{"line":29,"column":95}},"10":{"start":{"line":30,"column":14},"end":{"line":30,"column":30}},"11":{"start":{"line":31,"column":2},"end":{"line":31,"column":63}},"12":{"start":{"line":31,"column":15},"end":{"line":31,"column":63}},"13":{"start":{"line":32,"column":15},"end":{"line":32,"column":31}},"14":{"start":{"line":33,"column":2},"end":{"line":33,"column":98}},"15":{"start":{"line":33,"column":44},"end":{"line":33,"column":98}},"16":{"start":{"line":35,"column":2},"end":{"line":37,"column":3}},"17":{"start":{"line":36,"column":4},"end":{"line":36,"column":44}},"18":{"start":{"line":38,"column":2},"end":{"line":40,"column":3}},"19":{"start":{"line":39,"column":4},"end":{"line":39,"column":44}},"20":{"start":{"line":41,"column":2},"end":{"line":41,"column":89}},"21":{"start":{"line":41,"column":56},"end":{"line":41,"column":89}},"22":{"start":{"line":42,"column":2},"end":{"line":42,"column":49}},"23":{"start":{"line":42,"column":17},"end":{"line":42,"column":49}},"24":{"start":{"line":43,"column":2},"end":{"line":43,"column":14}},"25":{"start":{"line":47,"column":0},"end":{"line":85,"column":2}},"26":{"start":{"line":48,"column":2},"end":{"line":84,"column":3}},"27":{"start":{"line":49,"column":42},"end":{"line":49,"column":50}},"28":{"start":{"line":52,"column":25},"end":{"line":52,"column":79}},"29":{"start":{"line":53,"column":4},"end":{"line":55,"column":5}},"30":{"start":{"line":54,"column":6},"end":{"line":54,"column":68}},"31":{"start":{"line":60,"column":17},"end":{"line":63,"column":6}},"32":{"start":{"line":64,"column":18},"end":{"line":64,"column":41}},"33":{"start":{"line":66,"column":4},"end":{"line":81,"column":7}},"34":{"start":{"line":83,"column":4},"end":{"line":83,"column":117}},"35":{"start":{"line":88,"column":0},"end":{"line":135,"column":2}},"36":{"start":{"line":89,"column":2},"end":{"line":134,"column":3}},"37":{"start":{"line":90,"column":32},"end":{"line":90,"column":40}},"38":{"start":{"line":93,"column":17},"end":{"line":93,"column":46}},"39":{"start":{"line":94,"column":4},"end":{"line":96,"column":5}},"40":{"start":{"line":95,"column":6},"end":{"line":95,"column":68}},"41":{"start":{"line":99,"column":20},"end":{"line":99,"column":56}},"42":{"start":{"line":100,"column":4},"end":{"line":102,"column":5}},"43":{"start":{"line":101,"column":6},"end":{"line":101,"column":68}},"44":{"start":{"line":106,"column":4},"end":{"line":106,"column":32}},"45":{"start":{"line":107,"column":4},"end":{"line":107,"column":33}},"46":{"start":{"line":108,"column":4},"end":{"line":108,"column":22}},"47":{"start":{"line":110,"column":18},"end":{"line":110,"column":41}},"48":{"start":{"line":112,"column":4},"end":{"line":131,"column":7}},"49":{"start":{"line":133,"column":4},"end":{"line":133,"column":117}},"50":{"start":{"line":138,"column":0},"end":{"line":145,"column":2}},"51":{"start":{"line":139,"column":2},"end":{"line":144,"column":3}},"52":{"start":{"line":140,"column":17},"end":{"line":140,"column":79}},"53":{"start":{"line":141,"column":4},"end":{"line":141,"column":38}},"54":{"start":{"line":143,"column":4},"end":{"line":143,"column":117}},"55":{"start":{"line":155,"column":0},"end":{"line":231,"column":2}},"56":{"start":{"line":156,"column":2},"end":{"line":230,"column":3}},"57":{"start":{"line":157,"column":20},"end":{"line":157,"column":61}},"58":{"start":{"line":158,"column":4},"end":{"line":158,"column":77}},"59":{"start":{"line":158,"column":18},"end":{"line":158,"column":77}},"60":{"start":{"line":160,"column":19},"end":{"line":160,"column":53}},"61":{"start":{"line":161,"column":70},"end":{"line":161,"column":76}},"62":{"start":{"line":164,"column":15},"end":{"line":164,"column":52}},"63":{"start":{"line":169,"column":4},"end":{"line":169,"column":82}},"64":{"start":{"line":169,"column":24},"end":{"line":169,"column":82}},"65":{"start":{"line":171,"column":4},"end":{"line":207,"column":5}},"66":{"start":{"line":173,"column":6},"end":{"line":182,"column":7}},"67":{"start":{"line":174,"column":8},"end":{"line":174,"column":28}},"68":{"start":{"line":175,"column":8},"end":{"line":175,"column":47}},"69":{"start":{"line":176,"column":8},"end":{"line":176,"column":75}},"70":{"start":{"line":177,"column":8},"end":{"line":177,"column":36}},"71":{"start":{"line":178,"column":8},"end":{"line":178,"column":26}},"72":{"start":{"line":180,"column":8},"end":{"line":180,"column":36}},"73":{"start":{"line":181,"column":8},"end":{"line":181,"column":26}},"74":{"start":{"line":185,"column":19},"end":{"line":186,"column":73}},"75":{"start":{"line":187,"column":21},"end":{"line":187,"column":25}},"76":{"start":{"line":188,"column":20},"end":{"line":188,"column":21}},"77":{"start":{"line":189,"column":6},"end":{"line":193,"column":7}},"78":{"start":{"line":190,"column":8},"end":{"line":190,"column":18}},"79":{"start":{"line":191,"column":8},"end":{"line":191,"column":39}},"80":{"start":{"line":192,"column":8},"end":{"line":192,"column":98}},"81":{"start":{"line":192,"column":28},"end":{"line":192,"column":89}},"82":{"start":{"line":192,"column":90},"end":{"line":192,"column":96}},"83":{"start":{"line":195,"column":24},"end":{"line":195,"column":62}},"84":{"start":{"line":196,"column":6},"end":{"line":206,"column":9}},"85":{"start":{"line":209,"column":18},"end":{"line":209,"column":41}},"86":{"start":{"line":210,"column":4},"end":{"line":226,"column":7}},"87":{"start":{"line":228,"column":4},"end":{"line":228,"column":58}},"88":{"start":{"line":229,"column":4},"end":{"line":229,"column":94}},"89":{"start":{"line":234,"column":0},"end":{"line":254,"column":2}},"90":{"start":{"line":235,"column":2},"end":{"line":253,"column":3}},"91":{"start":{"line":238,"column":19},"end":{"line":238,"column":56}},"92":{"start":{"line":239,"column":17},"end":{"line":246,"column":6}},"93":{"start":{"line":248,"column":18},"end":{"line":248,"column":41}},"94":{"start":{"line":249,"column":44},"end":{"line":249,"column":59}},"95":{"start":{"line":250,"column":4},"end":{"line":250,"column":78}},"96":{"start":{"line":252,"column":4},"end":{"line":252,"column":117}}},"fnMap":{"0":{"name":"(anonymous_0)","decl":{"start":{"line":5,"column":22},"end":{"line":5,"column":23}},"loc":{"start":{"line":5,"column":34},"end":{"line":9,"column":1}},"line":5},"1":{"name":"(anonymous_1)","decl":{"start":{"line":20,"column":17},"end":{"line":20,"column":18}},"loc":{"start":{"line":20,"column":22},"end":{"line":20,"column":30}},"line":20},"2":{"name":"verifyGoogleIdToken","decl":{"start":{"line":27,"column":15},"end":{"line":27,"column":34}},"loc":{"start":{"line":27,"column":44},"end":{"line":44,"column":1}},"line":27},"3":{"name":"(anonymous_3)","decl":{"start":{"line":47,"column":19},"end":{"line":47,"column":20}},"loc":{"start":{"line":47,"column":39},"end":{"line":85,"column":1}},"line":47},"4":{"name":"(anonymous_4)","decl":{"start":{"line":88,"column":16},"end":{"line":88,"column":17}},"loc":{"start":{"line":88,"column":36},"end":{"line":135,"column":1}},"line":88},"5":{"name":"(anonymous_5)","decl":{"start":{"line":138,"column":16},"end":{"line":138,"column":17}},"loc":{"start":{"line":138,"column":36},"end":{"line":145,"column":1}},"line":138},"6":{"name":"(anonymous_6)","decl":{"start":{"line":155,"column":21},"end":{"line":155,"column":22}},"loc":{"start":{"line":155,"column":41},"end":{"line":231,"column":1}},"line":155},"7":{"name":"(anonymous_7)","decl":{"start":{"line":234,"column":21},"end":{"line":234,"column":22}},"loc":{"start":{"line":234,"column":41},"end":{"line":254,"column":1}},"line":234}},"branchMap":{"0":{"loc":{"start":{"line":6,"column":34},"end":{"line":6,"column":68}},"type":"binary-expr","locations":[{"start":{"line":6,"column":34},"end":{"line":6,"column":56}},{"start":{"line":6,"column":60},"end":{"line":6,"column":68}}],"line":6},"1":{"loc":{"start":{"line":7,"column":15},"end":{"line":7,"column":46}},"type":"binary-expr","locations":[{"start":{"line":7,"column":15},"end":{"line":7,"column":37}},{"start":{"line":7,"column":41},"end":{"line":7,"column":46}}],"line":7},"2":{"loc":{"start":{"line":17,"column":29},"end":{"line":19,"column":76}},"type":"binary-expr","locations":[{"start":{"line":17,"column":29},"end":{"line":17,"column":60}},{"start":{"line":18,"column":2},"end":{"line":19,"column":76}}],"line":17},"3":{"loc":{"start":{"line":28,"column":2},"end":{"line":28,"column":82}},"type":"if","locations":[{"start":{"line":28,"column":2},"end":{"line":28,"column":82}},{"start":{},"end":{}}],"line":28},"4":{"loc":{"start":{"line":28,"column":6},"end":{"line":28,"column":45}},"type":"binary-expr","locations":[{"start":{"line":28,"column":6},"end":{"line":28,"column":14}},{"start":{"line":28,"column":18},"end":{"line":28,"column":45}}],"line":28},"5":{"loc":{"start":{"line":31,"column":2},"end":{"line":31,"column":63}},"type":"if","locations":[{"start":{"line":31,"column":2},"end":{"line":31,"column":63}},{"start":{},"end":{}}],"line":31},"6":{"loc":{"start":{"line":33,"column":2},"end":{"line":33,"column":98}},"type":"if","locations":[{"start":{"line":33,"column":2},"end":{"line":33,"column":98}},{"start":{},"end":{}}],"line":33},"7":{"loc":{"start":{"line":33,"column":6},"end":{"line":33,"column":42}},"type":"binary-expr","locations":[{"start":{"line":33,"column":6},"end":{"line":33,"column":16}},{"start":{"line":33,"column":20},"end":{"line":33,"column":42}}],"line":33},"8":{"loc":{"start":{"line":33,"column":60},"end":{"line":33,"column":96}},"type":"binary-expr","locations":[{"start":{"line":33,"column":60},"end":{"line":33,"column":82}},{"start":{"line":33,"column":86},"end":{"line":33,"column":96}}],"line":33},"9":{"loc":{"start":{"line":35,"column":2},"end":{"line":37,"column":3}},"type":"if","locations":[{"start":{"line":35,"column":2},"end":{"line":37,"column":3}},{"start":{},"end":{}}],"line":35},"10":{"loc":{"start":{"line":35,"column":51},"end":{"line":35,"column":65}},"type":"binary-expr","locations":[{"start":{"line":35,"column":51},"end":{"line":35,"column":59}},{"start":{"line":35,"column":63},"end":{"line":35,"column":65}}],"line":35},"11":{"loc":{"start":{"line":38,"column":2},"end":{"line":40,"column":3}},"type":"if","locations":[{"start":{"line":38,"column":2},"end":{"line":40,"column":3}},{"start":{},"end":{}}],"line":38},"12":{"loc":{"start":{"line":41,"column":2},"end":{"line":41,"column":89}},"type":"if","locations":[{"start":{"line":41,"column":2},"end":{"line":41,"column":89}},{"start":{},"end":{}}],"line":41},"13":{"loc":{"start":{"line":41,"column":6},"end":{"line":41,"column":54}},"type":"binary-expr","locations":[{"start":{"line":41,"column":6},"end":{"line":41,"column":14}},{"start":{"line":41,"column":18},"end":{"line":41,"column":54}}],"line":41},"14":{"loc":{"start":{"line":42,"column":2},"end":{"line":42,"column":49}},"type":"if","locations":[{"start":{"line":42,"column":2},"end":{"line":42,"column":49}},{"start":{},"end":{}}],"line":42},"15":{"loc":{"start":{"line":53,"column":4},"end":{"line":55,"column":5}},"type":"if","locations":[{"start":{"line":53,"column":4},"end":{"line":55,"column":5}},{"start":{},"end":{}}],"line":53},"16":{"loc":{"start":{"line":83,"column":34},"end":{"line":83,"column":113}},"type":"cond-expr","locations":[{"start":{"line":83,"column":74},"end":{"line":83,"column":97}},{"start":{"line":83,"column":100},"end":{"line":83,"column":113}}],"line":83},"17":{"loc":{"start":{"line":94,"column":4},"end":{"line":96,"column":5}},"type":"if","locations":[{"start":{"line":94,"column":4},"end":{"line":96,"column":5}},{"start":{},"end":{}}],"line":94},"18":{"loc":{"start":{"line":100,"column":4},"end":{"line":102,"column":5}},"type":"if","locations":[{"start":{"line":100,"column":4},"end":{"line":102,"column":5}},{"start":{},"end":{}}],"line":100},"19":{"loc":{"start":{"line":133,"column":34},"end":{"line":133,"column":113}},"type":"cond-expr","locations":[{"start":{"line":133,"column":74},"end":{"line":133,"column":97}},{"start":{"line":133,"column":100},"end":{"line":133,"column":113}}],"line":133},"20":{"loc":{"start":{"line":143,"column":34},"end":{"line":143,"column":113}},"type":"cond-expr","locations":[{"start":{"line":143,"column":74},"end":{"line":143,"column":97}},{"start":{"line":143,"column":100},"end":{"line":143,"column":113}}],"line":143},"21":{"loc":{"start":{"line":157,"column":20},"end":{"line":157,"column":61}},"type":"binary-expr","locations":[{"start":{"line":157,"column":20},"end":{"line":157,"column":37}},{"start":{"line":157,"column":41},"end":{"line":157,"column":61}}],"line":157},"22":{"loc":{"start":{"line":158,"column":4},"end":{"line":158,"column":77}},"type":"if","locations":[{"start":{"line":158,"column":4},"end":{"line":158,"column":77}},{"start":{},"end":{}}],"line":158},"23":{"loc":{"start":{"line":169,"column":4},"end":{"line":169,"column":82}},"type":"if","locations":[{"start":{"line":169,"column":4},"end":{"line":169,"column":82}},{"start":{},"end":{}}],"line":169},"24":{"loc":{"start":{"line":169,"column":8},"end":{"line":169,"column":22}},"type":"binary-expr","locations":[{"start":{"line":169,"column":8},"end":{"line":169,"column":13}},{"start":{"line":169,"column":17},"end":{"line":169,"column":22}}],"line":169},"25":{"loc":{"start":{"line":171,"column":4},"end":{"line":207,"column":5}},"type":"if","locations":[{"start":{"line":171,"column":4},"end":{"line":207,"column":5}},{"start":{"line":183,"column":11},"end":{"line":207,"column":5}}],"line":171},"26":{"loc":{"start":{"line":173,"column":6},"end":{"line":182,"column":7}},"type":"if","locations":[{"start":{"line":173,"column":6},"end":{"line":182,"column":7}},{"start":{"line":179,"column":13},"end":{"line":182,"column":7}}],"line":173},"27":{"loc":{"start":{"line":175,"column":23},"end":{"line":175,"column":46}},"type":"binary-expr","locations":[{"start":{"line":175,"column":23},"end":{"line":175,"column":30}},{"start":{"line":175,"column":34},"end":{"line":175,"column":46}}],"line":175},"28":{"loc":{"start":{"line":176,"column":29},"end":{"line":176,"column":74}},"type":"binary-expr","locations":[{"start":{"line":176,"column":29},"end":{"line":176,"column":52}},{"start":{"line":176,"column":56},"end":{"line":176,"column":74}}],"line":176},"29":{"loc":{"start":{"line":185,"column":19},"end":{"line":186,"column":73}},"type":"binary-expr","locations":[{"start":{"line":185,"column":19},"end":{"line":186,"column":61}},{"start":{"line":186,"column":65},"end":{"line":186,"column":73}}],"line":185},"30":{"loc":{"start":{"line":185,"column":20},"end":{"line":185,"column":97}},"type":"binary-expr","locations":[{"start":{"line":185,"column":20},"end":{"line":185,"column":30}},{"start":{"line":185,"column":34},"end":{"line":185,"column":60}},{"start":{"line":185,"column":64},"end":{"line":185,"column":97}}],"line":185},"31":{"loc":{"start":{"line":185,"column":35},"end":{"line":185,"column":45}},"type":"binary-expr","locations":[{"start":{"line":185,"column":35},"end":{"line":185,"column":39}},{"start":{"line":185,"column":43},"end":{"line":185,"column":45}}],"line":185},"32":{"loc":{"start":{"line":185,"column":65},"end":{"line":185,"column":82}},"type":"binary-expr","locations":[{"start":{"line":185,"column":65},"end":{"line":185,"column":70}},{"start":{"line":185,"column":74},"end":{"line":185,"column":82}}],"line":185},"33":{"loc":{"start":{"line":192,"column":8},"end":{"line":192,"column":98}},"type":"if","locations":[{"start":{"line":192,"column":8},"end":{"line":192,"column":98}},{"start":{},"end":{}}],"line":192},"34":{"loc":{"start":{"line":198,"column":16},"end":{"line":198,"column":46}},"type":"binary-expr","locations":[{"start":{"line":198,"column":16},"end":{"line":198,"column":21}},{"start":{"line":198,"column":25},"end":{"line":198,"column":46}}],"line":198},"35":{"loc":{"start":{"line":228,"column":41},"end":{"line":228,"column":56}},"type":"binary-expr","locations":[{"start":{"line":228,"column":41},"end":{"line":228,"column":51}},{"start":{"line":228,"column":55},"end":{"line":228,"column":56}}],"line":228},"36":{"loc":{"start":{"line":229,"column":74},"end":{"line":229,"column":89}},"type":"binary-expr","locations":[{"start":{"line":229,"column":74},"end":{"line":229,"column":84}},{"start":{"line":229,"column":88},"end":{"line":229,"column":89}}],"line":229},"37":{"loc":{"start":{"line":252,"column":34},"end":{"line":252,"column":113}},"type":"cond-expr","locations":[{"start":{"line":252,"column":74},"end":{"line":252,"column":97}},{"start":{"line":252,"column":100},"end":{"line":252,"column":113}}],"line":252}},"s":{"0":6,"1":6,"2":6,"3":6,"4":246,"5":6,"6":7,"7":8,"8":0,"9":8,"10":8,"11":8,"12":0,"13":8,"14":8,"15":0,"16":8,"17":1,"18":7,"19":1,"20":6,"21":0,"22":6,"23":0,"24":6,"25":6,"26":239,"27":239,"28":239,"29":238,"30":1,"31":237,"32":237,"33":237,"34":1,"35":6,"36":5,"37":5,"38":5,"39":3,"40":1,"41":2,"42":2,"43":1,"44":1,"45":1,"46":1,"47":1,"48":1,"49":2,"50":6,"51":3,"52":3,"53":2,"54":1,"55":6,"56":9,"57":9,"58":9,"59":1,"60":8,"61":6,"62":6,"63":6,"64":5,"65":6,"66":2,"67":1,"68":1,"69":1,"70":1,"71":1,"72":1,"73":1,"74":4,"75":4,"76":4,"77":4,"78":51,"79":51,"80":51,"81":1,"82":1,"83":4,"84":4,"85":6,"86":6,"87":2,"88":2,"89":6,"90":3,"91":3,"92":3,"93":2,"94":2,"95":2,"96":1},"f":{"0":246,"1":7,"2":8,"3":239,"4":5,"5":3,"6":9,"7":3},"b":{"0":[246,0],"1":[246,246],"2":[6,1],"3":[0,8],"4":[8,8],"5":[0,8],"6":[0,8],"7":[8,8],"8":[0,0],"9":[1,7],"10":[8,0],"11":[1,6],"12":[0,6],"13":[6,6],"14":[0,6],"15":[1,237],"16":[0,1],"17":[1,2],"18":[1,1],"19":[0,2],"20":[0,1],"21":[9,2],"22":[1,8],"23":[5,1],"24":[6,5],"25":[2,4],"26":[1,1],"27":[1,1],"28":[1,0],"29":[4,0],"30":[4,0,0],"31":[0,0],"32":[0,0],"33":[1,50],"34":[4,0],"35":[2,0],"36":[2,0],"37":[0,1]},"_coverageSchema":"1a1c01bbd47fc00a2c39e90264f33305004495a9","hash":"10bf819019afb4d890180298cb210c4d8aa60956"}
,"C:\\Users\\21266\\Desktop\\sdk52\\sallysudo\\backend\\src\\controllers\\challengeController.js": {"path":"C:\\Users\\21266\\Desktop\\sdk52\\sallysudo\\backend\\src\\controllers\\challengeController.js","statementMap":{"0":{"start":{"line":1,"column":18},"end":{"line":1,"column":48}},"1":{"start":{"line":2,"column":13},"end":{"line":2,"column":38}},"2":{"start":{"line":3,"column":23},"end":{"line":3,"column":59}},"3":{"start":{"line":12,"column":2},"end":{"line":45,"column":70}},"4":{"start":{"line":13,"column":17},"end":{"line":13,"column":39}},"5":{"start":{"line":14,"column":4},"end":{"line":14,"column":38}},"6":{"start":{"line":14,"column":31},"end":{"line":14,"column":38}},"7":{"start":{"line":15,"column":18},"end":{"line":15,"column":34}},"8":{"start":{"line":16,"column":4},"end":{"line":16,"column":36}},"9":{"start":{"line":16,"column":29},"end":{"line":16,"column":36}},"10":{"start":{"line":17,"column":20},"end":{"line":17,"column":91}},"11":{"start":{"line":18,"column":4},"end":{"line":18,"column":40}},"12":{"start":{"line":18,"column":33},"end":{"line":18,"column":40}},"13":{"start":{"line":19,"column":21},"end":{"line":21,"column":12}},"14":{"start":{"line":26,"column":21},"end":{"line":26,"column":25}},"15":{"start":{"line":26,"column":37},"end":{"line":26,"column":41}},"16":{"start":{"line":27,"column":4},"end":{"line":27,"column":67}},"17":{"start":{"line":27,"column":10},"end":{"line":27,"column":52}},"18":{"start":{"line":28,"column":4},"end":{"line":28,"column":66}},"19":{"start":{"line":28,"column":10},"end":{"line":28,"column":51}},"20":{"start":{"line":29,"column":22},"end":{"line":29,"column":96}},"21":{"start":{"line":30,"column":14},"end":{"line":30,"column":49}},"22":{"start":{"line":31,"column":4},"end":{"line":43,"column":5}},"23":{"start":{"line":31,"column":19},"end":{"line":31,"column":20}},"24":{"start":{"line":32,"column":6},"end":{"line":42,"column":7}},"25":{"start":{"line":32,"column":21},"end":{"line":32,"column":22}},"26":{"start":{"line":33,"column":21},"end":{"line":33,"column":34}},"27":{"start":{"line":34,"column":22},"end":{"line":34,"column":76}},"28":{"start":{"line":35,"column":8},"end":{"line":35,"column":34}},"29":{"start":{"line":35,"column":25},"end":{"line":35,"column":34}},"30":{"start":{"line":36,"column":23},"end":{"line":36,"column":55}},"31":{"start":{"line":37,"column":24},"end":{"line":37,"column":74}},"32":{"start":{"line":38,"column":8},"end":{"line":38,"column":41}},"33":{"start":{"line":38,"column":32},"end":{"line":38,"column":41}},"34":{"start":{"line":39,"column":23},"end":{"line":39,"column":71}},"35":{"start":{"line":40,"column":8},"end":{"line":40,"column":87}},"36":{"start":{"line":41,"column":8},"end":{"line":41,"column":64}},"37":{"start":{"line":41,"column":35},"end":{"line":41,"column":54}},"38":{"start":{"line":41,"column":55},"end":{"line":41,"column":62}},"39":{"start":{"line":44,"column":4},"end":{"line":44,"column":23}},"40":{"start":{"line":50,"column":15},"end":{"line":60,"column":3}},"41":{"start":{"line":62,"column":18},"end":{"line":62,"column":62}},"42":{"start":{"line":62,"column":27},"end":{"line":62,"column":62}},"43":{"start":{"line":62,"column":42},"end":{"line":62,"column":61}},"44":{"start":{"line":63,"column":17},"end":{"line":63,"column":19}},"45":{"start":{"line":64,"column":15},"end":{"line":64,"column":43}},"46":{"start":{"line":65,"column":2},"end":{"line":65,"column":54}},"47":{"start":{"line":65,"column":15},"end":{"line":65,"column":16}},"48":{"start":{"line":65,"column":30},"end":{"line":65,"column":54}},"49":{"start":{"line":67,"column":19},"end":{"line":67,"column":65}},"50":{"start":{"line":67,"column":35},"end":{"line":67,"column":64}},"51":{"start":{"line":67,"column":51},"end":{"line":67,"column":63}},"52":{"start":{"line":68,"column":17},"end":{"line":68,"column":46}},"53":{"start":{"line":68,"column":37},"end":{"line":68,"column":45}},"54":{"start":{"line":69,"column":23},"end":{"line":69,"column":57}},"55":{"start":{"line":70,"column":19},"end":{"line":70,"column":49}},"56":{"start":{"line":72,"column":16},"end":{"line":72,"column":17}},"57":{"start":{"line":73,"column":2},"end":{"line":80,"column":3}},"58":{"start":{"line":74,"column":16},"end":{"line":74,"column":45}},"59":{"start":{"line":75,"column":16},"end":{"line":75,"column":45}},"60":{"start":{"line":76,"column":4},"end":{"line":79,"column":5}},"61":{"start":{"line":77,"column":6},"end":{"line":77,"column":27}},"62":{"start":{"line":78,"column":6},"end":{"line":78,"column":16}},"63":{"start":{"line":82,"column":2},"end":{"line":82,"column":30}},"64":{"start":{"line":86,"column":0},"end":{"line":109,"column":2}},"65":{"start":{"line":87,"column":2},"end":{"line":108,"column":3}},"66":{"start":{"line":88,"column":27},"end":{"line":88,"column":63}},"67":{"start":{"line":89,"column":19},"end":{"line":89,"column":31}},"68":{"start":{"line":91,"column":16},"end":{"line":98,"column":14}},"69":{"start":{"line":102,"column":20},"end":{"line":102,"column":34}},"70":{"start":{"line":103,"column":4},"end":{"line":103,"column":57}},"71":{"start":{"line":103,"column":30},"end":{"line":103,"column":55}},"72":{"start":{"line":105,"column":4},"end":{"line":105,"column":39}},"73":{"start":{"line":107,"column":4},"end":{"line":107,"column":117}},"74":{"start":{"line":112,"column":0},"end":{"line":201,"column":2}},"75":{"start":{"line":113,"column":2},"end":{"line":200,"column":3}},"76":{"start":{"line":114,"column":57},"end":{"line":114,"column":65}},"77":{"start":{"line":118,"column":4},"end":{"line":134,"column":5}},"78":{"start":{"line":119,"column":6},"end":{"line":121,"column":9}},"79":{"start":{"line":122,"column":6},"end":{"line":122,"column":80}},"80":{"start":{"line":122,"column":23},"end":{"line":122,"column":80}},"81":{"start":{"line":123,"column":6},"end":{"line":125,"column":7}},"82":{"start":{"line":124,"column":8},"end":{"line":124,"column":76}},"83":{"start":{"line":127,"column":6},"end":{"line":129,"column":7}},"84":{"start":{"line":128,"column":8},"end":{"line":128,"column":76}},"85":{"start":{"line":130,"column":6},"end":{"line":130,"column":53}},"86":{"start":{"line":131,"column":6},"end":{"line":133,"column":7}},"87":{"start":{"line":132,"column":8},"end":{"line":132,"column":65}},"88":{"start":{"line":135,"column":29},"end":{"line":135,"column":43}},"89":{"start":{"line":139,"column":24},"end":{"line":144,"column":6}},"90":{"start":{"line":145,"column":4},"end":{"line":147,"column":5}},"91":{"start":{"line":146,"column":6},"end":{"line":146,"column":87}},"92":{"start":{"line":149,"column":30},"end":{"line":155,"column":6}},"93":{"start":{"line":157,"column":4},"end":{"line":159,"column":5}},"94":{"start":{"line":158,"column":6},"end":{"line":158,"column":90}},"95":{"start":{"line":161,"column":33},"end":{"line":161,"column":77}},"96":{"start":{"line":163,"column":22},"end":{"line":171,"column":6}},"97":{"start":{"line":173,"column":4},"end":{"line":176,"column":7}},"98":{"start":{"line":184,"column":15},"end":{"line":184,"column":41}},"99":{"start":{"line":185,"column":4},"end":{"line":195,"column":7}},"100":{"start":{"line":197,"column":4},"end":{"line":197,"column":55}},"101":{"start":{"line":199,"column":4},"end":{"line":199,"column":117}},"102":{"start":{"line":204,"column":0},"end":{"line":254,"column":2}},"103":{"start":{"line":205,"column":2},"end":{"line":253,"column":3}},"104":{"start":{"line":206,"column":27},"end":{"line":211,"column":28}},"105":{"start":{"line":213,"column":31},"end":{"line":218,"column":28}},"106":{"start":{"line":220,"column":29},"end":{"line":229,"column":28}},"107":{"start":{"line":231,"column":20},"end":{"line":242,"column":14}},"108":{"start":{"line":244,"column":4},"end":{"line":250,"column":7}},"109":{"start":{"line":252,"column":4},"end":{"line":252,"column":117}},"110":{"start":{"line":257,"column":0},"end":{"line":288,"column":2}},"111":{"start":{"line":258,"column":2},"end":{"line":287,"column":3}},"112":{"start":{"line":259,"column":28},"end":{"line":259,"column":38}},"113":{"start":{"line":261,"column":22},"end":{"line":265,"column":6}},"114":{"start":{"line":267,"column":4},"end":{"line":269,"column":5}},"115":{"start":{"line":268,"column":6},"end":{"line":268,"column":89}},"116":{"start":{"line":271,"column":4},"end":{"line":271,"column":34}},"117":{"start":{"line":272,"column":4},"end":{"line":272,"column":38}},"118":{"start":{"line":276,"column":4},"end":{"line":276,"column":64}},"119":{"start":{"line":277,"column":4},"end":{"line":277,"column":27}},"120":{"start":{"line":279,"column":4},"end":{"line":282,"column":7}},"121":{"start":{"line":284,"column":4},"end":{"line":284,"column":43}},"122":{"start":{"line":286,"column":4},"end":{"line":286,"column":117}},"123":{"start":{"line":291,"column":0},"end":{"line":312,"column":2}},"124":{"start":{"line":292,"column":2},"end":{"line":311,"column":3}},"125":{"start":{"line":293,"column":28},"end":{"line":293,"column":38}},"126":{"start":{"line":295,"column":22},"end":{"line":299,"column":6}},"127":{"start":{"line":301,"column":4},"end":{"line":303,"column":5}},"128":{"start":{"line":302,"column":6},"end":{"line":302,"column":68}},"129":{"start":{"line":305,"column":4},"end":{"line":305,"column":34}},"130":{"start":{"line":306,"column":4},"end":{"line":306,"column":27}},"131":{"start":{"line":308,"column":4},"end":{"line":308,"column":63}},"132":{"start":{"line":310,"column":4},"end":{"line":310,"column":117}},"133":{"start":{"line":315,"column":0},"end":{"line":350,"column":2}},"134":{"start":{"line":316,"column":2},"end":{"line":349,"column":3}},"135":{"start":{"line":317,"column":28},"end":{"line":317,"column":38}},"136":{"start":{"line":319,"column":22},"end":{"line":326,"column":6}},"137":{"start":{"line":328,"column":4},"end":{"line":330,"column":5}},"138":{"start":{"line":329,"column":6},"end":{"line":329,"column":84}},"139":{"start":{"line":332,"column":4},"end":{"line":332,"column":33}},"140":{"start":{"line":333,"column":4},"end":{"line":333,"column":37}},"141":{"start":{"line":338,"column":4},"end":{"line":338,"column":64}},"142":{"start":{"line":339,"column":4},"end":{"line":339,"column":27}},"143":{"start":{"line":341,"column":4},"end":{"line":344,"column":7}},"144":{"start":{"line":346,"column":4},"end":{"line":346,"column":43}},"145":{"start":{"line":348,"column":4},"end":{"line":348,"column":117}},"146":{"start":{"line":353,"column":0},"end":{"line":376,"column":2}},"147":{"start":{"line":354,"column":2},"end":{"line":375,"column":3}},"148":{"start":{"line":355,"column":28},"end":{"line":355,"column":38}},"149":{"start":{"line":357,"column":22},"end":{"line":366,"column":42}},"150":{"start":{"line":368,"column":4},"end":{"line":370,"column":5}},"151":{"start":{"line":369,"column":6},"end":{"line":369,"column":68}},"152":{"start":{"line":372,"column":4},"end":{"line":372,"column":43}},"153":{"start":{"line":374,"column":4},"end":{"line":374,"column":117}},"154":{"start":{"line":379,"column":0},"end":{"line":411,"column":2}},"155":{"start":{"line":380,"column":2},"end":{"line":410,"column":3}},"156":{"start":{"line":381,"column":28},"end":{"line":381,"column":38}},"157":{"start":{"line":382,"column":41},"end":{"line":382,"column":49}},"158":{"start":{"line":384,"column":22},"end":{"line":391,"column":6}},"159":{"start":{"line":393,"column":4},"end":{"line":395,"column":5}},"160":{"start":{"line":394,"column":6},"end":{"line":394,"column":87}},"161":{"start":{"line":397,"column":25},"end":{"line":397,"column":72}},"162":{"start":{"line":398,"column":24},"end":{"line":398,"column":82}},"163":{"start":{"line":400,"column":4},"end":{"line":400,"column":47}},"164":{"start":{"line":401,"column":4},"end":{"line":401,"column":41}},"165":{"start":{"line":402,"column":4},"end":{"line":402,"column":49}},"166":{"start":{"line":403,"column":4},"end":{"line":403,"column":43}},"167":{"start":{"line":405,"column":4},"end":{"line":405,"column":27}},"168":{"start":{"line":407,"column":4},"end":{"line":407,"column":61}},"169":{"start":{"line":409,"column":4},"end":{"line":409,"column":117}},"170":{"start":{"line":414,"column":0},"end":{"line":486,"column":2}},"171":{"start":{"line":415,"column":2},"end":{"line":485,"column":3}},"172":{"start":{"line":416,"column":28},"end":{"line":416,"column":38}},"173":{"start":{"line":417,"column":41},"end":{"line":417,"column":49}},"174":{"start":{"line":419,"column":22},"end":{"line":426,"column":6}},"175":{"start":{"line":428,"column":4},"end":{"line":430,"column":5}},"176":{"start":{"line":429,"column":6},"end":{"line":429,"column":87}},"177":{"start":{"line":432,"column":25},"end":{"line":432,"column":72}},"178":{"start":{"line":433,"column":24},"end":{"line":433,"column":82}},"179":{"start":{"line":434,"column":24},"end":{"line":434,"column":82}},"180":{"start":{"line":436,"column":4},"end":{"line":436,"column":47}},"181":{"start":{"line":440,"column":4},"end":{"line":447,"column":9}},"182":{"start":{"line":449,"column":4},"end":{"line":449,"column":41}},"183":{"start":{"line":450,"column":4},"end":{"line":450,"column":49}},"184":{"start":{"line":451,"column":4},"end":{"line":451,"column":43}},"185":{"start":{"line":452,"column":4},"end":{"line":452,"column":44}},"186":{"start":{"line":460,"column":4},"end":{"line":460,"column":37}},"187":{"start":{"line":463,"column":20},"end":{"line":467,"column":6}},"188":{"start":{"line":470,"column":4},"end":{"line":480,"column":55}},"189":{"start":{"line":471,"column":28},"end":{"line":471,"column":64}},"190":{"start":{"line":472,"column":6},"end":{"line":479,"column":9}},"191":{"start":{"line":482,"column":4},"end":{"line":482,"column":52}},"192":{"start":{"line":484,"column":4},"end":{"line":484,"column":117}},"193":{"start":{"line":489,"column":0},"end":{"line":542,"column":2}},"194":{"start":{"line":490,"column":2},"end":{"line":541,"column":3}},"195":{"start":{"line":491,"column":28},"end":{"line":491,"column":38}},"196":{"start":{"line":493,"column":22},"end":{"line":500,"column":6}},"197":{"start":{"line":502,"column":4},"end":{"line":504,"column":5}},"198":{"start":{"line":503,"column":6},"end":{"line":503,"column":87}},"199":{"start":{"line":506,"column":25},"end":{"line":506,"column":72}},"200":{"start":{"line":507,"column":24},"end":{"line":507,"column":82}},"201":{"start":{"line":508,"column":21},"end":{"line":508,"column":79}},"202":{"start":{"line":515,"column":20},"end":{"line":526,"column":5}},"203":{"start":{"line":527,"column":4},"end":{"line":529,"column":5}},"204":{"start":{"line":528,"column":6},"end":{"line":528,"column":74}},"205":{"start":{"line":530,"column":4},"end":{"line":530,"column":35}},"206":{"start":{"line":532,"column":4},"end":{"line":536,"column":7}},"207":{"start":{"line":538,"column":4},"end":{"line":538,"column":84}},"208":{"start":{"line":540,"column":4},"end":{"line":540,"column":117}},"209":{"start":{"line":545,"column":0},"end":{"line":566,"column":2}},"210":{"start":{"line":546,"column":2},"end":{"line":565,"column":3}},"211":{"start":{"line":547,"column":28},"end":{"line":547,"column":38}},"212":{"start":{"line":549,"column":22},"end":{"line":553,"column":6}},"213":{"start":{"line":555,"column":4},"end":{"line":557,"column":5}},"214":{"start":{"line":556,"column":6},"end":{"line":556,"column":91}},"215":{"start":{"line":559,"column":4},"end":{"line":559,"column":35}},"216":{"start":{"line":560,"column":4},"end":{"line":560,"column":27}},"217":{"start":{"line":562,"column":4},"end":{"line":562,"column":64}},"218":{"start":{"line":564,"column":4},"end":{"line":564,"column":117}},"219":{"start":{"line":569,"column":0},"end":{"line":594,"column":2}},"220":{"start":{"line":570,"column":2},"end":{"line":593,"column":3}},"221":{"start":{"line":571,"column":19},"end":{"line":571,"column":30}},"222":{"start":{"line":573,"column":31},"end":{"line":580,"column":6}},"223":{"start":{"line":582,"column":4},"end":{"line":590,"column":7}},"224":{"start":{"line":592,"column":4},"end":{"line":592,"column":117}},"225":{"start":{"line":598,"column":13},"end":{"line":598,"column":41}},"226":{"start":{"line":599,"column":14},"end":{"line":599,"column":42}},"227":{"start":{"line":601,"column":2},"end":{"line":631,"column":3}},"228":{"start":{"line":602,"column":4},"end":{"line":602,"column":44}},"229":{"start":{"line":603,"column":4},"end":{"line":603,"column":43}},"230":{"start":{"line":604,"column":9},"end":{"line":631,"column":3}},"231":{"start":{"line":605,"column":4},"end":{"line":605,"column":44}},"232":{"start":{"line":606,"column":4},"end":{"line":606,"column":43}},"233":{"start":{"line":607,"column":9},"end":{"line":631,"column":3}},"234":{"start":{"line":608,"column":4},"end":{"line":608,"column":28}},"235":{"start":{"line":609,"column":9},"end":{"line":631,"column":3}},"236":{"start":{"line":612,"column":4},"end":{"line":612,"column":44}},"237":{"start":{"line":613,"column":4},"end":{"line":613,"column":43}},"238":{"start":{"line":614,"column":9},"end":{"line":631,"column":3}},"239":{"start":{"line":615,"column":4},"end":{"line":615,"column":44}},"240":{"start":{"line":616,"column":4},"end":{"line":616,"column":43}},"241":{"start":{"line":619,"column":28},"end":{"line":619,"column":59}},"242":{"start":{"line":620,"column":28},"end":{"line":620,"column":61}},"243":{"start":{"line":622,"column":4},"end":{"line":630,"column":5}},"244":{"start":{"line":623,"column":6},"end":{"line":623,"column":46}},"245":{"start":{"line":624,"column":6},"end":{"line":624,"column":45}},"246":{"start":{"line":625,"column":11},"end":{"line":630,"column":5}},"247":{"start":{"line":626,"column":6},"end":{"line":626,"column":46}},"248":{"start":{"line":627,"column":6},"end":{"line":627,"column":45}},"249":{"start":{"line":629,"column":6},"end":{"line":629,"column":30}},"250":{"start":{"line":637,"column":22},"end":{"line":637,"column":32}},"251":{"start":{"line":638,"column":18},"end":{"line":641,"column":3}},"252":{"start":{"line":642,"column":2},"end":{"line":642,"column":33}},"253":{"start":{"line":643,"column":2},"end":{"line":643,"column":38}},"254":{"start":{"line":644,"column":2},"end":{"line":644,"column":23}},"255":{"start":{"line":644,"column":16},"end":{"line":644,"column":23}},"256":{"start":{"line":645,"column":2},"end":{"line":645,"column":35}},"257":{"start":{"line":650,"column":2},"end":{"line":675,"column":3}},"258":{"start":{"line":651,"column":4},"end":{"line":653,"column":7}},"259":{"start":{"line":654,"column":4},"end":{"line":656,"column":7}},"260":{"start":{"line":657,"column":9},"end":{"line":675,"column":3}},"261":{"start":{"line":658,"column":15},"end":{"line":658,"column":38}},"262":{"start":{"line":659,"column":4},"end":{"line":666,"column":7}},"263":{"start":{"line":668,"column":4},"end":{"line":674,"column":7}},"264":{"start":{"line":678,"column":0},"end":{"line":680,"column":1}},"265":{"start":{"line":679,"column":2},"end":{"line":679,"column":80}}},"fnMap":{"0":{"name":"recordMoves","decl":{"start":{"line":11,"column":9},"end":{"line":11,"column":20}},"loc":{"start":{"line":11,"column":58},"end":{"line":46,"column":1}},"line":11},"1":{"name":"generateSudokuPuzzle","decl":{"start":{"line":49,"column":9},"end":{"line":49,"column":29}},"loc":{"start":{"line":49,"column":53},"end":{"line":83,"column":1}},"line":49},"2":{"name":"(anonymous_2)","decl":{"start":{"line":62,"column":18},"end":{"line":62,"column":19}},"loc":{"start":{"line":62,"column":27},"end":{"line":62,"column":62}},"line":62},"3":{"name":"(anonymous_3)","decl":{"start":{"line":62,"column":36},"end":{"line":62,"column":37}},"loc":{"start":{"line":62,"column":42},"end":{"line":62,"column":61}},"line":62},"4":{"name":"(anonymous_4)","decl":{"start":{"line":67,"column":28},"end":{"line":67,"column":29}},"loc":{"start":{"line":67,"column":35},"end":{"line":67,"column":64}},"line":67},"5":{"name":"(anonymous_5)","decl":{"start":{"line":67,"column":43},"end":{"line":67,"column":44}},"loc":{"start":{"line":67,"column":51},"end":{"line":67,"column":63}},"line":67},"6":{"name":"(anonymous_6)","decl":{"start":{"line":68,"column":30},"end":{"line":68,"column":31}},"loc":{"start":{"line":68,"column":37},"end":{"line":68,"column":45}},"line":68},"7":{"name":"(anonymous_7)","decl":{"start":{"line":86,"column":25},"end":{"line":86,"column":26}},"loc":{"start":{"line":86,"column":45},"end":{"line":109,"column":1}},"line":86},"8":{"name":"(anonymous_8)","decl":{"start":{"line":103,"column":25},"end":{"line":103,"column":26}},"loc":{"start":{"line":103,"column":30},"end":{"line":103,"column":55}},"line":103},"9":{"name":"(anonymous_9)","decl":{"start":{"line":112,"column":24},"end":{"line":112,"column":25}},"loc":{"start":{"line":112,"column":44},"end":{"line":201,"column":1}},"line":112},"10":{"name":"(anonymous_10)","decl":{"start":{"line":204,"column":26},"end":{"line":204,"column":27}},"loc":{"start":{"line":204,"column":46},"end":{"line":254,"column":1}},"line":204},"11":{"name":"(anonymous_11)","decl":{"start":{"line":257,"column":26},"end":{"line":257,"column":27}},"loc":{"start":{"line":257,"column":46},"end":{"line":288,"column":1}},"line":257},"12":{"name":"(anonymous_12)","decl":{"start":{"line":291,"column":27},"end":{"line":291,"column":28}},"loc":{"start":{"line":291,"column":47},"end":{"line":312,"column":1}},"line":291},"13":{"name":"(anonymous_13)","decl":{"start":{"line":315,"column":25},"end":{"line":315,"column":26}},"loc":{"start":{"line":315,"column":45},"end":{"line":350,"column":1}},"line":315},"14":{"name":"(anonymous_14)","decl":{"start":{"line":353,"column":23},"end":{"line":353,"column":24}},"loc":{"start":{"line":353,"column":43},"end":{"line":376,"column":1}},"line":353},"15":{"name":"(anonymous_15)","decl":{"start":{"line":379,"column":25},"end":{"line":379,"column":26}},"loc":{"start":{"line":379,"column":45},"end":{"line":411,"column":1}},"line":379},"16":{"name":"(anonymous_16)","decl":{"start":{"line":414,"column":28},"end":{"line":414,"column":29}},"loc":{"start":{"line":414,"column":48},"end":{"line":486,"column":1}},"line":414},"17":{"name":"(anonymous_17)","decl":{"start":{"line":489,"column":27},"end":{"line":489,"column":28}},"loc":{"start":{"line":489,"column":47},"end":{"line":542,"column":1}},"line":489},"18":{"name":"(anonymous_18)","decl":{"start":{"line":545,"column":26},"end":{"line":545,"column":27}},"loc":{"start":{"line":545,"column":46},"end":{"line":566,"column":1}},"line":545},"19":{"name":"(anonymous_19)","decl":{"start":{"line":569,"column":28},"end":{"line":569,"column":29}},"loc":{"start":{"line":569,"column":48},"end":{"line":594,"column":1}},"line":569},"20":{"name":"determineWinner","decl":{"start":{"line":597,"column":15},"end":{"line":597,"column":30}},"loc":{"start":{"line":597,"column":42},"end":{"line":646,"column":1}},"line":597},"21":{"name":"updateUserStats","decl":{"start":{"line":649,"column":15},"end":{"line":649,"column":30}},"loc":{"start":{"line":649,"column":42},"end":{"line":676,"column":1}},"line":649}},"branchMap":{"0":{"loc":{"start":{"line":14,"column":4},"end":{"line":14,"column":38}},"type":"if","locations":[{"start":{"line":14,"column":4},"end":{"line":14,"column":38}},{"start":{},"end":{}}],"line":14},"1":{"loc":{"start":{"line":14,"column":8},"end":{"line":14,"column":29}},"type":"binary-expr","locations":[{"start":{"line":14,"column":8},"end":{"line":14,"column":13}},{"start":{"line":14,"column":17},"end":{"line":14,"column":29}}],"line":14},"2":{"loc":{"start":{"line":15,"column":18},"end":{"line":15,"column":34}},"type":"binary-expr","locations":[{"start":{"line":15,"column":18},"end":{"line":15,"column":28}},{"start":{"line":15,"column":32},"end":{"line":15,"column":34}}],"line":15},"3":{"loc":{"start":{"line":16,"column":4},"end":{"line":16,"column":36}},"type":"if","locations":[{"start":{"line":16,"column":4},"end":{"line":16,"column":36}},{"start":{},"end":{}}],"line":16},"4":{"loc":{"start":{"line":17,"column":20},"end":{"line":17,"column":91}},"type":"cond-expr","locations":[{"start":{"line":17,"column":54},"end":{"line":17,"column":77}},{"start":{"line":17,"column":80},"end":{"line":17,"column":91}}],"line":17},"5":{"loc":{"start":{"line":18,"column":4},"end":{"line":18,"column":40}},"type":"if","locations":[{"start":{"line":18,"column":4},"end":{"line":18,"column":40}},{"start":{},"end":{}}],"line":18},"6":{"loc":{"start":{"line":19,"column":21},"end":{"line":21,"column":12}},"type":"cond-expr","locations":[{"start":{"line":20,"column":9},"end":{"line":20,"column":77}},{"start":{"line":21,"column":8},"end":{"line":21,"column":12}}],"line":19},"7":{"loc":{"start":{"line":20,"column":9},"end":{"line":20,"column":77}},"type":"cond-expr","locations":[{"start":{"line":20,"column":42},"end":{"line":20,"column":64}},{"start":{"line":20,"column":67},"end":{"line":20,"column":77}}],"line":20},"8":{"loc":{"start":{"line":29,"column":22},"end":{"line":29,"column":96}},"type":"cond-expr","locations":[{"start":{"line":29,"column":44},"end":{"line":29,"column":83}},{"start":{"line":29,"column":86},"end":{"line":29,"column":96}}],"line":29},"9":{"loc":{"start":{"line":34,"column":22},"end":{"line":34,"column":76}},"type":"cond-expr","locations":[{"start":{"line":34,"column":36},"end":{"line":34,"column":71}},{"start":{"line":34,"column":75},"end":{"line":34,"column":76}}],"line":34},"10":{"loc":{"start":{"line":34,"column":36},"end":{"line":34,"column":71}},"type":"binary-expr","locations":[{"start":{"line":34,"column":36},"end":{"line":34,"column":66}},{"start":{"line":34,"column":70},"end":{"line":34,"column":71}}],"line":34},"11":{"loc":{"start":{"line":35,"column":8},"end":{"line":35,"column":34}},"type":"if","locations":[{"start":{"line":35,"column":8},"end":{"line":35,"column":34}},{"start":{},"end":{}}],"line":35},"12":{"loc":{"start":{"line":36,"column":23},"end":{"line":36,"column":55}},"type":"binary-expr","locations":[{"start":{"line":36,"column":23},"end":{"line":36,"column":50}},{"start":{"line":36,"column":54},"end":{"line":36,"column":55}}],"line":36},"13":{"loc":{"start":{"line":37,"column":24},"end":{"line":37,"column":74}},"type":"cond-expr","locations":[{"start":{"line":37,"column":36},"end":{"line":37,"column":69}},{"start":{"line":37,"column":73},"end":{"line":37,"column":74}}],"line":37},"14":{"loc":{"start":{"line":37,"column":36},"end":{"line":37,"column":69}},"type":"binary-expr","locations":[{"start":{"line":37,"column":36},"end":{"line":37,"column":64}},{"start":{"line":37,"column":68},"end":{"line":37,"column":69}}],"line":37},"15":{"loc":{"start":{"line":38,"column":8},"end":{"line":38,"column":41}},"type":"if","locations":[{"start":{"line":38,"column":8},"end":{"line":38,"column":41}},{"start":{},"end":{}}],"line":38},"16":{"loc":{"start":{"line":39,"column":23},"end":{"line":39,"column":71}},"type":"cond-expr","locations":[{"start":{"line":39,"column":34},"end":{"line":39,"column":66}},{"start":{"line":39,"column":70},"end":{"line":39,"column":71}}],"line":39},"17":{"loc":{"start":{"line":39,"column":34},"end":{"line":39,"column":66}},"type":"binary-expr","locations":[{"start":{"line":39,"column":34},"end":{"line":39,"column":61}},{"start":{"line":39,"column":65},"end":{"line":39,"column":66}}],"line":39},"18":{"loc":{"start":{"line":40,"column":50},"end":{"line":40,"column":83}},"type":"binary-expr","locations":[{"start":{"line":40,"column":50},"end":{"line":40,"column":62}},{"start":{"line":40,"column":66},"end":{"line":40,"column":83}}],"line":40},"19":{"loc":{"start":{"line":41,"column":8},"end":{"line":41,"column":64}},"type":"if","locations":[{"start":{"line":41,"column":8},"end":{"line":41,"column":64}},{"start":{},"end":{}}],"line":41},"20":{"loc":{"start":{"line":49,"column":30},"end":{"line":49,"column":51}},"type":"default-arg","locations":[{"start":{"line":49,"column":43},"end":{"line":49,"column":51}}],"line":49},"21":{"loc":{"start":{"line":70,"column":19},"end":{"line":70,"column":49}},"type":"binary-expr","locations":[{"start":{"line":70,"column":19},"end":{"line":70,"column":43}},{"start":{"line":70,"column":47},"end":{"line":70,"column":49}}],"line":70},"22":{"loc":{"start":{"line":76,"column":4},"end":{"line":79,"column":5}},"type":"if","locations":[{"start":{"line":76,"column":4},"end":{"line":79,"column":5}},{"start":{},"end":{}}],"line":76},"23":{"loc":{"start":{"line":107,"column":34},"end":{"line":107,"column":113}},"type":"cond-expr","locations":[{"start":{"line":107,"column":74},"end":{"line":107,"column":97}},{"start":{"line":107,"column":100},"end":{"line":107,"column":113}}],"line":107},"24":{"loc":{"start":{"line":118,"column":4},"end":{"line":134,"column":5}},"type":"if","locations":[{"start":{"line":118,"column":4},"end":{"line":134,"column":5}},{"start":{"line":126,"column":11},"end":{"line":134,"column":5}}],"line":118},"25":{"loc":{"start":{"line":122,"column":6},"end":{"line":122,"column":80}},"type":"if","locations":[{"start":{"line":122,"column":6},"end":{"line":122,"column":80}},{"start":{},"end":{}}],"line":122},"26":{"loc":{"start":{"line":123,"column":6},"end":{"line":125,"column":7}},"type":"if","locations":[{"start":{"line":123,"column":6},"end":{"line":125,"column":7}},{"start":{},"end":{}}],"line":123},"27":{"loc":{"start":{"line":127,"column":6},"end":{"line":129,"column":7}},"type":"if","locations":[{"start":{"line":127,"column":6},"end":{"line":129,"column":7}},{"start":{},"end":{}}],"line":127},"28":{"loc":{"start":{"line":131,"column":6},"end":{"line":133,"column":7}},"type":"if","locations":[{"start":{"line":131,"column":6},"end":{"line":133,"column":7}},{"start":{},"end":{}}],"line":131},"29":{"loc":{"start":{"line":145,"column":4},"end":{"line":147,"column":5}},"type":"if","locations":[{"start":{"line":145,"column":4},"end":{"line":147,"column":5}},{"start":{},"end":{}}],"line":145},"30":{"loc":{"start":{"line":157,"column":4},"end":{"line":159,"column":5}},"type":"if","locations":[{"start":{"line":157,"column":4},"end":{"line":159,"column":5}},{"start":{},"end":{}}],"line":157},"31":{"loc":{"start":{"line":161,"column":54},"end":{"line":161,"column":76}},"type":"binary-expr","locations":[{"start":{"line":161,"column":54},"end":{"line":161,"column":64}},{"start":{"line":161,"column":68},"end":{"line":161,"column":76}}],"line":161},"32":{"loc":{"start":{"line":168,"column":18},"end":{"line":168,"column":40}},"type":"binary-expr","locations":[{"start":{"line":168,"column":18},"end":{"line":168,"column":28}},{"start":{"line":168,"column":32},"end":{"line":168,"column":40}}],"line":168},"33":{"loc":{"start":{"line":184,"column":15},"end":{"line":184,"column":41}},"type":"binary-expr","locations":[{"start":{"line":184,"column":15},"end":{"line":184,"column":35}},{"start":{"line":184,"column":39},"end":{"line":184,"column":41}}],"line":184},"34":{"loc":{"start":{"line":187,"column":30},"end":{"line":187,"column":51}},"type":"binary-expr","locations":[{"start":{"line":187,"column":30},"end":{"line":187,"column":36}},{"start":{"line":187,"column":40},"end":{"line":187,"column":51}}],"line":187},"35":{"loc":{"start":{"line":199,"column":34},"end":{"line":199,"column":113}},"type":"cond-expr","locations":[{"start":{"line":199,"column":74},"end":{"line":199,"column":97}},{"start":{"line":199,"column":100},"end":{"line":199,"column":113}}],"line":199},"36":{"loc":{"start":{"line":252,"column":34},"end":{"line":252,"column":113}},"type":"cond-expr","locations":[{"start":{"line":252,"column":74},"end":{"line":252,"column":97}},{"start":{"line":252,"column":100},"end":{"line":252,"column":113}}],"line":252},"37":{"loc":{"start":{"line":267,"column":4},"end":{"line":269,"column":5}},"type":"if","locations":[{"start":{"line":267,"column":4},"end":{"line":269,"column":5}},{"start":{},"end":{}}],"line":267},"38":{"loc":{"start":{"line":286,"column":34},"end":{"line":286,"column":113}},"type":"cond-expr","locations":[{"start":{"line":286,"column":74},"end":{"line":286,"column":97}},{"start":{"line":286,"column":100},"end":{"line":286,"column":113}}],"line":286},"39":{"loc":{"start":{"line":301,"column":4},"end":{"line":303,"column":5}},"type":"if","locations":[{"start":{"line":301,"column":4},"end":{"line":303,"column":5}},{"start":{},"end":{}}],"line":301},"40":{"loc":{"start":{"line":310,"column":34},"end":{"line":310,"column":113}},"type":"cond-expr","locations":[{"start":{"line":310,"column":74},"end":{"line":310,"column":97}},{"start":{"line":310,"column":100},"end":{"line":310,"column":113}}],"line":310},"41":{"loc":{"start":{"line":328,"column":4},"end":{"line":330,"column":5}},"type":"if","locations":[{"start":{"line":328,"column":4},"end":{"line":330,"column":5}},{"start":{},"end":{}}],"line":328},"42":{"loc":{"start":{"line":348,"column":34},"end":{"line":348,"column":113}},"type":"cond-expr","locations":[{"start":{"line":348,"column":74},"end":{"line":348,"column":97}},{"start":{"line":348,"column":100},"end":{"line":348,"column":113}}],"line":348},"43":{"loc":{"start":{"line":368,"column":4},"end":{"line":370,"column":5}},"type":"if","locations":[{"start":{"line":368,"column":4},"end":{"line":370,"column":5}},{"start":{},"end":{}}],"line":368},"44":{"loc":{"start":{"line":374,"column":34},"end":{"line":374,"column":113}},"type":"cond-expr","locations":[{"start":{"line":374,"column":74},"end":{"line":374,"column":97}},{"start":{"line":374,"column":100},"end":{"line":374,"column":113}}],"line":374},"45":{"loc":{"start":{"line":393,"column":4},"end":{"line":395,"column":5}},"type":"if","locations":[{"start":{"line":393,"column":4},"end":{"line":395,"column":5}},{"start":{},"end":{}}],"line":393},"46":{"loc":{"start":{"line":398,"column":24},"end":{"line":398,"column":82}},"type":"cond-expr","locations":[{"start":{"line":398,"column":39},"end":{"line":398,"column":59}},{"start":{"line":398,"column":62},"end":{"line":398,"column":82}}],"line":398},"47":{"loc":{"start":{"line":409,"column":34},"end":{"line":409,"column":113}},"type":"cond-expr","locations":[{"start":{"line":409,"column":74},"end":{"line":409,"column":97}},{"start":{"line":409,"column":100},"end":{"line":409,"column":113}}],"line":409},"48":{"loc":{"start":{"line":428,"column":4},"end":{"line":430,"column":5}},"type":"if","locations":[{"start":{"line":428,"column":4},"end":{"line":430,"column":5}},{"start":{},"end":{}}],"line":428},"49":{"loc":{"start":{"line":433,"column":24},"end":{"line":433,"column":82}},"type":"cond-expr","locations":[{"start":{"line":433,"column":39},"end":{"line":433,"column":59}},{"start":{"line":433,"column":62},"end":{"line":433,"column":82}}],"line":433},"50":{"loc":{"start":{"line":434,"column":24},"end":{"line":434,"column":82}},"type":"cond-expr","locations":[{"start":{"line":434,"column":39},"end":{"line":434,"column":59}},{"start":{"line":434,"column":62},"end":{"line":434,"column":82}}],"line":434},"51":{"loc":{"start":{"line":475,"column":16},"end":{"line":475,"column":108}},"type":"cond-expr","locations":[{"start":{"line":475,"column":33},"end":{"line":475,"column":101}},{"start":{"line":475,"column":104},"end":{"line":475,"column":108}}],"line":475},"52":{"loc":{"start":{"line":484,"column":34},"end":{"line":484,"column":113}},"type":"cond-expr","locations":[{"start":{"line":484,"column":74},"end":{"line":484,"column":97}},{"start":{"line":484,"column":100},"end":{"line":484,"column":113}}],"line":484},"53":{"loc":{"start":{"line":502,"column":4},"end":{"line":504,"column":5}},"type":"if","locations":[{"start":{"line":502,"column":4},"end":{"line":504,"column":5}},{"start":{},"end":{}}],"line":502},"54":{"loc":{"start":{"line":507,"column":24},"end":{"line":507,"column":82}},"type":"cond-expr","locations":[{"start":{"line":507,"column":39},"end":{"line":507,"column":59}},{"start":{"line":507,"column":62},"end":{"line":507,"column":82}}],"line":507},"55":{"loc":{"start":{"line":508,"column":21},"end":{"line":508,"column":79}},"type":"cond-expr","locations":[{"start":{"line":508,"column":36},"end":{"line":508,"column":56}},{"start":{"line":508,"column":59},"end":{"line":508,"column":79}}],"line":508},"56":{"loc":{"start":{"line":527,"column":4},"end":{"line":529,"column":5}},"type":"if","locations":[{"start":{"line":527,"column":4},"end":{"line":529,"column":5}},{"start":{},"end":{}}],"line":527},"57":{"loc":{"start":{"line":540,"column":34},"end":{"line":540,"column":113}},"type":"cond-expr","locations":[{"start":{"line":540,"column":74},"end":{"line":540,"column":97}},{"start":{"line":540,"column":100},"end":{"line":540,"column":113}}],"line":540},"58":{"loc":{"start":{"line":555,"column":4},"end":{"line":557,"column":5}},"type":"if","locations":[{"start":{"line":555,"column":4},"end":{"line":557,"column":5}},{"start":{},"end":{}}],"line":555},"59":{"loc":{"start":{"line":564,"column":34},"end":{"line":564,"column":113}},"type":"cond-expr","locations":[{"start":{"line":564,"column":74},"end":{"line":564,"column":97}},{"start":{"line":564,"column":100},"end":{"line":564,"column":113}}],"line":564},"60":{"loc":{"start":{"line":588,"column":17},"end":{"line":588,"column":64}},"type":"cond-expr","locations":[{"start":{"line":588,"column":29},"end":{"line":588,"column":60}},{"start":{"line":588,"column":63},"end":{"line":588,"column":64}}],"line":588},"61":{"loc":{"start":{"line":592,"column":34},"end":{"line":592,"column":113}},"type":"cond-expr","locations":[{"start":{"line":592,"column":74},"end":{"line":592,"column":97}},{"start":{"line":592,"column":100},"end":{"line":592,"column":113}}],"line":592},"62":{"loc":{"start":{"line":601,"column":2},"end":{"line":631,"column":3}},"type":"if","locations":[{"start":{"line":601,"column":2},"end":{"line":631,"column":3}},{"start":{"line":604,"column":9},"end":{"line":631,"column":3}}],"line":601},"63":{"loc":{"start":{"line":601,"column":6},"end":{"line":601,"column":36}},"type":"binary-expr","locations":[{"start":{"line":601,"column":6},"end":{"line":601,"column":18}},{"start":{"line":601,"column":22},"end":{"line":601,"column":36}}],"line":601},"64":{"loc":{"start":{"line":604,"column":9},"end":{"line":631,"column":3}},"type":"if","locations":[{"start":{"line":604,"column":9},"end":{"line":631,"column":3}},{"start":{"line":607,"column":9},"end":{"line":631,"column":3}}],"line":604},"65":{"loc":{"start":{"line":604,"column":13},"end":{"line":604,"column":43}},"type":"binary-expr","locations":[{"start":{"line":604,"column":13},"end":{"line":604,"column":26}},{"start":{"line":604,"column":30},"end":{"line":604,"column":43}}],"line":604},"66":{"loc":{"start":{"line":607,"column":9},"end":{"line":631,"column":3}},"type":"if","locations":[{"start":{"line":607,"column":9},"end":{"line":631,"column":3}},{"start":{"line":609,"column":9},"end":{"line":631,"column":3}}],"line":607},"67":{"loc":{"start":{"line":607,"column":13},"end":{"line":607,"column":42}},"type":"binary-expr","locations":[{"start":{"line":607,"column":13},"end":{"line":607,"column":25}},{"start":{"line":607,"column":29},"end":{"line":607,"column":42}}],"line":607},"68":{"loc":{"start":{"line":609,"column":9},"end":{"line":631,"column":3}},"type":"if","locations":[{"start":{"line":609,"column":9},"end":{"line":631,"column":3}},{"start":{"line":614,"column":9},"end":{"line":631,"column":3}}],"line":609},"69":{"loc":{"start":{"line":609,"column":13},"end":{"line":609,"column":43}},"type":"binary-expr","locations":[{"start":{"line":609,"column":13},"end":{"line":609,"column":25}},{"start":{"line":609,"column":29},"end":{"line":609,"column":43}}],"line":609},"70":{"loc":{"start":{"line":614,"column":9},"end":{"line":631,"column":3}},"type":"if","locations":[{"start":{"line":614,"column":9},"end":{"line":631,"column":3}},{"start":{"line":617,"column":9},"end":{"line":631,"column":3}}],"line":614},"71":{"loc":{"start":{"line":614,"column":13},"end":{"line":614,"column":43}},"type":"binary-expr","locations":[{"start":{"line":614,"column":13},"end":{"line":614,"column":26}},{"start":{"line":614,"column":30},"end":{"line":614,"column":43}}],"line":614},"72":{"loc":{"start":{"line":622,"column":4},"end":{"line":630,"column":5}},"type":"if","locations":[{"start":{"line":622,"column":4},"end":{"line":630,"column":5}},{"start":{"line":625,"column":11},"end":{"line":630,"column":5}}],"line":622},"73":{"loc":{"start":{"line":625,"column":11},"end":{"line":630,"column":5}},"type":"if","locations":[{"start":{"line":625,"column":11},"end":{"line":630,"column":5}},{"start":{"line":628,"column":11},"end":{"line":630,"column":5}}],"line":625},"74":{"loc":{"start":{"line":644,"column":2},"end":{"line":644,"column":23}},"type":"if","locations":[{"start":{"line":644,"column":2},"end":{"line":644,"column":23}},{"start":{},"end":{}}],"line":644},"75":{"loc":{"start":{"line":650,"column":2},"end":{"line":675,"column":3}},"type":"if","locations":[{"start":{"line":650,"column":2},"end":{"line":675,"column":3}},{"start":{"line":657,"column":9},"end":{"line":675,"column":3}}],"line":650},"76":{"loc":{"start":{"line":657,"column":9},"end":{"line":675,"column":3}},"type":"if","locations":[{"start":{"line":657,"column":9},"end":{"line":675,"column":3}},{"start":{},"end":{}}],"line":657},"77":{"loc":{"start":{"line":657,"column":13},"end":{"line":657,"column":48}},"type":"binary-expr","locations":[{"start":{"line":657,"column":13},"end":{"line":657,"column":29}},{"start":{"line":657,"column":33},"end":{"line":657,"column":48}}],"line":657},"78":{"loc":{"start":{"line":658,"column":15},"end":{"line":658,"column":38}},"type":"binary-expr","locations":[{"start":{"line":658,"column":15},"end":{"line":658,"column":32}},{"start":{"line":658,"column":36},"end":{"line":658,"column":38}}],"line":658},"79":{"loc":{"start":{"line":661,"column":12},"end":{"line":661,"column":30}},"type":"binary-expr","locations":[{"start":{"line":661,"column":12},"end":{"line":661,"column":23}},{"start":{"line":661,"column":27},"end":{"line":661,"column":30}}],"line":661},"80":{"loc":{"start":{"line":662,"column":15},"end":{"line":662,"column":35}},"type":"binary-expr","locations":[{"start":{"line":662,"column":15},"end":{"line":662,"column":29}},{"start":{"line":662,"column":33},"end":{"line":662,"column":35}}],"line":662},"81":{"loc":{"start":{"line":670,"column":12},"end":{"line":670,"column":28}},"type":"binary-expr","locations":[{"start":{"line":670,"column":12},"end":{"line":670,"column":22}},{"start":{"line":670,"column":26},"end":{"line":670,"column":28}}],"line":670},"82":{"loc":{"start":{"line":671,"column":15},"end":{"line":671,"column":33}},"type":"binary-expr","locations":[{"start":{"line":671,"column":15},"end":{"line":671,"column":28}},{"start":{"line":671,"column":32},"end":{"line":671,"column":33}}],"line":671},"83":{"loc":{"start":{"line":678,"column":0},"end":{"line":680,"column":1}},"type":"if","locations":[{"start":{"line":678,"column":0},"end":{"line":680,"column":1}},{"start":{},"end":{}}],"line":678}},"s":{"0":7,"1":7,"2":7,"3":9,"4":9,"5":9,"6":0,"7":9,"8":9,"9":0,"10":9,"11":8,"12":0,"13":8,"14":8,"15":8,"16":8,"17":8,"18":8,"19":8,"20":8,"21":8,"22":8,"23":8,"24":72,"25":72,"26":648,"27":648,"28":648,"29":436,"30":212,"31":212,"32":212,"33":68,"34":144,"35":144,"36":144,"37":0,"38":0,"39":8,"40":43,"41":43,"42":43,"43":769,"44":43,"45":43,"46":43,"47":43,"48":387,"49":43,"50":387,"51":3483,"52":43,"53":387,"54":43,"55":43,"56":43,"57":43,"58":2036,"59":2036,"60":2036,"61":1545,"62":1545,"63":43,"64":7,"65":2,"66":2,"67":2,"68":2,"69":1,"70":1,"71":1,"72":1,"73":1,"74":7,"75":46,"76":46,"77":46,"78":44,"79":43,"80":1,"81":42,"82":1,"83":2,"84":1,"85":1,"86":1,"87":1,"88":41,"89":41,"90":41,"91":2,"92":39,"93":39,"94":1,"95":38,"96":38,"97":38,"98":38,"99":38,"100":38,"101":1,"102":7,"103":10,"104":10,"105":9,"106":9,"107":9,"108":9,"109":1,"110":7,"111":19,"112":19,"113":19,"114":18,"115":1,"116":17,"117":17,"118":17,"119":17,"120":17,"121":17,"122":1,"123":7,"124":4,"125":4,"126":4,"127":3,"128":1,"129":2,"130":2,"131":2,"132":1,"133":7,"134":10,"135":10,"136":10,"137":9,"138":1,"139":8,"140":8,"141":8,"142":8,"143":8,"144":8,"145":1,"146":7,"147":3,"148":3,"149":3,"150":2,"151":1,"152":1,"153":1,"154":7,"155":4,"156":4,"157":4,"158":4,"159":3,"160":1,"161":2,"162":2,"163":2,"164":2,"165":2,"166":2,"167":2,"168":2,"169":1,"170":7,"171":6,"172":6,"173":6,"174":6,"175":5,"176":1,"177":4,"178":4,"179":4,"180":4,"181":4,"182":4,"183":4,"184":4,"185":4,"186":4,"187":4,"188":4,"189":4,"190":4,"191":4,"192":1,"193":7,"194":4,"195":4,"196":4,"197":3,"198":1,"199":2,"200":2,"201":2,"202":2,"203":2,"204":1,"205":1,"206":1,"207":1,"208":1,"209":7,"210":3,"211":3,"212":3,"213":2,"214":1,"215":1,"216":1,"217":1,"218":1,"219":7,"220":2,"221":2,"222":2,"223":1,"224":1,"225":10,"226":10,"227":10,"228":1,"229":1,"230":9,"231":1,"232":1,"233":8,"234":1,"235":7,"236":2,"237":2,"238":5,"239":2,"240":2,"241":3,"242":3,"243":3,"244":1,"245":1,"246":2,"247":1,"248":1,"249":1,"250":10,"251":10,"252":10,"253":10,"254":10,"255":0,"256":10,"257":11,"258":2,"259":2,"260":9,"261":9,"262":9,"263":9,"264":7,"265":7},"f":{"0":9,"1":43,"2":43,"3":769,"4":387,"5":3483,"6":387,"7":2,"8":1,"9":46,"10":10,"11":19,"12":4,"13":10,"14":3,"15":4,"16":6,"17":4,"18":3,"19":2,"20":10,"21":11},"b":{"0":[0,9],"1":[9,9],"2":[9,0],"3":[0,9],"4":[9,0],"5":[0,8],"6":[8,0],"7":[8,0],"8":[8,0],"9":[648,0],"10":[648,212],"11":[436,212],"12":[212,68],"13":[212,0],"14":[212,212],"15":[68,144],"16":[144,0],"17":[144,0],"18":[144,144],"19":[0,144],"20":[0],"21":[43,1],"22":[1545,491],"23":[0,1],"24":[44,2],"25":[1,42],"26":[1,41],"27":[1,1],"28":[1,0],"29":[2,39],"30":[1,38],"31":[38,0],"32":[38,0],"33":[38,0],"34":[38,0],"35":[0,1],"36":[0,1],"37":[1,17],"38":[0,1],"39":[1,2],"40":[0,1],"41":[1,8],"42":[0,1],"43":[1,1],"44":[0,1],"45":[1,2],"46":[1,1],"47":[0,1],"48":[1,4],"49":[2,2],"50":[2,2],"51":[4,0],"52":[0,1],"53":[1,2],"54":[2,0],"55":[2,0],"56":[1,1],"57":[0,1],"58":[1,1],"59":[0,1],"60":[0,1],"61":[0,1],"62":[1,9],"63":[10,2],"64":[1,8],"65":[9,2],"66":[1,7],"67":[8,1],"68":[2,5],"69":[7,5],"70":[2,3],"71":[5,5],"72":[1,2],"73":[1,1],"74":[0,10],"75":[2,9],"76":[9,0],"77":[9,9],"78":[9,0],"79":[9,0],"80":[9,0],"81":[9,0],"82":[9,0],"83":[7,0]},"_coverageSchema":"1a1c01bbd47fc00a2c39e90264f33305004495a9","hash":"bf889a08ba33d516e4f11ff0170b9b8956bef859"}
,"C:\\Users\\21266\\Desktop\\sdk52\\sallysudo\\backend\\src\\controllers\\gameController.js": {"path":"C:\\Users\\21266\\Desktop\\sdk52\\sallysudo\\backend\\src\\controllers\\gameController.js","statementMap":{"0":{"start":{"line":1,"column":13},"end":{"line":1,"column":38}},"1":{"start":{"line":2,"column":13},"end":{"line":2,"column":38}},"2":{"start":{"line":3,"column":14},"end":{"line":3,"column":40}},"3":{"start":{"line":12,"column":2},"end":{"line":19,"column":31}},"4":{"start":{"line":13,"column":4},"end":{"line":18,"column":5}},"5":{"start":{"line":14,"column":6},"end":{"line":14,"column":44}},"6":{"start":{"line":14,"column":31},"end":{"line":14,"column":44}},"7":{"start":{"line":15,"column":6},"end":{"line":15,"column":102}},"8":{"start":{"line":15,"column":49},"end":{"line":15,"column":100}},"9":{"start":{"line":17,"column":6},"end":{"line":17,"column":19}},"10":{"start":{"line":19,"column":16},"end":{"line":19,"column":29}},"11":{"start":{"line":20,"column":2},"end":{"line":20,"column":62}},"12":{"start":{"line":20,"column":49},"end":{"line":20,"column":62}},"13":{"start":{"line":21,"column":23},"end":{"line":25,"column":3}},"14":{"start":{"line":22,"column":17},"end":{"line":22,"column":26}},"15":{"start":{"line":23,"column":4},"end":{"line":23,"column":100}},"16":{"start":{"line":23,"column":28},"end":{"line":23,"column":85}},"17":{"start":{"line":23,"column":72},"end":{"line":23,"column":85}},"18":{"start":{"line":23,"column":86},"end":{"line":23,"column":98}},"19":{"start":{"line":24,"column":4},"end":{"line":24,"column":27}},"20":{"start":{"line":26,"column":2},"end":{"line":29,"column":3}},"21":{"start":{"line":26,"column":15},"end":{"line":26,"column":16}},"22":{"start":{"line":27,"column":4},"end":{"line":27,"column":70}},"23":{"start":{"line":27,"column":57},"end":{"line":27,"column":70}},"24":{"start":{"line":28,"column":4},"end":{"line":28,"column":57}},"25":{"start":{"line":28,"column":44},"end":{"line":28,"column":57}},"26":{"start":{"line":30,"column":2},"end":{"line":32,"column":3}},"27":{"start":{"line":30,"column":15},"end":{"line":30,"column":16}},"28":{"start":{"line":31,"column":4},"end":{"line":31,"column":69}},"29":{"start":{"line":31,"column":38},"end":{"line":31,"column":52}},"30":{"start":{"line":31,"column":56},"end":{"line":31,"column":69}},"31":{"start":{"line":33,"column":2},"end":{"line":39,"column":3}},"32":{"start":{"line":33,"column":16},"end":{"line":33,"column":17}},"33":{"start":{"line":34,"column":4},"end":{"line":38,"column":5}},"34":{"start":{"line":34,"column":18},"end":{"line":34,"column":19}},"35":{"start":{"line":35,"column":18},"end":{"line":35,"column":20}},"36":{"start":{"line":36,"column":6},"end":{"line":36,"column":101}},"37":{"start":{"line":36,"column":19},"end":{"line":36,"column":20}},"38":{"start":{"line":36,"column":34},"end":{"line":36,"column":101}},"39":{"start":{"line":36,"column":47},"end":{"line":36,"column":48}},"40":{"start":{"line":36,"column":62},"end":{"line":36,"column":101}},"41":{"start":{"line":37,"column":6},"end":{"line":37,"column":43}},"42":{"start":{"line":37,"column":30},"end":{"line":37,"column":43}},"43":{"start":{"line":40,"column":2},"end":{"line":40,"column":14}},"44":{"start":{"line":44,"column":0},"end":{"line":68,"column":2}},"45":{"start":{"line":45,"column":2},"end":{"line":67,"column":3}},"46":{"start":{"line":46,"column":37},"end":{"line":46,"column":45}},"47":{"start":{"line":49,"column":16},"end":{"line":49,"column":52}},"48":{"start":{"line":52,"column":17},"end":{"line":56,"column":6}},"49":{"start":{"line":59,"column":4},"end":{"line":62,"column":5}},"50":{"start":{"line":60,"column":6},"end":{"line":60,"column":34}},"51":{"start":{"line":61,"column":6},"end":{"line":61,"column":25}},"52":{"start":{"line":64,"column":4},"end":{"line":64,"column":50}},"53":{"start":{"line":66,"column":4},"end":{"line":66,"column":117}},"54":{"start":{"line":71,"column":0},"end":{"line":89,"column":2}},"55":{"start":{"line":72,"column":2},"end":{"line":88,"column":3}},"56":{"start":{"line":73,"column":56},"end":{"line":73,"column":64}},"57":{"start":{"line":75,"column":17},"end":{"line":75,"column":71}},"58":{"start":{"line":76,"column":4},"end":{"line":78,"column":5}},"59":{"start":{"line":77,"column":6},"end":{"line":77,"column":63}},"60":{"start":{"line":80,"column":4},"end":{"line":80,"column":37}},"61":{"start":{"line":81,"column":4},"end":{"line":81,"column":31}},"62":{"start":{"line":82,"column":4},"end":{"line":82,"column":25}},"63":{"start":{"line":83,"column":4},"end":{"line":83,"column":22}},"64":{"start":{"line":85,"column":4},"end":{"line":85,"column":38}},"65":{"start":{"line":87,"column":4},"end":{"line":87,"column":117}},"66":{"start":{"line":92,"column":0},"end":{"line":164,"column":2}},"67":{"start":{"line":93,"column":2},"end":{"line":163,"column":3}},"68":{"start":{"line":94,"column":72},"end":{"line":94,"column":80}},"69":{"start":{"line":96,"column":17},"end":{"line":96,"column":71}},"70":{"start":{"line":97,"column":4},"end":{"line":99,"column":5}},"71":{"start":{"line":98,"column":6},"end":{"line":98,"column":63}},"72":{"start":{"line":103,"column":23},"end":{"line":103,"column":79}},"73":{"start":{"line":104,"column":23},"end":{"line":104,"column":70}},"74":{"start":{"line":105,"column":23},"end":{"line":105,"column":67}},"75":{"start":{"line":106,"column":23},"end":{"line":106,"column":70}},"76":{"start":{"line":111,"column":22},"end":{"line":111,"column":85}},"77":{"start":{"line":113,"column":4},"end":{"line":113,"column":45}},"78":{"start":{"line":114,"column":4},"end":{"line":114,"column":34}},"79":{"start":{"line":115,"column":4},"end":{"line":115,"column":30}},"80":{"start":{"line":116,"column":4},"end":{"line":116,"column":29}},"81":{"start":{"line":117,"column":4},"end":{"line":117,"column":31}},"82":{"start":{"line":118,"column":4},"end":{"line":118,"column":43}},"83":{"start":{"line":121,"column":4},"end":{"line":151,"column":5}},"84":{"start":{"line":122,"column":21},"end":{"line":122,"column":42}},"85":{"start":{"line":123,"column":24},"end":{"line":123,"column":38}},"86":{"start":{"line":124,"column":6},"end":{"line":124,"column":41}},"87":{"start":{"line":125,"column":6},"end":{"line":125,"column":47}},"88":{"start":{"line":128,"column":19},"end":{"line":128,"column":51}},"89":{"start":{"line":129,"column":6},"end":{"line":129,"column":31}},"90":{"start":{"line":130,"column":6},"end":{"line":130,"column":37}},"91":{"start":{"line":131,"column":6},"end":{"line":131,"column":30}},"92":{"start":{"line":132,"column":6},"end":{"line":132,"column":31}},"93":{"start":{"line":133,"column":6},"end":{"line":133,"column":28}},"94":{"start":{"line":134,"column":6},"end":{"line":134,"column":39}},"95":{"start":{"line":135,"column":6},"end":{"line":135,"column":40}},"96":{"start":{"line":136,"column":6},"end":{"line":136,"column":33}},"97":{"start":{"line":137,"column":6},"end":{"line":137,"column":88}},"98":{"start":{"line":139,"column":6},"end":{"line":139,"column":54}},"99":{"start":{"line":139,"column":28},"end":{"line":139,"column":54}},"100":{"start":{"line":140,"column":6},"end":{"line":142,"column":7}},"101":{"start":{"line":141,"column":8},"end":{"line":141,"column":46}},"102":{"start":{"line":144,"column":6},"end":{"line":144,"column":41}},"103":{"start":{"line":145,"column":6},"end":{"line":145,"column":24}},"104":{"start":{"line":147,"column":19},"end":{"line":147,"column":51}},"105":{"start":{"line":148,"column":6},"end":{"line":148,"column":31}},"106":{"start":{"line":149,"column":6},"end":{"line":149,"column":35}},"107":{"start":{"line":150,"column":6},"end":{"line":150,"column":24}},"108":{"start":{"line":153,"column":4},"end":{"line":153,"column":22}},"109":{"start":{"line":155,"column":4},"end":{"line":159,"column":7}},"110":{"start":{"line":161,"column":4},"end":{"line":161,"column":25}},"111":{"start":{"line":162,"column":4},"end":{"line":162,"column":117}},"112":{"start":{"line":167,"column":0},"end":{"line":182,"column":2}},"113":{"start":{"line":168,"column":2},"end":{"line":181,"column":3}},"114":{"start":{"line":169,"column":37},"end":{"line":169,"column":46}},"115":{"start":{"line":171,"column":18},"end":{"line":174,"column":51}},"116":{"start":{"line":176,"column":18},"end":{"line":176,"column":66}},"117":{"start":{"line":178,"column":4},"end":{"line":178,"column":68}},"118":{"start":{"line":180,"column":4},"end":{"line":180,"column":117}},"119":{"start":{"line":184,"column":0},"end":{"line":186,"column":1}},"120":{"start":{"line":185,"column":2},"end":{"line":185,"column":51}}},"fnMap":{"0":{"name":"isCompleteValidSudoku","decl":{"start":{"line":10,"column":9},"end":{"line":10,"column":30}},"loc":{"start":{"line":10,"column":38},"end":{"line":41,"column":1}},"line":10},"1":{"name":"(anonymous_1)","decl":{"start":{"line":15,"column":39},"end":{"line":15,"column":40}},"loc":{"start":{"line":15,"column":49},"end":{"line":15,"column":100}},"line":15},"2":{"name":"(anonymous_2)","decl":{"start":{"line":21,"column":23},"end":{"line":21,"column":24}},"loc":{"start":{"line":21,"column":33},"end":{"line":25,"column":3}},"line":21},"3":{"name":"(anonymous_3)","decl":{"start":{"line":31,"column":31},"end":{"line":31,"column":32}},"loc":{"start":{"line":31,"column":38},"end":{"line":31,"column":52}},"line":31},"4":{"name":"(anonymous_4)","decl":{"start":{"line":44,"column":20},"end":{"line":44,"column":21}},"loc":{"start":{"line":44,"column":40},"end":{"line":68,"column":1}},"line":44},"5":{"name":"(anonymous_5)","decl":{"start":{"line":71,"column":19},"end":{"line":71,"column":20}},"loc":{"start":{"line":71,"column":39},"end":{"line":89,"column":1}},"line":71},"6":{"name":"(anonymous_6)","decl":{"start":{"line":92,"column":23},"end":{"line":92,"column":24}},"loc":{"start":{"line":92,"column":43},"end":{"line":164,"column":1}},"line":92},"7":{"name":"(anonymous_7)","decl":{"start":{"line":167,"column":21},"end":{"line":167,"column":22}},"loc":{"start":{"line":167,"column":41},"end":{"line":182,"column":1}},"line":167}},"branchMap":{"0":{"loc":{"start":{"line":13,"column":4},"end":{"line":18,"column":5}},"type":"if","locations":[{"start":{"line":13,"column":4},"end":{"line":18,"column":5}},{"start":{"line":16,"column":11},"end":{"line":18,"column":5}}],"line":13},"1":{"loc":{"start":{"line":14,"column":6},"end":{"line":14,"column":44}},"type":"if","locations":[{"start":{"line":14,"column":6},"end":{"line":14,"column":44}},{"start":{},"end":{}}],"line":14},"2":{"loc":{"start":{"line":20,"column":2},"end":{"line":20,"column":62}},"type":"if","locations":[{"start":{"line":20,"column":2},"end":{"line":20,"column":62}},{"start":{},"end":{}}],"line":20},"3":{"loc":{"start":{"line":20,"column":6},"end":{"line":20,"column":47}},"type":"binary-expr","locations":[{"start":{"line":20,"column":6},"end":{"line":20,"column":26}},{"start":{"line":20,"column":30},"end":{"line":20,"column":47}}],"line":20},"4":{"loc":{"start":{"line":23,"column":28},"end":{"line":23,"column":85}},"type":"if","locations":[{"start":{"line":23,"column":28},"end":{"line":23,"column":85}},{"start":{},"end":{}}],"line":23},"5":{"loc":{"start":{"line":23,"column":32},"end":{"line":23,"column":70}},"type":"binary-expr","locations":[{"start":{"line":23,"column":32},"end":{"line":23,"column":52}},{"start":{"line":23,"column":56},"end":{"line":23,"column":61}},{"start":{"line":23,"column":65},"end":{"line":23,"column":70}}],"line":23},"6":{"loc":{"start":{"line":27,"column":4},"end":{"line":27,"column":70}},"type":"if","locations":[{"start":{"line":27,"column":4},"end":{"line":27,"column":70}},{"start":{},"end":{}}],"line":27},"7":{"loc":{"start":{"line":27,"column":8},"end":{"line":27,"column":55}},"type":"binary-expr","locations":[{"start":{"line":27,"column":8},"end":{"line":27,"column":31}},{"start":{"line":27,"column":35},"end":{"line":27,"column":55}}],"line":27},"8":{"loc":{"start":{"line":28,"column":4},"end":{"line":28,"column":57}},"type":"if","locations":[{"start":{"line":28,"column":4},"end":{"line":28,"column":57}},{"start":{},"end":{}}],"line":28},"9":{"loc":{"start":{"line":31,"column":4},"end":{"line":31,"column":69}},"type":"if","locations":[{"start":{"line":31,"column":4},"end":{"line":31,"column":69}},{"start":{},"end":{}}],"line":31},"10":{"loc":{"start":{"line":37,"column":6},"end":{"line":37,"column":43}},"type":"if","locations":[{"start":{"line":37,"column":6},"end":{"line":37,"column":43}},{"start":{},"end":{}}],"line":37},"11":{"loc":{"start":{"line":55,"column":15},"end":{"line":55,"column":31}},"type":"binary-expr","locations":[{"start":{"line":55,"column":15},"end":{"line":55,"column":22}},{"start":{"line":55,"column":26},"end":{"line":55,"column":31}}],"line":55},"12":{"loc":{"start":{"line":59,"column":4},"end":{"line":62,"column":5}},"type":"if","locations":[{"start":{"line":59,"column":4},"end":{"line":62,"column":5}},{"start":{},"end":{}}],"line":59},"13":{"loc":{"start":{"line":66,"column":34},"end":{"line":66,"column":113}},"type":"cond-expr","locations":[{"start":{"line":66,"column":74},"end":{"line":66,"column":97}},{"start":{"line":66,"column":100},"end":{"line":66,"column":113}}],"line":66},"14":{"loc":{"start":{"line":76,"column":4},"end":{"line":78,"column":5}},"type":"if","locations":[{"start":{"line":76,"column":4},"end":{"line":78,"column":5}},{"start":{},"end":{}}],"line":76},"15":{"loc":{"start":{"line":87,"column":34},"end":{"line":87,"column":113}},"type":"cond-expr","locations":[{"start":{"line":87,"column":74},"end":{"line":87,"column":97}},{"start":{"line":87,"column":100},"end":{"line":87,"column":113}}],"line":87},"16":{"loc":{"start":{"line":97,"column":4},"end":{"line":99,"column":5}},"type":"if","locations":[{"start":{"line":97,"column":4},"end":{"line":99,"column":5}},{"start":{},"end":{}}],"line":97},"17":{"loc":{"start":{"line":103,"column":58},"end":{"line":103,"column":76}},"type":"binary-expr","locations":[{"start":{"line":103,"column":58},"end":{"line":103,"column":71}},{"start":{"line":103,"column":75},"end":{"line":103,"column":76}}],"line":103},"18":{"loc":{"start":{"line":104,"column":46},"end":{"line":104,"column":68}},"type":"binary-expr","locations":[{"start":{"line":104,"column":46},"end":{"line":104,"column":63}},{"start":{"line":104,"column":67},"end":{"line":104,"column":68}}],"line":104},"19":{"loc":{"start":{"line":105,"column":46},"end":{"line":105,"column":65}},"type":"binary-expr","locations":[{"start":{"line":105,"column":46},"end":{"line":105,"column":60}},{"start":{"line":105,"column":64},"end":{"line":105,"column":65}}],"line":105},"20":{"loc":{"start":{"line":106,"column":46},"end":{"line":106,"column":68}},"type":"binary-expr","locations":[{"start":{"line":106,"column":46},"end":{"line":106,"column":63}},{"start":{"line":106,"column":67},"end":{"line":106,"column":68}}],"line":106},"21":{"loc":{"start":{"line":111,"column":22},"end":{"line":111,"column":85}},"type":"cond-expr","locations":[{"start":{"line":111,"column":39},"end":{"line":111,"column":76}},{"start":{"line":111,"column":80},"end":{"line":111,"column":85}}],"line":111},"22":{"loc":{"start":{"line":111,"column":39},"end":{"line":111,"column":76}},"type":"binary-expr","locations":[{"start":{"line":111,"column":39},"end":
[...]
45,"column":40}},{"start":{},"end":{}}],"line":245},"19":{"loc":{"start":{"line":245,"column":10},"end":{"line":245,"column":31}},"type":"binary-expr","locations":[{"start":{"line":245,"column":10},"end":{"line":245,"column":19}},{"start":{"line":245,"column":23},"end":{"line":245,"column":31}}],"line":245},"20":{"loc":{"start":{"line":253,"column":6},"end":{"line":253,"column":39}},"type":"if","locations":[{"start":{"line":253,"column":6},"end":{"line":253,"column":39}},{"start":{},"end":{}}],"line":253},"21":{"loc":{"start":{"line":257,"column":6},"end":{"line":257,"column":39}},"type":"if","locations":[{"start":{"line":257,"column":6},"end":{"line":257,"column":39}},{"start":{},"end":{}}],"line":257},"22":{"loc":{"start":{"line":261,"column":6},"end":{"line":261,"column":39}},"type":"if","locations":[{"start":{"line":261,"column":6},"end":{"line":261,"column":39}},{"start":{},"end":{}}],"line":261},"23":{"loc":{"start":{"line":265,"column":6},"end":{"line":265,"column":39}},"type":"if","locations":[{"start":{"line":265,"column":6},"end":{"line":265,"column":39}},{"start":{},"end":{}}],"line":265},"24":{"loc":{"start":{"line":273,"column":6},"end":{"line":273,"column":39}},"type":"if","locations":[{"start":{"line":273,"column":6},"end":{"line":273,"column":39}},{"start":{},"end":{}}],"line":273},"25":{"loc":{"start":{"line":274,"column":114},"end":{"line":274,"column":135}},"type":"binary-expr","locations":[{"start":{"line":274,"column":114},"end":{"line":274,"column":122}},{"start":{"line":274,"column":126},"end":{"line":274,"column":135}}],"line":274},"26":{"loc":{"start":{"line":277,"column":6},"end":{"line":277,"column":39}},"type":"if","locations":[{"start":{"line":277,"column":6},"end":{"line":277,"column":39}},{"start":{},"end":{}}],"line":277},"27":{"loc":{"start":{"line":281,"column":6},"end":{"line":281,"column":39}},"type":"if","locations":[{"start":{"line":281,"column":6},"end":{"line":281,"column":39}},{"start":{},"end":{}}],"line":281},"28":{"loc":{"start":{"line":285,"column":6},"end":{"line":285,"column":39}},"type":"if","locations":[{"start":{"line":285,"column":6},"end":{"line":285,"column":39}},{"start":{},"end":{}}],"line":285},"29":{"loc":{"start":{"line":317,"column":6},"end":{"line":317,"column":82}},"type":"if","locations":[{"start":{"line":317,"column":6},"end":{"line":317,"column":82}},{"start":{},"end":{}}],"line":317},"30":{"loc":{"start":{"line":364,"column":2},"end":{"line":364,"column":25}},"type":"if","locations":[{"start":{"line":364,"column":2},"end":{"line":364,"column":25}},{"start":{},"end":{}}],"line":364},"31":{"loc":{"start":{"line":366,"column":2},"end":{"line":366,"column":25}},"type":"if","locations":[{"start":{"line":366,"column":2},"end":{"line":366,"column":25}},{"start":{},"end":{}}],"line":366},"32":{"loc":{"start":{"line":374,"column":2},"end":{"line":374,"column":25}},"type":"if","locations":[{"start":{"line":374,"column":2},"end":{"line":374,"column":25}},{"start":{},"end":{}}],"line":374}},"s":{"0":7,"1":7,"2":7,"3":7,"4":7,"5":7,"6":6,"7":6,"8":30,"9":30,"10":30,"11":1,"12":29,"13":28,"14":28,"15":0,"16":28,"17":28,"18":1,"19":1,"20":6,"21":28,"22":28,"23":28,"24":28,"25":28,"26":28,"27":28,"28":0,"29":28,"30":28,"31":17,"32":17,"33":17,"34":16,"35":16,"36":0,"37":28,"38":1,"39":1,"40":28,"41":3,"42":3,"43":1,"44":2,"45":2,"46":1,"47":1,"48":0,"49":28,"50":1,"51":1,"52":1,"53":1,"54":28,"55":1,"56":1,"57":1,"58":1,"59":1,"60":1,"61":1,"62":1,"63":0,"64":28,"65":1,"66":1,"67":1,"68":1,"69":1,"70":1,"71":1,"72":0,"73":28,"74":1,"75":1,"76":28,"77":2,"78":28,"79":2,"80":2,"81":28,"82":1,"83":1,"84":28,"85":1,"86":28,"87":12,"88":28,"89":3,"90":1,"91":2,"92":2,"93":2,"94":0,"95":2,"96":28,"97":2,"98":1,"99":1,"100":28,"101":1,"102":0,"103":1,"104":28,"105":1,"106":0,"107":1,"108":28,"109":1,"110":0,"111":1,"112":28,"113":1,"114":0,"115":1,"116":28,"117":1,"118":0,"119":1,"120":28,"121":1,"122":0,"123":1,"124":28,"125":1,"126":0,"127":1,"128":28,"129":1,"130":1,"131":28,"132":1,"133":1,"134":1,"135":1,"136":0,"137":28,"138":28,"139":28,"140":28,"141":28,"142":28,"143":28,"144":3,"145":28,"146":6,"147":0,"148":0,"149":0,"150":0,"151":6,"152":2,"153":2,"154":1,"155":40,"156":0,"157":40,"158":40,"159":38,"160":2,"161":2,"162":5,"163":0,"164":5,"165":5,"166":7},"f":{"0":6,"1":30,"2":28,"3":17,"4":1,"5":3,"6":1,"7":1,"8":1,"9":1,"10":2,"11":2,"12":1,"13":1,"14":12,"15":3,"16":2,"17":1,"18":1,"19":1,"20":1,"21":1,"22":1,"23":1,"24":1,"25":1,"26":28,"27":0,"28":2,"29":2,"30":1,"31":40,"32":5},"b":{"0":[30,1],"1":[1,29],"2":[29,0],"3":[0,28],"4":[16,1],"5":[17,17,9],"6":[1,2],"7":[1,1],"8":[1,0],"9":[1,0],"10":[1,0],"11":[1,0],"12":[1,0],"13":[12,12],"14":[1,2],"15":[2,0],"16":[0,2],"17":[2,0,0],"18":[0,2],"19":[2,0],"20":[1,1],"21":[0,1],"22":[0,1],"23":[0,1],"24":[0,1],"25":[1,0],"26":[0,1],"27":[0,1],"28":[0,1],"29":[28,0],"30":[0,40],"31":[38,2],"32":[0,5]},"_coverageSchema":"1a1c01bbd47fc00a2c39e90264f33305004495a9","hash":"bebb6226a9b5a0dc829e9943757f3f0992f68526"}
,"C:\\Users\\21266\\Desktop\\sdk52\\sallysudo\\backend\\src\\services\\youtubeService.js": {"path":"C:\\Users\\21266\\Desktop\\sdk52\\sallysudo\\backend\\src\\services\\youtubeService.js","statementMap":{"0":{"start":{"line":21,"column":15},"end":{"line":21,"column":32}},"1":{"start":{"line":23,"column":25},"end":{"line":23,"column":71}},"2":{"start":{"line":24,"column":25},"end":{"line":24,"column":62}},"3":{"start":{"line":25,"column":15},"end":{"line":25,"column":54}},"4":{"start":{"line":28,"column":15},"end":{"line":28,"column":68}},"5":{"start":{"line":31,"column":2},"end":{"line":35,"column":4}},"6":{"start":{"line":39,"column":12},"end":{"line":39,"column":17}},"7":{"start":{"line":40,"column":2},"end":{"line":40,"column":42}},"8":{"start":{"line":47,"column":14},"end":{"line":47,"column":39}},"9":{"start":{"line":48,"column":2},"end":{"line":48,"column":75}},"10":{"start":{"line":48,"column":44},"end":{"line":48,"column":75}},"11":{"start":{"line":49,"column":2},"end":{"line":49,"column":83}},"12":{"start":{"line":53,"column":2},"end":{"line":53,"column":33}},"13":{"start":{"line":53,"column":21},"end":{"line":53,"column":33}},"14":{"start":{"line":54,"column":13},"end":{"line":54,"column":35}},"15":{"start":{"line":55,"column":17},"end":{"line":55,"column":67}},"16":{"start":{"line":56,"column":14},"end":{"line":56,"column":83}},"17":{"start":{"line":57,"column":14},"end":{"line":57,"column":33}},"18":{"start":{"line":58,"column":2},"end":{"line":58,"column":79}},"19":{"start":{"line":62,"column":2},"end":{"line":62,"column":76}},"20":{"start":{"line":62,"column":64},"end":{"line":62,"column":76}},"21":{"start":{"line":63,"column":2},"end":{"line":70,"column":3}},"22":{"start":{"line":64,"column":37},"end":{"line":64,"column":52}},"23":{"start":{"line":65,"column":21},"end":{"line":65,"column":96}},"24":{"start":{"line":66,"column":4},"end":{"line":66,"column":52}},"25":{"start":{"line":67,"column":4},"end":{"line":67,"column":108}},"26":{"start":{"line":69,"column":4},"end":{"line":69,"column":16}},"27":{"start":{"line":77,"column":12},"end":{"line":77,"column":17}},"28":{"start":{"line":78,"column":12},"end":{"line":87,"column":4}},"29":{"start":{"line":88,"column":2},"end":{"line":88,"column":46}},"30":{"start":{"line":92,"column":12},"end":{"line":92,"column":17}},"31":{"start":{"line":93,"column":15},"end":{"line":99,"column":4}},"32":{"start":{"line":100,"column":14},"end":{"line":104,"column":4}},"33":{"start":{"line":105,"column":15},"end":{"line":105,"column":31}},"34":{"start":{"line":106,"column":2},"end":{"line":106,"column":117}},"35":{"start":{"line":106,"column":15},"end":{"line":106,"column":117}},"36":{"start":{"line":107,"column":2},"end":{"line":107,"column":14}},"37":{"start":{"line":111,"column":12},"end":{"line":111,"column":17}},"38":{"start":{"line":112,"column":15},"end":{"line":117,"column":4}},"39":{"start":{"line":118,"column":14},"end":{"line":122,"column":4}},"40":{"start":{"line":123,"column":15},"end":{"line":123,"column":31}},"41":{"start":{"line":124,"column":2},"end":{"line":124,"column":84}},"42":{"start":{"line":124,"column":15},"end":{"line":124,"column":84}},"43":{"start":{"line":125,"column":2},"end":{"line":125,"column":27}},"44":{"start":{"line":130,"column":14},"end":{"line":130,"column":42}},"45":{"start":{"line":131,"column":2},"end":{"line":131,"column":84}},"46":{"start":{"line":131,"column":13},"end":{"line":131,"column":84}},"47":{"start":{"line":131,"column":57},"end":{"line":131,"column":84}},"48":{"start":{"line":132,"column":14},"end":{"line":139,"column":4}},"49":{"start":{"line":140,"column":15},"end":{"line":140,"column":49}},"50":{"start":{"line":140,"column":45},"end":{"line":140,"column":47}},"51":{"start":{"line":141,"column":2},"end":{"line":141,"column":100}},"52":{"start":{"line":141,"column":15},"end":{"line":141,"column":100}},"53":{"start":{"line":142,"column":2},"end":{"line":142,"column":14}},"54":{"start":{"line":146,"column":15},"end":{"line":146,"column":99}},"55":{"start":{"line":147,"column":13},"end":{"line":147,"column":28}},"56":{"start":{"line":148,"column":2},"end":{"line":148,"column":75}},"57":{"start":{"line":156,"column":20},"end":{"line":156,"column":61}},"58":{"start":{"line":157,"column":20},"end":{"line":165,"column":4}},"59":{"start":{"line":166,"column":17},"end":{"line":174,"column":4}},"60":{"start":{"line":176,"column":2},"end":{"line":179,"column":5}},"61":{"start":{"line":180,"column":14},"end":{"line":180,"column":45}},"62":{"start":{"line":181,"column":2},"end":{"line":188,"column":4}},"63":{"start":{"line":192,"column":2},"end":{"line":195,"column":5}},"64":{"start":{"line":198,"column":0},"end":{"line":209,"column":2}}},"fnMap":{"0":{"name":"cfg","decl":{"start":{"line":30,"column":9},"end":{"line":30,"column":12}},"loc":{"start":{"line":30,"column":15},"end":{"line":36,"column":1}},"line":30},"1":{"name":"isConfigured","decl":{"start":{"line":38,"column":9},"end":{"line":38,"column":21}},"loc":{"start":{"line":38,"column":24},"end":{"line":41,"column":1}},"line":38},"2":{"name":"encKey","decl":{"start":{"line":46,"column":9},"end":{"line":46,"column":15}},"loc":{"start":{"line":46,"column":18},"end":{"line":50,"column":1}},"line":46},"3":{"name":"encrypt","decl":{"start":{"line":52,"column":9},"end":{"line":52,"column":16}},"loc":{"start":{"line":52,"column":24},"end":{"line":59,"column":1}},"line":52},"4":{"name":"decrypt","decl":{"start":{"line":61,"column":9},"end":{"line":61,"column":16}},"loc":{"start":{"line":61,"column":23},"end":{"line":71,"column":1}},"line":61},"5":{"name":"buildConsentUrl","decl":{"start":{"line":76,"column":9},"end":{"line":76,"column":24}},"loc":{"start":{"line":76,"column":32},"end":{"line":89,"column":1}},"line":76},"6":{"name":"exchangeCodeForTokens","decl":{"start":{"line":91,"column":15},"end":{"line":91,"column":36}},"loc":{"start":{"line":91,"column":43},"end":{"line":108,"column":1}},"line":91},"7":{"name":"refreshAccessToken","decl":{"start":{"line":110,"column":15},"end":{"line":110,"column":33}},"loc":{"start":{"line":110,"column":48},"end":{"line":126,"column":1}},"line":110},"8":{"name":"ytFetch","decl":{"start":{"line":129,"column":15},"end":{"line":129,"column":22}},"loc":{"start":{"line":129,"column":80},"end":{"line":143,"column":1}},"line":129},"9":{"name":"(anonymous_9)","decl":{"start":{"line":140,"column":38},"end":{"line":140,"column":39}},"loc":{"start":{"line":140,"column":45},"end":{"line":140,"column":47}},"line":140},"10":{"name":"getMyChannel","decl":{"start":{"line":145,"column":15},"end":{"line":145,"column":27}},"loc":{"start":{"line":145,"column":41},"end":{"line":149,"column":1}},"line":145},"11":{"name":"createLiveBroadcast","decl":{"start":{"line":155,"column":15},"end":{"line":155,"column":34}},"loc":{"start":{"line":155,"column":137},"end":{"line":189,"column":1}},"line":155},"12":{"name":"transitionBroadcast","decl":{"start":{"line":191,"column":15},"end":{"line":191,"column":34}},"loc":{"start":{"line":191,"column":103},"end":{"line":196,"column":1}},"line":191}},"branchMap":{"0":{"loc":{"start":{"line":32,"column":18},"end":{"line":32,"column":52}},"type":"binary-expr","locations":[{"start":{"line":32,"column":18},"end":{"line":32,"column":46}},{"start":{"line":32,"column":50},"end":{"line":32,"column":52}}],"line":32},"1":{"loc":{"start":{"line":33,"column":18},"end":{"line":33,"column":56}},"type":"binary-expr","locations":[{"start":{"line":33,"column":18},"end":{"line":33,"column":50}},{"start":{"line":33,"column":54},"end":{"line":33,"column":56}}],"line":33},"2":{"loc":{"start":{"line":34,"column":18},"end":{"line":34,"column":101}},"type":"binary-expr","locations":[{"start":{"line":34,"column":18},"end":{"line":34,"column":49}},{"start":{"line":34,"column":53},"end":{"line":34,"column":101}}],"line":34},"3":{"loc":{"start":{"line":40,"column":12},"end":{"line":40,"column":40}},"type":"binary-expr","locations":[{"start":{"line":40,"column":12},"end":{"line":40,"column":22}},{"start":{"line":40,"column":26},"end":{"line":40,"column":40}}],"line":40},"4":{"loc":{"start":{"line":48,"column":2},"end":{"line":48,"column":75}},"type":"if","locations":[{"start":{"line":48,"column":2},"end":{"line":48,"column":75}},{"start":{},"end":{}}],"line":48},"5":{"loc":{"start":{"line":48,"column":6},"end":{"line":48,"column":42}},"type":"binary-expr","locations":[{"start":{"line":48,"column":6},"end":{"line":48,"column":9}},{"start":{"line":48,"column":13},"end":{"line":48,"column":42}}],"line":48},"6":{"loc":{"start":{"line":49,"column":27},"end":{"line":49,"column":61}},"type":"binary-expr","locations":[{"start":{"line":49,"column":27},"end":{"line":49,"column":49}},{"start":{"line":49,"column":53},"end":{"line":49,"column":61}}],"line":49},"7":{"loc":{"start":{"line":53,"column":2},"end":{"line":53,"column":33}},"type":"if","locations":[{"start":{"line":53,"column":2},"end":{"line":53,"column":33}},{"start":{},"end":{}}],"line":53},"8":{"loc":{"start":{"line":62,"column":2},"end":{"line":62,"column":76}},"type":"if","locations":[{"start":{"line":62,"column":2},"end":{"line":62,"column":76}},{"start":{},"end":{}}],"line":62},"9":{"loc":{"start":{"line":62,"column":6},"end":{"line":62,"column":62}},"type":"binary-expr","locations":[{"start":{"line":62,"column":6},"end":{"line":62,"column":11}},{"start":{"line":62,"column":15},"end":{"line":62,"column":39}},{"start":{"line":62,"column":43},"end":{"line":62,"column":62}}],"line":62},"10":{"loc":{"start":{"line":106,"column":2},"end":{"line":106,"column":117}},"type":"if","locations":[{"start":{"line":106,"column":2},"end":{"line":106,"column":117}},{"start":{},"end":{}}],"line":106},"11":{"loc":{"start":{"line":106,"column":57},"end":{"line":106,"column":81}},"type":"binary-expr","locations":[{"start":{"line":106,"column":57},"end":{"line":106,"column":67}},{"start":{"line":106,"column":71},"end":{"line":106,"column":81}}],"line":106},"12":{"loc":{"start":{"line":106,"column":85},"end":{"line":106,"column":113}},"type":"binary-expr","locations":[{"start":{"line":106,"column":85},"end":{"line":106,"column":107}},{"start":{"line":106,"column":111},"end":{"line":106,"column":113}}],"line":106},"13":{"loc":{"start":{"line":124,"column":2},"end":{"line":124,"column":84}},"type":"if","locations":[{"start":{"line":124,"column":2},"end":{"line":124,"column":84}},{"start":{},"end":{}}],"line":124},"14":{"loc":{"start":{"line":124,"column":56},"end":{"line":124,"column":80}},"type":"binary-expr","locations":[{"start":{"line":124,"column":56},"end":{"line":124,"column":66}},{"start":{"line":124,"column":70},"end":{"line":124,"column":80}}],"line":124},"15":{"loc":{"start":{"line":129,"column":42},"end":{"line":129,"column":78}},"type":"default-arg","locations":[{"start":{"line":129,"column":76},"end":{"line":129,"column":78}}],"line":129},"16":{"loc":{"start":{"line":129,"column":44},"end":{"line":129,"column":58}},"type":"default-arg","locations":[{"start":{"line":129,"column":53},"end":{"line":129,"column":58}}],"line":129},"17":{"loc":{"start":{"line":131,"column":2},"end":{"line":131,"column":84}},"type":"if","locations":[{"start":{"line":131,"column":2},"end":{"line":131,"column":84}},{"start":{},"end":{}}],"line":131},"18":{"loc":{"start":{"line":136,"column":10},"end":{"line":136,"column":60}},"type":"cond-expr","locations":[{"start":{"line":136,"column":17},"end":{"line":136,"column":55}},{"start":{"line":136,"column":58},"end":{"line":136,"column":60}}],"line":136},"19":{"loc":{"start":{"line":138,"column":10},"end":{"line":138,"column":49}},"type":"cond-expr","locations":[{"start":{"line":138,"column":17},"end":{"line":138,"column":37}},{"start":{"line":138,"column":40},"end":{"line":138,"column":49}}],"line":138},"20":{"loc":{"start":{"line":141,"column":2},"end":{"line":141,"column":100}},"type":"if","locations":[{"start":{"line":141,"column":2},"end":{"line":141,"column":100}},{"start":{},"end":{}}],"line":141},"21":{"loc":{"start":{"line":141,"column":70},"end":{"line":141,"column":96}},"type":"binary-expr","locations":[{"start":{"line":141,"column":70},"end":{"line":141,"column":90}},{"start":{"line":141,"column":94},"end":{"line":141,"column":96}}],"line":141},"22":{"loc":{"start":{"line":148,"column":9},"end":{"line":148,"column":74}},"type":"cond-expr","locations":[{"start":{"line":148,"column":14},"end":{"line":148,"column":67}},{"start":{"line":148,"column":70},"end":{"line":148,"column":74}}],"line":148},"23":{"loc":{"start":{"line":155,"column":48},"end":{"line":155,"column":135}},"type":"default-arg","locations":[{"start":{"line":155,"column":133},"end":{"line":155,"column":135}}],"line":155},"24":{"loc":{"start":{"line":155,"column":57},"end":{"line":155,"column":73}},"type":"default-arg","locations":[{"start":{"line":155,"column":71},"end":{"line":155,"column":73}}],"line":155},"25":{"loc":{"start":{"line":155,"column":75},"end":{"line":155,"column":95}},"type":"default-arg","locations":[{"start":{"line":155,"column":85},"end":{"line":155,"column":95}}],"line":155},"26":{"loc":{"start":{"line":155,"column":97},"end":{"line":155,"column":128}},"type":"default-arg","locations":[{"start":{"line":155,"column":123},"end":{"line":155,"column":128}}],"line":155},"27":{"loc":{"start":{"line":161,"column":24},"end":{"line":161,"column":55}},"type":"binary-expr","locations":[{"start":{"line":161,"column":24},"end":{"line":161,"column":29}},{"start":{"line":161,"column":33},"end":{"line":161,"column":55}}],"line":161},"28":{"loc":{"start":{"line":170,"column":24},"end":{"line":170,"column":57}},"type":"binary-expr","locations":[{"start":{"line":170,"column":24},"end":{"line":170,"column":29}},{"start":{"line":170,"column":33},"end":{"line":170,"column":57}}],"line":170},"29":{"loc":{"start":{"line":180,"column":14},"end":{"line":180,"column":45}},"type":"binary-expr","locations":[{"start":{"line":180,"column":14},"end":{"line":180,"column":39}},{"start":{"line":180,"column":43},"end":{"line":180,"column":45}}],"line":180}},"s":{"0":7,"1":7,"2":7,"3":7,"4":7,"5":29,"6":18,"7":18,"8":11,"9":11,"10":0,"11":11,"12":8,"13":1,"14":7,"15":7,"16":7,"17":7,"18":7,"19":8,"20":4,"21":4,"22":4,"23":4,"24":4,"25":4,"26":1,"27":3,"28":3,"29":3,"30":6,"31":6,"32":6,"33":6,"34":6,"35":1,"36":5,"37":2,"38":2,"39":2,"40":2,"41":2,"42":0,"43":2,"44":9,"45":9,"46":9,"47":18,"48":9,"49":9,"50":0,"51":9,"52":0,"53":9,"54":5,"55":5,"56":5,"57":1,"58":1,"59":1,"60":1,"61":1,"62":1,"63":1,"64":7},"f":{"0":29,"1":18,"2":11,"3":8,"4":8,"5":3,"6":6,"7":2,"8":9,"9":0,"10":5,"11":1,"12":1},"b":{"0":[29,0],"1":[29,0],"2":[29,3],"3":[18,18],"4":[0,11],"5":[11,0],"6":[11,0],"7":[1,7],"8":[4,4],"9":[8,5,5],"10":[1,5],"11":[1,0],"12":[1,0],"13":[0,2],"14":[0,0],"15":[0],"16":[5],"17":[9,0],"18":[2,7],"19":[2,7],"20":[0,9],"21":[0,0],"22":[5,0],"23":[0],"24":[1],"25":[0],"26":[1],"27":[1,0],"28":[1,0],"29":[1,0]},"_coverageSchema":"1a1c01bbd47fc00a2c39e90264f33305004495a9","hash":"ad4aa6296128e295a265fcea320993a1ae8f1d5c"}
}
