TN:
SF:src\controllers\authController.js
FN:5,(anonymous_0)
FN:20,(anonymous_1)
FN:27,verifyGoogleIdToken
FN:47,(anonymous_3)
FN:88,(anonymous_4)
FN:138,(anonymous_5)
FN:155,(anonymous_6)
FN:237,(anonymous_7)
FNF:8
FNH:8
FNDA:256,(anonymous_0)
FNDA:9,(anonymous_1)
FNDA:8,verifyGoogleIdToken
FNDA:249,(anonymous_3)
FNDA:5,(anonymous_4)
FNDA:3,(anonymous_5)
FNDA:9,(anonymous_6)
FNDA:3,(anonymous_7)
DA:1,7
DA:2,7
DA:3,7
DA:5,7
DA:6,256
DA:17,7
DA:20,9
DA:28,8
DA:29,8
DA:30,8
DA:31,8
DA:32,8
DA:33,8
DA:35,8
DA:36,1
DA:38,7
DA:39,1
DA:41,6
DA:42,6
DA:43,6
DA:47,7
DA:48,249
DA:49,249
DA:52,249
DA:53,248
DA:54,1
DA:60,247
DA:64,247
DA:66,247
DA:83,1
DA:88,7
DA:89,5
DA:90,5
DA:93,5
DA:94,3
DA:95,1
DA:99,2
DA:100,2
DA:101,1
DA:106,1
DA:107,1
DA:108,1
DA:110,1
DA:112,1
DA:133,2
DA:138,7
DA:139,3
DA:140,3
DA:141,2
DA:143,1
DA:155,7
DA:156,9
DA:157,9
DA:158,9
DA:160,8
DA:161,6
DA:164,6
DA:169,6
DA:171,6
DA:173,2
DA:174,1
DA:175,1
DA:176,1
DA:177,1
DA:178,1
DA:180,1
DA:181,1
DA:185,4
DA:187,4
DA:188,4
DA:189,4
DA:190,51
DA:191,51
DA:192,51
DA:195,4
DA:196,4
DA:209,6
DA:210,6
DA:228,2
DA:229,2
DA:237,7
DA:238,3
DA:241,3
DA:242,3
DA:251,2
DA:252,2
DA:253,2
DA:255,1
LF:88
LH:88
BRDA:6,0,0,256
BRDA:6,0,1,0
BRDA:7,1,0,256
BRDA:7,1,1,256
BRDA:17,2,0,7
BRDA:17,2,1,2
BRDA:28,3,0,0
BRDA:28,3,1,8
BRDA:28,4,0,8
BRDA:28,4,1,8
BRDA:31,5,0,0
BRDA:31,5,1,8
BRDA:33,6,0,0
BRDA:33,6,1,8
BRDA:33,7,0,8
BRDA:33,7,1,8
BRDA:33,8,0,0
BRDA:33,8,1,0
BRDA:35,9,0,1
BRDA:35,9,1,7
BRDA:35,10,0,8
BRDA:35,10,1,0
BRDA:38,11,0,1
BRDA:38,11,1,6
BRDA:41,12,0,0
BRDA:41,12,1,6
BRDA:41,13,0,6
BRDA:41,13,1,6
BRDA:42,14,0,0
BRDA:42,14,1,6
BRDA:53,15,0,1
BRDA:53,15,1,247
BRDA:83,16,0,0
BRDA:83,16,1,1
BRDA:94,17,0,1
BRDA:94,17,1,2
BRDA:100,18,0,1
BRDA:100,18,1,1
BRDA:133,19,0,0
BRDA:133,19,1,2
BRDA:143,20,0,0
BRDA:143,20,1,1
BRDA:157,21,0,9
BRDA:157,21,1,2
BRDA:158,22,0,1
BRDA:158,22,1,8
BRDA:169,23,0,5
BRDA:169,23,1,1
BRDA:169,24,0,6
BRDA:169,24,1,5
BRDA:171,25,0,2
BRDA:171,25,1,4
BRDA:173,26,0,1
BRDA:173,26,1,1
BRDA:175,27,0,1
BRDA:175,27,1,1
BRDA:176,28,0,1
BRDA:176,28,1,0
BRDA:185,29,0,4
BRDA:185,29,1,0
BRDA:185,30,0,4
BRDA:185,30,1,0
BRDA:185,30,2,0
BRDA:185,31,0,0
BRDA:185,31,1,0
BRDA:185,32,0,0
BRDA:185,32,1,0
BRDA:192,33,0,1
BRDA:192,33,1,50
BRDA:198,34,0,4
BRDA:198,34,1,0
BRDA:228,35,0,2
BRDA:228,35,1,0
BRDA:231,36,0,0
BRDA:231,36,1,2
BRDA:231,37,0,2
BRDA:231,37,1,0
BRDA:255,38,0,0
BRDA:255,38,1,1
BRF:79
BRH:54
end_of_record
TN:
SF:src\controllers\challengeController.js
FN:11,recordMoves
FN:49,generateSudokuPuzzle
FN:62,(anonymous_2)
FN:62,(anonymous_3)
FN:67,(anonymous_4)
FN:67,(anonymous_5)
FN:68,(anonymous_6)
FN:86,(anonymous_7)
FN:103,(anonymous_8)
FN:112,(anonymous_9)
FN:204,(anonymous_10)
FN:257,(anonymous_11)
FN:291,(anonymous_12)
FN:315,(anonymous_13)
FN:353,(anonymous_14)
FN:379,(anonymous_15)
FN:418,(anonymous_16)
FN:497,(anonymous_17)
FN:553,(anonymous_18)
FN:577,(anonymous_19)
FN:605,determineWinner
FN:657,updateUserStats
FNF:22
FNH:22
FNDA:11,recordMoves
FNDA:45,generateSudokuPuzzle
FNDA:45,(anonymous_2)
FNDA:830,(anonymous_3)
FNDA:405,(anonymous_4)
FNDA:3645,(anonymous_5)
FNDA:405,(anonymous_6)
FNDA:2,(anonymous_7)
FNDA:1,(anonymous_8)
FNDA:48,(anonymous_9)
FNDA:10,(anonymous_10)
FNDA:21,(anonymous_11)
FNDA:4,(anonymous_12)
FNDA:12,(anonymous_13)
FNDA:3,(anonymous_14)
FNDA:5,(anonymous_15)
FNDA:7,(anonymous_16)
FNDA:4,(anonymous_17)
FNDA:3,(anonymous_18)
FNDA:2,(anonymous_19)
FNDA:11,determineWinner
FNDA:12,updateUserStats
DA:1,8
DA:2,8
DA:3,8
DA:12,11
DA:13,11
DA:14,11
DA:15,11
DA:16,11
DA:17,11
DA:18,10
DA:19,10
DA:26,10
DA:27,10
DA:28,10
DA:29,10
DA:30,10
DA:31,10
DA:32,90
DA:33,810
DA:34,810
DA:35,810
DA:36,282
DA:37,282
DA:38,282
DA:39,178
DA:40,178
DA:41,178
DA:44,10
DA:50,45
DA:62,830
DA:63,45
DA:64,45
DA:65,405
DA:67,3645
DA:68,405
DA:69,45
DA:70,45
DA:72,45
DA:73,45
DA:74,2189
DA:75,2189
DA:76,2189
DA:77,1615
DA:78,1615
DA:82,45
DA:86,8
DA:87,2
DA:88,2
DA:89,2
DA:91,2
DA:102,1
DA:103,1
DA:105,1
DA:107,1
DA:112,8
DA:113,48
DA:114,48
DA:118,48
DA:119,46
DA:122,45
DA:123,44
DA:124,1
DA:127,2
DA:128,1
DA:130,1
DA:131,1
DA:132,1
DA:135,43
DA:139,43
DA:145,43
DA:146,2
DA:149,41
DA:157,41
DA:158,1
DA:161,40
DA:163,40
DA:173,40
DA:184,40
DA:185,40
DA:197,40
DA:199,1
DA:204,8
DA:205,10
DA:206,10
DA:213,9
DA:220,9
DA:231,9
DA:244,9
DA:252,1
DA:257,8
DA:258,21
DA:259,21
DA:261,21
DA:267,20
DA:268,1
DA:271,19
DA:272,19
DA:276,19
DA:277,19
DA:279,19
DA:284,19
DA:286,1
DA:291,8
DA:292,4
DA:293,4
DA:295,4
DA:301,3
DA:302,1
DA:305,2
DA:306,2
DA:308,2
DA:310,1
DA:315,8
DA:316,12
DA:317,12
DA:319,12
DA:328,11
DA:329,1
DA:332,10
DA:333,10
DA:338,10
DA:339,10
DA:341,10
DA:346,10
DA:348,1
DA:353,8
DA:354,3
DA:355,3
DA:357,3
DA:368,2
DA:369,1
DA:372,1
DA:374,1
DA:379,8
DA:380,5
DA:381,5
DA:382,5
DA:384,5
DA:393,4
DA:394,1
DA:397,3
DA:398,3
DA:402,3
DA:403,3
DA:404,3
DA:405,3
DA:406,3
DA:407,3
DA:409,3
DA:411,3
DA:413,1
DA:418,8
DA:419,7
DA:420,7
DA:421,7
DA:423,7
DA:432,6
DA:433,1
DA:436,5
DA:437,5
DA:438,5
DA:440,5
DA:443,5
DA:444,5
DA:448,5
DA:457,5
DA:458,5
DA:459,5
DA:460,5
DA:468,5
DA:471,5
DA:478,5
DA:479,5
DA:480,5
DA:490,5
DA:492,1
DA:497,8
DA:498,4
DA:499,4
DA:501,4
DA:510,3
DA:511,1
DA:514,2
DA:515,2
DA:516,2
DA:523,2
DA:535,2
DA:536,1
DA:538,1
DA:540,1
DA:546,1
DA:548,1
DA:553,8
DA:554,3
DA:555,3
DA:557,3
DA:563,2
DA:564,1
DA:567,1
DA:568,1
DA:570,1
DA:572,1
DA:577,8
DA:578,2
DA:579,2
DA:581,2
DA:590,1
DA:600,1
DA:606,11
DA:607,11
DA:609,11
DA:610,1
DA:611,1
DA:612,10
DA:613,1
DA:614,1
DA:615,9
DA:616,1
DA:617,8
DA:620,2
DA:621,2
DA:622,6
DA:623,3
DA:624,3
DA:627,3
DA:628,3
DA:630,3
DA:631,1
DA:632,1
DA:633,2
DA:634,1
DA:635,1
DA:637,1
DA:645,11
DA:646,11
DA:650,11
DA:651,11
DA:652,11
DA:653,11
DA:661,12
DA:662,2
DA:665,2
DA:668,10
DA:669,10
DA:670,10
DA:680,10
DA:691,8
DA:692,8
LF:248
LH:248
BRDA:14,0,0,0
BRDA:14,0,1,11
BRDA:14,1,0,11
BRDA:14,1,1,11
BRDA:15,2,0,11
BRDA:15,2,1,0
BRDA:16,3,0,0
BRDA:16,3,1,11
BRDA:17,4,0,11
BRDA:17,4,1,0
BRDA:18,5,0,0
BRDA:18,5,1,10
BRDA:19,6,0,10
BRDA:19,6,1,0
BRDA:20,7,0,10
BRDA:20,7,1,0
BRDA:29,8,0,10
BRDA:29,8,1,0
BRDA:34,9,0,810
BRDA:34,9,1,0
BRDA:34,10,0,810
BRDA:34,10,1,282
BRDA:35,11,0,528
BRDA:35,11,1,282
BRDA:36,12,0,282
BRDA:36,12,1,104
BRDA:37,13,0,282
BRDA:37,13,1,0
BRDA:37,14,0,282
BRDA:37,14,1,282
BRDA:38,15,0,104
BRDA:38,15,1,178
BRDA:39,16,0,178
BRDA:39,16,1,0
BRDA:39,17,0,178
BRDA:39,17,1,0
BRDA:40,18,0,178
BRDA:40,18,1,178
BRDA:41,19,0,0
BRDA:41,19,1,178
BRDA:49,20,0,0
BRDA:70,21,0,45
BRDA:70,21,1,1
BRDA:76,22,0,1615
BRDA:76,22,1,574
BRDA:107,23,0,0
BRDA:107,23,1,1
BRDA:118,24,0,46
BRDA:118,24,1,2
BRDA:122,25,0,1
BRDA:122,25,1,44
BRDA:123,26,0,1
BRDA:123,26,1,43
BRDA:127,27,0,1
BRDA:127,27,1,1
BRDA:131,28,0,1
BRDA:131,28,1,0
BRDA:145,29,0,2
BRDA:145,29,1,41
BRDA:157,30,0,1
BRDA:157,30,1,40
BRDA:161,31,0,40
BRDA:161,31,1,0
BRDA:168,32,0,40
BRDA:168,32,1,0
BRDA:184,33,0,40
BRDA:184,33,1,0
BRDA:187,34,0,40
BRDA:187,34,1,0
BRDA:199,35,0,0
BRDA:199,35,1,1
BRDA:252,36,0,0
BRDA:252,36,1,1
BRDA:267,37,0,1
BRDA:267,37,1,19
BRDA:286,38,0,0
BRDA:286,38,1,1
BRDA:301,39,0,1
BRDA:301,39,1,2
BRDA:310,40,0,0
BRDA:310,40,1,1
BRDA:328,41,0,1
BRDA:328,41,1,10
BRDA:348,42,0,0
BRDA:348,42,1,1
BRDA:368,43,0,1
BRDA:368,43,1,1
BRDA:374,44,0,0
BRDA:374,44,1,1
BRDA:393,45,0,1
BRDA:393,45,1,3
BRDA:398,46,0,2
BRDA:398,46,1,1
BRDA:402,47,0,3
BRDA:402,47,1,0
BRDA:403,48,0,3
BRDA:403,48,1,1
BRDA:413,49,0,0
BRDA:413,49,1,1
BRDA:432,50,0,1
BRDA:432,50,1,5
BRDA:437,51,0,2
BRDA:437,51,1,3
BRDA:438,52,0,2
BRDA:438,52,1,3
BRDA:443,53,0,5
BRDA:443,53,1,0
BRDA:444,54,0,5
BRDA:444,54,1,5
BRDA:483,55,0,5
BRDA:483,55,1,0
BRDA:492,56,0,0
BRDA:492,56,1,1
BRDA:510,57,0,1
BRDA:510,57,1,2
BRDA:515,58,0,2
BRDA:515,58,1,0
BRDA:516,59,0,2
BRDA:516,59,1,0
BRDA:535,60,0,1
BRDA:535,60,1,1
BRDA:548,61,0,0
BRDA:548,61,1,1
BRDA:563,62,0,1
BRDA:563,62,1,1
BRDA:572,63,0,0
BRDA:572,63,1,1
BRDA:596,64,0,0
BRDA:596,64,1,1
BRDA:600,65,0,0
BRDA:600,65,1,1
BRDA:609,66,0,1
BRDA:609,66,1,10
BRDA:609,67,0,11
BRDA:609,67,1,2
BRDA:612,68,0,1
BRDA:612,68,1,9
BRDA:612,69,0,10
BRDA:612,69,1,2
BRDA:615,70,0,1
BRDA:615,70,1,8
BRDA:615,71,0,9
BRDA:615,71,1,1
BRDA:617,72,0,2
BRDA:617,72,1,6
BRDA:617,73,0,8
BRDA:617,73,1,5
BRDA:622,74,0,3
BRDA:622,74,1,3
BRDA:622,75,0,6
BRDA:622,75,1,6
BRDA:630,76,0,1
BRDA:630,76,1,2
BRDA:633,77,0,1
BRDA:633,77,1,1
BRDA:652,78,0,0
BRDA:652,78,1,11
BRDA:661,79,0,2
BRDA:661,79,1,10
BRDA:668,80,0,10
BRDA:668,80,1,0
BRDA:668,81,0,10
BRDA:668,81,1,10
BRDA:669,82,0,10
BRDA:669,82,1,0
BRDA:672,83,0,10
BRDA:672,83,1,0
BRDA:673,84,0,10
BRDA:673,84,1,0
BRDA:682,85,0,10
BRDA:682,85,1,0
BRDA:683,86,0,10
BRDA:683,86,1,0
BRDA:691,87,0,8
BRDA:691,87,1,0
BRF:175
BRH:130
end_of_record
TN:
SF:src\controllers\gameController.js
FN:10,isCompleteValidSudoku
FN:15,(anonymous_1)
FN:21,(anonymous_2)
FN:31,(anonymous_3)
FN:44,(anonymous_4)
FN:71,(anonymous_5)
FN:92,(anonymous_6)
FN:187,(anonymous_7)
FNF:8
FNH:8
FNDA:16,isCompleteValidSudoku
FNDA:9,(anonymous_1)
FNDA:192,(anonymous_2)
FNDA:567,(anonymous_3)
FNDA:11,(anonymous_4)
FNDA:3,(anonymous_5)
FNDA:9,(anonymous_6)
FNDA:3,(anonymous_7)
DA:1,8
DA:2,8
DA:3,8
DA:12,16
DA:13,16
DA:14,2
DA:15,9
DA:17,14
DA:19,0
DA:20,15
DA:21,10
DA:22,192
DA:23,1720
DA:24,191
DA:26,10
DA:27,66
DA:28,66
DA:30,7
DA:31,567
DA:33,7
DA:34,21
DA:35,63
DA:36,567
DA:37,63
DA:40,7
DA:44,8
DA:45,11
DA:46,11
DA:49,11
DA:52,10
DA:59,10
DA:60,1
DA:61,1
DA:64,10
DA:66,1
DA:71,8
DA:72,3
DA:73,3
DA:75,3
DA:76,2
DA:77,1
DA:80,1
DA:81,1
DA:82,1
DA:83,1
DA:85,1
DA:87,1
DA:92,8
DA:93,9
DA:94,9
DA:97,9
DA:98,8
DA:99,1
DA:104,7
DA:105,7
DA:106,7
DA:107,7
DA:111,7
DA:114,7
DA:115,7
DA:116,7
DA:117,7
DA:118,7
DA:124,7
DA:138,7
DA:140,1
DA:150,6
DA:151,6
DA:152,6
DA:153,5
DA:154,5
DA:155,5
DA:156,5
DA:157,5
DA:158,5
DA:159,4
DA:160,4
DA:162,1
DA:163,1
DA:165,6
DA:169,6
DA:170,6
DA:175,6
DA:181,1
DA:182,1
DA:187,8
DA:188,3
DA:189,3
DA:191,3
DA:196,2
DA:198,2
DA:200,1
DA:204,8
DA:205,8
LF:94
LH:93
BRDA:13,0,0,2
BRDA:13,0,1,14
BRDA:14,1,0,1
BRDA:14,1,1,1
BRDA:20,2,0,5
BRDA:20,2,1,10
BRDA:20,3,0,15
BRDA:20,3,1,10
BRDA:23,4,0,1
BRDA:23,4,1,1719
BRDA:23,5,0,1720
BRDA:23,5,1,1720
BRDA:23,5,2,1719
BRDA:27,6,0,0
BRDA:27,6,1,66
BRDA:27,7,0,66
BRDA:27,7,1,66
BRDA:28,8,0,3
BRDA:28,8,1,63
BRDA:31,9,0,0
BRDA:31,9,1,63
BRDA:37,10,0,0
BRDA:37,10,1,63
BRDA:55,11,0,10
BRDA:55,11,1,9
BRDA:59,12,0,1
BRDA:59,12,1,9
BRDA:66,13,0,0
BRDA:66,13,1,1
BRDA:76,14,0,1
BRDA:76,14,1,1
BRDA:87,15,0,0
BRDA:87,15,1,1
BRDA:98,16,0,1
BRDA:98,16,1,7
BRDA:104,17,0,7
BRDA:104,17,1,1
BRDA:105,18,0,7
BRDA:105,18,1,0
BRDA:106,19,0,7
BRDA:106,19,1,7
BRDA:107,20,0,7
BRDA:107,20,1,7
BRDA:111,21,0,3
BRDA:111,21,1,4
BRDA:111,22,0,3
BRDA:111,22,1,3
BRDA:117,23,0,6
BRDA:117,23,1,1
BRDA:118,24,0,6
BRDA:118,24,1,1
BRDA:127,25,0,6
BRDA:127,25,1,1
BRDA:132,26,0,6
BRDA:132,26,1,1
BRDA:138,27,0,1
BRDA:138,27,1,6
BRDA:152,28,0,5
BRDA:152,28,1,1
BRDA:157,29,0,5
BRDA:157,29,1,0
BRDA:158,30,0,4
BRDA:158,30,1,1
BRDA:162,31,0,1
BRDA:162,31,1,0
BRDA:172,32,0,6
BRDA:172,32,1,6
BRDA:172,33,0,6
BRDA:172,33,1,2
BRDA:182,34,0,0
BRDA:182,34,1,1
BRDA:189,35,0,3
BRDA:189,36,0,3
BRDA:200,37,0,0
BRDA:200,37,1,1
BRDA:204,38,0,8
BRDA:204,38,1,0
BRF:77
BRH:66
end_of_record
TN:
SF:src\controllers\leaderboardController.js
FN:5,(anonymous_0)
FN:14,(anonymous_1)
FN:32,(anonymous_2)
FN:55,(anonymous_3)
FNF:4
FNH:4
FNDA:5,(anonymous_0)
FNDA:8,(anonymous_1)
FNDA:2,(anonymous_2)
FNDA:4,(anonymous_3)
DA:1,7
DA:2,7
DA:5,7
DA:6,5
DA:7,5
DA:9,5
DA:14,8
DA:24,4
DA:26,1
DA:27,1
DA:32,7
DA:33,2
DA:34,2
DA:37,2
DA:38,2
DA:39,2
DA:40,2
DA:42,2
DA:47,1
DA:49,1
DA:50,1
DA:55,7
DA:56,4
DA:57,4
DA:61,3
DA:68,3
DA:75,1
DA:76,1
LF:28
LH:28
BRDA:7,0,0,4
BRDA:27,1,0,0
BRDA:27,1,1,1
BRDA:34,2,0,2
BRDA:50,3,0,0
BRDA:50,3,1,1
BRDA:64,4,0,3
BRDA:64,4,1,1
BRDA:76,5,0,0
BRDA:76,5,1,1
BRF:10
BRH:7
end_of_record
TN:
SF:src\middleware\auth.js
FN:16,(anonymous_0)
FNF:1
FNH:1
FNDA:242,(anonymous_0)
DA:9,7
DA:10,7
DA:16,7
DA:17,242
DA:19,242
DA:21,242
DA:22,3
DA:29,239
DA:32,238
DA:34,238
DA:35,0
DA:42,238
DA:43,238
DA:45,238
DA:47,1
DA:48,1
LF:16
LH:15
BRDA:21,0,0,3
BRDA:21,0,1,239
BRDA:29,1,0,239
BRDA:29,1,1,0
BRDA:34,2,0,0
BRDA:34,2,1,238
BRF:6
BRH:4
end_of_record
TN:
SF:src\models\Achievement.js
FNF:0
FNH:0
DA:1,7
DA:3,7
DA:37,7
LF:3
LH:3
BRF:0
BRH:0
end_of_record
TN:
SF:src\models\Challenge.js
FN:78,(anonymous_0)
FNF:1
FNH:1
FNDA:47,(anonymous_0)
DA:1,8
DA:3,8
DA:78,47
DA:82,8
DA:83,8
DA:84,8
DA:85,8
DA:87,8
LF:8
LH:8
BRF:0
BRH:0
end_of_record
TN:
SF:src\models\DailyChallenge.js
FNF:0
FNH:0
DA:1,7
DA:3,7
DA:27,7
LF:3
LH:3
BRF:0
BRH:0
end_of_record
TN:
SF:src\models\Game.js
FNF:0
FNH:0
DA:1,8
DA:3,8
DA:30,8
DA:31,8
DA:32,8
DA:34,8
LF:6
LH:6
BRF:0
BRH:0
end_of_record
TN:
SF:src\models\Leaderboard.js
FNF:0
FNH:0
DA:1,7
DA:3,7
DA:20,7
DA:21,7
DA:23,7
LF:5
LH:5
BRF:0
BRH:0
end_of_record
TN:
SF:src\models\Level.js
FNF:0
FNH:0
DA:1,8
DA:3,8
DA:30,8
DA:32,8
LF:4
LH:4
BRF:0
BRH:0
end_of_record
TN:
SF:src\models\Report.js
FNF:0
FNH:0
DA:1,7
DA:5,7
DA:15,7
DA:17,7
LF:4
LH:4
BRF:0
BRH:0
end_of_record
TN:
SF:src\models\ShopItem.js
FNF:0
FNH:0
DA:1,7
DA:3,7
DA:46,7
LF:3
LH:3
BRF:0
BRH:0
end_of_record
TN:
SF:src\models\User.js
FN:101,(anonymous_0)
FN:110,(anonymous_1)
FN:115,(anonymous_2)
FN:120,(anonymous_3)
FN:127,(anonymous_4)
FNF:5
FNH:3
FNDA:265,(anonymous_0)
FNDA:2,(anonymous_1)
FNDA:8,(anonymous_2)
FNDA:0,(anonymous_3)
FNDA:0,(anonymous_4)
DA:1,8
DA:2,8
DA:4,8
DA:101,8
DA:102,265
DA:103,253
DA:104,253
DA:110,8
DA:111,2
DA:115,8
DA:116,8
DA:120,8
DA:121,0
DA:122,0
DA:123,0
DA:127,8
DA:128,0
DA:129,0
DA:130,0
DA:134,8
DA:135,8
DA:136,8
DA:137,8
DA:138,8
DA:140,8
LF:25
LH:19
BRDA:102,0,0,12
BRDA:102,0,1,253
BRF:2
BRH:2
end_of_record
TN:
SF:src\routes\achievements.js
FN:8,(anonymous_0)
FN:19,(anonymous_1)
FN:24,(anonymous_2)
FN:26,(anonymous_3)
FN:27,(anonymous_4)
FN:38,(anonymous_5)
FN:44,(anonymous_6)
FNF:7
FNH:7
FNDA:2,(anonymous_0)
FNDA:3,(anonymous_1)
FNDA:1,(anonymous_2)
FNDA:1,(anonymous_3)
FNDA:1,(anonymous_4)
FNDA:7,(anonymous_5)
FNDA:6,(anonymous_6)
DA:1,7
DA:2,7
DA:3,7
DA:4,7
DA:5,7
DA:8,7
DA:9,2
DA:10,2
DA:11,1
DA:13,1
DA:14,1
DA:19,7
DA:20,3
DA:21,3
DA:22,2
DA:24,2
DA:26,1
DA:27,1
DA:30,2
DA:32,1
DA:33,1
DA:38,7
DA:39,7
DA:40,7
DA:41,6
DA:43,5
DA:44,6
DA:45,1
DA:52,4
DA:53,4
DA:54,3
DA:55,3
DA:62,3
DA:63,1
DA:67,3
DA:68,3
DA:69,3
DA:70,3
DA:72,3
DA:74,1
DA:75,1
DA:79,7
LF:42
LH:42
BRDA:14,0,0,0
BRDA:14,0,1,1
BRDA:33,1,0,0
BRDA:33,1,1,1
BRDA:41,2,0,1
BRDA:41,2,1,5
BRDA:44,3,0,1
BRDA:44,3,1,4
BRDA:52,4,0,4
BRDA:52,4,1,0
BRDA:53,5,0,3
BRDA:53,5,1,1
BRDA:54,6,0,3
BRDA:54,6,1,0
BRDA:57,7,0,3
BRDA:57,7,1,3
BRDA:57,8,0,3
BRDA:57,8,1,3
BRDA:62,9,0,1
BRDA:62,9,1,2
BRDA:62,10,0,3
BRDA:62,10,1,3
BRDA:62,11,0,3
BRDA:62,11,1,0
BRDA:68,12,0,3
BRDA:68,12,1,0
BRDA:69,13,0,3
BRDA:69,13,1,0
BRDA:75,14,0,0
BRDA:75,14,1,1
BRF:30
BRH:22
end_of_record
TN:
SF:src\routes\auth.js
FNF:0
FNH:0
DA:1,7
DA:2,7
DA:3,7
DA:4,7
DA:6,7
DA:7,7
DA:8,7
DA:9,7
DA:10,7
DA:12,7
LF:10
LH:10
BRF:0
BRH:0
end_of_record
TN:
SF:src\routes\challenges.js
FN:28,(anonymous_0)
FN:28,(anonymous_1)
FN:29,(anonymous_2)
FN:29,(anonymous_3)
FN:53,(anonymous_4)
FN:106,(anonymous_5)
FN:145,(anonymous_6)
FN:155,(anonymous_7)
FNF:8
FNH:6
FNDA:28,(anonymous_0)
FNDA:8,(anonymous_1)
FNDA:8,(anonymous_2)
FNDA:8,(anonymous_3)
FNDA:2,(anonymous_4)
FNDA:1,(anonymous_5)
FNDA:0,(anonymous_6)
FNDA:0,(anonymous_7)
DA:1,7
DA:2,7
DA:3,7
DA:17,7
DA:20,7
DA:23,7
DA:28,28
DA:29,8
DA:30,8
DA:31,0
DA:33,8
DA:35,7
DA:36,7
DA:37,7
DA:38,7
DA:41,7
DA:44,7
DA:51,7
DA:52,7
DA:53,7
DA:54,2
DA:57,2
DA:58,0
DA:63,2
DA:74,2
DA:75,1
DA:97,0
DA:98,0
DA:106,7
DA:107,1
DA:108,1
DA:109,0
DA:111,1
DA:115,1
DA:116,1
DA:137,0
DA:138,0
DA:145,7
DA:146,0
DA:147,0
DA:153,0
DA:155,0
DA:166,0
DA:167,0
DA:172,7
DA:175,7
DA:178,7
DA:181,7
DA:184,7
DA:187,7
DA:190,7
DA:193,7
DA:195,7
LF:53
LH:40
BRDA:30,0,0,8
BRDA:30,0,1,0
BRDA:30,1,0,8
BRDA:30,1,1,8
BRDA:30,1,2,8
BRDA:57,2,0,0
BRDA:57,2,1,2
BRDA:74,3,0,1
BRDA:74,3,1,1
BRDA:88,4,0,1
BRDA:88,4,1,0
BRDA:89,5,0,1
BRDA:89,5,1,0
BRDA:90,6,0,1
BRDA:90,6,1,1
BRDA:91,7,0,1
BRDA:91,7,1,0
BRDA:92,8,0,1
BRDA:92,8,1,1
BRDA:93,9,0,1
BRDA:93,9,1,1
BRDA:108,10,0,0
BRDA:108,10,1,1
BRDA:115,11,0,0
BRDA:115,11,1,1
BRDA:126,12,0,1
BRDA:126,12,1,0
BRDA:127,13,0,1
BRDA:127,13,1,0
BRDA:128,14,0,1
BRDA:128,14,1,0
BRDA:129,15,0,1
BRDA:129,15,1,0
BRDA:130,16,0,1
BRDA:130,16,1,1
BRDA:131,17,0,1
BRDA:131,17,1,0
BRDA:132,18,0,1
BRDA:132,18,1,1
BRDA:133,19,0,1
BRDA:133,19,1,1
BRDA:159,20,0,0
BRDA:159,20,1,0
BRF:43
BRH:29
end_of_record
TN:
SF:src\routes\daily.js
FN:8,(anonymous_0)
FN:35,generatePuzzle
FN:36,(anonymous_2)
FN:38,generateSolution
FN:39,(anonymous_4)
FN:43,(anonymous_5)
FNF:6
FNH:6
FNDA:4,(anonymous_0)
FNDA:3,generatePuzzle
FNDA:27,(anonymous_2)
FNDA:3,generateSolution
FNDA:27,(anonymous_4)
FNDA:4,(anonymous_5)
DA:1,7
DA:2,7
DA:3,7
DA:4,7
DA:5,7
DA:8,7
DA:9,4
DA:10,4
DA:11,4
DA:14,3
DA:16,3
DA:24,3
DA:25,3
DA:27,3
DA:29,1
DA:30,1
DA:36,27
DA:39,27
DA:43,7
DA:44,4
DA:45,4
DA:46,4
DA:48,4
DA:49,3
DA:51,3
DA:52,1
DA:56,2
DA:57,2
DA:58,2
DA:60,2
DA:61,2
DA:62,2
DA:65,2
DA:66,2
DA:67,2
DA:68,2
DA:69,2
DA:71,2
DA:73,2
DA:79,1
DA:80,1
DA:84,7
LF:42
LH:42
BRDA:14,0,0,3
BRDA:14,0,1,0
BRDA:30,1,0,0
BRDA:30,1,1,1
BRDA:51,2,0,1
BRDA:51,2,1,2
BRDA:61,3,0,0
BRDA:61,3,1,2
BRDA:80,4,0,0
BRDA:80,4,1,1
BRF:10
BRH:6
end_of_record
TN:
SF:src\routes\games.js
FNF:0
FNH:0
DA:1,7
DA:2,7
DA:3,7
DA:4,7
DA:6,7
DA:7,7
DA:8,7
DA:9,7
DA:11,7
LF:9
LH:9
BRF:0
BRH:0
end_of_record
TN:
SF:src\routes\leaderboard.js
FNF:0
FNH:0
DA:1,7
DA:2,7
DA:3,7
DA:4,7
DA:6,7
DA:7,7
DA:8,7
DA:10,7
LF:8
LH:8
BRF:0
BRH:0
end_of_record
TN:
SF:src\routes\levels.js
FN:8,(anonymous_0)
FN:13,(anonymous_1)
FN:27,(anonymous_2)
FNF:3
FNH:3
FNDA:3,(anonymous_0)
FNDA:2,(anonymous_1)
FNDA:3,(anonymous_2)
DA:1,7
DA:2,7
DA:3,7
DA:4,7
DA:5,7
DA:8,7
DA:9,3
DA:10,3
DA:11,2
DA:13,2
DA:19,2
DA:21,1
DA:22,1
DA:27,7
DA:28,3
DA:29,3
DA:30,2
DA:31,1
DA:33,1
DA:34,1
DA:38,7
LF:21
LH:21
BRDA:16,0,0,2
BRDA:16,0,1,1
BRDA:22,1,0,0
BRDA:22,1,1,1
BRDA:30,2,0,1
BRDA:30,2,1,1
BRDA:34,3,0,0
BRDA:34,3,1,1
BRF:8
BRH:6
end_of_record
TN:
SF:src\routes\reports.js
FN:8,(anonymous_0)
FNF:1
FNH:1
FNDA:1,(anonymous_0)
DA:1,7
DA:2,7
DA:3,7
DA:4,7
DA:8,7
DA:9,1
DA:10,1
DA:11,1
DA:19,1
DA:21,0
DA:25,7
LF:11
LH:10
BRDA:13,0,0,1
BRDA:13,0,1,0
BRDA:14,1,0,1
BRDA:14,1,1,1
BRDA:15,2,0,1
BRDA:15,2,1,0
BRDA:16,3,0,1
BRDA:16,3,1,0
BRDA:17,4,0,1
BRDA:17,4,1,0
BRDA:21,5,0,0
BRDA:21,5,1,0
BRF:12
BRH:6
end_of_record
TN:
SF:src\routes\shop.js
FN:8,(anonymous_0)
FN:19,(anonymous_1)
FNF:2
FNH:2
FNDA:3,(anonymous_0)
FNDA:8,(anonymous_1)
DA:1,7
DA:2,7
DA:3,7
DA:4,7
DA:5,7
DA:8,7
DA:9,3
DA:10,3
DA:11,2
DA:13,1
DA:14,1
DA:19,7
DA:20,8
DA:21,8
DA:23,8
DA:24,7
DA:26,6
DA:29,6
DA:30,1
DA:34,5
DA:35,5
DA:36,1
DA:40,4
DA:42,4
DA:43,2
DA:44,2
DA:47,2
DA:48,2
DA:49,1
DA:51,1
DA:52,1
DA:55,3
DA:57,3
DA:59,1
DA:60,1
DA:64,7
LF:36
LH:36
BRDA:14,0,0,0
BRDA:14,0,1,1
BRDA:24,1,0,1
BRDA:24,1,1,6
BRDA:29,2,0,1
BRDA:29,2,1,5
BRDA:29,3,0,6
BRDA:29,3,1,4
BRDA:35,4,0,1
BRDA:35,4,1,4
BRDA:42,5,0,2
BRDA:42,5,1,2
BRDA:44,6,0,2
BRDA:44,6,1,0
BRDA:48,7,0,1
BRDA:48,7,1,1
BRDA:51,8,0,1
BRDA:51,8,1,0
BRDA:60,9,0,0
BRDA:60,9,1,1
BRF:20
BRH:16
end_of_record
TN:
SF:src\routes\stats.js
FN:8,(anonymous_0)
FN:33,(anonymous_1)
FNF:2
FNH:2
FNDA:2,(anonymous_0)
FNDA:3,(anonymous_1)
DA:1,7
DA:2,7
DA:3,7
DA:4,7
DA:5,7
DA:8,7
DA:9,2
DA:10,2
DA:11,1
DA:12,1
DA:14,1
DA:16,1
DA:27,1
DA:28,1
DA:33,7
DA:34,3
DA:35,3
DA:36,2
DA:40,2
DA:49,1
DA:50,1
DA:54,7
LF:22
LH:22
BRDA:22,0,0,0
BRDA:22,0,1,1
BRDA:28,1,0,0
BRDA:28,1,1,1
BRDA:50,2,0,0
BRDA:50,2,1,1
BRF:6
BRH:3
end_of_record
TN:
SF:src\routes\turn.js
FN:16,(anonymous_0)
FNF:1
FNH:1
FNDA:2,(anonymous_0)
DA:12,7
DA:13,7
DA:14,7
DA:16,7
DA:17,2
DA:18,2
DA:19,2
DA:21,2
DA:26,2
DA:27,1
DA:28,1
DA:29,1
DA:30,1
DA:31,1
DA:32,1
DA:38,2
DA:41,7
LF:17
LH:17
BRDA:18,0,0,2
BRDA:18,0,1,2
BRDA:19,1,0,2
BRDA:19,1,1,2
BRDA:26,2,0,1
BRDA:26,2,1,1
BRDA:29,3,0,1
BRDA:29,3,1,0
BRF:8
BRH:7
end_of_record
TN:
SF:src\routes\users.js
FN:9,(anonymous_0)
FN:35,(anonymous_1)
FN:55,(anonymous_2)
FN:69,(anonymous_3)
FN:92,(anonymous_4)
FN:134,(anonymous_5)
FN:148,(anonymous_6)
FN:164,(anonymous_7)
FN:192,(anonymous_8)
FN:207,(anonymous_9)
FN:227,(anonymous_10)
FN:238,(anonymous_11)
FN:248,(anonymous_12)
FNF:13
FNH:13
FNDA:5,(anonymous_0)
FNDA:2,(anonymous_1)
FNDA:1,(anonymous_2)
FNDA:5,(anonymous_3)
FNDA:1,(anonymous_4)
FNDA:3,(anonymous_5)
FNDA:3,(anonymous_6)
FNDA:3,(anonymous_7)
FNDA:3,(anonymous_8)
FNDA:3,(anonymous_9)
FNDA:5,(anonymous_10)
FNDA:3,(anonymous_11)
FNDA:3,(anonymous_12)
DA:1,7
DA:2,7
DA:3,7
DA:4,7
DA:9,7
DA:10,5
DA:11,5
DA:12,5
DA:14,3
DA:15,3
DA:22,2
DA:24,1
DA:25,1
DA:35,7
DA:36,2
DA:37,2
DA:40,2
DA:41,2
DA:54,1
DA:55,1
DA:56,1
DA:58,1
DA:59,1
DA:69,7
DA:70,5
DA:71,5
DA:72,5
DA:73,5
DA:74,5
DA:77,4
DA:82,3
DA:83,3
DA:92,3
DA:93,1
DA:94,1
DA:95,1
DA:96,1
DA:98,1
DA:109,3
DA:128,1
DA:129,1
DA:134,7
DA:135,3
DA:138,3
DA:139,2
DA:140,1
DA:142,1
DA:143,1
DA:148,7
DA:149,3
DA:152,3
DA:153,3
DA:154,3
DA:155,2
DA:156,2
DA:158,1
DA:159,1
DA:164,7
DA:165,3
DA:166,3
DA:167,1
DA:175,2
DA:176,2
DA:181,32
DA:183,2
DA:184,1
DA:186,1
DA:187,1
DA:192,7
DA:193,3
DA:194,3
DA:195,1
DA:198,2
DA:199,1
DA:201,1
DA:202,1
DA:207,7
DA:208,3
DA:211,3
DA:212,1
DA:214,2
DA:215,1
DA:216,1
DA:217,1
DA:218,1
DA:220,1
DA:221,1
DA:227,7
DA:228,5
DA:229,5
DA:230,4
DA:231,3
DA:233,1
DA:234,1
DA:238,7
DA:239,3
DA:240,3
DA:241,2
DA:243,1
DA:244,1
DA:248,7
DA:249,3
DA:250,3
DA:251,2
DA:253,1
DA:254,1
DA:258,7
LF:107
LH:107
BRDA:11,0,0,5
BRDA:11,0,1,1
BRDA:12,1,0,2
BRDA:12,1,1,3
BRDA:12,2,0,5
BRDA:12,2,1,4
BRDA:25,3,0,0
BRDA:25,3,1,1
BRDA:59,4,0,0
BRDA:59,4,1,1
BRDA:71,5,0,5
BRDA:71,5,1,0
BRDA:72,6,0,0
BRDA:72,6,1,5
BRDA:77,7,0,1
BRDA:77,7,1,3
BRDA:94,8,0,1
BRDA:94,8,1,0
BRDA:95,9,0,1
BRDA:95,9,1,0
BRDA:96,10,0,0
BRDA:96,10,1,1
BRDA:97,11,0,1
BRDA:97,11,1,0
BRDA:97,12,0,1
BRDA:97,12,1,1
BRDA:100,13,0,1
BRDA:100,13,1,0
BRDA:101,14,0,1
BRDA:101,14,1,0
BRDA:102,15,0,1
BRDA:102,15,1,0
BRDA:103,16,0,1
BRDA:103,16,1,0
BRDA:113,17,0,3
BRDA:113,17,1,0
BRDA:114,18,0,3
BRDA:114,18,1,0
BRDA:115,19,0,3
BRDA:115,19,1,3
BRDA:120,20,0,3
BRDA:120,20,1,3
BRDA:121,21,0,3
BRDA:121,21,1,3
BRDA:122,22,0,3
BRDA:122,22,1,3
BRDA:123,23,0,3
BRDA:123,23,1,3
BRDA:129,24,0,0
BRDA:129,24,1,1
BRDA:138,25,0,1
BRDA:138,25,1,2
BRDA:143,26,0,0
BRDA:143,26,1,1
BRDA:152,27,0,3
BRDA:152,27,1,1
BRDA:153,28,0,2
BRDA:153,28,1,1
BRDA:155,29,0,0
BRDA:155,29,1,2
BRDA:159,30,0,0
BRDA:159,30,1,1
BRDA:166,31,0,1
BRDA:166,31,1,2
BRDA:166,32,0,3
BRDA:166,32,1,1
BRDA:187,33,0,0
BRDA:187,33,1,1
BRDA:194,34,0,1
BRDA:194,34,1,2
BRDA:194,35,0,3
BRDA:194,35,1,1
BRDA:202,36,0,0
BRDA:202,36,1,1
BRDA:211,37,0,1
BRDA:211,37,1,2
BRDA:211,38,0,3
BRDA:211,38,1,1
BRDA:215,39,0,0
BRDA:215,39,1,1
BRDA:221,40,0,0
BRDA:221,40,1,1
BRDA:229,41,0,1
BRDA:229,41,1,4
BRDA:234,42,0,0
BRDA:234,42,1,1
BRDA:244,43,0,0
BRDA:244,43,1,1
BRDA:251,44,0,2
BRDA:251,44,1,0
BRDA:254,45,0,0
BRDA:254,45,1,1
BRF:92
BRH:66
end_of_record
TN:
SF:src\routes\youtube.js
FN:29,notConfigured
FN:38,accessTokenFor
FN:46,(anonymous_2)
FN:56,(anonymous_3)
FN:60,(anonymous_4)
FN:60,(anonymous_5)
FN:62,(anonymous_6)
FN:77,(anonymous_7)
FN:104,(anonymous_8)
FN:117,(anonymous_9)
FN:135,(anonymous_10)
FN:151,(anonymous_11)
FNF:12
FNH:9
FNDA:0,notConfigured
FNDA:3,accessTokenFor
FNDA:3,(anonymous_2)
FNDA:9,(anonymous_3)
FNDA:4,(anonymous_4)
FNDA:0,(anonymous_5)
FNDA:4,(anonymous_6)
FNDA:0,(anonymous_7)
FNDA:4,(anonymous_8)
FNDA:2,(anonymous_9)
FNDA:2,(anonymous_10)
FNDA:1,(anonymous_11)
DA:18,7
DA:19,7
DA:20,7
DA:21,7
DA:22,7
DA:23,7
DA:25,7
DA:27,7
DA:30,0
DA:39,3
DA:40,3
DA:41,3
DA:42,2
DA:46,7
DA:47,3
DA:50,3
DA:51,3
DA:52,3
DA:56,7
DA:57,9
DA:60,9
DA:61,0
DA:62,9
DA:66,9
DA:67,8
DA:68,7
DA:71,7
DA:72,1
DA:74,6
DA:75,6
DA:76,5
DA:77,5
DA:79,5
DA:88,5
DA:90,5
DA:92,5
DA:94,1
DA:96,4
DA:98,1
DA:99,1
DA:104,7
DA:105,4
DA:106,4
DA:117,7
DA:118,2
DA:119,2
DA:120,2
DA:121,1
DA:122,1
DA:127,1
DA:129,1
DA:135,7
DA:136,2
DA:137,2
DA:138,2
DA:139,1
DA:141,1
DA:142,1
DA:143,1
DA:144,1
DA:146,0
DA:151,7
DA:152,1
DA:155,1
DA:158,7
LF:65
LH:62
BRDA:25,0,0,7
BRDA:25,0,1,0
BRDA:27,1,0,7
BRDA:27,1,1,7
BRDA:41,2,0,1
BRDA:41,2,1,2
BRDA:47,3,0,0
BRDA:47,3,1,3
BRDA:50,4,0,1
BRDA:50,4,1,2
BRDA:60,5,0,0
BRDA:60,5,1,4
BRDA:66,6,0,1
BRDA:66,6,1,8
BRDA:67,7,0,1
BRDA:67,7,1,7
BRDA:67,8,0,8
BRDA:67,8,1,7
BRDA:68,9,0,0
BRDA:68,9,1,7
BRDA:81,10,0,5
BRDA:81,10,1,0
BRDA:88,11,0,5
BRDA:88,11,1,0
BRDA:92,12,0,1
BRDA:92,12,1,4
BRDA:99,13,0,0
BRDA:99,13,1,1
BRDA:105,14,0,4
BRDA:105,14,1,0
BRDA:110,15,0,4
BRDA:110,15,1,3
BRDA:111,16,0,4
BRDA:111,16,1,3
BRDA:118,17,0,0
BRDA:118,17,1,2
BRDA:121,18,0,1
BRDA:121,18,1,0
BRDA:123,19,0,1
BRDA:123,19,1,0
BRDA:124,20,0,1
BRDA:124,20,1,0
BRDA:136,21,0,0
BRDA:136,21,1,2
BRDA:137,22,0,2
BRDA:137,22,1,0
BRDA:138,23,0,1
BRDA:138,23,1,1
BRDA:138,24,0,2
BRDA:138,24,1,2
BRF:50
BRH:36
end_of_record
TN:
SF:src\services\socketService.js
FN:18,initializeSocket
FN:22,(anonymous_1)
FN:46,(anonymous_2)
FN:74,(anonymous_3)
FN:89,(anonymous_4)
FN:99,(anonymous_5)
FN:115,(anonymous_6)
FN:131,(anonymous_7)
FN:158,(anonymous_8)
FN:174,(anonymous_9)
FN:185,(anonymous_10)
FN:197,(anonymous_11)
FN:209,(anonymous_12)
FN:219,(anonymous_13)
FN:232,(anonymous_14)
FN:236,(anonymous_15)
FN:252,(anonymous_16)
FN:256,(anonymous_17)
FN:260,(anonymous_18)
FN:264,(anonymous_19)
FN:272,(anonymous_20)
FN:276,(anonymous_21)
FN:280,(anonymous_22)
FN:284,(anonymous_23)
FN:292,(anonymous_24)
FN:297,(anonymous_25)
FN:310,(anonymous_26)
FN:330,(anonymous_27)
FN:347,getSocketForUser
FN:351,isUserOnline
FN:355,getOnlineUsersCount
FN:363,notifyUser
FN:373,broadcast
FNF:33
FNH:32
FNDA:7,initializeSocket
FNDA:30,(anonymous_1)
FNDA:28,(anonymous_2)
FNDA:17,(anonymous_3)
FNDA:1,(anonymous_4)
FNDA:3,(anonymous_5)
FNDA:1,(anonymous_6)
FNDA:1,(anonymous_7)
FNDA:1,(anonymous_8)
FNDA:1,(anonymous_9)
FNDA:2,(anonymous_10)
FNDA:2,(anonymous_11)
FNDA:1,(anonymous_12)
FNDA:1,(anonymous_13)
FNDA:12,(anonymous_14)
FNDA:3,(anonymous_15)
FNDA:2,(anonymous_16)
FNDA:1,(anonymous_17)
FNDA:1,(anonymous_18)
FNDA:1,(anonymous_19)
FNDA:1,(anonymous_20)
FNDA:1,(anonymous_21)
FNDA:1,(anonymous_22)
FNDA:1,(anonymous_23)
FNDA:1,(anonymous_24)
FNDA:1,(anonymous_25)
FNDA:28,(anonymous_26)
FNDA:0,(anonymous_27)
FNDA:2,getSocketForUser
FNDA:2,isUserOnline
FNDA:1,getOnlineUsersCount
FNDA:42,notifyUser
FNDA:6,broadcast
DA:6,8
DA:7,8
DA:8,8
DA:11,8
DA:12,8
DA:16,8
DA:19,7
DA:22,7
DA:23,30
DA:24,30
DA:26,30
DA:27,1
DA:30,29
DA:31,28
DA:33,28
DA:34,0
DA:37,28
DA:38,28
DA:40,1
DA:41,1
DA:46,7
DA:47,28
DA:48,28
DA:50,28
DA:53,28
DA:54,28
DA:58,28
DA:59,28
DA:60,0
DA:63,28
DA:74,28
DA:75,17
DA:76,17
DA:77,17
DA:80,16
DA:81,16
DA:84,0
DA:89,28
DA:90,1
DA:91,1
DA:99,28
DA:100,3
DA:101,3
DA:102,2
DA:103,2
DA:104,1
DA:105,1
DA:108,0
DA:115,28
DA:116,1
DA:118,1
DA:119,1
DA:126,1
DA:131,28
DA:132,1
DA:133,1
DA:137,1
DA:139,1
DA:146,1
DA:147,1
DA:148,1
DA:150,1
DA:153,0
DA:158,28
DA:159,1
DA:160,1
DA:161,1
DA:162,1
DA:163,1
DA:164,1
DA:166,1
DA:169,0
DA:174,28
DA:175,1
DA:179,1
DA:185,28
DA:187,2
DA:197,28
DA:198,2
DA:205,2
DA:209,28
DA:210,1
DA:215,1
DA:219,28
DA:220,1
DA:232,28
DA:233,12
DA:236,28
DA:237,3
DA:241,2
DA:242,2
DA:245,2
DA:246,2
DA:252,28
DA:253,2
DA:254,1
DA:256,28
DA:257,1
DA:258,1
DA:260,28
DA:261,1
DA:262,1
DA:264,28
DA:265,1
DA:266,1
DA:272,28
DA:273,1
DA:274,1
DA:276,28
DA:277,1
DA:278,1
DA:280,28
DA:281,1
DA:282,1
DA:284,28
DA:285,1
DA:286,1
DA:292,28
DA:293,1
DA:297,28
DA:298,1
DA:299,1
DA:300,1
DA:305,1
DA:306,0
DA:310,28
DA:311,28
DA:316,28
DA:317,28
DA:320,28
DA:321,28
DA:322,3
DA:325,28
DA:330,7
DA:331,0
DA:332,0
DA:333,0
DA:338,0
DA:342,7
DA:348,2
DA:352,2
DA:356,1
DA:364,42
DA:365,42
DA:366,42
DA:367,2
DA:368,2
DA:374,6
DA:375,6
DA:376,6
DA:379,8
LF:151
LH:140
BRDA:24,0,0,30
BRDA:24,0,1,1
BRDA:26,1,0,1
BRDA:26,1,1,29
BRDA:30,2,0,29
BRDA:30,2,1,0
BRDA:33,3,0,0
BRDA:33,3,1,28
BRDA:77,4,0,16
BRDA:77,4,1,1
BRDA:77,5,0,17
BRDA:77,5,1,17
BRDA:77,5,2,9
BRDA:101,6,0,1
BRDA:101,6,1,2
BRDA:103,7,0,1
BRDA:103,7,1,1
BRDA:118,8,0,1
BRDA:118,8,1,0
BRDA:137,9,0,1
BRDA:137,9,1,0
BRDA:147,10,0,1
BRDA:147,10,1,0
BRDA:161,11,0,1
BRDA:161,11,1,0
BRDA:163,12,0,1
BRDA:163,12,1,0
BRDA:233,13,0,12
BRDA:233,13,1,12
BRDA:237,14,0,1
BRDA:237,14,1,2
BRDA:241,15,0,2
BRDA:241,15,1,0
BRDA:242,16,0,0
BRDA:242,16,1,2
BRDA:242,17,0,2
BRDA:242,17,1,0
BRDA:242,17,2,0
BRDA:245,18,0,0
BRDA:245,18,1,2
BRDA:245,19,0,2
BRDA:245,19,1,0
BRDA:253,20,0,1
BRDA:253,20,1,1
BRDA:257,21,0,0
BRDA:257,21,1,1
BRDA:261,22,0,0
BRDA:261,22,1,1
BRDA:265,23,0,0
BRDA:265,23,1,1
BRDA:273,24,0,0
BRDA:273,24,1,1
BRDA:274,25,0,1
BRDA:274,25,1,0
BRDA:277,26,0,0
BRDA:277,26,1,1
BRDA:281,27,0,0
BRDA:281,27,1,1
BRDA:285,28,0,0
BRDA:285,28,1,1
BRDA:317,29,0,28
BRDA:317,29,1,0
BRDA:364,30,0,0
BRDA:364,30,1,42
BRDA:366,31,0,40
BRDA:366,31,1,2
BRDA:374,32,0,0
BRDA:374,32,1,6
BRF:68
BRH:44
end_of_record
TN:
SF:src\services\youtubeService.js
FN:30,cfg
FN:38,isConfigured
FN:46,encKey
FN:52,encrypt
FN:61,decrypt
FN:76,buildConsentUrl
FN:91,exchangeCodeForTokens
FN:110,refreshAccessToken
FN:129,ytFetch
FN:140,(anonymous_9)
FN:145,getMyChannel
FN:155,createLiveBroadcast
FN:191,transitionBroadcast
FNF:13
FNH:12
FNDA:29,cfg
FNDA:18,isConfigured
FNDA:11,encKey
FNDA:8,encrypt
FNDA:8,decrypt
FNDA:3,buildConsentUrl
FNDA:6,exchangeCodeForTokens
FNDA:2,refreshAccessToken
FNDA:9,ytFetch
FNDA:0,(anonymous_9)
FNDA:5,getMyChannel
FNDA:1,createLiveBroadcast
FNDA:1,transitionBroadcast
DA:21,8
DA:23,8
DA:24,8
DA:25,8
DA:28,8
DA:31,29
DA:39,18
DA:40,18
DA:47,11
DA:48,11
DA:49,11
DA:53,8
DA:54,7
DA:55,7
DA:56,7
DA:57,7
DA:58,7
DA:62,8
DA:63,4
DA:64,4
DA:65,4
DA:66,4
DA:67,4
DA:69,1
DA:77,3
DA:78,3
DA:88,3
DA:92,6
DA:93,6
DA:100,6
DA:105,6
DA:106,6
DA:107,5
DA:111,2
DA:112,2
DA:118,2
DA:123,2
DA:124,2
DA:125,2
DA:130,9
DA:131,18
DA:132,9
DA:140,9
DA:141,9
DA:142,9
DA:146,5
DA:147,5
DA:148,5
DA:156,1
DA:157,1
DA:166,1
DA:176,1
DA:180,1
DA:181,1
DA:192,1
DA:198,8
LF:56
LH:56
BRDA:32,0,0,29
BRDA:32,0,1,0
BRDA:33,1,0,29
BRDA:33,1,1,0
BRDA:34,2,0,29
BRDA:34,2,1,3
BRDA:40,3,0,18
BRDA:40,3,1,18
BRDA:48,4,0,0
BRDA:48,4,1,11
BRDA:48,5,0,11
BRDA:48,5,1,0
BRDA:49,6,0,11
BRDA:49,6,1,0
BRDA:53,7,0,1
BRDA:53,7,1,7
BRDA:62,8,0,4
BRDA:62,8,1,4
BRDA:62,9,0,8
BRDA:62,9,1,5
BRDA:62,9,2,5
BRDA:106,10,0,1
BRDA:106,10,1,5
BRDA:106,11,0,1
BRDA:106,11,1,0
BRDA:106,12,0,1
BRDA:106,12,1,0
BRDA:124,13,0,0
BRDA:124,13,1,2
BRDA:124,14,0,0
BRDA:124,14,1,0
BRDA:129,15,0,0
BRDA:129,16,0,5
BRDA:131,17,0,9
BRDA:131,17,1,0
BRDA:136,18,0,2
BRDA:136,18,1,7
BRDA:138,19,0,2
BRDA:138,19,1,7
BRDA:141,20,0,0
BRDA:141,20,1,9
BRDA:141,21,0,0
BRDA:141,21,1,0
BRDA:148,22,0,5
BRDA:148,22,1,0
BRDA:155,23,0,0
BRDA:155,24,0,1
BRDA:155,25,0,0
BRDA:155,26,0,1
BRDA:161,27,0,1
BRDA:161,27,1,0
BRDA:170,28,0,1
BRDA:170,28,1,0
BRDA:180,29,0,1
BRDA:180,29,1,0
BRF:55
BRH:34
end_of_record
