TN:
SF:src\controllers\authController.js
FN:5,(anonymous_0)
FN:20,(anonymous_1)
FN:27,verifyGoogleIdToken
FN:47,(anonymous_3)
FN:88,(anonymous_4)
FN:138,(anonymous_5)
FN:155,(anonymous_6)
FN:234,(anonymous_7)
FNF:8
FNH:8
FNDA:246,(anonymous_0)
FNDA:7,(anonymous_1)
FNDA:8,verifyGoogleIdToken
FNDA:239,(anonymous_3)
FNDA:5,(anonymous_4)
FNDA:3,(anonymous_5)
FNDA:9,(anonymous_6)
FNDA:3,(anonymous_7)
DA:1,6
DA:2,6
DA:3,6
DA:5,6
DA:6,246
DA:17,6
DA:20,7
DA:28,8
DA:29,8
DA:30,8
DA:31,8
DA:32,8
DA:33,8
DA:35,8
DA:36,1
DA:38,7
DA:39,1
DA:41,6
DA:42,6
DA:43,6
DA:47,6
DA:48,239
DA:49,239
DA:52,239
DA:53,238
DA:54,1
DA:60,237
DA:64,237
DA:66,237
DA:83,1
DA:88,6
DA:89,5
DA:90,5
DA:93,5
DA:94,3
DA:95,1
DA:99,2
DA:100,2
DA:101,1
DA:106,1
DA:107,1
DA:108,1
DA:110,1
DA:112,1
DA:133,2
DA:138,6
DA:139,3
DA:140,3
DA:141,2
DA:143,1
DA:155,6
DA:156,9
DA:157,9
DA:158,9
DA:160,8
DA:161,6
DA:164,6
DA:169,6
DA:171,6
DA:173,2
DA:174,1
DA:175,1
DA:176,1
DA:177,1
DA:178,1
DA:180,1
DA:181,1
DA:185,4
DA:187,4
DA:188,4
DA:189,4
DA:190,51
DA:191,51
DA:192,51
DA:195,4
DA:196,4
DA:209,6
DA:210,6
DA:228,2
DA:229,2
DA:234,6
DA:235,3
DA:238,3
DA:239,3
DA:248,2
DA:249,2
DA:250,2
DA:252,1
LF:88
LH:88
BRDA:6,0,0,246
BRDA:6,0,1,0
BRDA:7,1,0,246
BRDA:7,1,1,246
BRDA:17,2,0,6
BRDA:17,2,1,1
BRDA:28,3,0,0
BRDA:28,3,1,8
BRDA:28,4,0,8
BRDA:28,4,1,8
BRDA:31,5,0,0
BRDA:31,5,1,8
BRDA:33,6,0,0
BRDA:33,6,1,8
BRDA:33,7,0,8
BRDA:33,7,1,8
BRDA:33,8,0,0
BRDA:33,8,1,0
BRDA:35,9,0,1
BRDA:35,9,1,7
BRDA:35,10,0,8
BRDA:35,10,1,0
BRDA:38,11,0,1
BRDA:38,11,1,6
BRDA:41,12,0,0
BRDA:41,12,1,6
BRDA:41,13,0,6
BRDA:41,13,1,6
BRDA:42,14,0,0
BRDA:42,14,1,6
BRDA:53,15,0,1
BRDA:53,15,1,237
BRDA:83,16,0,0
BRDA:83,16,1,1
BRDA:94,17,0,1
BRDA:94,17,1,2
BRDA:100,18,0,1
BRDA:100,18,1,1
BRDA:133,19,0,0
BRDA:133,19,1,2
BRDA:143,20,0,0
BRDA:143,20,1,1
BRDA:157,21,0,9
BRDA:157,21,1,2
BRDA:158,22,0,1
BRDA:158,22,1,8
BRDA:169,23,0,5
BRDA:169,23,1,1
BRDA:169,24,0,6
BRDA:169,24,1,5
BRDA:171,25,0,2
BRDA:171,25,1,4
BRDA:173,26,0,1
BRDA:173,26,1,1
BRDA:175,27,0,1
BRDA:175,27,1,1
BRDA:176,28,0,1
BRDA:176,28,1,0
BRDA:185,29,0,4
BRDA:185,29,1,0
BRDA:185,30,0,4
BRDA:185,30,1,0
BRDA:185,30,2,0
BRDA:185,31,0,0
BRDA:185,31,1,0
BRDA:185,32,0,0
BRDA:185,32,1,0
BRDA:192,33,0,1
BRDA:192,33,1,50
BRDA:198,34,0,4
BRDA:198,34,1,0
BRDA:228,35,0,2
BRDA:228,35,1,0
BRDA:229,36,0,2
BRDA:229,36,1,0
BRDA:252,37,0,0
BRDA:252,37,1,1
BRF:77
BRH:53
end_of_record
TN:
SF:src\controllers\challengeController.js
FN:11,recordMoves
FN:49,generateSudokuPuzzle
FN:62,(anonymous_2)
FN:62,(anonymous_3)
FN:67,(anonymous_4)
FN:67,(anonymous_5)
FN:68,(anonymous_6)
FN:86,(anonymous_7)
FN:103,(anonymous_8)
FN:112,(anonymous_9)
FN:204,(anonymous_10)
FN:257,(anonymous_11)
FN:291,(anonymous_12)
FN:315,(anonymous_13)
FN:353,(anonymous_14)
FN:379,(anonymous_15)
FN:414,(anonymous_16)
FN:489,(anonymous_17)
FN:545,(anonymous_18)
FN:569,(anonymous_19)
FN:597,determineWinner
FN:649,updateUserStats
FNF:22
FNH:22
FNDA:9,recordMoves
FNDA:43,generateSudokuPuzzle
FNDA:43,(anonymous_2)
FNDA:769,(anonymous_3)
FNDA:387,(anonymous_4)
FNDA:3483,(anonymous_5)
FNDA:387,(anonymous_6)
FNDA:2,(anonymous_7)
FNDA:1,(anonymous_8)
FNDA:46,(anonymous_9)
FNDA:10,(anonymous_10)
FNDA:19,(anonymous_11)
FNDA:4,(anonymous_12)
FNDA:10,(anonymous_13)
FNDA:3,(anonymous_14)
FNDA:4,(anonymous_15)
FNDA:6,(anonymous_16)
FNDA:4,(anonymous_17)
FNDA:3,(anonymous_18)
FNDA:2,(anonymous_19)
FNDA:10,determineWinner
FNDA:11,updateUserStats
DA:1,7
DA:2,7
DA:3,7
DA:12,9
DA:13,9
DA:14,9
DA:15,9
DA:16,9
DA:17,9
DA:18,8
DA:19,8
DA:26,8
DA:27,8
DA:28,8
DA:29,8
DA:30,8
DA:31,8
DA:32,72
DA:33,648
DA:34,648
DA:35,648
DA:36,212
DA:37,212
DA:38,212
DA:39,144
DA:40,144
DA:41,144
DA:44,8
DA:50,43
DA:62,769
DA:63,43
DA:64,43
DA:65,387
DA:67,3483
DA:68,387
DA:69,43
DA:70,43
DA:72,43
DA:73,43
DA:74,2036
DA:75,2036
DA:76,2036
DA:77,1545
DA:78,1545
DA:82,43
DA:86,7
DA:87,2
DA:88,2
DA:89,2
DA:91,2
DA:102,1
DA:103,1
DA:105,1
DA:107,1
DA:112,7
DA:113,46
DA:114,46
DA:118,46
DA:119,44
DA:122,43
DA:123,42
DA:124,1
DA:127,2
DA:128,1
DA:130,1
DA:131,1
DA:132,1
DA:135,41
DA:139,41
DA:145,41
DA:146,2
DA:149,39
DA:157,39
DA:158,1
DA:161,38
DA:163,38
DA:173,38
DA:184,38
DA:185,38
DA:197,38
DA:199,1
DA:204,7
DA:205,10
DA:206,10
DA:213,9
DA:220,9
DA:231,9
DA:244,9
DA:252,1
DA:257,7
DA:258,19
DA:259,19
DA:261,19
DA:267,18
DA:268,1
DA:271,17
DA:272,17
DA:276,17
DA:277,17
DA:279,17
DA:284,17
DA:286,1
DA:291,7
DA:292,4
DA:293,4
DA:295,4
DA:301,3
DA:302,1
DA:305,2
DA:306,2
DA:308,2
DA:310,1
DA:315,7
DA:316,10
DA:317,10
DA:319,10
DA:328,9
DA:329,1
DA:332,8
DA:333,8
DA:338,8
DA:339,8
DA:341,8
DA:346,8
DA:348,1
DA:353,7
DA:354,3
DA:355,3
DA:357,3
DA:368,2
DA:369,1
DA:372,1
DA:374,1
DA:379,7
DA:380,4
DA:381,4
DA:382,4
DA:384,4
DA:393,3
DA:394,1
DA:397,2
DA:398,2
DA:400,2
DA:401,2
DA:402,2
DA:403,2
DA:405,2
DA:407,2
DA:409,1
DA:414,7
DA:415,6
DA:416,6
DA:417,6
DA:419,6
DA:428,5
DA:429,1
DA:432,4
DA:433,4
DA:434,4
DA:436,4
DA:440,4
DA:449,4
DA:450,4
DA:451,4
DA:452,4
DA:460,4
DA:463,4
DA:470,4
DA:471,4
DA:472,4
DA:482,4
DA:484,1
DA:489,7
DA:490,4
DA:491,4
DA:493,4
DA:502,3
DA:503,1
DA:506,2
DA:507,2
DA:508,2
DA:515,2
DA:527,2
DA:528,1
DA:530,1
DA:532,1
DA:538,1
DA:540,1
DA:545,7
DA:546,3
DA:547,3
DA:549,3
DA:555,2
DA:556,1
DA:559,1
DA:560,1
DA:562,1
DA:564,1
DA:569,7
DA:570,2
DA:571,2
DA:573,2
DA:582,1
DA:592,1
DA:598,10
DA:599,10
DA:601,10
DA:602,1
DA:603,1
DA:604,9
DA:605,1
DA:606,1
DA:607,8
DA:608,1
DA:609,7
DA:612,2
DA:613,2
DA:614,5
DA:615,2
DA:616,2
DA:619,3
DA:620,3
DA:622,3
DA:623,1
DA:624,1
DA:625,2
DA:626,1
DA:627,1
DA:629,1
DA:637,10
DA:638,10
DA:642,10
DA:643,10
DA:644,10
DA:645,10
DA:650,11
DA:651,2
DA:654,2
DA:657,9
DA:658,9
DA:659,9
DA:668,9
DA:678,7
DA:679,7
LF:244
LH:244
BRDA:14,0,0,0
BRDA:14,0,1,9
BRDA:14,1,0,9
BRDA:14,1,1,9
BRDA:15,2,0,9
BRDA:15,2,1,0
BRDA:16,3,0,0
BRDA:16,3,1,9
BRDA:17,4,0,9
BRDA:17,4,1,0
BRDA:18,5,0,0
BRDA:18,5,1,8
BRDA:19,6,0,8
BRDA:19,6,1,0
BRDA:20,7,0,8
BRDA:20,7,1,0
BRDA:29,8,0,8
BRDA:29,8,1,0
BRDA:34,9,0,648
BRDA:34,9,1,0
BRDA:34,10,0,648
BRDA:34,10,1,212
BRDA:35,11,0,436
BRDA:35,11,1,212
BRDA:36,12,0,212
BRDA:36,12,1,68
BRDA:37,13,0,212
BRDA:37,13,1,0
BRDA:37,14,0,212
BRDA:37,14,1,212
BRDA:38,15,0,68
BRDA:38,15,1,144
BRDA:39,16,0,144
BRDA:39,16,1,0
BRDA:39,17,0,144
BRDA:39,17,1,0
BRDA:40,18,0,144
BRDA:40,18,1,144
BRDA:41,19,0,0
BRDA:41,19,1,144
BRDA:49,20,0,0
BRDA:70,21,0,43
BRDA:70,21,1,1
BRDA:76,22,0,1545
BRDA:76,22,1,491
BRDA:107,23,0,0
BRDA:107,23,1,1
BRDA:118,24,0,44
BRDA:118,24,1,2
BRDA:122,25,0,1
BRDA:122,25,1,42
BRDA:123,26,0,1
BRDA:123,26,1,41
BRDA:127,27,0,1
BRDA:127,27,1,1
BRDA:131,28,0,1
BRDA:131,28,1,0
BRDA:145,29,0,2
BRDA:145,29,1,39
BRDA:157,30,0,1
BRDA:157,30,1,38
BRDA:161,31,0,38
BRDA:161,31,1,0
BRDA:168,32,0,38
BRDA:168,32,1,0
BRDA:184,33,0,38
BRDA:184,33,1,0
BRDA:187,34,0,38
BRDA:187,34,1,0
BRDA:199,35,0,0
BRDA:199,35,1,1
BRDA:252,36,0,0
BRDA:252,36,1,1
BRDA:267,37,0,1
BRDA:267,37,1,17
BRDA:286,38,0,0
BRDA:286,38,1,1
BRDA:301,39,0,1
BRDA:301,39,1,2
BRDA:310,40,0,0
BRDA:310,40,1,1
BRDA:328,41,0,1
BRDA:328,41,1,8
BRDA:348,42,0,0
BRDA:348,42,1,1
BRDA:368,43,0,1
BRDA:368,43,1,1
BRDA:374,44,0,0
BRDA:374,44,1,1
BRDA:393,45,0,1
BRDA:393,45,1,2
BRDA:398,46,0,1
BRDA:398,46,1,1
BRDA:409,47,0,0
BRDA:409,47,1,1
BRDA:428,48,0,1
BRDA:428,48,1,4
BRDA:433,49,0,2
BRDA:433,49,1,2
BRDA:434,50,0,2
BRDA:434,50,1,2
BRDA:475,51,0,4
BRDA:475,51,1,0
BRDA:484,52,0,0
BRDA:484,52,1,1
BRDA:502,53,0,1
BRDA:502,53,1,2
BRDA:507,54,0,2
BRDA:507,54,1,0
BRDA:508,55,0,2
BRDA:508,55,1,0
BRDA:527,56,0,1
BRDA:527,56,1,1
BRDA:540,57,0,0
BRDA:540,57,1,1
BRDA:555,58,0,1
BRDA:555,58,1,1
BRDA:564,59,0,0
BRDA:564,59,1,1
BRDA:588,60,0,0
BRDA:588,60,1,1
BRDA:592,61,0,0
BRDA:592,61,1,1
BRDA:601,62,0,1
BRDA:601,62,1,9
BRDA:601,63,0,10
BRDA:601,63,1,2
BRDA:604,64,0,1
BRDA:604,64,1,8
BRDA:604,65,0,9
BRDA:604,65,1,2
BRDA:607,66,0,1
BRDA:607,66,1,7
BRDA:607,67,0,8
BRDA:607,67,1,1
BRDA:609,68,0,2
BRDA:609,68,1,5
BRDA:609,69,0,7
BRDA:609,69,1,5
BRDA:614,70,0,2
BRDA:614,70,1,3
BRDA:614,71,0,5
BRDA:614,71,1,5
BRDA:622,72,0,1
BRDA:622,72,1,2
BRDA:625,73,0,1
BRDA:625,73,1,1
BRDA:644,74,0,0
BRDA:644,74,1,10
BRDA:650,75,0,2
BRDA:650,75,1,9
BRDA:657,76,0,9
BRDA:657,76,1,0
BRDA:657,77,0,9
BRDA:657,77,1,9
BRDA:658,78,0,9
BRDA:658,78,1,0
BRDA:661,79,0,9
BRDA:661,79,1,0
BRDA:662,80,0,9
BRDA:662,80,1,0
BRDA:670,81,0,9
BRDA:670,81,1,0
BRDA:671,82,0,9
BRDA:671,82,1,0
BRDA:678,83,0,7
BRDA:678,83,1,0
BRF:167
BRH:124
end_of_record
TN:
SF:src\controllers\gameController.js
FN:10,isCompleteValidSudoku
FN:15,(anonymous_1)
FN:21,(anonymous_2)
FN:31,(anonymous_3)
FN:44,(anonymous_4)
FN:71,(anonymous_5)
FN:92,(anonymous_6)
FN:167,(anonymous_7)
FNF:8
FNH:8
FNDA:16,isCompleteValidSudoku
FNDA:9,(anonymous_1)
FNDA:192,(anonymous_2)
FNDA:567,(anonymous_3)
FNDA:8,(anonymous_4)
FNDA:3,(anonymous_5)
FNDA:5,(anonymous_6)
FNDA:3,(anonymous_7)
DA:1,7
DA:2,7
DA:3,7
DA:12,16
DA:13,16
DA:14,2
DA:15,9
DA:17,14
DA:19,0
DA:20,15
DA:21,10
DA:22,192
DA:23,1720
DA:24,191
DA:26,10
DA:27,66
DA:28,66
DA:30,7
DA:31,567
DA:33,7
DA:34,21
DA:35,63
DA:36,567
DA:37,63
DA:40,7
DA:44,7
DA:45,8
DA:46,8
DA:49,8
DA:52,7
DA:59,7
DA:60,1
DA:61,1
DA:64,7
DA:66,1
DA:71,7
DA:72,3
DA:73,3
DA:75,3
DA:76,2
DA:77,1
DA:80,1
DA:81,1
DA:82,1
DA:83,1
DA:85,1
DA:87,1
DA:92,7
DA:93,5
DA:94,5
DA:96,5
DA:97,4
DA:98,1
DA:103,3
DA:104,3
DA:105,3
DA:106,3
DA:111,3
DA:113,3
DA:114,3
DA:115,3
DA:116,3
DA:117,3
DA:118,3
DA:121,3
DA:122,2
DA:123,2
DA:124,2
DA:125,2
DA:128,2
DA:129,2
DA:130,2
DA:131,2
DA:132,2
DA:133,2
DA:134,2
DA:135,2
DA:136,2
DA:137,2
DA:139,2
DA:140,2
DA:141,2
DA:144,2
DA:145,2
DA:147,1
DA:148,1
DA:149,1
DA:150,1
DA:153,3
DA:155,3
DA:161,1
DA:162,1
DA:167,7
DA:168,3
DA:169,3
DA:171,3
DA:176,2
DA:178,2
DA:180,1
DA:184,7
DA:185,7
LF:101
LH:100
BRDA:13,0,0,2
BRDA:13,0,1,14
BRDA:14,1,0,1
BRDA:14,1,1,1
BRDA:20,2,0,5
BRDA:20,2,1,10
BRDA:20,3,0,15
BRDA:20,3,1,10
BRDA:23,4,0,1
BRDA:23,4,1,1719
BRDA:23,5,0,1720
BRDA:23,5,1,1720
BRDA:23,5,2,1719
BRDA:27,6,0,0
BRDA:27,6,1,66
BRDA:27,7,0,66
BRDA:27,7,1,66
BRDA:28,8,0,3
BRDA:28,8,1,63
BRDA:31,9,0,0
BRDA:31,9,1,63
BRDA:37,10,0,0
BRDA:37,10,1,63
BRDA:55,11,0,7
BRDA:55,11,1,7
BRDA:59,12,0,1
BRDA:59,12,1,6
BRDA:66,13,0,0
BRDA:66,13,1,1
BRDA:76,14,0,1
BRDA:76,14,1,1
BRDA:87,15,0,0
BRDA:87,15,1,1
BRDA:97,16,0,1
BRDA:97,16,1,3
BRDA:103,17,0,3
BRDA:103,17,1,0
BRDA:104,18,0,3
BRDA:104,18,1,0
BRDA:105,19,0,3
BRDA:105,19,1,3
BRDA:106,20,0,3
BRDA:106,20,1,3
BRDA:111,21,0,3
BRDA:111,21,1,0
BRDA:111,22,0,3
BRDA:111,22,1,3
BRDA:113,23,0,2
BRDA:113,23,1,1
BRDA:118,24,0,2
BRDA:118,24,1,1
BRDA:121,25,0,2
BRDA:121,25,1,1
BRDA:139,26,0,2
BRDA:139,26,1,0
BRDA:140,27,0,2
BRDA:140,27,1,0
BRDA:162,28,0,0
BRDA:162,28,1,1
BRDA:169,29,0,3
BRDA:169,30,0,3
BRDA:180,31,0,0
BRDA:180,31,1,1
BRDA:184,32,0,7
BRDA:184,32,1,0
BRF:65
BRH:52
end_of_record
TN:
SF:src\controllers\leaderboardController.js
FN:5,(anonymous_0)
FN:14,(anonymous_1)
FN:32,(anonymous_2)
FN:55,(anonymous_3)
FNF:4
FNH:4
FNDA:5,(anonymous_0)
FNDA:8,(anonymous_1)
FNDA:2,(anonymous_2)
FNDA:3,(anonymous_3)
DA:1,6
DA:2,6
DA:5,6
DA:6,5
DA:7,5
DA:9,5
DA:14,8
DA:24,4
DA:26,1
DA:27,1
DA:32,6
DA:33,2
DA:34,2
DA:37,2
DA:38,2
DA:39,2
DA:40,2
DA:42,2
DA:47,1
DA:49,1
DA:50,1
DA:55,6
DA:56,3
DA:57,3
DA:58,2
DA:60,2
DA:67,1
DA:68,1
LF:28
LH:28
BRDA:7,0,0,4
BRDA:27,1,0,0
BRDA:27,1,1,1
BRDA:34,2,0,2
BRDA:50,3,0,0
BRDA:50,3,1,1
BRDA:68,4,0,0
BRDA:68,4,1,1
BRF:8
BRH:5
end_of_record
TN:
SF:src\middleware\auth.js
FN:16,(anonymous_0)
FNF:1
FNH:1
FNDA:226,(anonymous_0)
DA:9,6
DA:10,6
DA:16,6
DA:17,226
DA:19,226
DA:21,226
DA:22,3
DA:29,223
DA:32,222
DA:34,222
DA:35,0
DA:42,222
DA:43,222
DA:45,222
DA:47,1
DA:48,1
LF:16
LH:15
BRDA:21,0,0,3
BRDA:21,0,1,223
BRDA:29,1,0,223
BRDA:29,1,1,0
BRDA:34,2,0,0
BRDA:34,2,1,222
BRF:6
BRH:4
end_of_record
TN:
SF:src\models\Achievement.js
FNF:0
FNH:0
DA:1,6
DA:3,6
DA:37,6
LF:3
LH:3
BRF:0
BRH:0
end_of_record
TN:
SF:src\models\Challenge.js
FN:78,(anonymous_0)
FNF:1
FNH:1
FNDA:45,(anonymous_0)
DA:1,7
DA:3,7
DA:78,45
DA:82,7
DA:83,7
DA:84,7
DA:85,7
DA:87,7
LF:8
LH:8
BRF:0
BRH:0
end_of_record
TN:
SF:src\models\DailyChallenge.js
FNF:0
FNH:0
DA:1,6
DA:3,6
DA:27,6
LF:3
LH:3
BRF:0
BRH:0
end_of_record
TN:
SF:src\models\Game.js
FNF:0
FNH:0
DA:1,7
DA:3,7
DA:30,7
DA:31,7
DA:32,7
DA:34,7
LF:6
LH:6
BRF:0
BRH:0
end_of_record
TN:
SF:src\models\Leaderboard.js
FNF:0
FNH:0
DA:1,6
DA:3,6
DA:20,6
DA:21,6
DA:23,6
LF:5
LH:5
BRF:0
BRH:0
end_of_record
TN:
SF:src\models\Level.js
FNF:0
FNH:0
DA:1,7
DA:3,7
DA:30,7
DA:32,7
LF:4
LH:4
BRF:0
BRH:0
end_of_record
TN:
SF:src\models\Report.js
FNF:0
FNH:0
DA:1,6
DA:5,6
DA:15,6
DA:17,6
LF:4
LH:4
BRF:0
BRH:0
end_of_record
TN:
SF:src\models\ShopItem.js
FNF:0
FNH:0
DA:1,6
DA:3,6
DA:46,6
LF:3
LH:3
BRF:0
BRH:0
end_of_record
TN:
SF:src\models\User.js
FN:101,(anonymous_0)
FN:110,(anonymous_1)
FN:115,(anonymous_2)
FN:120,(anonymous_3)
FN:127,(anonymous_4)
FNF:5
FNH:3
FNDA:258,(anonymous_0)
FNDA:2,(anonymous_1)
FNDA:2,(anonymous_2)
FNDA:0,(anonymous_3)
FNDA:0,(anonymous_4)
DA:1,7
DA:2,7
DA:4,7
DA:101,7
DA:102,258
DA:103,243
DA:104,243
DA:110,7
DA:111,2
DA:115,7
DA:116,2
DA:120,7
DA:121,0
DA:122,0
DA:123,0
DA:127,7
DA:128,0
DA:129,0
DA:130,0
DA:134,7
DA:135,7
DA:136,7
DA:137,7
DA:138,7
DA:140,7
LF:25
LH:19
BRDA:102,0,0,15
BRDA:102,0,1,243
BRF:2
BRH:2
end_of_record
TN:
SF:src\routes\achievements.js
FN:8,(anonymous_0)
FN:19,(anonymous_1)
FN:24,(anonymous_2)
FN:26,(anonymous_3)
FN:27,(anonymous_4)
FN:38,(anonymous_5)
FN:44,(anonymous_6)
FNF:7
FNH:7
FNDA:2,(anonymous_0)
FNDA:3,(anonymous_1)
FNDA:1,(anonymous_2)
FNDA:1,(anonymous_3)
FNDA:1,(anonymous_4)
FNDA:7,(anonymous_5)
FNDA:6,(anonymous_6)
DA:1,6
DA:2,6
DA:3,6
DA:4,6
DA:5,6
DA:8,6
DA:9,2
DA:10,2
DA:11,1
DA:13,1
DA:14,1
DA:19,6
DA:20,3
DA:21,3
DA:22,2
DA:24,2
DA:26,1
DA:27,1
DA:30,2
DA:32,1
DA:33,1
DA:38,6
DA:39,7
DA:40,7
DA:41,6
DA:43,5
DA:44,6
DA:45,1
DA:52,4
DA:53,4
DA:54,3
DA:55,3
DA:62,3
DA:63,1
DA:67,3
DA:68,3
DA:69,3
DA:70,3
DA:72,3
DA:74,1
DA:75,1
DA:79,6
LF:42
LH:42
BRDA:14,0,0,0
BRDA:14,0,1,1
BRDA:33,1,0,0
BRDA:33,1,1,1
BRDA:41,2,0,1
BRDA:41,2,1,5
BRDA:44,3,0,1
BRDA:44,3,1,4
BRDA:52,4,0,4
BRDA:52,4,1,0
BRDA:53,5,0,3
BRDA:53,5,1,1
BRDA:54,6,0,3
BRDA:54,6,1,0
BRDA:57,7,0,3
BRDA:57,7,1,3
BRDA:57,8,0,3
BRDA:57,8,1,3
BRDA:62,9,0,1
BRDA:62,9,1,2
BRDA:62,10,0,3
BRDA:62,10,1,3
BRDA:62,11,0,3
BRDA:62,11,1,0
BRDA:68,12,0,3
BRDA:68,12,1,0
BRDA:69,13,0,3
BRDA:69,13,1,0
BRDA:75,14,0,0
BRDA:75,14,1,1
BRF:30
BRH:22
end_of_record
TN:
SF:src\routes\auth.js
FNF:0
FNH:0
DA:1,6
DA:2,6
DA:3,6
DA:4,6
DA:6,6
DA:7,6
DA:8,6
DA:9,6
DA:10,6
DA:12,6
LF:10
LH:10
BRF:0
BRH:0
end_of_record
TN:
SF:src\routes\challenges.js
FN:28,(anonymous_0)
FN:28,(anonymous_1)
FN:29,(anonymous_2)
FN:29,(anonymous_3)
FN:53,(anonymous_4)
FN:106,(anonymous_5)
FN:145,(anonymous_6)
FN:155,(anonymous_7)
FNF:8
FNH:6
FNDA:24,(anonymous_0)
FNDA:8,(anonymous_1)
FNDA:8,(anonymous_2)
FNDA:8,(anonymous_3)
FNDA:2,(anonymous_4)
FNDA:1,(anonymous_5)
FNDA:0,(anonymous_6)
FNDA:0,(anonymous_7)
DA:1,6
DA:2,6
DA:3,6
DA:17,6
DA:20,6
DA:23,6
DA:28,24
DA:29,8
DA:30,8
DA:31,0
DA:33,8
DA:35,6
DA:36,6
DA:37,6
DA:38,6
DA:41,6
DA:44,6
DA:51,6
DA:52,6
DA:53,6
DA:54,2
DA:57,2
DA:58,0
DA:63,2
DA:74,2
DA:75,1
DA:97,0
DA:98,0
DA:106,6
DA:107,1
DA:108,1
DA:109,0
DA:111,1
DA:115,1
DA:116,1
DA:137,0
DA:138,0
DA:145,6
DA:146,0
DA:147,0
DA:153,0
DA:155,0
DA:166,0
DA:167,0
DA:172,6
DA:175,6
DA:178,6
DA:181,6
DA:184,6
DA:187,6
DA:190,6
DA:193,6
DA:195,6
LF:53
LH:40
BRDA:30,0,0,8
BRDA:30,0,1,0
BRDA:30,1,0,8
BRDA:30,1,1,8
BRDA:30,1,2,8
BRDA:57,2,0,0
BRDA:57,2,1,2
BRDA:74,3,0,1
BRDA:74,3,1,1
BRDA:88,4,0,1
BRDA:88,4,1,0
BRDA:89,5,0,1
BRDA:89,5,1,0
BRDA:90,6,0,1
BRDA:90,6,1,1
BRDA:91,7,0,1
BRDA:91,7,1,0
BRDA:92,8,0,1
BRDA:92,8,1,1
BRDA:93,9,0,1
BRDA:93,9,1,1
BRDA:108,10,0,0
BRDA:108,10,1,1
BRDA:115,11,0,0
BRDA:115,11,1,1
BRDA:126,12,0,1
BRDA:126,12,1,0
BRDA:127,13,0,1
BRDA:127,13,1,0
BRDA:128,14,0,1
BRDA:128,14,1,0
BRDA:129,15,0,1
BRDA:129,15,1,0
BRDA:130,16,0,1
BRDA:130,16,1,1
BRDA:131,17,0,1
BRDA:131,17,1,0
BRDA:132,18,0,1
BRDA:132,18,1,1
BRDA:133,19,0,1
BRDA:133,19,1,1
BRDA:159,20,0,0
BRDA:159,20,1,0
BRF:43
BRH:29
end_of_record
TN:
SF:src\routes\daily.js
FN:8,(anonymous_0)
FN:35,generatePuzzle
FN:36,(anonymous_2)
FN:38,generateSolution
FN:39,(anonymous_4)
FN:43,(anonymous_5)
FNF:6
FNH:6
FNDA:4,(anonymous_0)
FNDA:3,generatePuzzle
FNDA:27,(anonymous_2)
FNDA:3,generateSolution
FNDA:27,(anonymous_4)
FNDA:4,(anonymous_5)
DA:1,6
DA:2,6
DA:3,6
DA:4,6
DA:5,6
DA:8,6
DA:9,4
DA:10,4
DA:11,4
DA:14,3
DA:16,3
DA:24,3
DA:25,3
DA:27,3
DA:29,1
DA:30,1
DA:36,27
DA:39,27
DA:43,6
DA:44,4
DA:45,4
DA:46,4
DA:48,4
DA:49,3
DA:51,3
DA:52,1
DA:56,2
DA:57,2
DA:58,2
DA:60,2
DA:61,2
DA:62,2
DA:65,2
DA:66,2
DA:67,2
DA:68,2
DA:70,2
DA:72,2
DA:78,1
DA:79,1
DA:83,6
LF:41
LH:41
BRDA:14,0,0,3
BRDA:14,0,1,0
BRDA:30,1,0,0
BRDA:30,1,1,1
BRDA:51,2,0,1
BRDA:51,2,1,2
BRDA:61,3,0,0
BRDA:61,3,1,2
BRDA:79,4,0,0
BRDA:79,4,1,1
BRF:10
BRH:6
end_of_record
TN:
SF:src\routes\games.js
FNF:0
FNH:0
DA:1,6
DA:2,6
DA:3,6
DA:4,6
DA:6,6
DA:7,6
DA:8,6
DA:9,6
DA:11,6
LF:9
LH:9
BRF:0
BRH:0
end_of_record
TN:
SF:src\routes\leaderboard.js
FNF:0
FNH:0
DA:1,6
DA:2,6
DA:3,6
DA:4,6
DA:6,6
DA:7,6
DA:8,6
DA:10,6
LF:8
LH:8
BRF:0
BRH:0
end_of_record
TN:
SF:src\routes\levels.js
FN:8,(anonymous_0)
FN:13,(anonymous_1)
FN:27,(anonymous_2)
FNF:3
FNH:3
FNDA:3,(anonymous_0)
FNDA:2,(anonymous_1)
FNDA:3,(anonymous_2)
DA:1,6
DA:2,6
DA:3,6
DA:4,6
DA:5,6
DA:8,6
DA:9,3
DA:10,3
DA:11,2
DA:13,2
DA:19,2
DA:21,1
DA:22,1
DA:27,6
DA:28,3
DA:29,3
DA:30,2
DA:31,1
DA:33,1
DA:34,1
DA:38,6
LF:21
LH:21
BRDA:16,0,0,2
BRDA:16,0,1,1
BRDA:22,1,0,0
BRDA:22,1,1,1
BRDA:30,2,0,1
BRDA:30,2,1,1
BRDA:34,3,0,0
BRDA:34,3,1,1
BRF:8
BRH:6
end_of_record
TN:
SF:src\routes\reports.js
FN:8,(anonymous_0)
FNF:1
FNH:1
FNDA:1,(anonymous_0)
DA:1,6
DA:2,6
DA:3,6
DA:4,6
DA:8,6
DA:9,1
DA:10,1
DA:11,1
DA:19,1
DA:21,0
DA:25,6
LF:11
LH:10
BRDA:13,0,0,1
BRDA:13,0,1,0
BRDA:14,1,0,1
BRDA:14,1,1,1
BRDA:15,2,0,1
BRDA:15,2,1,0
BRDA:16,3,0,1
BRDA:16,3,1,0
BRDA:17,4,0,1
BRDA:17,4,1,0
BRDA:21,5,0,0
BRDA:21,5,1,0
BRF:12
BRH:6
end_of_record
TN:
SF:src\routes\shop.js
FN:8,(anonymous_0)
FN:19,(anonymous_1)
FNF:2
FNH:2
FNDA:3,(anonymous_0)
FNDA:8,(anonymous_1)
DA:1,6
DA:2,6
DA:3,6
DA:4,6
DA:5,6
DA:8,6
DA:9,3
DA:10,3
DA:11,2
DA:13,1
DA:14,1
DA:19,6
DA:20,8
DA:21,8
DA:23,8
DA:24,7
DA:26,6
DA:29,6
DA:30,1
DA:34,5
DA:35,5
DA:36,1
DA:40,4
DA:42,4
DA:43,2
DA:44,2
DA:47,2
DA:48,2
DA:49,1
DA:51,1
DA:52,1
DA:55,3
DA:57,3
DA:59,1
DA:60,1
DA:64,6
LF:36
LH:36
BRDA:14,0,0,0
BRDA:14,0,1,1
BRDA:24,1,0,1
BRDA:24,1,1,6
BRDA:29,2,0,1
BRDA:29,2,1,5
BRDA:29,3,0,6
BRDA:29,3,1,4
BRDA:35,4,0,1
BRDA:35,4,1,4
BRDA:42,5,0,2
BRDA:42,5,1,2
BRDA:44,6,0,2
BRDA:44,6,1,0
BRDA:48,7,0,1
BRDA:48,7,1,1
BRDA:51,8,0,1
BRDA:51,8,1,0
BRDA:60,9,0,0
BRDA:60,9,1,1
BRF:20
BRH:16
end_of_record
TN:
SF:src\routes\stats.js
FN:8,(anonymous_0)
FN:33,(anonymous_1)
FNF:2
FNH:2
FNDA:2,(anonymous_0)
FNDA:3,(anonymous_1)
DA:1,6
DA:2,6
DA:3,6
DA:4,6
DA:5,6
DA:8,6
DA:9,2
DA:10,2
DA:11,1
DA:12,1
DA:14,1
DA:16,1
DA:27,1
DA:28,1
DA:33,6
DA:34,3
DA:35,3
DA:36,2
DA:40,2
DA:49,1
DA:50,1
DA:54,6
LF:22
LH:22
BRDA:22,0,0,0
BRDA:22,0,1,1
BRDA:28,1,0,0
BRDA:28,1,1,1
BRDA:50,2,0,0
BRDA:50,2,1,1
BRF:6
BRH:3
end_of_record
TN:
SF:src\routes\turn.js
FN:16,(anonymous_0)
FNF:1
FNH:1
FNDA:2,(anonymous_0)
DA:12,6
DA:13,6
DA:14,6
DA:16,6
DA:17,2
DA:18,2
DA:19,2
DA:21,2
DA:26,2
DA:27,1
DA:28,1
DA:29,1
DA:30,1
DA:31,1
DA:32,1
DA:38,2
DA:41,6
LF:17
LH:17
BRDA:18,0,0,2
BRDA:18,0,1,2
BRDA:19,1,0,2
BRDA:19,1,1,2
BRDA:26,2,0,1
BRDA:26,2,1,1
BRDA:29,3,0,1
BRDA:29,3,1,0
BRF:8
BRH:7
end_of_record
TN:
SF:src\routes\users.js
FN:9,(anonymous_0)
FN:35,(anonymous_1)
FN:55,(anonymous_2)
FN:69,(anonymous_3)
FN:92,(anonymous_4)
FN:134,(anonymous_5)
FN:148,(anonymous_6)
FN:164,(anonymous_7)
FN:192,(anonymous_8)
FN:207,(anonymous_9)
FN:227,(anonymous_10)
FN:238,(anonymous_11)
FN:248,(anonymous_12)
FNF:13
FNH:13
FNDA:5,(anonymous_0)
FNDA:2,(anonymous_1)
FNDA:1,(anonymous_2)
FNDA:5,(anonymous_3)
FNDA:1,(anonymous_4)
FNDA:3,(anonymous_5)
FNDA:3,(anonymous_6)
FNDA:3,(anonymous_7)
FNDA:3,(anonymous_8)
FNDA:3,(anonymous_9)
FNDA:5,(anonymous_10)
FNDA:3,(anonymous_11)
FNDA:3,(anonymous_12)
DA:1,6
DA:2,6
DA:3,6
DA:4,6
DA:9,6
DA:10,5
DA:11,5
DA:12,5
DA:14,3
DA:15,3
DA:22,2
DA:24,1
DA:25,1
DA:35,6
DA:36,2
DA:37,2
DA:40,2
DA:41,2
DA:54,1
DA:55,1
DA:56,1
DA:58,1
DA:59,1
DA:69,6
DA:70,5
DA:71,5
DA:72,5
DA:73,5
DA:74,5
DA:77,4
DA:82,3
DA:83,3
DA:92,3
DA:93,1
DA:94,1
DA:95,1
DA:96,1
DA:98,1
DA:109,3
DA:128,1
DA:129,1
DA:134,6
DA:135,3
DA:138,3
DA:139,2
DA:140,1
DA:142,1
DA:143,1
DA:148,6
DA:149,3
DA:152,3
DA:153,3
DA:154,3
DA:155,2
DA:156,2
DA:158,1
DA:159,1
DA:164,6
DA:165,3
DA:166,3
DA:167,1
DA:175,2
DA:176,2
DA:181,32
DA:183,2
DA:184,1
DA:186,1
DA:187,1
DA:192,6
DA:193,3
DA:194,3
DA:195,1
DA:198,2
DA:199,1
DA:201,1
DA:202,1
DA:207,6
DA:208,3
DA:211,3
DA:212,1
DA:214,2
DA:215,1
DA:216,1
DA:217,1
DA:218,1
DA:220,1
DA:221,1
DA:227,6
DA:228,5
DA:229,5
DA:230,4
DA:231,3
DA:233,1
DA:234,1
DA:238,6
DA:239,3
DA:240,3
DA:241,2
DA:243,1
DA:244,1
DA:248,6
DA:249,3
DA:250,3
DA:251,2
DA:253,1
DA:254,1
DA:258,6
LF:107
LH:107
BRDA:11,0,0,5
BRDA:11,0,1,1
BRDA:12,1,0,2
BRDA:12,1,1,3
BRDA:12,2,0,5
BRDA:12,2,1,4
BRDA:25,3,0,0
BRDA:25,3,1,1
BRDA:59,4,0,0
BRDA:59,4,1,1
BRDA:71,5,0,5
BRDA:71,5,1,0
BRDA:72,6,0,0
BRDA:72,6,1,5
BRDA:77,7,0,1
BRDA:77,7,1,3
BRDA:94,8,0,1
BRDA:94,8,1,0
BRDA:95,9,0,1
BRDA:95,9,1,0
BRDA:96,10,0,0
BRDA:96,10,1,1
BRDA:97,11,0,1
BRDA:97,11,1,0
BRDA:97,12,0,1
BRDA:97,12,1,1
BRDA:100,13,0,1
BRDA:100,13,1,0
BRDA:101,14,0,1
BRDA:101,14,1,0
BRDA:102,15,0,1
BRDA:102,15,1,0
BRDA:103,16,0,1
BRDA:103,16,1,0
BRDA:113,17,0,3
BRDA:113,17,1,0
BRDA:114,18,0,3
BRDA:114,18,1,0
BRDA:115,19,0,3
BRDA:115,19,1,3
BRDA:120,20,0,3
BRDA:120,20,1,3
BRDA:121,21,0,3
BRDA:121,21,1,3
BRDA:122,22,0,3
BRDA:122,22,1,3
BRDA:123,23,0,3
BRDA:123,23,1,3
BRDA:129,24,0,0
BRDA:129,24,1,1
BRDA:138,25,0,1
BRDA:138,25,1,2
BRDA:143,26,0,0
BRDA:143,26,1,1
BRDA:152,27,0,3
BRDA:152,27,1,1
BRDA:153,28,0,2
BRDA:153,28,1,1
BRDA:155,29,0,0
BRDA:155,29,1,2
BRDA:159,30,0,0
BRDA:159,30,1,1
BRDA:166,31,0,1
BRDA:166,31,1,2
BRDA:166,32,0,3
BRDA:166,32,1,1
BRDA:187,33,0,0
BRDA:187,33,1,1
BRDA:194,34,0,1
BRDA:194,34,1,2
BRDA:194,35,0,3
BRDA:194,35,1,1
BRDA:202,36,0,0
BRDA:202,36,1,1
BRDA:211,37,0,1
BRDA:211,37,1,2
BRDA:211,38,0,3
BRDA:211,38,1,1
BRDA:215,39,0,0
BRDA:215,39,1,1
BRDA:221,40,0,0
BRDA:221,40,1,1
BRDA:229,41,0,1
BRDA:229,41,1,4
BRDA:234,42,0,0
BRDA:234,42,1,1
BRDA:244,43,0,0
BRDA:244,43,1,1
BRDA:251,44,0,2
BRDA:251,44,1,0
BRDA:254,45,0,0
BRDA:254,45,1,1
BRF:92
BRH:66
end_of_record
TN:
SF:src\routes\youtube.js
FN:29,notConfigured
FN:38,accessTokenFor
FN:46,(anonymous_2)
FN:56,(anonymous_3)
FN:58,(anonymous_4)
FN:73,(anonymous_5)
FN:100,(anonymous_6)
FN:113,(anonymous_7)
FN:131,(anonymous_8)
FN:147,(anonymous_9)
FNF:10
FNH:8
FNDA:0,notConfigured
FNDA:3,accessTokenFor
FNDA:3,(anonymous_2)
FNDA:9,(anonymous_3)
FNDA:4,(anonymous_4)
FNDA:0,(anonymous_5)
FNDA:4,(anonymous_6)
FNDA:2,(anonymous_7)
FNDA:2,(anonymous_8)
FNDA:1,(anonymous_9)
DA:18,6
DA:19,6
DA:20,6
DA:21,6
DA:22,6
DA:23,6
DA:25,6
DA:27,6
DA:30,0
DA:39,3
DA:40,3
DA:41,3
DA:42,2
DA:46,6
DA:47,3
DA:50,3
DA:51,3
DA:52,3
DA:56,6
DA:57,9
DA:58,9
DA:62,9
DA:63,8
DA:64,7
DA:67,7
DA:68,1
DA:70,6
DA:71,6
DA:72,5
DA:73,5
DA:75,5
DA:84,5
DA:86,5
DA:88,5
DA:90,1
DA:92,4
DA:94,1
DA:95,1
DA:100,6
DA:101,4
DA:102,4
DA:113,6
DA:114,2
DA:115,2
DA:116,2
DA:117,1
DA:118,1
DA:123,1
DA:125,1
DA:131,6
DA:132,2
DA:133,2
DA:134,2
DA:135,1
DA:137,1
DA:138,1
DA:139,1
DA:140,1
DA:142,0
DA:147,6
DA:148,1
DA:151,1
DA:154,6
LF:63
LH:61
BRDA:25,0,0,6
BRDA:25,0,1,0
BRDA:27,1,0,6
BRDA:27,1,1,6
BRDA:41,2,0,1
BRDA:41,2,1,2
BRDA:47,3,0,0
BRDA:47,3,1,3
BRDA:50,4,0,1
BRDA:50,4,1,2
BRDA:62,5,0,1
BRDA:62,5,1,8
BRDA:63,6,0,1
BRDA:63,6,1,7
BRDA:63,7,0,8
BRDA:63,7,1,7
BRDA:64,8,0,0
BRDA:64,8,1,7
BRDA:77,9,0,5
BRDA:77,9,1,0
BRDA:84,10,0,5
BRDA:84,10,1,0
BRDA:88,11,0,1
BRDA:88,11,1,4
BRDA:101,12,0,4
BRDA:101,12,1,0
BRDA:106,13,0,4
BRDA:106,13,1,3
BRDA:107,14,0,4
BRDA:107,14,1,3
BRDA:114,15,0,0
BRDA:114,15,1,2
BRDA:117,16,0,1
BRDA:117,16,1,0
BRDA:119,17,0,1
BRDA:119,17,1,0
BRDA:120,18,0,1
BRDA:120,18,1,0
BRDA:132,19,0,0
BRDA:132,19,1,2
BRDA:133,20,0,2
BRDA:133,20,1,0
BRDA:134,21,0,1
BRDA:134,21,1,1
BRDA:134,22,0,2
BRDA:134,22,1,2
BRF:46
BRH:34
end_of_record
TN:
SF:src\services\socketService.js
FN:18,initializeSocket
FN:22,(anonymous_1)
FN:46,(anonymous_2)
FN:74,(anonymous_3)
FN:89,(anonymous_4)
FN:99,(anonymous_5)
FN:115,(anonymous_6)
FN:131,(anonymous_7)
FN:158,(anonymous_8)
FN:174,(anonymous_9)
FN:185,(anonymous_10)
FN:197,(anonymous_11)
FN:209,(anonymous_12)
FN:219,(anonymous_13)
FN:232,(anonymous_14)
FN:236,(anonymous_15)
FN:252,(anonymous_16)
FN:256,(anonymous_17)
FN:260,(anonymous_18)
FN:264,(anonymous_19)
FN:272,(anonymous_20)
FN:276,(anonymous_21)
FN:280,(anonymous_22)
FN:284,(anonymous_23)
FN:292,(anonymous_24)
FN:297,(anonymous_25)
FN:310,(anonymous_26)
FN:330,(anonymous_27)
FN:347,getSocketForUser
FN:351,isUserOnline
FN:355,getOnlineUsersCount
FN:363,notifyUser
FN:373,broadcast
FNF:33
FNH:32
FNDA:6,initializeSocket
FNDA:30,(anonymous_1)
FNDA:28,(anonymous_2)
FNDA:17,(anonymous_3)
FNDA:1,(anonymous_4)
FNDA:3,(anonymous_5)
FNDA:1,(anonymous_6)
FNDA:1,(anonymous_7)
FNDA:1,(anonymous_8)
FNDA:1,(anonymous_9)
FNDA:2,(anonymous_10)
FNDA:2,(anonymous_11)
FNDA:1,(anonymous_12)
FNDA:1,(anonymous_13)
FNDA:12,(anonymous_14)
FNDA:3,(anonymous_15)
FNDA:2,(anonymous_16)
FNDA:1,(anonymous_17)
FNDA:1,(anonymous_18)
FNDA:1,(anonymous_19)
FNDA:1,(anonymous_20)
FNDA:1,(anonymous_21)
FNDA:1,(anonymous_22)
FNDA:1,(anonymous_23)
FNDA:1,(anonymous_24)
FNDA:1,(anonymous_25)
FNDA:28,(anonymous_26)
FNDA:0,(anonymous_27)
FNDA:2,getSocketForUser
FNDA:2,isUserOnline
FNDA:1,getOnlineUsersCount
FNDA:40,notifyUser
FNDA:5,broadcast
DA:6,7
DA:7,7
DA:8,7
DA:11,7
DA:12,7
DA:16,7
DA:19,6
DA:22,6
DA:23,30
DA:24,30
DA:26,30
DA:27,1
DA:30,29
DA:31,28
DA:33,28
DA:34,0
DA:37,28
DA:38,28
DA:40,1
DA:41,1
DA:46,6
DA:47,28
DA:48,28
DA:50,28
DA:53,28
DA:54,28
DA:58,28
DA:59,28
DA:60,0
DA:63,28
DA:74,28
DA:75,17
DA:76,17
DA:77,17
DA:80,16
DA:81,16
DA:84,0
DA:89,28
DA:90,1
DA:91,1
DA:99,28
DA:100,3
DA:101,3
DA:102,2
DA:103,2
DA:104,1
DA:105,1
DA:108,0
DA:115,28
DA:116,1
DA:118,1
DA:119,1
DA:126,1
DA:131,28
DA:132,1
DA:133,1
DA:137,1
DA:139,1
DA:146,1
DA:147,1
DA:148,1
DA:150,1
DA:153,0
DA:158,28
DA:159,1
DA:160,1
DA:161,1
DA:162,1
DA:163,1
DA:164,1
DA:166,1
DA:169,0
DA:174,28
DA:175,1
DA:179,1
DA:185,28
DA:187,2
DA:197,28
DA:198,2
DA:205,2
DA:209,28
DA:210,1
DA:215,1
DA:219,28
DA:220,1
DA:232,28
DA:233,12
DA:236,28
DA:237,3
DA:241,2
DA:242,2
DA:245,2
DA:246,2
DA:252,28
DA:253,2
DA:254,1
DA:256,28
DA:257,1
DA:258,1
DA:260,28
DA:261,1
DA:262,1
DA:264,28
DA:265,1
DA:266,1
DA:272,28
DA:273,1
DA:274,1
DA:276,28
DA:277,1
DA:278,1
DA:280,28
DA:281,1
DA:282,1
DA:284,28
DA:285,1
DA:286,1
DA:292,28
DA:293,1
DA:297,28
DA:298,1
DA:299,1
DA:300,1
DA:305,1
DA:306,0
DA:310,28
DA:311,28
DA:316,28
DA:317,28
DA:320,28
DA:321,28
DA:322,3
DA:325,28
DA:330,6
DA:331,0
DA:332,0
DA:333,0
DA:338,0
DA:342,6
DA:348,2
DA:352,2
DA:356,1
DA:364,40
DA:365,40
DA:366,40
DA:367,2
DA:368,2
DA:374,5
DA:375,5
DA:376,5
DA:379,7
LF:151
LH:140
BRDA:24,0,0,30
BRDA:24,0,1,1
BRDA:26,1,0,1
BRDA:26,1,1,29
BRDA:30,2,0,29
BRDA:30,2,1,0
BRDA:33,3,0,0
BRDA:33,3,1,28
BRDA:77,4,0,16
BRDA:77,4,1,1
BRDA:77,5,0,17
BRDA:77,5,1,17
BRDA:77,5,2,9
BRDA:101,6,0,1
BRDA:101,6,1,2
BRDA:103,7,0,1
BRDA:103,7,1,1
BRDA:118,8,0,1
BRDA:118,8,1,0
BRDA:137,9,0,1
BRDA:137,9,1,0
BRDA:147,10,0,1
BRDA:147,10,1,0
BRDA:161,11,0,1
BRDA:161,11,1,0
BRDA:163,12,0,1
BRDA:163,12,1,0
BRDA:233,13,0,12
BRDA:233,13,1,12
BRDA:237,14,0,1
BRDA:237,14,1,2
BRDA:241,15,0,2
BRDA:241,15,1,0
BRDA:242,16,0,0
BRDA:242,16,1,2
BRDA:242,17,0,2
BRDA:242,17,1,0
BRDA:242,17,2,0
BRDA:245,18,0,0
BRDA:245,18,1,2
BRDA:245,19,0,2
BRDA:245,19,1,0
BRDA:253,20,0,1
BRDA:253,20,1,1
BRDA:257,21,0,0
BRDA:257,21,1,1
BRDA:261,22,0,0
BRDA:261,22,1,1
BRDA:265,23,0,0
BRDA:265,23,1,1
BRDA:273,24,0,0
BRDA:273,24,1,1
BRDA:274,25,0,1
BRDA:274,25,1,0
BRDA:277,26,0,0
BRDA:277,26,1,1
BRDA:281,27,0,0
BRDA:281,27,1,1
BRDA:285,28,0,0
BRDA:285,28,1,1
BRDA:317,29,0,28
BRDA:317,29,1,0
BRDA:364,30,0,0
BRDA:364,30,1,40
BRDA:366,31,0,38
BRDA:366,31,1,2
BRDA:374,32,0,0
BRDA:374,32,1,5
BRF:68
BRH:44
end_of_record
TN:
SF:src\services\youtubeService.js
FN:30,cfg
FN:38,isConfigured
FN:46,encKey
FN:52,encrypt
FN:61,decrypt
FN:76,buildConsentUrl
FN:91,exchangeCodeForTokens
FN:110,refreshAccessToken
FN:129,ytFetch
FN:140,(anonymous_9)
FN:145,getMyChannel
FN:155,createLiveBroadcast
FN:191,transitionBroadcast
FNF:13
FNH:12
FNDA:29,cfg
FNDA:18,isConfigured
FNDA:11,encKey
FNDA:8,encrypt
FNDA:8,decrypt
FNDA:3,buildConsentUrl
FNDA:6,exchangeCodeForTokens
FNDA:2,refreshAccessToken
FNDA:9,ytFetch
FNDA:0,(anonymous_9)
FNDA:5,getMyChannel
FNDA:1,createLiveBroadcast
FNDA:1,transitionBroadcast
DA:21,7
DA:23,7
DA:24,7
DA:25,7
DA:28,7
DA:31,29
DA:39,18
DA:40,18
DA:47,11
DA:48,11
DA:49,11
DA:53,8
DA:54,7
DA:55,7
DA:56,7
DA:57,7
DA:58,7
DA:62,8
DA:63,4
DA:64,4
DA:65,4
DA:66,4
DA:67,4
DA:69,1
DA:77,3
DA:78,3
DA:88,3
DA:92,6
DA:93,6
DA:100,6
DA:105,6
DA:106,6
DA:107,5
DA:111,2
DA:112,2
DA:118,2
DA:123,2
DA:124,2
DA:125,2
DA:130,9
DA:131,18
DA:132,9
DA:140,9
DA:141,9
DA:142,9
DA:146,5
DA:147,5
DA:148,5
DA:156,1
DA:157,1
DA:166,1
DA:176,1
DA:180,1
DA:181,1
DA:192,1
DA:198,7
LF:56
LH:56
BRDA:32,0,0,29
BRDA:32,0,1,0
BRDA:33,1,0,29
BRDA:33,1,1,0
BRDA:34,2,0,29
BRDA:34,2,1,3
BRDA:40,3,0,18
BRDA:40,3,1,18
BRDA:48,4,0,0
BRDA:48,4,1,11
BRDA:48,5,0,11
BRDA:48,5,1,0
BRDA:49,6,0,11
BRDA:49,6,1,0
BRDA:53,7,0,1
BRDA:53,7,1,7
BRDA:62,8,0,4
BRDA:62,8,1,4
BRDA:62,9,0,8
BRDA:62,9,1,5
BRDA:62,9,2,5
BRDA:106,10,0,1
BRDA:106,10,1,5
BRDA:106,11,0,1
BRDA:106,11,1,0
BRDA:106,12,0,1
BRDA:106,12,1,0
BRDA:124,13,0,0
BRDA:124,13,1,2
BRDA:124,14,0,0
BRDA:124,14,1,0
BRDA:129,15,0,0
BRDA:129,16,0,5
BRDA:131,17,0,9
BRDA:131,17,1,0
BRDA:136,18,0,2
BRDA:136,18,1,7
BRDA:138,19,0,2
BRDA:138,19,1,7
BRDA:141,20,0,0
BRDA:141,20,1,9
BRDA:141,21,0,0
BRDA:141,21,1,0
BRDA:148,22,0,5
BRDA:148,22,1,0
BRDA:155,23,0,0
BRDA:155,24,0,1
BRDA:155,25,0,0
BRDA:155,26,0,1
BRDA:161,27,0,1
BRDA:161,27,1,0
BRDA:170,28,0,1
BRDA:170,28,1,0
BRDA:180,29,0,1
BRDA:180,29,1,0
BRF:55
BRH:34
end_of_record
