<?xml version="1.0" encoding="UTF-8"?>
<coverage generated="1782291724632" clover="3.2.0">
  <project timestamp="1782291724633" name="All files">
    <metrics statements="614" coveredstatements="91" conditionals="366" coveredconditionals="28" methods="157" coveredmethods="14" elements="1137" coveredelements="133" complexity="0" loc="614" ncloc="614" packages="1" files="17" classes="17"/>
    <file name="api.ts" path="C:\Users\21266\Desktop\sdk52\sallysudo\mobile\utils\api.ts">
      <metrics statements="41" coveredstatements="0" conditionals="16" coveredconditionals="0" methods="26" coveredmethods="0"/>
      <line num="15" count="0" type="stmt"/>
      <line num="22" count="0" type="stmt"/>
      <line num="28" count="0" type="stmt"/>
      <line num="31" count="0" type="stmt"/>
      <line num="33" count="0" type="stmt"/>
      <line num="34" count="0" type="stmt"/>
      <line num="37" count="0" type="stmt"/>
      <line num="41" count="0" type="stmt"/>
      <line num="42" count="0" type="stmt"/>
      <line num="43" count="0" type="cond" truecount="0" falsecount="4"/>
      <line num="44" count="0" type="stmt"/>
      <line num="49" count="0" type="stmt"/>
      <line num="50" count="0" type="cond" truecount="0" falsecount="2"/>
      <line num="51" count="0" type="stmt"/>
      <line num="55" count="0" type="stmt"/>
      <line num="56" count="0" type="cond" truecount="0" falsecount="2"/>
      <line num="57" count="0" type="stmt"/>
      <line num="61" count="0" type="stmt"/>
      <line num="62" count="0" type="cond" truecount="0" falsecount="2"/>
      <line num="63" count="0" type="stmt"/>
      <line num="66" count="0" type="stmt"/>
      <line num="70" count="0" type="stmt"/>
      <line num="74" count="0" type="stmt"/>
      <line num="78" count="0" type="stmt"/>
      <line num="81" count="0" type="cond" truecount="0" falsecount="2"/>
      <line num="84" count="0" type="stmt"/>
      <line num="85" count="0" type="stmt"/>
      <line num="88" count="0" type="stmt"/>
      <line num="89" count="0" type="stmt"/>
      <line num="90" count="0" type="stmt"/>
      <line num="93" count="0" type="stmt"/>
      <line num="95" count="0" type="stmt"/>
      <line num="99" count="0" type="stmt"/>
      <line num="100" count="0" type="stmt"/>
      <line num="103" count="0" type="stmt"/>
      <line num="104" count="0" type="stmt"/>
      <line num="105" count="0" type="stmt"/>
      <line num="108" count="0" type="stmt"/>
      <line num="109" count="0" type="stmt"/>
      <line num="112" count="0" type="stmt"/>
      <line num="115" count="0" type="stmt"/>
    </file>
    <file name="changelog.ts" path="C:\Users\21266\Desktop\sdk52\sallysudo\mobile\utils\changelog.ts">
      <metrics statements="2" coveredstatements="0" conditionals="0" coveredconditionals="0" methods="0" coveredmethods="0"/>
      <line num="10" count="0" type="stmt"/>
      <line num="15" count="0" type="stmt"/>
    </file>
    <file name="daily.ts" path="C:\Users\21266\Desktop\sdk52\sallysudo\mobile\utils\daily.ts">
      <metrics statements="10" coveredstatements="0" conditionals="4" coveredconditionals="0" methods="2" coveredmethods="0"/>
      <line num="11" count="0" type="stmt"/>
      <line num="12" count="0" type="stmt"/>
      <line num="13" count="0" type="stmt"/>
      <line num="14" count="0" type="stmt"/>
      <line num="17" count="0" type="stmt"/>
      <line num="18" count="0" type="cond" truecount="0" falsecount="4"/>
      <line num="20" count="0" type="stmt"/>
      <line num="30" count="0" type="stmt"/>
      <line num="31" count="0" type="stmt"/>
      <line num="32" count="0" type="stmt"/>
    </file>
    <file name="format.ts" path="C:\Users\21266\Desktop\sdk52\sallysudo\mobile\utils\format.ts">
      <metrics statements="6" coveredstatements="0" conditionals="8" coveredconditionals="0" methods="3" coveredmethods="0"/>
      <line num="19" count="0" type="cond" truecount="0" falsecount="2"/>
      <line num="20" count="0" type="stmt"/>
      <line num="21" count="0" type="stmt"/>
      <line num="26" count="0" type="cond" truecount="0" falsecount="2"/>
      <line num="31" count="0" type="cond" truecount="0" falsecount="4"/>
      <line num="32" count="0" type="stmt"/>
    </file>
    <file name="googleAuth.ts" path="C:\Users\21266\Desktop\sdk52\sallysudo\mobile\utils\googleAuth.ts">
      <metrics statements="52" coveredstatements="0" conditionals="40" coveredconditionals="0" methods="3" coveredmethods="0"/>
      <line num="26" count="0" type="stmt"/>
      <line num="33" count="0" type="stmt"/>
      <line num="34" count="0" type="cond" truecount="0" falsecount="2"/>
      <line num="42" count="0" type="stmt"/>
      <line num="71" count="0" type="stmt"/>
      <line num="72" count="0" type="stmt"/>
      <line num="77" count="0" type="stmt"/>
      <line num="78" count="0" type="cond" truecount="0" falsecount="4"/>
      <line num="79" count="0" type="cond" truecount="0" falsecount="2"/>
      <line num="81" count="0" type="stmt"/>
      <line num="83" count="0" type="cond" truecount="0" falsecount="2"/>
      <line num="87" count="0" type="stmt"/>
      <line num="96" count="0" type="cond" truecount="0" falsecount="2"/>
      <line num="97" count="0" type="stmt"/>
      <line num="98" count="0" type="stmt"/>
      <line num="104" count="0" type="stmt"/>
      <line num="105" count="0" type="stmt"/>
      <line num="106" count="0" type="stmt"/>
      <line num="107" count="0" type="stmt"/>
      <line num="109" count="0" type="stmt"/>
      <line num="110" count="0" type="stmt"/>
      <line num="114" count="0" type="stmt"/>
      <line num="115" count="0" type="cond" truecount="0" falsecount="2"/>
      <line num="116" count="0" type="stmt"/>
      <line num="117" count="0" type="stmt"/>
      <line num="119" count="0" type="stmt"/>
      <line num="122" count="0" type="stmt"/>
      <line num="123" count="0" type="stmt"/>
      <line num="125" count="0" type="stmt"/>
      <line num="127" count="0" type="stmt"/>
      <line num="128" count="0" type="cond" truecount="0" falsecount="2"/>
      <line num="129" count="0" type="stmt"/>
      <line num="130" count="0" type="cond" truecount="0" falsecount="2"/>
      <line num="131" count="0" type="stmt"/>
      <line num="134" count="0" type="stmt"/>
      <line num="135" count="0" type="cond" truecount="0" falsecount="2"/>
      <line num="136" count="0" type="stmt"/>
      <line num="137" count="0" type="stmt"/>
      <line num="139" count="0" type="stmt"/>
      <line num="141" count="0" type="cond" truecount="0" falsecount="2"/>
      <line num="142" count="0" type="cond" truecount="0" falsecount="2"/>
      <line num="143" count="0" type="stmt"/>
      <line num="146" count="0" type="stmt"/>
      <line num="147" count="0" type="cond" truecount="0" falsecount="5"/>
      <line num="148" count="0" type="stmt"/>
      <line num="149" count="0" type="cond" truecount="0" falsecount="2"/>
      <line num="150" count="0" type="stmt"/>
      <line num="151" count="0" type="cond" truecount="0" falsecount="2"/>
      <line num="152" count="0" type="stmt"/>
      <line num="153" count="0" type="cond" truecount="0" falsecount="5"/>
      <line num="154" count="0" type="stmt"/>
      <line num="156" count="0" type="cond" truecount="0" falsecount="2"/>
    </file>
    <file name="googleAuth.web.ts" path="C:\Users\21266\Desktop\sdk52\sallysudo\mobile\utils\googleAuth.web.ts">
      <metrics statements="49" coveredstatements="0" conditionals="37" coveredconditionals="0" methods="14" coveredmethods="0"/>
      <line num="19" count="0" type="stmt"/>
      <line num="25" count="0" type="stmt"/>
      <line num="26" count="0" type="cond" truecount="0" falsecount="2"/>
      <line num="29" count="0" type="stmt"/>
      <line num="49" count="0" type="stmt"/>
      <line num="50" count="0" type="stmt"/>
      <line num="54" count="0" type="cond" truecount="0" falsecount="2"/>
      <line num="55" count="0" type="cond" truecount="0" falsecount="2"/>
      <line num="56" count="0" type="cond" truecount="0" falsecount="2"/>
      <line num="57" count="0" type="stmt"/>
      <line num="58" count="0" type="stmt"/>
      <line num="59" count="0" type="cond" truecount="0" falsecount="2"/>
      <line num="60" count="0" type="stmt"/>
      <line num="61" count="0" type="stmt"/>
      <line num="62" count="0" type="stmt"/>
      <line num="64" count="0" type="stmt"/>
      <line num="65" count="0" type="stmt"/>
      <line num="66" count="0" type="stmt"/>
      <line num="67" count="0" type="stmt"/>
      <line num="68" count="0" type="stmt"/>
      <line num="69" count="0" type="stmt"/>
      <line num="70" count="0" type="stmt"/>
      <line num="72" count="0" type="stmt"/>
      <line num="77" count="0" type="stmt"/>
      <line num="78" count="0" type="stmt"/>
      <line num="83" count="0" type="stmt"/>
      <line num="84" count="0" type="cond" truecount="0" falsecount="6"/>
      <line num="85" count="0" type="stmt"/>
      <line num="87" count="0" type="cond" truecount="0" falsecount="2"/>
      <line num="96" count="0" type="stmt"/>
      <line num="97" count="0" type="stmt"/>
      <line num="99" count="0" type="cond" truecount="0" falsecount="2"/>
      <line num="102" count="0" type="stmt"/>
      <line num="103" count="0" type="stmt"/>
      <line num="104" count="0" type="cond" truecount="0" falsecount="2"/>
      <line num="105" count="0" type="stmt"/>
      <line num="106" count="0" type="stmt"/>
      <line num="107" count="0" type="stmt"/>
      <line num="113" count="0" type="stmt"/>
      <line num="114" count="0" type="cond" truecount="0" falsecount="2"/>
      <line num="115" count="0" type="stmt"/>
      <line num="116" count="0" type="cond" truecount="0" falsecount="2"/>
      <line num="117" count="0" type="stmt"/>
      <line num="120" count="0" type="stmt"/>
      <line num="122" count="0" type="cond" truecount="0" falsecount="5"/>
      <line num="123" count="0" type="cond" truecount="0" falsecount="4"/>
      <line num="124" count="0" type="stmt"/>
      <line num="127" count="0" type="stmt"/>
      <line num="131" count="0" type="cond" truecount="0" falsecount="2"/>
    </file>
    <file name="i18n.ts" path="C:\Users\21266\Desktop\sdk52\sallysudo\mobile\utils\i18n.ts">
      <metrics statements="4" coveredstatements="0" conditionals="4" coveredconditionals="0" methods="2" coveredmethods="0"/>
      <line num="4" count="0" type="stmt"/>
      <line num="2085" count="0" type="cond" truecount="0" falsecount="1"/>
      <line num="2086" count="0" type="cond" truecount="0" falsecount="3"/>
      <line num="2089" count="0" type="stmt"/>
    </file>
    <file name="legalContent.ts" path="C:\Users\21266\Desktop\sdk52\sallysudo\mobile\utils\legalContent.ts">
      <metrics statements="9" coveredstatements="0" conditionals="0" coveredconditionals="0" methods="1" coveredmethods="0"/>
      <line num="25" count="0" type="stmt"/>
      <line num="28" count="0" type="stmt"/>
      <line num="151" count="0" type="stmt"/>
      <line num="266" count="0" type="stmt"/>
      <line num="328" count="0" type="stmt"/>
      <line num="374" count="0" type="stmt"/>
      <line num="413" count="0" type="stmt"/>
      <line num="486" count="0" type="stmt"/>
      <line num="519" count="0" type="stmt"/>
    </file>
    <file name="liveCompositor.ts" path="C:\Users\21266\Desktop\sdk52\sallysudo\mobile\utils\liveCompositor.ts">
      <metrics statements="53" coveredstatements="0" conditionals="27" coveredconditionals="0" methods="5" coveredmethods="0"/>
      <line num="16" count="0" type="stmt"/>
      <line num="19" count="0" type="cond" truecount="0" falsecount="2"/>
      <line num="20" count="0" type="stmt"/>
      <line num="25" count="0" type="stmt"/>
      <line num="26" count="0" type="stmt"/>
      <line num="27" count="0" type="stmt"/>
      <line num="28" count="0" type="stmt"/>
      <line num="29" count="0" type="stmt"/>
      <line num="30" count="0" type="stmt"/>
      <line num="31" count="0" type="stmt"/>
      <line num="32" count="0" type="stmt"/>
      <line num="33" count="0" type="stmt"/>
      <line num="34" count="0" type="stmt"/>
      <line num="35" count="0" type="stmt"/>
      <line num="36" count="0" type="stmt"/>
      <line num="37" count="0" type="stmt"/>
      <line num="38" count="0" type="stmt"/>
      <line num="39" count="0" type="stmt"/>
      <line num="40" count="0" type="stmt"/>
      <line num="45" count="0" type="cond" truecount="0" falsecount="4"/>
      <line num="59" count="0" type="stmt"/>
      <line num="60" count="0" type="stmt"/>
      <line num="61" count="0" type="stmt"/>
      <line num="62" count="0" type="stmt"/>
      <line num="63" count="0" type="stmt"/>
      <line num="64" count="0" type="cond" truecount="0" falsecount="4"/>
      <line num="65" count="0" type="stmt"/>
      <line num="66" count="0" type="stmt"/>
      <line num="68" count="0" type="stmt"/>
      <line num="69" count="0" type="stmt"/>
      <line num="70" count="0" type="stmt"/>
      <line num="71" count="0" type="cond" truecount="0" falsecount="4"/>
      <line num="72" count="0" type="stmt"/>
      <line num="73" count="0" type="cond" truecount="0" falsecount="2"/>
      <line num="74" count="0" type="cond" truecount="0" falsecount="2"/>
      <line num="75" count="0" type="stmt"/>
      <line num="81" count="0" type="stmt"/>
      <line num="82" count="0" type="stmt"/>
      <line num="83" count="0" type="stmt"/>
      <line num="84" count="0" type="stmt"/>
      <line num="85" count="0" type="cond" truecount="0" falsecount="5"/>
      <line num="86" count="0" type="stmt"/>
      <line num="87" count="0" type="stmt"/>
      <line num="88" count="0" type="cond" truecount="0" falsecount="2"/>
      <line num="89" count="0" type="stmt"/>
      <line num="92" count="0" type="stmt"/>
      <line num="93" count="0" type="cond" truecount="0" falsecount="2"/>
      <line num="94" count="0" type="stmt"/>
      <line num="95" count="0" type="stmt"/>
      <line num="97" count="0" type="stmt"/>
      <line num="98" count="0" type="stmt"/>
      <line num="99" count="0" type="stmt"/>
      <line num="100" count="0" type="stmt"/>
    </file>
    <file name="powerups.ts" path="C:\Users\21266\Desktop\sdk52\sallysudo\mobile\utils\powerups.ts">
      <metrics statements="1" coveredstatements="0" conditionals="0" coveredconditionals="0" methods="0" coveredmethods="0"/>
      <line num="11" count="0" type="stmt"/>
    </file>
    <file name="socket.ts" path="C:\Users\21266\Desktop\sdk52\sallysudo\mobile\utils\socket.ts">
      <metrics statements="100" coveredstatements="0" conditionals="25" coveredconditionals="0" methods="41" coveredmethods="0"/>
      <line num="13" count="0" type="stmt"/>
      <line num="21" count="0" type="stmt"/>
      <line num="22" count="0" type="stmt"/>
      <line num="23" count="0" type="stmt"/>
      <line num="24" count="0" type="stmt"/>
      <line num="25" count="0" type="stmt"/>
      <line num="26" count="0" type="stmt"/>
      <line num="29" count="0" type="stmt"/>
      <line num="34" count="0" type="stmt"/>
      <line num="35" count="0" type="stmt"/>
      <line num="38" count="0" type="cond" truecount="0" falsecount="2"/>
      <line num="39" count="0" type="stmt"/>
      <line num="40" count="0" type="stmt"/>
      <line num="41" count="0" type="stmt"/>
      <line num="45" count="0" type="stmt"/>
      <line num="46" count="0" type="cond" truecount="0" falsecount="2"/>
      <line num="47" count="0" type="stmt"/>
      <line num="48" count="0" type="stmt"/>
      <line num="49" count="0" type="stmt"/>
      <line num="52" count="0" type="stmt"/>
      <line num="56" count="0" type="cond" truecount="0" falsecount="2"/>
      <line num="57" count="0" type="stmt"/>
      <line num="58" count="0" type="stmt"/>
      <line num="62" count="0" type="cond" truecount="0" falsecount="2"/>
      <line num="63" count="0" type="stmt"/>
      <line num="66" count="0" type="stmt"/>
      <line num="83" count="0" type="stmt"/>
      <line num="84" count="0" type="stmt"/>
      <line num="85" count="0" type="stmt"/>
      <line num="86" count="0" type="stmt"/>
      <line num="87" count="0" type="stmt"/>
      <line num="88" count="0" type="stmt"/>
      <line num="91" count="0" type="stmt"/>
      <line num="92" count="0" type="stmt"/>
      <line num="95" count="0" type="stmt"/>
      <line num="96" count="0" type="stmt"/>
      <line num="97" count="0" type="stmt"/>
      <line num="98" count="0" type="stmt"/>
      <line num="101" count="0" type="stmt"/>
      <line num="102" count="0" type="stmt"/>
      <line num="103" count="0" type="stmt"/>
      <line num="104" count="0" type="cond" truecount="0" falsecount="2"/>
      <line num="105" count="0" type="stmt"/>
      <line num="110" count="0" type="stmt"/>
      <line num="113" count="0" type="stmt"/>
      <line num="114" count="0" type="cond" truecount="0" falsecount="2"/>
      <line num="115" count="0" type="stmt"/>
      <line num="120" count="0" type="stmt"/>
      <line num="121" count="0" type="stmt"/>
      <line num="126" count="0" type="cond" truecount="0" falsecount="2"/>
      <line num="128" count="0" type="stmt"/>
      <line num="156" count="0" type="stmt"/>
      <line num="157" count="0" type="stmt"/>
      <line num="162" count="0" type="stmt"/>
      <line num="163" count="0" type="cond" truecount="0" falsecount="2"/>
      <line num="164" count="0" type="stmt"/>
      <line num="165" count="0" type="stmt"/>
      <line num="167" count="0" type="stmt"/>
      <line num="168" count="0" type="stmt"/>
      <line num="172" count="0" type="cond" truecount="0" falsecount="2"/>
      <line num="178" count="0" type="stmt"/>
      <line num="179" count="0" type="stmt"/>
      <line num="180" count="0" type="cond" truecount="0" falsecount="2"/>
      <line num="181" count="0" type="stmt"/>
      <line num="187" count="0" type="cond" truecount="0" falsecount="2"/>
      <line num="188" count="0" type="stmt"/>
      <line num="189" count="0" type="stmt"/>
      <line num="198" count="0" type="stmt"/>
      <line num="199" count="0" type="stmt"/>
      <line num="203" count="0" type="stmt"/>
      <line num="204" count="0" type="stmt"/>
      <line num="211" count="0" type="stmt"/>
      <line num="215" count="0" type="stmt"/>
      <line num="220" count="0" type="stmt"/>
      <line num="224" count="0" type="stmt"/>
      <line num="225" count="0" type="stmt"/>
      <line num="226" count="0" type="stmt"/>
      <line num="227" count="0" type="stmt"/>
      <line num="230" count="0" type="cond" truecount="0" falsecount="1"/>
      <line num="231" count="0" type="stmt"/>
      <line num="232" count="0" type="stmt"/>
      <line num="233" count="0" type="stmt"/>
      <line num="236" count="0" type="stmt"/>
      <line num="240" count="0" type="stmt"/>
      <line num="244" count="0" type="stmt"/>
      <line num="254" count="0" type="stmt"/>
      <line num="264" count="0" type="stmt"/>
      <line num="268" count="0" type="stmt"/>
      <line num="275" count="0" type="stmt"/>
      <line num="279" count="0" type="stmt"/>
      <line num="285" count="0" type="cond" truecount="0" falsecount="2"/>
      <line num="286" count="0" type="stmt"/>
      <line num="288" count="0" type="stmt"/>
      <line num="292" count="0" type="stmt"/>
      <line num="296" count="0" type="stmt"/>
      <line num="300" count="0" type="stmt"/>
      <line num="301" count="0" type="stmt"/>
      <line num="302" count="0" type="stmt"/>
      <line num="304" count="0" type="stmt"/>
      <line num="311" count="0" type="stmt"/>
    </file>
    <file name="storage.ts" path="C:\Users\21266\Desktop\sdk52\sallysudo\mobile\utils\storage.ts">
      <metrics statements="121" coveredstatements="0" conditionals="122" coveredconditionals="0" methods="26" coveredmethods="0"/>
      <line num="61" count="0" type="cond" truecount="0" falsecount="2"/>
      <line num="68" count="0" type="stmt"/>
      <line num="69" count="0" type="stmt"/>
      <line num="70" count="0" type="stmt"/>
      <line num="72" count="0" type="cond" truecount="0" falsecount="2"/>
      <line num="73" count="0" type="cond" truecount="0" falsecount="2"/>
      <line num="74" count="0" type="cond" truecount="0" falsecount="2"/>
      <line num="75" count="0" type="cond" truecount="0" falsecount="2"/>
      <line num="76" count="0" type="cond" truecount="0" falsecount="2"/>
      <line num="77" count="0" type="stmt"/>
      <line num="79" count="0" type="stmt"/>
      <line num="89" count="0" type="stmt"/>
      <line num="93" count="0" type="stmt"/>
      <line num="197" count="0" type="stmt"/>
      <line num="211" count="0" type="stmt"/>
      <line num="222" count="0" type="stmt"/>
      <line num="225" count="0" type="stmt"/>
      <line num="226" count="0" type="cond" truecount="0" falsecount="2"/>
      <line num="230" count="0" type="stmt"/>
      <line num="234" count="0" type="stmt"/>
      <line num="235" count="0" type="stmt"/>
      <line num="240" count="0" type="stmt"/>
      <line num="241" count="0" type="cond" truecount="0" falsecount="2"/>
      <line num="245" count="0" type="stmt"/>
      <line num="249" count="0" type="stmt"/>
      <line num="250" count="0" type="stmt"/>
      <line num="251" count="0" type="cond" truecount="0" falsecount="2"/>
      <line num="252" count="0" type="stmt"/>
      <line num="254" count="0" type="cond" truecount="0" falsecount="4"/>
      <line num="255" count="0" type="stmt"/>
      <line num="257" count="0" type="stmt"/>
      <line num="263" count="0" type="stmt"/>
      <line num="264" count="0" type="cond" truecount="0" falsecount="2"/>
      <line num="276" count="0" type="stmt"/>
      <line num="277" count="0" type="stmt"/>
      <line num="282" count="0" type="stmt"/>
      <line num="283" count="0" type="cond" truecount="0" falsecount="2"/>
      <line num="294" count="0" type="stmt"/>
      <line num="299" count="0" type="stmt"/>
      <line num="300" count="0" type="cond" truecount="0" falsecount="2"/>
      <line num="304" count="0" type="stmt"/>
      <line num="305" count="0" type="stmt"/>
      <line num="306" count="0" type="cond" truecount="0" falsecount="2"/>
      <line num="307" count="0" type="stmt"/>
      <line num="308" count="0" type="stmt"/>
      <line num="318" count="0" type="stmt"/>
      <line num="321" count="0" type="cond" truecount="0" falsecount="2"/>
      <line num="322" count="0" type="stmt"/>
      <line num="323" count="0" type="stmt"/>
      <line num="324" count="0" type="stmt"/>
      <line num="325" count="0" type="cond" truecount="0" falsecount="2"/>
      <line num="326" count="0" type="stmt"/>
      <line num="327" count="0" type="cond" truecount="0" falsecount="11"/>
      <line num="328" count="0" type="stmt"/>
      <line num="329" count="0" type="cond" truecount="0" falsecount="5"/>
      <line num="330" count="0" type="stmt"/>
      <line num="331" count="0" type="stmt"/>
      <line num="332" count="0" type="cond" truecount="0" falsecount="4"/>
      <line num="334" count="0" type="stmt"/>
      <line num="335" count="0" type="stmt"/>
      <line num="336" count="0" type="cond" truecount="0" falsecount="2"/>
      <line num="337" count="0" type="stmt"/>
      <line num="338" count="0" type="stmt"/>
      <line num="340" count="0" type="stmt"/>
      <line num="341" count="0" type="cond" truecount="0" falsecount="2"/>
      <line num="343" count="0" type="stmt"/>
      <line num="344" count="0" type="stmt"/>
      <line num="349" count="0" type="stmt"/>
      <line num="350" count="0" type="stmt"/>
      <line num="355" count="0" type="stmt"/>
      <line num="356" count="0" type="stmt"/>
      <line num="361" count="0" type="cond" truecount="0" falsecount="2"/>
      <line num="362" count="0" type="stmt"/>
      <line num="363" count="0" type="cond" truecount="0" falsecount="4"/>
      <line num="364" count="0" type="cond" truecount="0" falsecount="2"/>
      <line num="365" count="0" type="stmt"/>
      <line num="376" count="0" type="stmt"/>
      <line num="379" count="0" type="stmt"/>
      <line num="380" count="0" type="stmt"/>
      <line num="381" count="0" type="stmt"/>
      <line num="385" count="0" type="stmt"/>
      <line num="388" count="0" type="cond" truecount="0" falsecount="2"/>
      <line num="389" count="0" type="cond" truecount="0" falsecount="2"/>
      <line num="390" count="0" type="stmt"/>
      <line num="401" count="0" type="stmt"/>
      <line num="402" count="0" type="stmt"/>
      <line num="403" count="0" type="stmt"/>
      <line num="405" count="0" type="stmt"/>
      <line num="415" count="0" type="stmt"/>
      <line num="416" count="0" type="stmt"/>
      <line num="417" count="0" type="stmt"/>
      <line num="418" count="0" type="stmt"/>
      <line num="427" count="0" type="stmt"/>
      <line num="428" count="0" type="cond" truecount="0" falsecount="5"/>
      <line num="429" count="0" type="stmt"/>
      <line num="430" count="0" type="stmt"/>
      <line num="441" count="0" type="stmt"/>
      <line num="444" count="0" type="stmt"/>
      <line num="445" count="0" type="stmt"/>
      <line num="446" count="0" type="stmt"/>
      <line num="449" count="0" type="stmt"/>
      <line num="453" count="0" type="stmt"/>
      <line num="464" count="0" type="stmt"/>
      <line num="465" count="0" type="stmt"/>
      <line num="466" count="0" type="stmt"/>
      <line num="470" count="0" type="stmt"/>
      <line num="475" count="0" type="stmt"/>
      <line num="481" count="0" type="stmt"/>
      <line num="482" count="0" type="stmt"/>
      <line num="483" count="0" type="stmt"/>
      <line num="484" count="0" type="stmt"/>
      <line num="487" count="0" type="stmt"/>
      <line num="488" count="0" type="stmt"/>
      <line num="497" count="0" type="cond" truecount="0" falsecount="2"/>
      <line num="499" count="0" type="cond" truecount="0" falsecount="2"/>
      <line num="500" count="0" type="cond" truecount="0" falsecount="4"/>
      <line num="501" count="0" type="cond" truecount="0" falsecount="4"/>
      <line num="502" count="0" type="stmt"/>
      <line num="505" count="0" type="stmt"/>
      <line num="506" count="0" type="stmt"/>
      <line num="514" count="0" type="cond" truecount="0" falsecount="2"/>
    </file>
    <file name="sudoku.ts" path="C:\Users\21266\Desktop\sdk52\sallysudo\mobile\utils\sudoku.ts">
      <metrics statements="113" coveredstatements="91" conditionals="45" coveredconditionals="28" methods="20" coveredmethods="14"/>
      <line num="13" count="1" type="stmt"/>
      <line num="23" count="1" type="stmt"/>
      <line num="24" count="18" type="stmt"/>
      <line num="27" count="1" type="stmt"/>
      <line num="29" count="20508" type="stmt"/>
      <line num="30" count="117131" type="cond" truecount="2" falsecount="0"/>
      <line num="34" count="4975" type="stmt"/>
      <line num="35" count="35016" type="cond" truecount="2" falsecount="0"/>
      <line num="39" count="2671" type="stmt"/>
      <line num="40" count="2671" type="stmt"/>
      <line num="41" count="2671" type="stmt"/>
      <line num="42" count="7707" type="stmt"/>
      <line num="43" count="22879" type="cond" truecount="2" falsecount="0"/>
      <line num="47" count="2395" type="stmt"/>
      <line num="51" count="1" type="stmt"/>
      <line num="52" count="239" type="stmt"/>
      <line num="53" count="239" type="stmt"/>
      <line num="54" count="2056" type="stmt"/>
      <line num="55" count="2056" type="stmt"/>
      <line num="57" count="239" type="stmt"/>
      <line num="61" count="1" type="stmt"/>
      <line num="62" count="239" type="stmt"/>
      <line num="63" count="1316" type="stmt"/>
      <line num="64" count="11056" type="cond" truecount="2" falsecount="0"/>
      <line num="65" count="237" type="stmt"/>
      <line num="66" count="237" type="stmt"/>
      <line num="67" count="1280" type="cond" truecount="2" falsecount="0"/>
      <line num="68" count="237" type="stmt"/>
      <line num="69" count="237" type="cond" truecount="2" falsecount="0"/>
      <line num="70" count="75" type="stmt"/>
      <line num="73" count="75" type="stmt"/>
      <line num="77" count="2" type="stmt"/>
      <line num="81" count="1" type="cond" truecount="1" falsecount="0"/>
      <line num="82" count="71" type="stmt"/>
      <line num="84" count="71" type="stmt"/>
      <line num="85" count="2219" type="cond" truecount="2" falsecount="0"/>
      <line num="87" count="2209" type="stmt"/>
      <line num="88" count="8738" type="stmt"/>
      <line num="89" count="70550" type="cond" truecount="2" falsecount="0"/>
      <line num="90" count="2135" type="stmt"/>
      <line num="91" count="19215" type="cond" truecount="2" falsecount="0"/>
      <line num="92" count="2148" type="stmt"/>
      <line num="93" count="2148" type="stmt"/>
      <line num="94" count="2148" type="stmt"/>
      <line num="97" count="2135" type="stmt"/>
      <line num="101" count="74" type="stmt"/>
      <line num="104" count="639" type="stmt"/>
      <line num="105" count="71" type="stmt"/>
      <line num="106" count="71" type="stmt"/>
      <line num="110" count="1" type="stmt"/>
      <line num="111" count="2" type="stmt"/>
      <line num="112" count="2" type="stmt"/>
      <line num="113" count="2" type="stmt"/>
      <line num="117" count="1" type="stmt"/>
      <line num="118" count="18" type="stmt"/>
      <line num="119" count="2" type="cond" truecount="1" falsecount="1"/>
      <line num="120" count="2" type="stmt"/>
      <line num="121" count="2" type="stmt"/>
      <line num="124" count="2" type="stmt"/>
      <line num="125" count="2" type="stmt"/>
      <line num="126" count="18" type="stmt"/>
      <line num="127" count="162" type="stmt"/>
      <line num="130" count="2" type="stmt"/>
      <line num="132" count="2" type="stmt"/>
      <line num="133" count="2" type="stmt"/>
      <line num="134" count="73" type="cond" truecount="2" falsecount="0"/>
      <line num="136" count="71" type="stmt"/>
      <line num="137" count="71" type="stmt"/>
      <line num="140" count="71" type="cond" truecount="2" falsecount="0"/>
      <line num="141" count="3" type="stmt"/>
      <line num="143" count="68" type="stmt"/>
      <line num="147" count="2" type="stmt"/>
      <line num="151" count="1" type="stmt"/>
      <line num="153" count="2" type="cond" truecount="1" falsecount="1"/>
      <line num="154" count="0" type="cond" truecount="0" falsecount="2"/>
      <line num="155" count="0" type="cond" truecount="0" falsecount="2"/>
      <line num="156" count="0" type="cond" truecount="0" falsecount="2"/>
      <line num="157" count="0" type="cond" truecount="0" falsecount="2"/>
      <line num="158" count="0" type="stmt"/>
      <line num="160" count="2" type="stmt"/>
      <line num="161" count="2" type="stmt"/>
      <line num="163" count="2" type="stmt"/>
      <line num="167" count="1" type="stmt"/>
      <line num="168" count="0" type="stmt"/>
      <line num="170" count="0" type="stmt"/>
      <line num="171" count="0" type="stmt"/>
      <line num="172" count="0" type="cond" truecount="0" falsecount="2"/>
      <line num="173" count="0" type="stmt"/>
      <line num="178" count="0" type="cond" truecount="0" falsecount="2"/>
      <line num="180" count="0" type="stmt"/>
      <line num="181" count="0" type="stmt"/>
      <line num="189" count="1" type="stmt"/>
      <line num="190" count="4" type="stmt"/>
      <line num="191" count="23" type="stmt"/>
      <line num="192" count="194" type="cond" truecount="2" falsecount="0"/>
      <line num="195" count="2" type="stmt"/>
      <line num="199" count="1" type="stmt"/>
      <line num="200" count="1" type="stmt"/>
      <line num="201" count="1" type="stmt"/>
      <line num="202" count="9" type="cond" truecount="1" falsecount="1"/>
      <line num="203" count="9" type="stmt"/>
      <line num="206" count="1" type="stmt"/>
      <line num="210" count="1" type="stmt"/>
      <line num="211" count="0" type="stmt"/>
      <line num="212" count="0" type="stmt"/>
      <line num="216" count="1" type="stmt"/>
      <line num="217" count="0" type="stmt"/>
      <line num="218" count="0" type="stmt"/>
      <line num="219" count="0" type="stmt"/>
      <line num="220" count="0" type="cond" truecount="0" falsecount="2"/>
      <line num="221" count="0" type="stmt"/>
      <line num="222" count="0" type="stmt"/>
      <line num="226" count="0" type="stmt"/>
    </file>
    <file name="theme.ts" path="C:\Users\21266\Desktop\sdk52\sallysudo\mobile\utils\theme.ts">
      <metrics statements="24" coveredstatements="0" conditionals="6" coveredconditionals="0" methods="9" coveredmethods="0"/>
      <line num="53" count="0" type="stmt"/>
      <line num="82" count="0" type="stmt"/>
      <line num="112" count="0" type="stmt"/>
      <line num="116" count="0" type="stmt"/>
      <line num="122" count="0" type="stmt"/>
      <line num="133" count="0" type="stmt"/>
      <line num="136" count="0" type="cond" truecount="0" falsecount="2"/>
      <line num="139" count="0" type="stmt"/>
      <line num="140" count="0" type="stmt"/>
      <line num="143" count="0" type="stmt"/>
      <line num="147" count="0" type="stmt"/>
      <line num="148" count="0" type="stmt"/>
      <line num="149" count="0" type="stmt"/>
      <line num="153" count="0" type="stmt"/>
      <line num="154" count="0" type="stmt"/>
      <line num="155" count="0" type="cond" truecount="0" falsecount="4"/>
      <line num="156" count="0" type="stmt"/>
      <line num="157" count="0" type="stmt"/>
      <line num="164" count="0" type="stmt"/>
      <line num="165" count="0" type="stmt"/>
      <line num="166" count="0" type="stmt"/>
      <line num="167" count="0" type="stmt"/>
      <line num="168" count="0" type="stmt"/>
      <line num="170" count="0" type="stmt"/>
    </file>
    <file name="themes.ts" path="C:\Users\21266\Desktop\sdk52\sallysudo\mobile\utils\themes.ts">
      <metrics statements="1" coveredstatements="0" conditionals="0" coveredconditionals="0" methods="0" coveredmethods="0"/>
      <line num="16" count="0" type="stmt"/>
    </file>
    <file name="tutorial.ts" path="C:\Users\21266\Desktop\sdk52\sallysudo\mobile\utils\tutorial.ts">
      <metrics statements="1" coveredstatements="0" conditionals="0" coveredconditionals="0" methods="0" coveredmethods="0"/>
      <line num="10" count="0" type="stmt"/>
    </file>
    <file name="useBoardKeyboard.ts" path="C:\Users\21266\Desktop\sdk52\sallysudo\mobile\utils\useBoardKeyboard.ts">
      <metrics statements="27" coveredstatements="0" conditionals="32" coveredconditionals="0" methods="5" coveredmethods="0"/>
      <line num="16" count="0" type="stmt"/>
      <line num="17" count="0" type="stmt"/>
      <line num="18" count="0" type="stmt"/>
      <line num="19" count="0" type="cond" truecount="0" falsecount="4"/>
      <line num="20" count="0" type="stmt"/>
      <line num="21" count="0" type="stmt"/>
      <line num="22" count="0" type="cond" truecount="0" falsecount="2"/>
      <line num="24" count="0" type="stmt"/>
      <line num="25" count="0" type="cond" truecount="0" falsecount="4"/>
      <line num="26" count="0" type="stmt"/>
      <line num="27" count="0" type="stmt"/>
      <line num="28" count="0" type="cond" truecount="0" falsecount="4"/>
      <line num="29" count="0" type="stmt"/>
      <line num="30" count="0" type="stmt"/>
      <line num="31" count="0" type="stmt"/>
      <line num="33" count="0" type="cond" truecount="0" falsecount="14"/>
      <line num="34" count="0" type="stmt"/>
      <line num="35" count="0" type="stmt"/>
      <line num="36" count="0" type="stmt"/>
      <line num="37" count="0" type="stmt"/>
      <line num="38" count="0" type="stmt"/>
      <line num="39" count="0" type="stmt"/>
      <line num="40" count="0" type="stmt"/>
      <line num="41" count="0" type="stmt"/>
      <line num="43" count="0" type="cond" truecount="0" falsecount="4"/>
      <line num="46" count="0" type="stmt"/>
      <line num="47" count="0" type="stmt"/>
    </file>
  </project>
</coverage>
