<?xml version="1.0" encoding="UTF-8"?>
<coverage generated="1782306341259" clover="3.2.0">
  <project timestamp="1782306341259" name="All files">
    <metrics statements="333" coveredstatements="326" conditionals="205" coveredconditionals="191" methods="89" coveredmethods="84" elements="627" coveredelements="601" complexity="0" loc="333" ncloc="333" packages="1" files="12" classes="12"/>
    <file name="api.ts" path="C:\Users\21266\Desktop\sdk52\sallysudo\mobile\utils\api.ts">
      <metrics statements="41" coveredstatements="41" conditionals="16" coveredconditionals="14" methods="26" coveredmethods="26"/>
      <line num="15" count="2" type="stmt"/>
      <line num="22" count="2" type="stmt"/>
      <line num="28" count="2" type="stmt"/>
      <line num="31" count="2" type="stmt"/>
      <line num="33" count="5" type="stmt"/>
      <line num="34" count="32" type="stmt"/>
      <line num="37" count="32" type="stmt"/>
      <line num="41" count="32" type="stmt"/>
      <line num="42" count="32" type="stmt"/>
      <line num="43" count="32" type="cond" truecount="4" falsecount="0"/>
      <line num="44" count="30" type="stmt"/>
      <line num="49" count="1" type="stmt"/>
      <line num="50" count="1" type="cond" truecount="1" falsecount="1"/>
      <line num="51" count="1" type="stmt"/>
      <line num="55" count="3" type="stmt"/>
      <line num="56" count="2" type="cond" truecount="2" falsecount="0"/>
      <line num="57" count="2" type="stmt"/>
      <line num="61" count="1" type="stmt"/>
      <line num="62" count="1" type="cond" truecount="1" falsecount="1"/>
      <line num="63" count="1" type="stmt"/>
      <line num="66" count="6" type="stmt"/>
      <line num="70" count="2" type="stmt"/>
      <line num="74" count="1" type="stmt"/>
      <line num="78" count="1" type="stmt"/>
      <line num="81" count="2" type="cond" truecount="2" falsecount="0"/>
      <line num="84" count="1" type="stmt"/>
      <line num="85" count="1" type="stmt"/>
      <line num="88" count="1" type="stmt"/>
      <line num="89" count="1" type="stmt"/>
      <line num="90" count="1" type="stmt"/>
      <line num="93" count="1" type="stmt"/>
      <line num="95" count="1" type="stmt"/>
      <line num="99" count="1" type="stmt"/>
      <line num="100" count="1" type="stmt"/>
      <line num="103" count="1" type="stmt"/>
      <line num="104" count="1" type="stmt"/>
      <line num="105" count="1" type="stmt"/>
      <line num="108" count="1" type="stmt"/>
      <line num="109" count="1" type="stmt"/>
      <line num="112" count="1" type="stmt"/>
      <line num="115" count="2" type="stmt"/>
    </file>
    <file name="changelog.ts" path="C:\Users\21266\Desktop\sdk52\sallysudo\mobile\utils\changelog.ts">
      <metrics statements="2" coveredstatements="2" conditionals="0" coveredconditionals="0" methods="0" coveredmethods="0"/>
      <line num="10" count="1" type="stmt"/>
      <line num="15" count="1" type="stmt"/>
    </file>
    <file name="daily.ts" path="C:\Users\21266\Desktop\sdk52\sallysudo\mobile\utils\daily.ts">
      <metrics statements="10" coveredstatements="10" conditionals="4" coveredconditionals="4" methods="2" coveredmethods="2"/>
      <line num="11" count="1" type="stmt"/>
      <line num="12" count="4" type="stmt"/>
      <line num="13" count="4" type="stmt"/>
      <line num="14" count="4" type="stmt"/>
      <line num="17" count="4" type="stmt"/>
      <line num="18" count="4" type="cond" truecount="4" falsecount="0"/>
      <line num="20" count="4" type="stmt"/>
      <line num="30" count="1" type="stmt"/>
      <line num="31" count="1" type="stmt"/>
      <line num="32" count="1" type="stmt"/>
    </file>
    <file name="format.ts" path="C:\Users\21266\Desktop\sdk52\sallysudo\mobile\utils\format.ts">
      <metrics statements="6" coveredstatements="6" conditionals="8" coveredconditionals="8" methods="3" coveredmethods="3"/>
      <line num="19" count="10" type="cond" truecount="2" falsecount="0"/>
      <line num="20" count="10" type="stmt"/>
      <line num="21" count="10" type="stmt"/>
      <line num="26" count="3" type="cond" truecount="2" falsecount="0"/>
      <line num="31" count="5" type="cond" truecount="4" falsecount="0"/>
      <line num="32" count="1" type="stmt"/>
    </file>
    <file name="i18n.ts" path="C:\Users\21266\Desktop\sdk52\sallysudo\mobile\utils\i18n.ts">
      <metrics statements="4" coveredstatements="4" conditionals="4" coveredconditionals="4" methods="2" coveredmethods="2"/>
      <line num="4" count="1" type="stmt"/>
      <line num="2085" count="1" type="cond" truecount="1" falsecount="0"/>
      <line num="2086" count="9" type="cond" truecount="3" falsecount="0"/>
      <line num="2089" count="3" type="stmt"/>
    </file>
    <file name="legalContent.ts" path="C:\Users\21266\Desktop\sdk52\sallysudo\mobile\utils\legalContent.ts">
      <metrics statements="9" coveredstatements="9" conditionals="0" coveredconditionals="0" methods="1" coveredmethods="1"/>
      <line num="25" count="100" type="stmt"/>
      <line num="28" count="1" type="stmt"/>
      <line num="151" count="1" type="stmt"/>
      <line num="266" count="1" type="stmt"/>
      <line num="328" count="1" type="stmt"/>
      <line num="374" count="1" type="stmt"/>
      <line num="413" count="1" type="stmt"/>
      <line num="486" count="1" type="stmt"/>
      <line num="519" count="1" type="stmt"/>
    </file>
    <file name="powerups.ts" path="C:\Users\21266\Desktop\sdk52\sallysudo\mobile\utils\powerups.ts">
      <metrics statements="1" coveredstatements="1" conditionals="0" coveredconditionals="0" methods="0" coveredmethods="0"/>
      <line num="11" count="1" type="stmt"/>
    </file>
    <file name="storage.ts" path="C:\Users\21266\Desktop\sdk52\sallysudo\mobile\utils\storage.ts">
      <metrics statements="121" coveredstatements="120" conditionals="122" coveredconditionals="111" methods="26" coveredmethods="26"/>
      <line num="61" count="1" type="cond" truecount="1" falsecount="1"/>
      <line num="68" count="1" type="stmt"/>
      <line num="69" count="15" type="stmt"/>
      <line num="70" count="15" type="stmt"/>
      <line num="72" count="450" type="cond" truecount="2" falsecount="0"/>
      <line num="73" count="375" type="cond" truecount="2" falsecount="0"/>
      <line num="74" count="300" type="cond" truecount="2" falsecount="0"/>
      <line num="75" count="225" type="cond" truecount="2" falsecount="0"/>
      <line num="76" count="150" type="cond" truecount="2" falsecount="0"/>
      <line num="77" count="75" type="stmt"/>
      <line num="79" count="450" type="stmt"/>
      <line num="89" count="15" type="stmt"/>
      <line num="93" count="1" type="stmt"/>
      <line num="197" count="1" type="stmt"/>
      <line num="211" count="1" type="stmt"/>
      <line num="222" count="1" type="stmt"/>
      <line num="225" count="13" type="stmt"/>
      <line num="226" count="13" type="cond" truecount="2" falsecount="0"/>
      <line num="230" count="10" type="stmt"/>
      <line num="234" count="2" type="stmt"/>
      <line num="235" count="2" type="stmt"/>
      <line num="240" count="16" type="stmt"/>
      <line num="241" count="16" type="cond" truecount="2" falsecount="0"/>
      <line num="245" count="8" type="stmt"/>
      <line num="249" count="3" type="stmt"/>
      <line num="250" count="61" type="stmt"/>
      <line num="251" count="3" type="cond" truecount="2" falsecount="0"/>
      <line num="252" count="2" type="stmt"/>
      <line num="254" count="2" type="cond" truecount="4" falsecount="0"/>
      <line num="255" count="1" type="stmt"/>
      <line num="257" count="2" type="stmt"/>
      <line num="263" count="15" type="stmt"/>
      <line num="264" count="15" type="cond" truecount="2" falsecount="0"/>
      <line num="276" count="4" type="stmt"/>
      <line num="277" count="4" type="stmt"/>
      <line num="282" count="2" type="stmt"/>
      <line num="283" count="2" type="cond" truecount="2" falsecount="0"/>
      <line num="294" count="1" type="stmt"/>
      <line num="299" count="15" type="stmt"/>
      <line num="300" count="15" type="cond" truecount="1" falsecount="1"/>
      <line num="304" count="2" type="stmt"/>
      <line num="305" count="13" type="stmt"/>
      <line num="306" count="2" type="cond" truecount="2" falsecount="0"/>
      <line num="307" count="1" type="stmt"/>
      <line num="308" count="1" type="stmt"/>
      <line num="318" count="8" type="stmt"/>
      <line num="321" count="8" type="cond" truecount="2" falsecount="0"/>
      <line num="322" count="240" type="stmt"/>
      <line num="323" count="8" type="stmt"/>
      <line num="324" count="8" type="stmt"/>
      <line num="325" count="88" type="cond" truecount="2" falsecount="0"/>
      <line num="326" count="80" type="stmt"/>
      <line num="327" count="80" type="cond" truecount="10" falsecount="1"/>
      <line num="328" count="8" type="stmt"/>
      <line num="329" count="8" type="cond" truecount="5" falsecount="0"/>
      <line num="330" count="8" type="stmt"/>
      <line num="331" count="8" type="stmt"/>
      <line num="332" count="8" type="cond" truecount="4" falsecount="0"/>
      <line num="334" count="16" type="stmt"/>
      <line num="335" count="8" type="stmt"/>
      <line num="336" count="8" type="cond" truecount="2" falsecount="0"/>
      <line num="337" count="8" type="stmt"/>
      <line num="338" count="0" type="stmt"/>
      <line num="340" count="80" type="stmt"/>
      <line num="341" count="80" type="cond" truecount="2" falsecount="0"/>
      <line num="343" count="8" type="stmt"/>
      <line num="344" count="8" type="stmt"/>
      <line num="349" count="7" type="stmt"/>
      <line num="350" count="7" type="stmt"/>
      <line num="355" count="3" type="stmt"/>
      <line num="356" count="3" type="stmt"/>
      <line num="361" count="2" type="cond" truecount="2" falsecount="0"/>
      <line num="362" count="1" type="stmt"/>
      <line num="363" count="1" type="cond" truecount="3" falsecount="1"/>
      <line num="364" count="1" type="cond" truecount="1" falsecount="1"/>
      <line num="365" count="1" type="stmt"/>
      <line num="376" count="1" type="stmt"/>
      <line num="379" count="1" type="stmt"/>
      <line num="380" count="1" type="stmt"/>
      <line num="381" count="1" type="stmt"/>
      <line num="385" count="1" type="stmt"/>
      <line num="388" count="4" type="cond" truecount="2" falsecount="0"/>
      <line num="389" count="2" type="cond" truecount="2" falsecount="0"/>
      <line num="390" count="1" type="stmt"/>
      <line num="401" count="1" type="stmt"/>
      <line num="402" count="1" type="stmt"/>
      <line num="403" count="1" type="stmt"/>
      <line num="405" count="1" type="stmt"/>
      <line num="415" count="2" type="stmt"/>
      <line num="416" count="2" type="stmt"/>
      <line num="417" count="2" type="stmt"/>
      <line num="418" count="2" type="stmt"/>
      <line num="427" count="1" type="stmt"/>
      <line num="428" count="1" type="cond" truecount="4" falsecount="1"/>
      <line num="429" count="1" type="stmt"/>
      <line num="430" count="1" type="stmt"/>
      <line num="441" count="1" type="stmt"/>
      <line num="444" count="1" type="stmt"/>
      <line num="445" count="1" type="stmt"/>
      <line num="446" count="1" type="stmt"/>
      <line num="449" count="1" type="stmt"/>
      <line num="453" count="1" type="stmt"/>
      <line num="464" count="1" type="stmt"/>
      <line num="465" count="1" type="stmt"/>
      <line num="466" count="1" type="stmt"/>
      <line num="470" count="1" type="stmt"/>
      <line num="475" count="1" type="stmt"/>
      <line num="481" count="1" type="stmt"/>
      <line num="482" count="5" type="stmt"/>
      <line num="483" count="5" type="stmt"/>
      <line num="484" count="5" type="stmt"/>
      <line num="487" count="1" type="stmt"/>
      <line num="488" count="14" type="stmt"/>
      <line num="497" count="14" type="cond" truecount="2" falsecount="0"/>
      <line num="499" count="14" type="cond" truecount="2" falsecount="0"/>
      <line num="500" count="12" type="cond" truecount="4" falsecount="0"/>
      <line num="501" count="7" type="cond" truecount="4" falsecount="0"/>
      <line num="502" count="3" type="stmt"/>
      <line num="505" count="1" type="stmt"/>
      <line num="506" count="8" type="stmt"/>
      <line num="514" count="8" type="cond" truecount="2" falsecount="0"/>
    </file>
    <file name="sudoku.ts" path="C:\Users\21266\Desktop\sdk52\sallysudo\mobile\utils\sudoku.ts">
      <metrics statements="113" coveredstatements="113" conditionals="45" coveredconditionals="44" methods="20" coveredmethods="20"/>
      <line num="13" count="2" type="stmt"/>
      <line num="23" count="2" type="stmt"/>
      <line num="24" count="144" type="stmt"/>
      <line num="27" count="2" type="stmt"/>
      <line num="29" count="33953082" type="stmt"/>
      <line num="30" count="194026538" type="cond" truecount="2" falsecount="0"/>
      <line num="34" count="11552561" type="stmt"/>
      <line num="35" count="72368450" type="cond" truecount="2" falsecount="0"/>
      <line num="39" count="5143467" type="stmt"/>
      <line num="40" count="5143467" type="stmt"/>
      <line num="41" count="5143467" type="stmt"/>
      <line num="42" count="13805468" type="stmt"/>
      <line num="43" count="40173942" type="cond" truecount="2" falsecount="0"/>
      <line num="47" count="3774519" type="stmt"/>
      <line num="51" count="2" type="stmt"/>
      <line num="52" count="1988" type="stmt"/>
      <line num="53" count="1988" type="stmt"/>
      <line num="54" count="17056" type="stmt"/>
      <line num="55" count="17056" type="stmt"/>
      <line num="57" count="1988" type="stmt"/>
      <line num="61" count="2" type="stmt"/>
      <line num="62" count="1988" type="stmt"/>
      <line num="63" count="10060" type="stmt"/>
      <line num="64" count="84295" type="cond" truecount="2" falsecount="0"/>
      <line num="65" count="1972" type="stmt"/>
      <line num="66" count="1972" type="stmt"/>
      <line num="67" count="10765" type="cond" truecount="2" falsecount="0"/>
      <line num="68" count="1972" type="stmt"/>
      <line num="69" count="1972" type="cond" truecount="2" falsecount="0"/>
      <line num="70" count="676" type="stmt"/>
      <line num="73" count="676" type="stmt"/>
      <line num="77" count="16" type="stmt"/>
      <line num="81" count="2" type="cond" truecount="1" falsecount="0"/>
      <line num="82" count="782" type="stmt"/>
      <line num="84" count="782" type="stmt"/>
      <line num="85" count="3773306" type="cond" truecount="2" falsecount="0"/>
      <line num="87" count="3772233" type="stmt"/>
      <line num="88" count="16559051" type="stmt"/>
      <line num="89" count="137649704" type="cond" truecount="2" falsecount="0"/>
      <line num="90" count="3771363" type="stmt"/>
      <line num="91" count="33942267" type="cond" truecount="2" falsecount="0"/>
      <line num="92" count="3772524" type="stmt"/>
      <line num="93" count="3772524" type="stmt"/>
      <line num="94" count="3772524" type="stmt"/>
      <line num="97" count="3771363" type="stmt"/>
      <line num="101" count="870" type="stmt"/>
      <line num="104" count="7038" type="stmt"/>
      <line num="105" count="782" type="stmt"/>
      <line num="106" count="782" type="stmt"/>
      <line num="110" count="2" type="stmt"/>
      <line num="111" count="16" type="stmt"/>
      <line num="112" count="16" type="stmt"/>
      <line num="113" count="16" type="stmt"/>
      <line num="117" count="2" type="stmt"/>
      <line num="118" count="144" type="stmt"/>
      <line num="119" count="16" type="cond" truecount="1" falsecount="1"/>
      <line num="120" count="16" type="stmt"/>
      <line num="121" count="16" type="stmt"/>
      <line num="124" count="16" type="stmt"/>
      <line num="125" count="16" type="stmt"/>
      <line num="126" count="144" type="stmt"/>
      <line num="127" count="1296" type="stmt"/>
      <line num="130" count="16" type="stmt"/>
      <line num="132" count="16" type="stmt"/>
      <line num="133" count="16" type="stmt"/>
      <line num="134" count="796" type="cond" truecount="2" falsecount="0"/>
      <line num="136" count="782" type="stmt"/>
      <line num="137" count="782" type="stmt"/>
      <line num="140" count="782" type="cond" truecount="2" falsecount="0"/>
      <line num="141" count="88" type="stmt"/>
      <line num="143" count="694" type="stmt"/>
      <line num="147" count="16" type="stmt"/>
      <line num="151" count="2" type="stmt"/>
      <line num="153" count="16" type="cond" truecount="2" falsecount="0"/>
      <line num="154" count="10" type="cond" truecount="2" falsecount="0"/>
      <line num="155" count="8" type="cond" truecount="2" falsecount="0"/>
      <line num="156" count="6" type="cond" truecount="2" falsecount="0"/>
      <line num="157" count="4" type="cond" truecount="2" falsecount="0"/>
      <line num="158" count="2" type="stmt"/>
      <line num="160" count="16" type="stmt"/>
      <line num="161" count="16" type="stmt"/>
      <line num="163" count="16" type="stmt"/>
      <line num="167" count="2" type="stmt"/>
      <line num="168" count="3" type="stmt"/>
      <line num="170" count="3" type="stmt"/>
      <line num="171" count="27" type="stmt"/>
      <line num="172" count="243" type="cond" truecount="2" falsecount="0"/>
      <line num="173" count="3" type="stmt"/>
      <line num="178" count="3" type="cond" truecount="2" falsecount="0"/>
      <line num="180" count="2" type="stmt"/>
      <line num="181" count="2" type="stmt"/>
      <line num="189" count="2" type="stmt"/>
      <line num="190" count="7" type="stmt"/>
      <line num="191" count="37" type="stmt"/>
      <line num="192" count="307" type="cond" truecount="2" falsecount="0"/>
      <line num="195" count="3" type="stmt"/>
      <line num="199" count="2" type="stmt"/>
      <line num="200" count="5" type="stmt"/>
      <line num="201" count="5" type="stmt"/>
      <line num="202" count="45" type="cond" truecount="2" falsecount="0"/>
      <line num="203" count="21" type="stmt"/>
      <line num="206" count="5" type="stmt"/>
      <line num="210" count="2" type="stmt"/>
      <line num="211" count="3" type="stmt"/>
      <line num="212" count="243" type="stmt"/>
      <line num="216" count="2" type="stmt"/>
      <line num="217" count="1" type="stmt"/>
      <line num="218" count="1" type="stmt"/>
      <line num="219" count="9" type="stmt"/>
      <line num="220" count="81" type="cond" truecount="2" falsecount="0"/>
      <line num="221" count="2" type="stmt"/>
      <line num="222" count="2" type="stmt"/>
      <line num="226" count="1" type="stmt"/>
    </file>
    <file name="theme.ts" path="C:\Users\21266\Desktop\sdk52\sallysudo\mobile\utils\theme.ts">
      <metrics statements="24" coveredstatements="18" conditionals="6" coveredconditionals="6" methods="9" coveredmethods="4"/>
      <line num="53" count="1" type="stmt"/>
      <line num="82" count="1" type="stmt"/>
      <line num="112" count="1" type="stmt"/>
      <line num="116" count="1" type="stmt"/>
      <line num="122" count="1" type="stmt"/>
      <line num="133" count="1" type="stmt"/>
      <line num="136" count="3" type="cond" truecount="2" falsecount="0"/>
      <line num="139" count="1" type="stmt"/>
      <line num="140" count="1" type="stmt"/>
      <line num="143" count="5" type="stmt"/>
      <line num="147" count="5" type="stmt"/>
      <line num="148" count="5" type="stmt"/>
      <line num="149" count="5" type="stmt"/>
      <line num="153" count="3" type="stmt"/>
      <line num="154" count="3" type="stmt"/>
      <line num="155" count="3" type="cond" truecount="4" falsecount="0"/>
      <line num="156" count="1" type="stmt"/>
      <line num="157" count="1" type="stmt"/>
      <line num="164" count="0" type="stmt"/>
      <line num="165" count="0" type="stmt"/>
      <line num="166" count="0" type="stmt"/>
      <line num="167" count="0" type="stmt"/>
      <line num="168" count="0" type="stmt"/>
      <line num="170" count="0" type="stmt"/>
    </file>
    <file name="themes.ts" path="C:\Users\21266\Desktop\sdk52\sallysudo\mobile\utils\themes.ts">
      <metrics statements="1" coveredstatements="1" conditionals="0" coveredconditionals="0" methods="0" coveredmethods="0"/>
      <line num="16" count="1" type="stmt"/>
    </file>
    <file name="tutorial.ts" path="C:\Users\21266\Desktop\sdk52\sallysudo\mobile\utils\tutorial.ts">
      <metrics statements="1" coveredstatements="1" conditionals="0" coveredconditionals="0" methods="0" coveredmethods="0"/>
      <line num="10" count="1" type="stmt"/>
    </file>
  </project>
</coverage>
