{"C:\\Users\\21266\\Desktop\\sdk52\\sallysudo\\mobile\\utils\\api.ts": {"path":"C:\\Users\\21266\\Desktop\\sdk52\\sallysudo\\mobile\\utils\\api.ts","statementMap":{"0":{"start":{"line":15,"column":26},"end":{"line":15,"column":53}},"1":{"start":{"line":22,"column":23},"end":{"line":22,"column":42}},"2":{"start":{"line":28,"column":25},"end":{"line":28,"column":82}},"3":{"start":{"line":31,"column":33},"end":{"line":31,"column":37}},"4":{"start":{"line":33,"column":28},"end":{"line":33,"column":47}},"5":{"start":{"line":34,"column":17},"end":{"line":34,"column":35}},"6":{"start":{"line":37,"column":33},"end":{"line":40,"column":5}},"7":{"start":{"line":41,"column":21},"end":{"line":41,"column":82}},"8":{"start":{"line":42,"column":17},"end":{"line":42,"column":38}},"9":{"start":{"line":43,"column":4},"end":{"line":43,"column":70}},"10":{"start":{"line":43,"column":22},"end":{"line":43,"column":70}},"11":{"start":{"line":44,"column":4},"end":{"line":44,"column":16}},"12":{"start":{"line":49,"column":17},"end":{"line":49,"column":126}},"13":{"start":{"line":50,"column":4},"end":{"line":50,"column":46}},"14":{"start":{"line":50,"column":20},"end":{"line":50,"column":46}},"15":{"start":{"line":51,"column":4},"end":{"line":51,"column":16}},"16":{"start":{"line":55,"column":17},"end":{"line":55,"column":113}},"17":{"start":{"line":56,"column":4},"end":{"line":56,"column":46}},"18":{"start":{"line":56,"column":20},"end":{"line":56,"column":46}},"19":{"start":{"line":57,"column":4},"end":{"line":57,"column":16}},"20":{"start":{"line":61,"column":17},"end":{"line":61,"column":70}},"21":{"start":{"line":62,"column":4},"end":{"line":62,"column":46}},"22":{"start":{"line":62,"column":20},"end":{"line":62,"column":46}},"23":{"start":{"line":63,"column":4},"end":{"line":63,"column":16}},"24":{"start":{"line":66,"column":18},"end":{"line":66,"column":50}},"25":{"start":{"line":70,"column":4},"end":{"line":70,"column":108}},"26":{"start":{"line":74,"column":4},"end":{"line":74,"column":126}},"27":{"start":{"line":78,"column":4},"end":{"line":78,"column":139}},"28":{"start":{"line":81,"column":43},"end":{"line":81,"column":109}},"29":{"start":{"line":84,"column":22},"end":{"line":84,"column":53}},"30":{"start":{"line":85,"column":31},"end":{"line":85,"column":68}},"31":{"start":{"line":88,"column":27},"end":{"line":88,"column":63}},"32":{"start":{"line":89,"column":33},"end":{"line":89,"column":76}},"33":{"start":{"line":90,"column":22},"end":{"line":90,"column":61}},"34":{"start":{"line":93,"column":30},"end":{"line":93,"column":60}},"35":{"start":{"line":95,"column":4},"end":{"line":95,"column":115}},"36":{"start":{"line":99,"column":25},"end":{"line":99,"column":54}},"37":{"start":{"line":100,"column":34},"end":{"line":100,"column":121}},"38":{"start":{"line":103,"column":28},"end":{"line":103,"column":65}},"39":{"start":{"line":104,"column":30},"end":{"line":104,"column":70}},"40":{"start":{"line":105,"column":40},"end":{"line":105,"column":110}},"41":{"start":{"line":108,"column":27},"end":{"line":108,"column":57}},"42":{"start":{"line":109,"column":23},"end":{"line":109,"column":56}},"43":{"start":{"line":112,"column":43},"end":{"line":112,"column":136}},"44":{"start":{"line":115,"column":19},"end":{"line":115,"column":35}}},"fnMap":{"0":{"name":"(anonymous_0)","decl":{"start":{"line":33,"column":2},"end":{"line":33,"column":3}},"loc":{"start":{"line":33,"column":26},"end":{"line":33,"column":49}},"line":33},"1":{"name":"(anonymous_1)","decl":{"start":{"line":34,"column":2},"end":{"line":34,"column":3}},"loc":{"start":{"line":34,"column":15},"end":{"line":34,"column":37}},"line":34},"2":{"name":"(anonymous_2)","decl":{"start":{"line":36,"column":2},"end":{"line":36,"column":3}},"loc":{"start":{"line":36,"column":69},"end":{"line":45,"column":3}},"line":36},"3":{"name":"(anonymous_3)","decl":{"start":{"line":48,"column":2},"end":{"line":48,"column":3}},"loc":{"start":{"line":48,"column":68},"end":{"line":52,"column":3}},"line":48},"4":{"name":"(anonymous_4)","decl":{"start":{"line":54,"column":2},"end":{"line":54,"column":3}},"loc":{"start":{"line":54,"column":47},"end":{"line":58,"column":3}},"line":54},"5":{"name":"(anonymous_5)","decl":{"start":{"line":60,"column":2},"end":{"line":60,"column":3}},"loc":{"start":{"line":60,"column":21},"end":{"line":64,"column":3}},"line":60},"6":{"name":"(anonymous_6)","decl":{"start":{"line":66,"column":2},"end":{"line":66,"column":3}},"loc":{"start":{"line":66,"column":16},"end":{"line":66,"column":52}},"line":66},"7":{"name":"(anonymous_7)","decl":{"start":{"line":69,"column":2},"end":{"line":69,"column":3}},"loc":{"start":{"line":69,"column":56},"end":{"line":71,"column":3}},"line":69},"8":{"name":"(anonymous_8)","decl":{"start":{"line":73,"column":2},"end":{"line":73,"column":3}},"loc":{"start":{"line":73,"column":90},"end":{"line":75,"column":3}},"line":73},"9":{"name":"(anonymous_9)","decl":{"start":{"line":77,"column":2},"end":{"line":77,"column":3}},"loc":{"start":{"line":77,"column":120},"end":{"line":79,"column":3}},"line":77},"10":{"name":"(anonymous_10)","decl":{"start":{"line":81,"column":2},"end":{"line":81,"column":3}},"loc":{"start":{"line":81,"column":41},"end":{"line":81,"column":111}},"line":81},"11":{"name":"(anonymous_11)","decl":{"start":{"line":84,"column":2},"end":{"line":84,"column":3}},"loc":{"start":{"line":84,"column":20},"end":{"line":84,"column":55}},"line":84},"12":{"name":"(anonymous_12)","decl":{"start":{"line":85,"column":2},"end":{"line":85,"column":3}},"loc":{"start":{"line":85,"column":29},"end":{"line":85,"column":70}},"line":85},"13":{"name":"(anonymous_13)","decl":{"start":{"line":88,"column":2},"end":{"line":88,"column":3}},"loc":{"start":{"line":88,"column":25},"end":{"line":88,"column":65}},"line":88},"14":{"name":"(anonymous_14)","decl":{"start":{"line":89,"column":2},"end":{"line":89,"column":3}},"loc":{"start":{"line":89,"column":31},"end":{"line":89,"column":78}},"line":89},"15":{"name":"(anonymous_15)","decl":{"start":{"line":90,"column":2},"end":{"line":90,"column":3}},"loc":{"start":{"line":90,"column":20},"end":{"line":90,"column":63}},"line":90},"16":{"name":"(anonymous_16)","decl":{"start":{"line":93,"column":2},"end":{"line":93,"column":3}},"loc":{"start":{"line":93,"column":28},"end":{"line":93,"column":62}},"line":93},"17":{"name":"(anonymous_17)","decl":{"start":{"line":94,"column":2},"end":{"line":94,"column":3}},"loc":{"start":{"line":94,"column":81},"end":{"line":96,"column":3}},"line":94},"18":{"name":"(anonymous_18)","decl":{"start":{"line":99,"column":2},"end":{"line":99,"column":3}},"loc":{"start":{"line":99,"column":23},"end":{"line":99,"column":56}},"line":99},"19":{"name":"(anonymous_19)","decl":{"start":{"line":100,"column":2},"end":{"line":100,"column":3}},"loc":{"start":{"line":100,"column":32},"end":{"line":100,"column":123}},"line":100},"20":{"name":"(anonymous_20)","decl":{"start":{"line":103,"column":2},"end":{"line":103,"column":3}},"loc":{"start":{"line":103,"column":26},"end":{"line":103,"column":67}},"line":103},"21":{"name":"(anonymous_21)","decl":{"start":{"line":104,"column":2},"end":{"line":104,"column":3}},"loc":{"start":{"line":104,"column":28},"end":{"line":104,"column":72}},"line":104},"22":{"name":"(anonymous_22)","decl":{"start":{"line":105,"column":2},"end":{"line":105,"column":3}},"loc":{"start":{"line":105,"column":38},"end":{"line":105,"column":112}},"line":105},"23":{"name":"(anonymous_23)","decl":{"start":{"line":108,"column":2},"end":{"line":108,"column":3}},"loc":{"start":{"line":108,"column":25},"end":{"line":108,"column":59}},"line":108},"24":{"name":"(anonymous_24)","decl":{"start":{"line":109,"column":2},"end":{"line":109,"column":3}},"loc":{"start":{"line":109,"column":21},"end":{"line":109,"column":58}},"line":109},"25":{"name":"(anonymous_25)","decl":{"start":{"line":112,"column":2},"end":{"line":112,"column":3}},"loc":{"start":{"line":112,"column":41},"end":{"line":112,"column":138}},"line":112}},"branchMap":{"0":{"loc":{"start":{"line":36,"column":42},"end":{"line":36,"column":67}},"type":"default-arg","locations":[{"start":{"line":36,"column":65},"end":{"line":36,"column":67}}],"line":36},"1":{"loc":{"start":{"line":39,"column":10},"end":{"line":39,"column":69}},"type":"cond-expr","locations":[{"start":{"line":39,"column":23},"end":{"line":39,"column":64}},{"start":{"line":39,"column":67},"end":{"line":39,"column":69}}],"line":39},"2":{"loc":{"start":{"line":43,"column":4},"end":{"line":43,"column":70}},"type":"if","locations":[{"start":{"line":43,"column":4},"end":{"line":43,"column":70}},{"start":{},"end":{}}],"line":43},"3":{"loc":{"start":{"line":43,"column":38},"end":{"line":43,"column":68}},"type":"binary-expr","locations":[{"start":{"line":43,"column":38},"end":{"line":43,"column":48}},{"start":{"line":43,"column":52},"end":{"line":43,"column":68}}],"line":43},"4":{"loc":{"start":{"line":50,"column":4},"end":{"line":50,"column":46}},"type":"if","locations":[{"start":{"line":50,"column":4},"end":{"line":50,"column":46}},{"start":{},"end":{}}],"line":50},"5":{"loc":{"start":{"line":56,"column":4},"end":{"line":56,"column":46}},"type":"if","locations":[{"start":{"line":56,"column":4},"end":{"line":56,"column":46}},{"start":{},"end":{}}],"line":56},"6":{"loc":{"start":{"line":62,"column":4},"end":{"line":62,"column":46}},"type":"if","locations":[{"start":{"line":62,"column":4},"end":{"line":62,"column":46}},{"start":{},"end":{}}],"line":62},"7":{"loc":{"start":{"line":69,"column":39},"end":{"line":69,"column":54}},"type":"default-arg","locations":[{"start":{"line":69,"column":49},"end":{"line":69,"column":54}}],"line":69},"8":{"loc":{"start":{"line":81,"column":19},"end":{"line":81,"column":29}},"type":"default-arg","locations":[{"start":{"line":81,"column":27},"end":{"line":81,"column":29}}],"line":81},"9":{"loc":{"start":{"line":81,"column":31},"end":{"line":81,"column":39}},"type":"default-arg","locations":[{"start":{"line":81,"column":38},"end":{"line":81,"column":39}}],"line":81}},"s":{"0":0,"1":0,"2":0,"3":0,"4":0,"5":0,"6":0,"7":0,"8":0,"9":0,"10":0,"11":0,"12":0,"13":0,"14":0,"15":0,"16":0,"17":0,"18":0,"19":0,"20":0,"21":0,"22":0,"23":0,"24":0,"25":0,"26":0,"27":0,"28":0,"29":0,"30":0,"31":0,"32":0,"33":0,"34":0,"35":0,"36":0,"37":0,"38":0,"39":0,"40":0,"41":0,"42":0,"43":0,"44":0},"f":{"0":0,"1":0,"2":0,"3":0,"4":0,"5":0,"6":0,"7":0,"8":0,"9":0,"10":0,"11":0,"12":0,"13":0,"14":0,"15":0,"16":0,"17":0,"18":0,"19":0,"20":0,"21":0,"22":0,"23":0,"24":0,"25":0},"b":{"0":[0],"1":[0,0],"2":[0,0],"3":[0,0],"4":[0,0],"5":[0,0],"6":[0,0],"7":[0],"8":[0],"9":[0]}}
,"C:\\Users\\21266\\Desktop\\sdk52\\sallysudo\\mobile\\utils\\changelog.ts": {"path":"C:\\Users\\21266\\Desktop\\sdk52\\sallysudo\\mobile\\utils\\changelog.ts","statementMap":{"0":{"start":{"line":10,"column":31},"end":{"line":10,"column":40}},"1":{"start":{"line":15,"column":43},"end":{"line":36,"column":1}}},"fnMap":{},"branchMap":{},"s":{"0":0,"1":0},"f":{},"b":{}}
,"C:\\Users\\21266\\Desktop\\sdk52\\sallysudo\\mobile\\utils\\daily.ts": {"path":"C:\\Users\\21266\\Desktop\\sdk52\\sallysudo\\mobile\\utils\\daily.ts","statementMap":{"0":{"start":{"line":11,"column":33},"end":{"line":28,"column":1}},"1":{"start":{"line":12,"column":16},"end":{"line":12,"column":26}},"2":{"start":{"line":13,"column":18},"end":{"line":13,"column":51}},"3":{"start":{"line":14,"column":15},"end":{"line":14,"column":50}},"4":{"start":{"line":17,"column":20},"end":{"line":17,"column":34}},"5":{"start":{"line":18,"column":21},"end":{"line":18,"column":81}},"6":{"start":{"line":20,"column":2},"end":{"line":27,"column":4}},"7":{"start":{"line":30,"column":28},"end":{"line":33,"column":1}},"8":{"start":{"line":31,"column":16},"end":{"line":31,"column":26}},"9":{"start":{"line":32,"column":2},"end":{"line":32,"column":71}}},"fnMap":{"0":{"name":"(anonymous_0)","decl":{"start":{"line":11,"column":33},"end":{"line":11,"column":34}},"loc":{"start":{"line":11,"column":55},"end":{"line":28,"column":1}},"line":11},"1":{"name":"(anonymous_1)","decl":{"start":{"line":30,"column":28},"end":{"line":30,"column":29}},"loc":{"start":{"line":30,"column":42},"end":{"line":33,"column":1}},"line":30}},"branchMap":{"0":{"loc":{"start":{"line":18,"column":21},"end":{"line":18,"column":81}},"type":"cond-expr","locations":[{"start":{"line":18,"column":37},"end":{"line":18,"column":45}},{"start":{"line":18,"column":48},"end":{"line":18,"column":81}}],"line":18},"1":{"loc":{"start":{"line":18,"column":48},"end":{"line":18,"column":81}},"type":"cond-expr","locations":[{"start":{"line":18,"column":64},"end":{"line":18,"column":70}},{"start":{"line":18,"column":73},"end":{"line":18,"column":81}}],"line":18}},"s":{"0":0,"1":0,"2":0,"3":0,"4":0,"5":0,"6":0,"7":0,"8":0,"9":0},"f":{"0":0,"1":0},"b":{"0":[0,0],"1":[0,0]}}
,"C:\\Users\\21266\\Desktop\\sdk52\\sallysudo\\mobile\\utils\\format.ts": {"path":"C:\\Users\\21266\\Desktop\\sdk52\\sallysudo\\mobile\\utils\\format.ts","statementMap":{"0":{"start":{"line":19,"column":12},"end":{"line":19,"column":62}},"1":{"start":{"line":20,"column":12},"end":{"line":20,"column":30}},"2":{"start":{"line":21,"column":2},"end":{"line":21,"column":51}},"3":{"start":{"line":26,"column":2},"end":{"line":26,"column":59}},"4":{"start":{"line":31,"column":2},"end":{"line":31,"column":60}},"5":{"start":{"line":31,"column":49},"end":{"line":31,"column":60}},"6":{"start":{"line":32,"column":2},"end":{"line":32,"column":35}}},"fnMap":{"0":{"name":"formatClock","decl":{"start":{"line":18,"column":16},"end":{"line":18,"column":27}},"loc":{"start":{"line":18,"column":58},"end":{"line":22,"column":1}},"line":18},"1":{"name":"formatClockMs","decl":{"start":{"line":25,"column":16},"end":{"line":25,"column":29}},"loc":{"start":{"line":25,"column":50},"end":{"line":27,"column":1}},"line":25},"2":{"name":"formatDuration","decl":{"start":{"line":30,"column":16},"end":{"line":30,"column":30}},"loc":{"start":{"line":30,"column":69},"end":{"line":33,"column":1}},"line":30}},"branchMap":{"0":{"loc":{"start":{"line":19,"column":35},"end":{"line":19,"column":60}},"type":"binary-expr","locations":[{"start":{"line":19,"column":35},"end":{"line":19,"column":55}},{"start":{"line":19,"column":59},"end":{"line":19,"column":60}}],"line":19},"1":{"loc":{"start":{"line":26,"column":33},"end":{"line":26,"column":48}},"type":"binary-expr","locations":[{"start":{"line":26,"column":33},"end":{"line":26,"column":43}},{"start":{"line":26,"column":47},"end":{"line":26,"column":48}}],"line":26},"2":{"loc":{"start":{"line":31,"column":2},"end":{"line":31,"column":60}},"type":"if","locations":[{"start":{"line":31,"column":2},"end":{"line":31,"column":60}},{"start":{},"end":{}}],"line":31},"3":{"loc":{"start":{"line":31,"column":6},"end":{"line":31,"column":47}},"type":"binary-expr","locations":[{"start":{"line":31,"column":6},"end":{"line":31,"column":26}},{"start":{"line":31,"column":30},"end":{"line":31,"column":47}}],"line":31}},"s":{"0":0,"1":0,"2":0,"3":0,"4":0,"5":0,"6":0},"f":{"0":0,"1":0,"2":0},"b":{"0":[0,0],"1":[0,0],"2":[0,0],"3":[0,0]}}
,"C:\\Users\\21266\\Desktop\\sdk52\\sallysudo\\mobile\\utils\\googleAuth.ts": {"path":"C:\\Users\\21266\\Desktop\\sdk52\\sallysudo\\mobile\\utils\\googleAuth.ts","statementMap":{"0":{"start":{"line":26,"column":33},"end":{"line":30,"column":1}},"1":{"start":{"line":33,"column":34},"end":{"line":35,"column":1}},"2":{"start":{"line":34,"column":10},"end":{"line":34,"column":41}},"3":{"start":{"line":42,"column":24},"end":{"line":42,"column":57}},"4":{"start":{"line":71,"column":2},"end":{"line":84,"column":3}},"5":{"start":{"line":72,"column":16},"end":{"line":76,"column":6}},"6":{"start":{"line":77,"column":17},"end":{"line":77,"column":33}},"7":{"start":{"line":78,"column":4},"end":{"line":80,"column":5}},"8":{"start":{"line":79,"column":6},"end":{"line":79,"column":60}},"9":{"start":{"line":81,"column":4},"end":{"line":81,"column":53}},"10":{"start":{"line":83,"column":4},"end":{"line":83,"column":46}},"11":{"start":{"line":87,"column":17},"end":{"line":87,"column":22}},"12":{"start":{"line":96,"column":2},"end":{"line":99,"column":3}},"13":{"start":{"line":97,"column":4},"end":{"line":97,"column":80}},"14":{"start":{"line":98,"column":4},"end":{"line":98,"column":60}},"15":{"start":{"line":104,"column":2},"end":{"line":111,"column":3}},"16":{"start":{"line":105,"column":16},"end":{"line":105,"column":73}},"17":{"start":{"line":106,"column":4},"end":{"line":106,"column":36}},"18":{"start":{"line":107,"column":4},"end":{"line":107,"column":34}},"19":{"start":{"line":109,"column":4},"end":{"line":109,"column":72}},"20":{"start":{"line":110,"column":4},"end":{"line":110,"column":62}},"21":{"start":{"line":114,"column":2},"end":{"line":157,"column":3}},"22":{"start":{"line":115,"column":4},"end":{"line":118,"column":5}},"23":{"start":{"line":116,"column":6},"end":{"line":116,"column":91}},"24":{"start":{"line":117,"column":6},"end":{"line":117,"column":24}},"25":{"start":{"line":119,"column":4},"end":{"line":119,"column":79}},"26":{"start":{"line":122,"column":4},"end":{"line":126,"column":5}},"27":{"start":{"line":123,"column":6},"end":{"line":123,"column":35}},"28":{"start":{"line":125,"column":6},"end":{"line":125,"column":66}},"29":{"start":{"line":127,"column":24},"end":{"line":127,"column":51}},"30":{"start":{"line":128,"column":20},"end":{"line":128,"column":60}},"31":{"start":{"line":129,"column":4},"end":{"line":129,"column":72}},"32":{"start":{"line":130,"column":4},"end":{"line":132,"column":5}},"33":{"start":{"line":131,"column":6},"end":{"line":131,"column":81}},"34":{"start":{"line":134,"column":38},"end":{"line":134,"column":74}},"35":{"start":{"line":135,"column":4},"end":{"line":138,"column":5}},"36":{"start":{"line":136,"column":6},"end":{"line":136,"column":66}},"37":{"start":{"line":137,"column":6},"end":{"line":137,"column":88}},"38":{"start":{"line":139,"column":4},"end":{"line":139,"column":49}},"39":{"start":{"line":141,"column":16},"end":{"line":141,"column":53}},"40":{"start":{"line":142,"column":16},"end":{"line":142,"column":58}},"41":{"start":{"line":143,"column":4},"end":{"line":143,"column":73}},"42":{"start":{"line":146,"column":32},"end":{"line":146,"column":41}},"43":{"start":{"line":147,"column":4},"end":{"line":155,"column":5}},"44":{"start":{"line":148,"column":6},"end":{"line":148,"column":25}},"45":{"start":{"line":149,"column":11},"end":{"line":155,"column":5}},"46":{"start":{"line":150,"column":6},"end":{"line":150,"column":27}},"47":{"start":{"line":151,"column":11},"end":{"line":155,"column":5}},"48":{"start":{"line":152,"column":6},"end":{"line":152,"column":29}},"49":{"start":{"line":153,"column":11},"end":{"line":155,"column":5}},"50":{"start":{"line":154,"column":6},"end":{"line":154,"column":31}},"51":{"start":{"line":156,"column":4},"end":{"line":156,"column":73}}},"fnMap":{"0":{"name":"(anonymous_0)","decl":{"start":{"line":34,"column":2},"end":{"line":34,"column":3}},"loc":{"start":{"line":34,"column":10},"end":{"line":34,"column":41}},"line":34},"1":{"name":"exchangeGoogleIdToken","decl":{"start":{"line":70,"column":22},"end":{"line":70,"column":43}},"loc":{"start":{"line":70,"column":121},"end":{"line":85,"column":1}},"line":70},"2":{"name":"signInWithGoogle","decl":{"start":{"line":94,"column":22},"end":{"line":94,"column":38}},"loc":{"start":{"line":94,"column":64},"end":{"line":158,"column":1}},"line":94}},"branchMap":{"0":{"loc":{"start":{"line":34,"column":10},"end":{"line":34,"column":41}},"type":"binary-expr","locations":[{"start":{"line":34,"column":10},"end":{"line":34,"column":14}},{"start":{"line":34,"column":18},"end":{"line":34,"column":41}}],"line":34},"1":{"loc":{"start":{"line":78,"column":4},"end":{"line":80,"column":5}},"type":"if","locations":[{"start":{"line":78,"column":4},"end":{"line":80,"column":5}},{"start":{},"end":{}}],"line":78},"2":{"loc":{"start":{"line":78,"column":8},"end":{"line":78,"column":33}},"type":"binary-expr","locations":[{"start":{"line":78,"column":8},"end":{"line":78,"column":15}},{"start":{"line":78,"column":19},"end":{"line":78,"column":33}}],"line":78},"3":{"loc":{"start":{"line":79,"column":22},"end":{"line":79,"column":57}},"type":"binary-expr","locations":[{"start":{"line":79,"column":22},"end":{"line":79,"column":33}},{"start":{"line":79,"column":37},"end":{"line":79,"column":57}}],"line":79},"4":{"loc":{"start":{"line":83,"column":27},"end":{"line":83,"column":42}},"type":"binary-expr","locations":[{"start":{"line":83,"column":27},"end":{"line":83,"column":37}},{"start":{"line":83,"column":41},"end":{"line":83,"column":42}}],"line":83},"5":{"loc":{"start":{"line":96,"column":2},"end":{"line":99,"column":3}},"type":"if","locations":[{"start":{"line":96,"column":2},"end":{"line":99,"column":3}},{"start":{},"end":{}}],"line":96},"6":{"loc":{"start":{"line":115,"column":4},"end":{"line":118,"column":5}},"type":"if","locations":[{"start":{"line":115,"column":4},"end":{"line":118,"column":5}},{"start":{},"end":{}}],"line":115},"7":{"loc":{"start":{"line":128,"column":20},"end":{"line":128,"column":60}},"type":"binary-expr","locations":[{"start":{"line":128,"column":20},"end":{"line":128,"column":41}},{"start":{"line":128,"column":45},"end":{"line":128,"column":60}}],"line":128},"8":{"loc":{"start":{"line":130,"column":4},"end":{"line":132,"column":5}},"type":"if","locations":[{"start":{"line":130,"column":4},"end":{"line":132,"column":5}},{"start":{},"end":{}}],"line":130},"9":{"loc":{"start":{"line":135,"column":4},"end":{"line":138,"column":5}},"type":"if","locations":[{"start":{"line":135,"column":4},"end":{"line":138,"column":5}},{"start":{},"end":{}}],"line":135},"10":{"loc":{"start":{"line":141,"column":16},"end":{"line":141,"column":53}},"type":"cond-expr","locations":[{"start":{"line":141,"column":34},"end":{"line":141,"column":48}},{"start":{"line":141,"column":51},"end":{"line":141,"column":53}}],"line":141},"11":{"loc":{"start":{"line":142,"column":16},"end":{"line":142,"column":58}},"type":"cond-expr","locations":[{"start":{"line":142,"column":29},"end":{"line":142,"column":46}},{"start":{"line":142,"column":49},"end":{"line":142,"column":58}}],"line":142},"12":{"loc":{"start":{"line":147,"column":4},"end":{"line":155,"column":5}},"type":"if","locations":[{"start":{"line":147,"column":4},"end":{"line":155,"column":5}},{"start":{"line":149,"column":11},"end":{"line":155,"column":5}}],"line":147},"13":{"loc":{"start":{"line":147,"column":8},"end":{"line":147,"column":96}},"type":"binary-expr","locations":[{"start":{"line":147,"column":8},"end":{"line":147,"column":54}},{"start":{"line":147,"column":58},"end":{"line":147,"column":73}},{"start":{"line":147,"column":77},"end":{"line":147,"column":96}}],"line":147},"14":{"loc":{"start":{"line":149,"column":11},"end":{"line":155,"column":5}},"type":"if","locations":[{"start":{"line":149,"column":11},"end":{"line":155,"column":5}},{"start":{"line":151,"column":11},"end":{"line":155,"column":5}}],"line":149},"15":{"loc":{"start":{"line":151,"column":11},"end":{"line":155,"column":5}},"type":"if","locations":[{"start":{"line":151,"column":11},"end":{"line":155,"column":5}},{"start":{"line":153,"column":11},"end":{"line":155,"column":5}}],"line":151},"16":{"loc":{"start":{"line":153,"column":11},"end":{"line":155,"column":5}},"type":"if","locations":[{"start":{"line":153,"column":11},"end":{"line":155,"column":5}},{"start":{},"end":{}}],"line":153},"17":{"loc":{"start":{"line":153,"column":15},"end":{"line":153,"column":107}},"type":"binary-expr","locations":[{"start":{"line":153,"column":15},"end":{"line":153,"column":59}},{"start":{"line":153,"column":63},"end":{"line":153,"column":75}},{"start":{"line":153,"column":79},"end":{"line":153,"column":107}}],"line":153},"18":{"loc":{"start":{"line":156,"column":40},"end":{"line":156,"column":62}},"type":"cond-expr","locations":[{"start":{"line":156,"column":46},"end":{"line":156,"column":57}},{"start":{"line":156,"column":60},"end":{"line":156,"column":62}}],"line":156}},"s":{"0":0,"1":0,"2":0,"3":0,"4":0,"5":0,"6":0,"7":0,"8":0,"9":0,"10":0,"11":0,"12":0,"13":0,"14":0,"15":0,"16":0,"17":0,"18":0,"19":0,"20":0,"21":0,"22":0,"23":0,"24":0,"25":0,"26":0,"27":0,"28":0,"29":0,"30":0,"31":0,"32":0,"33":0,"34":0,"35":0,"36":0,"37":0,"38":0,"39":0,"40":0,"41":0,"42":0,"43":0,"44":0,"45":0,"46":0,"47":0,"48":0,"49":0,"50":0,"51":0},"f":{"0":0,"1":0,"2":0},"b":{"0":[0,0],"1":[0,0],"2":[0,0],"3":[0,0],"4":[0,0],"5":[0,0],"6":[0,0],"7":[0,0],"8":[0,0],"9":[0,0],"10":[0,0],"11":[0,0],"12":[0,0],"13":[0,0,0],"14":[0,0],"15":[0,0],"16":[0,0],"17":[0,0,0],"18":[0,0]}}
,"C:\\Users\\21266\\Desktop\\sdk52\\sallysudo\\mobile\\utils\\googleAuth.web.ts": {"path":"C:\\Users\\21266\\Desktop\\sdk52\\sallysudo\\mobile\\utils\\googleAuth.web.ts","statementMap":{"0":{"start":{"line":19,"column":33},"end":{"line":23,"column":1}},"1":{"start":{"line":25,"column":34},"end":{"line":27,"column":1}},"2":{"start":{"line":26,"column":10},"end":{"line":26,"column":41}},"3":{"start":{"line":29,"column":24},"end":{"line":29,"column":57}},"4":{"start":{"line":49,"column":19},"end":{"line":49,"column":59}},"5":{"start":{"line":50,"column":38},"end":{"line":50,"column":42}},"6":{"start":{"line":54,"column":2},"end":{"line":54,"column":90}},"7":{"start":{"line":54,"column":39},"end":{"line":54,"column":90}},"8":{"start":{"line":55,"column":2},"end":{"line":55,"column":69}},"9":{"start":{"line":55,"column":44},"end":{"line":55,"column":69}},"10":{"start":{"line":56,"column":2},"end":{"line":56,"column":34}},"11":{"start":{"line":56,"column":17},"end":{"line":56,"column":34}},"12":{"start":{"line":57,"column":2},"end":{"line":71,"column":5}},"13":{"start":{"line":58,"column":21},"end":{"line":58,"column":102}},"14":{"start":{"line":59,"column":4},"end":{"line":63,"column":5}},"15":{"start":{"line":60,"column":6},"end":{"line":60,"column":57}},"16":{"start":{"line":60,"column":46},"end":{"line":60,"column":55}},"17":{"start":{"line":61,"column":6},"end":{"line":61,"column":95}},"18":{"start":{"line":61,"column":47},"end":{"line":61,"column":93}},"19":{"start":{"line":62,"column":6},"end":{"line":62,"column":13}},"20":{"start":{"line":64,"column":14},"end":{"line":64,"column":46}},"21":{"start":{"line":65,"column":4},"end":{"line":65,"column":23}},"22":{"start":{"line":66,"column":4},"end":{"line":66,"column":19}},"23":{"start":{"line":67,"column":4},"end":{"line":67,"column":19}},"24":{"start":{"line":68,"column":4},"end":{"line":68,"column":31}},"25":{"start":{"line":68,"column":21},"end":{"line":68,"column":30}},"26":{"start":{"line":69,"column":4},"end":{"line":69,"column":69}},"27":{"start":{"line":69,"column":22},"end":{"line":69,"column":68}},"28":{"start":{"line":70,"column":4},"end":{"line":70,"column":33}},"29":{"start":{"line":72,"column":2},"end":{"line":72,"column":19}},"30":{"start":{"line":77,"column":2},"end":{"line":88,"column":3}},"31":{"start":{"line":78,"column":16},"end":{"line":82,"column":6}},"32":{"start":{"line":83,"column":17},"end":{"line":83,"column":33}},"33":{"start":{"line":84,"column":4},"end":{"line":84,"column":89}},"34":{"start":{"line":84,"column":35},"end":{"line":84,"column":89}},"35":{"start":{"line":85,"column":4},"end":{"line":85,"column":53}},"36":{"start":{"line":87,"column":4},"end":{"line":87,"column":46}},"37":{"start":{"line":96,"column":2},"end":{"line":100,"column":3}},"38":{"start":{"line":97,"column":4},"end":{"line":97,"column":20}},"39":{"start":{"line":99,"column":4},"end":{"line":99,"column":76}},"40":{"start":{"line":102,"column":2},"end":{"line":133,"column":5}},"41":{"start":{"line":103,"column":18},"end":{"line":103,"column":23}},"42":{"start":{"line":104,"column":19},"end":{"line":104,"column":89}},"43":{"start":{"line":104,"column":42},"end":{"line":104,"column":87}},"44":{"start":{"line":104,"column":58},"end":{"line":104,"column":73}},"45":{"start":{"line":104,"column":74},"end":{"line":104,"column":85}},"46":{"start":{"line":105,"column":4},"end":{"line":132,"column":5}},"47":{"start":{"line":106,"column":21},"end":{"line":106,"column":43}},"48":{"start":{"line":107,"column":6},"end":{"line":119,"column":9}},"49":{"start":{"line":113,"column":26},"end":{"line":113,"column":42}},"50":{"start":{"line":114,"column":10},"end":{"line":114,"column":96}},"51":{"start":{"line":114,"column":24},"end":{"line":114,"column":96}},"52":{"start":{"line":115,"column":44},"end":{"line":115,"column":80}},"53":{"start":{"line":116,"column":10},"end":{"line":116,"column":115}},"54":{"start":{"line":116,"column":25},"end":{"line":116,"column":115}},"55":{"start":{"line":117,"column":10},"end":{"line":117,"column":56}},"56":{"start":{"line":120,"column":6},"end":{"line":129,"column":9}},"57":{"start":{"line":122,"column":8},"end":{"line":128,"column":9}},"58":{"start":{"line":123,"column":25},"end":{"line":123,"column":154}},"59":{"start":{"line":124,"column":10},"end":{"line":124,"column":70}},"60":{"start":{"line":127,"column":10},"end":{"line":127,"column":108}},"61":{"start":{"line":127,"column":27},"end":{"line":127,"column":101}},"62":{"start":{"line":131,"column":6},"end":{"line":131,"column":77}}},"fnMap":{"0":{"name":"(anonymous_0)","decl":{"start":{"line":26,"column":2},"end":{"line":26,"column":3}},"loc":{"start":{"line":26,"column":10},"end":{"line":26,"column":41}},"line":26},"1":{"name":"loadGsi","decl":{"start":{"line":53,"column":9},"end":{"line":53,"column":16}},"loc":{"start":{"line":53,"column":34},"end":{"line":73,"column":1}},"line":53},"2":{"name":"(anonymous_2)","decl":{"start":{"line":57,"column":32},"end":{"line":57,"column":33}},"loc":{"start":{"line":57,"column":53},"end":{"line":71,"column":3}},"line":57},"3":{"name":"(anonymous_3)","decl":{"start":{"line":60,"column":40},"end":{"line":60,"column":41}},"loc":{"start":{"line":60,"column":46},"end":{"line":60,"column":55}},"line":60},"4":{"name":"(anonymous_4)","decl":{"start":{"line":61,"column":41},"end":{"line":61,"column":42}},"loc":{"start":{"line":61,"column":47},"end":{"line":61,"column":93}},"line":61},"5":{"name":"(anonymous_5)","decl":{"start":{"line":68,"column":15},"end":{"line":68,"column":16}},"loc":{"start":{"line":68,"column":21},"end":{"line":68,"column":30}},"line":68},"6":{"name":"(anonymous_6)","decl":{"start":{"line":69,"column":16},"end":{"line":69,"column":17}},"loc":{"start":{"line":69,"column":22},"end":{"line":69,"column":68}},"line":69},"7":{"name":"exchangeGoogleIdToken","decl":{"start":{"line":76,"column":22},"end":{"line":76,"column":43}},"loc":{"start":{"line":76,"column":121},"end":{"line":89,"column":1}},"line":76},"8":{"name":"signInWithGoogle","decl":{"start":{"line":95,"column":22},"end":{"line":95,"column":38}},"loc":{"start":{"line":95,"column":64},"end":{"line":134,"column":1}},"line":95},"9":{"name":"(anonymous_9)","decl":{"start":{"line":102,"column":35},"end":{"line":102,"column":36}},"loc":{"start":{"line":102,"column":48},"end":{"line":133,"column":3}},"line":102},"10":{"name":"(anonymous_10)","decl":{"start":{"line":104,"column":19},"end":{"line":104,"column":20}},"loc":{"start":{"line":104,"column":40},"end":{"line":104,"column":89}},"line":104},"11":{"name":"(anonymous_11)","decl":{"start":{"line":112,"column":18},"end":{"line":112,"column":19}},"loc":{"start":{"line":112,"column":39},"end":{"line":118,"column":9}},"line":112},"12":{"name":"(anonymous_12)","decl":{"start":{"line":120,"column":27},"end":{"line":120,"column":28}},"loc":{"start":{"line":120,"column":50},"end":{"line":129,"column":7}},"line":120},"13":{"name":"(anonymous_13)","decl":{"start":{"line":127,"column":21},"end":{"line":127,"column":22}},"loc":{"start":{"line":127,"column":27},"end":{"line":127,"column":101}},"line":127}},"branchMap":{"0":{"loc":{"start":{"line":26,"column":10},"end":{"line":26,"column":41}},"type":"binary-expr","locations":[{"start":{"line":26,"column":10},"end":{"line":26,"column":14}},{"start":{"line":26,"column":18},"end":{"line":26,"column":41}}],"line":26},"1":{"loc":{"start":{"line":54,"column":2},"end":{"line":54,"column":90}},"type":"if","locations":[{"start":{"line":54,"column":2},"end":{"line":54,"column":90}},{"start":{},"end":{}}],"line":54},"2":{"loc":{"start":{"line":55,"column":2},"end":{"line":55,"column":69}},"type":"if","locations":[{"start":{"line":55,"column":2},"end":{"line":55,"column":69}},{"start":{},"end":{}}],"line":55},"3":{"loc":{"start":{"line":56,"column":2},"end":{"line":56,"column":34}},"type":"if","locations":[{"start":{"line":56,"column":2},"end":{"line":56,"column":34}},{"start":{},"end":{}}],"line":56},"4":{"loc":{"start":{"line":59,"column":4},"end":{"line":63,"column":5}},"type":"if","locations":[{"start":{"line":59,"column":4},"end":{"line":63,"column":5}},{"start":{},"end":{}}],"line":59},"5":{"loc":{"start":{"line":84,"column":4},"end":{"line":84,"column":89}},"type":"if","locations":[{"start":{"line":84,"column":4},"end":{"line":84,"column":89}},{"start":{},"end":{}}],"line":84},"6":{"loc":{"start":{"line":84,"column":8},"end":{"line":84,"column":33}},"type":"binary-expr","locations":[{"start":{"line":84,"column":8},"end":{"line":84,"column":15}},{"start":{"line":84,"column":19},"end":{"line":84,"column":33}}],"line":84},"7":{"loc":{"start":{"line":84,"column":51},"end":{"line":84,"column":86}},"type":"binary-expr","locations":[{"start":{"line":84,"column":51},"end":{"line":84,"column":62}},{"start":{"line":84,"column":66},"end":{"line":84,"column":86}}],"line":84},"8":{"loc":{"start":{"line":87,"column":27},"end":{"line":87,"column":42}},"type":"binary-expr","locations":[{"start":{"line":87,"column":27},"end":{"line":87,"column":37}},{"start":{"line":87,"column":41},"end":{"line":87,"column":42}}],"line":87},"9":{"loc":{"start":{"line":99,"column":57},"end":{"line":99,"column":72}},"type":"binary-expr","locations":[{"start":{"line":99,"column":57},"end":{"line":99,"column":67}},{"start":{"line":99,"column":71},"end":{"line":99,"column":72}}],"line":99},"10":{"loc":{"start":{"line":104,"column":42},"end":{"line":104,"column":87}},"type":"if","locations":[{"start":{"line":104,"column":42},"end":{"line":104,"column":87}},{"start":{},"end":{}}],"line":104},"11":{"loc":{"start":{"line":114,"column":10},"end":{"line":114,"column":96}},"type":"if","locations":[{"start":{"line":114,"column":10},"end":{"line":114,"column":96}},{"start":{},"end":{}}],"line":114},"12":{"loc":{"start":{"line":116,"column":10},"end":{"line":116,"column":115}},"type":"if","locations":[{"start":{"line":116,"column":10},"end":{"line":116,"column":115}},{"start":{},"end":{}}],"line":116},"13":{"loc":{"start":{"line":122,"column":8},"end":{"line":128,"column":9}},"type":"if","locations":[{"start":{"line":122,"column":8},"end":{"line":128,"column":9}},{"start":{},"end":{}}],"line":122},"14":{"loc":{"start":{"line":122,"column":12},"end":{"line":122,"column":117}},"type":"binary-expr","locations":[{"start":{"line":122,"column":12},"end":{"line":122,"column":43}},{"start":{"line":122,"column":47},"end":{"line":122,"column":79}},{"start":{"line":122,"column":83},"end":{"line":122,"column":117}}],"line":122},"15":{"loc":{"start":{"line":123,"column":25},"end":{"line":123,"column":154}},"type":"binary-expr","locations":[{"start":{"line":123,"column":25},"end":{"line":123,"column":63}},{"start":{"line":123,"column":67},"end":{"line":123,"column":100}},{"start":{"line":123,"column":104},"end":{"line":123,"column":139}},{"start":{"line":123,"column":143},"end":{"line":123,"column":154}}],"line":123},"16":{"loc":{"start":{"line":131,"column":57},"end":{"line":131,"column":72}},"type":"binary-expr","locations":[{"start":{"line":131,"column":57},"end":{"line":131,"column":67}},{"start":{"line":131,"column":71},"end":{"line":131,"column":72}}],"line":131}},"s":{"0":0,"1":0,"2":0,"3":0,"4":0,"5":0,"6":0,"7":0,"8":0,"9":0,"10":0,"11":0,"12":0,"13":0,"14":0,"15":0,"16":0,"17":0,"18":0,"19":0,"20":0,"21":0,"22":0,"23":0,"24":0,"25":0,"26":0,"27":0,"28":0,"29":0,"30":0,"31":0,"32":0,"33":0,"34":0,"35":0,"36":0,"37":0,"38":0,"39":0,"40":0,"41":0,"42":0,"43":0,"44":0,"45":0,"46":0,"47":0,"48":0,"49":0,"50":0,"51":0,"52":0,"53":0,"54":0,"55":0,"56":0,"57":0,"58":0,"59":0,"60":0,"61":0,"62":0},"f":{"0":0,"1":0,"2":0,"3":0,"4":0,"5":0,"6":0,"7":0,"8":0,"9":0,"10":0,"11":0,"12":0,"13":0},"b":{"0":[0,0],"1":[0,0],"2":[0,0],"3":[0,0],"4":[0,0],"5":[0,0],"6":[0,0],"7":[0,0],"8":[0,0],"9":[0,0],"10":[0,0],"11":[0,0],"12":[0,0],"13":[0,0],"14":[0,0,0],"15":[0,0,0,0],"16":[0,0]}}
,"C:\\Users\\21266\\Desktop\\sdk52\\sallysudo\\mobile\\utils\\i18n.ts": {"path":"C:\\Users\\21266\\Desktop\\sdk52\\sallysudo\\mobile\\utils\\i18n.ts","statementMap":{"0":{"start":{"line":4,"column":28},"end":{"line":2083,"column":1}},"1":{"start":{"line":2085,"column":17},"end":{"line":2087,"column":1}},"2":{"start":{"line":2086,"column":2},"end":{"line":2086,"column":64}},"3":{"start":{"line":2089,"column":21},"end":{"line":2089,"column":63}},"4":{"start":{"line":2089,"column":50},"end":{"line":2089,"column":63}}},"fnMap":{"0":{"name":"(anonymous_0)","decl":{"start":{"line":2085,"column":17},"end":{"line":2085,"column":18}},"loc":{"start":{"line":2085,"column":87},"end":{"line":2087,"column":1}},"line":2085},"1":{"name":"(anonymous_1)","decl":{"start":{"line":2089,"column":21},"end":{"line":2089,"column":22}},"loc":{"start":{"line":2089,"column":50},"end":{"line":2089,"column":63}},"line":2089}},"branchMap":{"0":{"loc":{"start":{"line":2085,"column":53},"end":{"line":2085,"column":74}},"type":"default-arg","locations":[{"start":{"line":2085,"column":70},"end":{"line":2085,"column":74}}],"line":2085},"1":{"loc":{"start":{"line":2086,"column":9},"end":{"line":2086,"column":63}},"type":"binary-expr","locations":[{"start":{"line":2086,"column":9},"end":{"line":2086,"column":32}},{"start":{"line":2086,"column":36},"end":{"line":2086,"column":56}},{"start":{"line":2086,"column":60},"end":{"line":2086,"column":63}}],"line":2086}},"s":{"0":0,"1":0,"2":0,"3":0,"4":0},"f":{"0":0,"1":0},"b":{"0":[0],"1":[0,0,0]}}
,"C:\\Users\\21266\\Desktop\\sdk52\\sallysudo\\mobile\\utils\\legalContent.ts": {"path":"C:\\Users\\21266\\Desktop\\sdk52\\sallysudo\\mobile\\utils\\legalContent.ts","statementMap":{"0":{"start":{"line":25,"column":10},"end":{"line":25,"column":71}},"1":{"start":{"line":25,"column":56},"end":{"line":25,"column":70}},"2":{"start":{"line":28,"column":27},"end":{"line":148,"column":1}},"3":{"start":{"line":151,"column":25},"end":{"line":263,"column":1}},"4":{"start":{"line":266,"column":25},"end":{"line":325,"column":1}},"5":{"start":{"line":328,"column":27},"end":{"line":371,"column":1}},"6":{"start":{"line":374,"column":26},"end":{"line":410,"column":1}},"7":{"start":{"line":413,"column":25},"end":{"line":483,"column":1}},"8":{"start":{"line":486,"column":24},"end":{"line":511,"column":1}},"9":{"start":{"line":519,"column":4},"end":{"line":519,"column":45}}},"fnMap":{"0":{"name":"(anonymous_0)","decl":{"start":{"line":25,"column":10},"end":{"line":25,"column":11}},"loc":{"start":{"line":25,"column":56},"end":{"line":25,"column":70}},"line":25}},"branchMap":{},"s":{"0":0,"1":0,"2":0,"3":0,"4":0,"5":0,"6":0,"7":0,"8":0,"9":0},"f":{"0":0},"b":{}}
,"C:\\Users\\21266\\Desktop\\sdk52\\sallysudo\\mobile\\utils\\liveCompositor.ts": {"path":"C:\\Users\\21266\\Desktop\\sdk52\\sallysudo\\mobile\\utils\\liveCompositor.ts","statementMap":{"0":{"start":{"line":16,"column":27},"end":{"line":16,"column":36}},"1":{"start":{"line":19,"column":2},"end":{"line":20,"column":49}},"2":{"start":{"line":19,"column":23},"end":{"line":19,"column":39}},"3":{"start":{"line":19,"column":40},"end":{"line":19,"column":69}},"4":{"start":{"line":20,"column":9},"end":{"line":20,"column":25}},"5":{"start":{"line":20,"column":26},"end":{"line":20,"column":47}},"6":{"start":{"line":25,"column":2},"end":{"line":25,"column":13}},"7":{"start":{"line":26,"column":2},"end":{"line":26,"column":28}},"8":{"start":{"line":27,"column":2},"end":{"line":27,"column":18}},"9":{"start":{"line":27,"column":19},"end":{"line":27,"column":59}},"10":{"start":{"line":27,"column":60},"end":{"line":27,"column":101}},"11":{"start":{"line":27,"column":102},"end":{"line":27,"column":142}},"12":{"start":{"line":27,"column":143},"end":{"line":27,"column":159}},"13":{"start":{"line":27,"column":160},"end":{"line":27,"column":171}},"14":{"start":{"line":28,"column":2},"end":{"line":28,"column":18}},"15":{"start":{"line":28,"column":19},"end":{"line":28,"column":59}},"16":{"start":{"line":28,"column":60},"end":{"line":28,"column":101}},"17":{"start":{"line":28,"column":102},"end":{"line":28,"column":142}},"18":{"start":{"line":28,"column":143},"end":{"line":28,"column":159}},"19":{"start":{"line":28,"column":160},"end":{"line":28,"column":171}},"20":{"start":{"line":29,"column":13},"end":{"line":29,"column":61}},"21":{"start":{"line":30,"column":2},"end":{"line":30,"column":32}},"22":{"start":{"line":30,"column":33},"end":{"line":30,"column":65}},"23":{"start":{"line":30,"column":66},"end":{"line":30,"column":96}},"24":{"start":{"line":31,"column":2},"end":{"line":31,"column":21}},"25":{"start":{"line":31,"column":22},"end":{"line":31,"column":38}},"26":{"start":{"line":31,"column":39},"end":{"line":31,"column":91}},"27":{"start":{"line":31,"column":92},"end":{"line":31,"column":103}},"28":{"start":{"line":32,"column":2},"end":{"line":32,"column":28}},"29":{"start":{"line":32,"column":29},"end":{"line":32,"column":45}},"30":{"start":{"line":32,"column":46},"end":{"line":32,"column":114}},"31":{"start":{"line":32,"column":115},"end":{"line":32,"column":126}},"32":{"start":{"line":33,"column":2},"end":{"line":33,"column":28}},"33":{"start":{"line":34,"column":2},"end":{"line":34,"column":18}},"34":{"start":{"line":34,"column":19},"end":{"line":34,"column":83}},"35":{"start":{"line":34,"column":84},"end":{"line":34,"column":95}},"36":{"start":{"line":35,"column":2},"end":{"line":35,"column":18}},"37":{"start":{"line":35,"column":19},"end":{"line":35,"column":83}},"38":{"start":{"line":35,"column":84},"end":{"line":35,"column":95}},"39":{"start":{"line":36,"column":2},"end":{"line":36,"column":28}},"40":{"start":{"line":37,"column":2},"end":{"line":37,"column":18}},"41":{"start":{"line":37,"column":19},"end":{"line":37,"column":83}},"42":{"start":{"line":37,"column":84},"end":{"line":37,"column":95}},"43":{"start":{"line":38,"column":2},"end":{"line":38,"column":18}},"44":{"start":{"line":38,"column":19},"end":{"line":38,"column":83}},"45":{"start":{"line":38,"column":84},"end":{"line":38,"column":95}},"46":{"start":{"line":39,"column":2},"end":{"line":39,"column":28}},"47":{"start":{"line":39,"column":29},"end":{"line":39,"column":45}},"48":{"start":{"line":39,"column":46},"end":{"line":39,"column":76}},"49":{"start":{"line":39,"column":77},"end":{"line":39,"column":117}},"50":{"start":{"line":39,"column":118},"end":{"line":39,"column":158}},"51":{"start":{"line":39,"column":159},"end":{"line":39,"column":175}},"52":{"start":{"line":39,"column":176},"end":{"line":39,"column":187}},"53":{"start":{"line":40,"column":2},"end":{"line":40,"column":16}},"54":{"start":{"line":45,"column":2},"end":{"line":45,"column":107}},"55":{"start":{"line":59,"column":15},"end":{"line":59,"column":23}},"56":{"start":{"line":60,"column":2},"end":{"line":60,"column":42}},"57":{"start":{"line":60,"column":43},"end":{"line":60,"column":96}},"58":{"start":{"line":60,"column":97},"end":{"line":60,"column":108}},"59":{"start":{"line":61,"column":2},"end":{"line":61,"column":28}},"60":{"start":{"line":61,"column":29},"end":{"line":61,"column":60}},"61":{"start":{"line":62,"column":2},"end":{"line":67,"column":3}},"62":{"start":{"line":62,"column":15},"end":{"line":62,"column":16}},"63":{"start":{"line":63,"column":18},"end":{"line":63,"column":29}},"64":{"start":{"line":64,"column":4},"end":{"line":64,"column":66}},"65":{"start":{"line":64,"column":67},"end":{"line":64,"column":99}},"66":{"start":{"line":65,"column":4},"end":{"line":65,"column":20}},"67":{"start":{"line":65,"column":21},"end":{"line":65,"column":49}},"68":{"start":{"line":65,"column":50},"end":{"line":65,"column":85}},"69":{"start":{"line":65,"column":86},"end":{"line":65,"column":99}},"70":{"start":{"line":66,"column":4},"end":{"line":66,"column":20}},"71":{"start":{"line":66,"column":21},"end":{"line":66,"column":49}},"72":{"start":{"line":66,"column":50},"end":{"line":66,"column":85}},"73":{"start":{"line":66,"column":86},"end":{"line":66,"column":99}},"74":{"start":{"line":68,"column":2},"end":{"line":68,"column":32}},"75":{"start":{"line":68,"column":33},"end":{"line":68,"column":53}},"76":{"start":{"line":68,"column":54},"end":{"line":68,"column":87}},"77":{"start":{"line":69,"column":2},"end":{"line":69,"column":27}},"78":{"start":{"line":69,"column":28},"end":{"line":69,"column":56}},"79":{"start":{"line":70,"column":2},"end":{"line":76,"column":3}},"80":{"start":{"line":70,"column":15},"end":{"line":70,"column":16}},"81":{"start":{"line":70,"column":30},"end":{"line":76,"column":3}},"82":{"start":{"line":70,"column":43},"end":{"line":70,"column":44}},"83":{"start":{"line":71,"column":14},"end":{"line":71,"column":29}},"84":{"start":{"line":71,"column":31},"end":{"line":71,"column":48}},"85":{"start":{"line":71,"column":39},"end":{"line":71,"column":48}},"86":{"start":{"line":72,"column":14},"end":{"line":72,"column":25}},"87":{"start":{"line":73,"column":4},"end":{"line":73,"column":46}},"88":{"start":{"line":74,"column":4},"end":{"line":74,"column":85}},"89":{"start":{"line":75,"column":4},"end":{"line":75,"column":82}},"90":{"start":{"line":81,"column":2},"end":{"line":81,"column":13}},"91":{"start":{"line":81,"column":14},"end":{"line":81,"column":41}},"92":{"start":{"line":81,"column":42},"end":{"line":81,"column":53}},"93":{"start":{"line":82,"column":2},"end":{"line":82,"column":28}},"94":{"start":{"line":82,"column":29},"end":{"line":82,"column":54}},"95":{"start":{"line":83,"column":13},"end":{"line":83,"column":18}},"96":{"start":{"line":84,"column":2},"end":{"line":91,"column":16}},"97":{"start":{"line":85,"column":4},"end":{"line":90,"column":5}},"98":{"start":{"line":86,"column":17},"end":{"line":86,"column":57}},"99":{"start":{"line":86,"column":64},"end":{"line":86,"column":69}},"100":{"start":{"line":87,"column":15},"end":{"line":87,"column":16}},"101":{"start":{"line":87,"column":23},"end":{"line":87,"column":24}},"102":{"start":{"line":87,"column":31},"end":{"line":87,"column":32}},"103":{"start":{"line":87,"column":39},"end":{"line":87,"column":40}},"104":{"start":{"line":88,"column":6},"end":{"line":88,"column":119}},"105":{"start":{"line":88,"column":21},"end":{"line":88,"column":28}},"106":{"start":{"line":88,"column":29},"end":{"line":88,"column":41}},"107":{"start":{"line":88,"column":42},"end":{"line":88,"column":64}},"108":{"start":{"line":88,"column":74},"end":{"line":88,"column":81}},"109":{"start":{"line":88,"column":82},"end":{"line":88,"column":94}},"110":{"start":{"line":88,"column":95},"end":{"line":88,"column":117}},"111":{"start":{"line":89,"column":6},"end":{"line":89,"column":45}},"112":{"start":{"line":89,"column":46},"end":{"line":89,"column":58}},"113":{"start":{"line":92,"column":2},"end":{"line":92,"column":16}},"114":{"start":{"line":93,"column":2},"end":{"line":96,"column":3}},"115":{"start":{"line":94,"column":4},"end":{"line":94,"column":30}},"116":{"start":{"line":94,"column":31},"end":{"line":94,"column":71}},"117":{"start":{"line":94,"column":72},"end":{"line":94,"column":97}},"118":{"start":{"line":94,"column":98},"end":{"line":94,"column":126}},"119":{"start":{"line":95,"column":4},"end":{"line":95,"column":54}},"120":{"start":{"line":97,"column":2},"end":{"line":97,"column":40}},"121":{"start":{"line":97,"column":41},"end":{"line":97,"column":119}},"122":{"start":{"line":97,"column":120},"end":{"line":97,"column":131}},"123":{"start":{"line":98,"column":2},"end":{"line":98,"column":28}},"124":{"start":{"line":98,"column":29},"end":{"line":98,"column":69}},"125":{"start":{"line":98,"column":70},"end":{"line":98,"column":93}},"126":{"start":{"line":98,"column":94},"end":{"line":98,"column":122}},"127":{"start":{"line":99,"column":2},"end":{"line":99,"column":50}},"128":{"start":{"line":100,"column":2},"end":{"line":100,"column":43}},"129":{"start":{"line":100,"column":44},"end":{"line":100,"column":64}},"130":{"start":{"line":100,"column":65},"end":{"line":100,"column":92}},"131":{"start":{"line":100,"column":93},"end":{"line":100,"column":106}}},"fnMap":{"0":{"name":"rrect","decl":{"start":{"line":18,"column":16},"end":{"line":18,"column":21}},"loc":{"start":{"line":18,"column":87},"end":{"line":21,"column":1}},"line":18},"1":{"name":"drawOwl","decl":{"start":{"line":24,"column":16},"end":{"line":24,"column":23}},"loc":{"start":{"line":24,"column":69},"end":{"line":41,"column":1}},"line":24},"2":{"name":"fmt","decl":{"start":{"line":44,"column":16},"end":{"line":44,"column":19}},"loc":{"start":{"line":44,"column":31},"end":{"line":46,"column":1}},"line":44},"3":{"name":"drawSudokuBoard","decl":{"start":{"line":54,"column":16},"end":{"line":54,"column":31}},"loc":{"start":{"line":58,"column":2},"end":{"line":77,"column":1}},"line":58},"4":{"name":"drawCamTile","decl":{"start":{"line":80,"column":16},"end":{"line":80,"column":27}},"loc":{"start":{"line":80,"column":111},"end":{"line":101,"column":1}},"line":80}},"branchMap":{"0":{"loc":{"start":{"line":19,"column":2},"end":{"line":20,"column":49}},"type":"if","locations":[{"start":{"line":19,"column":2},"end":{"line":20,"column":49}},{"start":{"line":20,"column":7},"end":{"line":20,"column":49}}],"line":19},"1":{"loc":{"start":{"line":45,"column":31},"end":{"line":45,"column":37}},"type":"binary-expr","locations":[{"start":{"line":45,"column":31},"end":{"line":45,"column":32}},{"start":{"line":45,"column":36},"end":{"line":45,"column":37}}],"line":45},"2":{"loc":{"start":{"line":45,"column":74},"end":{"line":45,"column":80}},"type":"binary-expr","locations":[{"start":{"line":45,"column":74},"end":{"line":45,"column":75}},{"start":{"line":45,"column":79},"end":{"line":45,"column":80}}],"line":45},"3":{"loc":{"start":{"line":64,"column":22},"end":{"line":64,"column":65}},"type":"cond-expr","locations":[{"start":{"line":64,"column":30},"end":{"line":64,"column":53}},{"start":{"line":64,"column":56},"end":{"line":64,"column":65}}],"line":64},"4":{"loc":{"start":{"line":64,"column":83},"end":{"line":64,"column":98}},"type":"cond-expr","locations":[{"start":{"line":64,"column":91},"end":{"line":64,"column":94}},{"start":{"line":64,"column":97},"end":{"line":64,"column":98}}],"line":64},"5":{"loc":{"start":{"line":71,"column":14},"end":{"line":71,"column":29}},"type":"binary-expr","locations":[{"start":{"line":71,"column":14},"end":{"line":71,"column":24}},{"start":{"line":71,"column":28},"end":{"line":71,"column":29}}],"line":71},"6":{"loc":{"start":{"line":71,"column":31},"end":{"line":71,"column":48}},"type":"if","locations":[{"start":{"line":71,"column":31},"end":{"line":71,"column":48}},{"start":{},"end":{}}],"line":71},"7":{"loc":{"start":{"line":73,"column":20},"end":{"line":73,"column":45}},"type":"cond-expr","locations":[{"start":{"line":73,"column":24},"end":{"line":73,"column":33}},{"start":{"line":73,"column":36},"end":{"line":73,"column":45}}],"line":73},"8":{"loc":{"start":{"line":74,"column":18},"end":{"line":74,"column":35}},"type":"cond-expr","locations":[{"start":{"line":74,"column":22},"end":{"line":74,"column":27}},{"start":{"line":74,"column":30},"end":{"line":74,"column":35}}],"line":74},"9":{"loc":{"start":{"line":85,"column":4},"end":{"line":90,"column":5}},"type":"if","locations":[{"start":{"line":85,"column":4},"end":{"line":90,"column":5}},{"start":{},"end":{}}],"line":85},"10":{"loc":{"start":{"line":85,"column":8},"end":{"line":85,"column":68}},"type":"binary-expr","locations":[{"start":{"line":85,"column":8},"end":{"line":85,"column":15}},{"start":{"line":85,"column":19},"end":{"line":85,"column":42}},{"start":{"line":85,"column":46},"end":{"line":85,"column":68}}],"line":85},"11":{"loc":{"start":{"line":88,"column":6},"end":{"line":88,"column":119}},"type":"if","locations":[{"start":{"line":88,"column":6},"end":{"line":88,"column":119}},{"start":{"line":88,"column":72},"end":{"line":88,"column":119}}],"line":88},"12":{"loc":{"start":{"line":93,"column":2},"end":{"line":96,"column":3}},"type":"if","locations":[{"start":{"line":93,"column":2},"end":{"line":96,"column":3}},{"start":{},"end":{}}],"line":93}},"s":{"0":0,"1":0,"2":0,"3":0,"4":0,"5":0,"6":0,"7":0,"8":0,"9":0,"10":0,"11":0,"12":0,"13":0,"14":0,"15":0,"16":0,"17":0,"18":0,"19":0,"20":0,"21":0,"22":0,"23":0,"24":0,"25":0,"26":0,"27":0,"28":0,"29":0,"30":0,"31":0,"32":0,"33":0,"34":0,"35":0,"36":0,"37":0,"38":0,"39":0,"40":0,"41":0,"42":0,"43":0,"44":0,"45":0,"46":0,"47":0,"48":0,"49":0,"50":0,"51":0,"52":0,"53":0,"54":0,"55":0,"56":0,"57":0,"58":0,"59":0,"60":0,"61":0,"62":0,"63":0,"64":0,"65":0,"66":0,"67":0,"68":0,"69":0,"70":0,"71":0,"72":0,"73":0,"74":0,"75":0,"76":0,"77":0,"78":0,"79":0,"80":0,"81":0,"82":0,"83":0,"84":0,"85":0,"86":0,"87":0,"88":0,"89":0,"90":0,"91":0,"92":0,"93":0,"94":0,"95":0,"96":0,"97":0,"98":0,"99":0,"100":0,"101":0,"102":0,"103":0,"104":0,"105":0,"106":0,"107":0,"108":0,"109":0,"110":0,"111":0,"112":0,"113":0,"114":0,"115":0,"116":0,"117":0,"118":0,"119":0,"120":0,"121":0,"122":0,"123":0,"124":0,"125":0,"126":0,"127":0,"128":0,"129":0,"130":0,"131":0},"f":{"0":0,"1":0,"2":0,"3":0,"4":0},"b":{"0":[0,0],"1":[0,0],"2":[0,0],"3":[0,0],"4":[0,0],"5":[0,0],"6":[0,0],"7":[0,0],"8":[0,0],"9":[0,0],"10":[0,0,0],"11":[0,0],"12":[0,0]}}
,"C:\\Users\\21266\\Desktop\\sdk52\\sallysudo\\mobile\\utils\\powerups.ts": {"path":"C:\\Users\\21266\\Desktop\\sdk52\\sallysudo\\mobile\\utils\\powerups.ts","statementMap":{"0":{"start":{"line":11,"column":35},"end":{"line":18,"column":1}}},"fnMap":{},"branchMap":{},"s":{"0":0},"f":{},"b":{}}
,"C:\\Users\\21266\\Desktop\\sdk52\\sallysudo\\mobile\\utils\\socket.ts": {"path":"C:\\Users\\21266\\Desktop\\sdk52\\sallysudo\\mobile\\utils\\socket.ts","statementMap":{"0":{"start":{"line":13,"column":19},"end":{"line":13,"column":46}},"1":{"start":{"line":21,"column":34},"end":{"line":21,"column":38}},"2":{"start":{"line":22,"column":50},"end":{"line":22,"column":59}},"3":{"start":{"line":23,"column":33},"end":{"line":23,"column":38}},"4":{"start":{"line":24,"column":38},"end":{"line":24,"column":39}},"5":{"start":{"line":25,"column":41},"end":{"line":25,"column":42}},"6":{"start":{"line":26,"column":53},"end":{"line":26,"column":57}},"7":{"start":{"line":29,"column":42},"end":{"line":29,"column":51}},"8":{"start":{"line":34,"column":4},"end":{"line":122,"column":5}},"9":{"start":{"line":35,"column":18},"end":{"line":35,"column":60}},"10":{"start":{"line":38,"column":6},"end":{"line":54,"column":7}},"11":{"start":{"line":39,"column":8},"end":{"line":53,"column":9}},"12":{"start":{"line":40,"column":10},"end":{"line":40,"column":80}},"13":{"start":{"line":41,"column":22},"end":{"line":44,"column":12}},"14":{"start":{"line":45,"column":23},"end":{"line":45,"column":39}},"15":{"start":{"line":46,"column":10},"end":{"line":50,"column":11}},"16":{"start":{"line":47,"column":12},"end":{"line":47,"column":41}},"17":{"start":{"line":48,"column":12},"end":{"line":48,"column":62}},"18":{"start":{"line":49,"column":12},"end":{"line":49,"column":61}},"19":{"start":{"line":52,"column":10},"end":{"line":52,"column":60}},"20":{"start":{"line":56,"column":6},"end":{"line":59,"column":7}},"21":{"start":{"line":57,"column":8},"end":{"line":57,"column":66}},"22":{"start":{"line":58,"column":8},"end":{"line":58,"column":21}},"23":{"start":{"line":62,"column":6},"end":{"line":64,"column":7}},"24":{"start":{"line":63,"column":8},"end":{"line":63,"column":26}},"25":{"start":{"line":66,"column":6},"end":{"line":81,"column":9}},"26":{"start":{"line":83,"column":6},"end":{"line":118,"column":9}},"27":{"start":{"line":84,"column":8},"end":{"line":93,"column":11}},"28":{"start":{"line":85,"column":10},"end":{"line":85,"column":63}},"29":{"start":{"line":86,"column":10},"end":{"line":86,"column":34}},"30":{"start":{"line":87,"column":10},"end":{"line":87,"column":37}},"31":{"start":{"line":88,"column":10},"end":{"line":88,"column":32}},"32":{"start":{"line":91,"column":10},"end":{"line":91,"column":87}},"33":{"start":{"line":91,"column":46},"end":{"line":91,"column":85}},"34":{"start":{"line":92,"column":10},"end":{"line":92,"column":24}},"35":{"start":{"line":95,"column":8},"end":{"line":99,"column":11}},"36":{"start":{"line":96,"column":10},"end":{"line":96,"column":57}},"37":{"start":{"line":97,"column":10},"end":{"line":97,"column":35}},"38":{"start":{"line":98,"column":10},"end":{"line":98,"column":31}},"39":{"start":{"line":101,"column":8},"end":{"line":107,"column":11}},"40":{"start":{"line":102,"column":10},"end":{"line":102,"column":69}},"41":{"start":{"line":103,"column":10},"end":{"line":103,"column":35}},"42":{"start":{"line":104,"column":10},"end":{"line":106,"column":11}},"43":{"start":{"line":105,"column":12},"end":{"line":105,"column":27}},"44":{"start":{"line":110,"column":8},"end":{"line":110,"column":35}},"45":{"start":{"line":113,"column":8},"end":{"line":117,"column":18}},"46":{"start":{"line":114,"column":10},"end":{"line":116,"column":11}},"47":{"start":{"line":115,"column":12},"end":{"line":115,"column":27}},"48":{"start":{"line":120,"column":6},"end":{"line":120,"column":58}},"49":{"start":{"line":121,"column":6},"end":{"line":121,"column":19}},"50":{"start":{"line":126,"column":4},"end":{"line":126,"column":29}},"51":{"start":{"line":126,"column":22},"end":{"line":126,"column":29}},"52":{"start":{"line":128,"column":19},"end":{"line":154,"column":5}},"53":{"start":{"line":156,"column":4},"end":{"line":158,"column":7}},"54":{"start":{"line":157,"column":6},"end":{"line":157,"column":63}},"55":{"start":{"line":157,"column":39},"end":{"line":157,"column":61}},"56":{"start":{"line":162,"column":4},"end":{"line":162,"column":25}},"57":{"start":{"line":163,"column":4},"end":{"line":166,"column":5}},"58":{"start":{"line":164,"column":6},"end":{"line":164,"column":31}},"59":{"start":{"line":165,"column":6},"end":{"line":165,"column":25}},"60":{"start":{"line":167,"column":4},"end":{"line":167,"column":29}},"61":{"start":{"line":168,"column":4},"end":{"line":168,"column":27}},"62":{"start":{"line":172,"column":4},"end":{"line":172,"column":63}},"63":{"start":{"line":178,"column":4},"end":{"line":178,"column":25}},"64":{"start":{"line":179,"column":4},"end":{"line":183,"column":14}},"65":{"start":{"line":180,"column":6},"end":{"line":182,"column":7}},"66":{"start":{"line":181,"column":8},"end":{"line":181,"column":38}},"67":{"start":{"line":187,"column":4},"end":{"line":190,"column":5}},"68":{"start":{"line":188,"column":6},"end":{"line":188,"column":44}},"69":{"start":{"line":189,"column":6},"end":{"line":189,"column":36}},"70":{"start":{"line":198,"column":4},"end":{"line":198,"column":43}},"71":{"start":{"line":199,"column":4},"end":{"line":199,"column":53}},"72":{"start":{"line":203,"column":4},"end":{"line":203,"column":46}},"73":{"start":{"line":204,"column":4},"end":{"line":204,"column":54}},"74":{"start":{"line":211,"column":4},"end":{"line":211,"column":57}},"75":{"start":{"line":215,"column":4},"end":{"line":215,"column":70}},"76":{"start":{"line":220,"column":4},"end":{"line":220,"column":69}},"77":{"start":{"line":224,"column":58},"end":{"line":224,"column":115}},"78":{"start":{"line":225,"column":58},"end":{"line":225,"column":115}},"79":{"start":{"line":226,"column":58},"end":{"line":226,"column":121}},"80":{"start":{"line":227,"column":58},"end":{"line":227,"column":110}},"81":{"start":{"line":230,"column":63},"end":{"line":230,"column":124}},"82":{"start":{"line":231,"column":63},"end":{"line":231,"column":114}},"83":{"start":{"line":232,"column":63},"end":{"line":232,"column":114}},"84":{"start":{"line":233,"column":63},"end":{"line":233,"column":114}},"85":{"start":{"line":236,"column":4},"end":{"line":236,"column":61}},"86":{"start":{"line":240,"column":4},"end":{"line":240,"column":61}},"87":{"start":{"line":244,"column":4},"end":{"line":244,"column":58}},"88":{"start":{"line":254,"column":4},"end":{"line":260,"column":7}},"89":{"start":{"line":264,"column":4},"end":{"line":264,"column":81}},"90":{"start":{"line":268,"column":4},"end":{"line":268,"column":62}},"91":{"start":{"line":275,"column":4},"end":{"line":275,"column":84}},"92":{"start":{"line":279,"column":4},"end":{"line":279,"column":36}},"93":{"start":{"line":285,"column":4},"end":{"line":287,"column":5}},"94":{"start":{"line":286,"column":6},"end":{"line":286,"column":43}},"95":{"start":{"line":288,"column":4},"end":{"line":288,"column":45}},"96":{"start":{"line":292,"column":4},"end":{"line":292,"column":48}},"97":{"start":{"line":296,"column":4},"end":{"line":296,"column":33}},"98":{"start":{"line":300,"column":4},"end":{"line":306,"column":7}},"99":{"start":{"line":301,"column":6},"end":{"line":305,"column":7}},"100":{"start":{"line":302,"column":8},"end":{"line":302,"column":23}},"101":{"start":{"line":304,"column":8},"end":{"line":304,"column":64}},"102":{"start":{"line":311,"column":29},"end":{"line":311,"column":48}}},"fnMap":{"0":{"name":"(anonymous_0)","decl":{"start":{"line":33,"column":2},"end":{"line":33,"column":3}},"loc":{"start":{"line":33,"column":36},"end":{"line":123,"column":3}},"line":33},"1":{"name":"(anonymous_1)","decl":{"start":{"line":83,"column":25},"end":{"line":83,"column":26}},"loc":{"start":{"line":83,"column":38},"end":{"line":118,"column":7}},"line":83},"2":{"name":"(anonymous_2)","decl":{"start":{"line":84,"column":35},"end":{"line":84,"column":36}},"loc":{"start":{"line":84,"column":41},"end":{"line":93,"column":9}},"line":84},"3":{"name":"(anonymous_3)","decl":{"start":{"line":91,"column":40},"end":{"line":91,"column":41}},"loc":{"start":{"line":91,"column":46},"end":{"line":91,"column":85}},"line":91},"4":{"name":"(anonymous_4)","decl":{"start":{"line":95,"column":38},"end":{"line":95,"column":39}},"loc":{"start":{"line":95,"column":50},"end":{"line":99,"column":9}},"line":95},"5":{"name":"(anonymous_5)","decl":{"start":{"line":101,"column":41},"end":{"line":101,"column":42}},"loc":{"start":{"line":101,"column":52},"end":{"line":107,"column":9}},"line":101},"6":{"name":"(anonymous_6)","decl":{"start":{"line":113,"column":19},"end":{"line":113,"column":20}},"loc":{"start":{"line":113,"column":25},"end":{"line":117,"column":9}},"line":113},"7":{"name":"(anonymous_7)","decl":{"start":{"line":125,"column":2},"end":{"line":125,"column":3}},"loc":{"start":{"line":125,"column":32},"end":{"line":159,"column":3}},"line":125},"8":{"name":"(anonymous_8)","decl":{"start":{"line":156,"column":19},"end":{"line":156,"column":20}},"loc":{"start":{"line":156,"column":28},"end":{"line":158,"column":5}},"line":156},"9":{"name":"(anonymous_9)","decl":{"start":{"line":157,"column":29},"end":{"line":157,"column":30}},"loc":{"start":{"line":157,"column":39},"end":{"line":157,"column":61}},"line":157},"10":{"name":"(anonymous_10)","decl":{"start":{"line":161,"column":2},"end":{"line":161,"column":3}},"loc":{"start":{"line":161,"column":15},"end":{"line":169,"column":3}},"line":161},"11":{"name":"(anonymous_11)","decl":{"start":{"line":171,"column":2},"end":{"line":171,"column":3}},"loc":{"start":{"line":171,"column":28},"end":{"line":173,"column":3}},"line":171},"12":{"name":"(anonymous_12)","decl":{"start":{"line":177,"column":2},"end":{"line":177,"column":3}},"loc":{"start":{"line":177,"column":27},"end":{"line":184,"column":3}},"line":177},"13":{"name":"(anonymous_13)","decl":{"start":{"line":179,"column":41},"end":{"line":179,"column":42}},"loc":{"start":{"line":179,"column":47},"end":{"line":183,"column":5}},"line":179},"14":{"name":"(anonymous_14)","decl":{"start":{"line":186,"column":2},"end":{"line":186,"column":3}},"loc":{"start":{"line":186,"column":26},"end":{"line":191,"column":3}},"line":186},"15":{"name":"(anonymous_15)","decl":{"start":{"line":195,"column":2},"end":{"line":195,"column":3}},"loc":{"start":{"line":195,"column":37},"end":{"line":200,"column":3}},"line":195},"16":{"name":"(anonymous_16)","decl":{"start":{"line":202,"column":2},"end":{"line":202,"column":3}},"loc":{"start":{"line":202,"column":38},"end":{"line":205,"column":3}},"line":202},"17":{"name":"(anonymous_17)","decl":{"start":{"line":210,"column":2},"end":{"line":210,"column":3}},"loc":{"start":{"line":210,"column":41},"end":{"line":212,"column":3}},"line":210},"18":{"name":"(anonymous_18)","decl":{"start":{"line":214,"column":2},"end":{"line":214,"column":3}},"loc":{"start":{"line":214,"column":58},"end":{"line":216,"column":3}},"line":214},"19":{"name":"(anonymous_19)","decl":{"start":{"line":219,"column":2},"end":{"line":219,"column":3}},"loc":{"start":{"line":219,"column":74},"end":{"line":221,"column":3}},"line":219},"20":{"name":"(anonymous_20)","decl":{"start":{"line":224,"column":2},"end":{"line":224,"column":3}},"loc":{"start":{"line":224,"column":56},"end":{"line":224,"column":117}},"line":224},"21":{"name":"(anonymous_21)","decl":{"start":{"line":225,"column":2},"end":{"line":225,"column":3}},"loc":{"start":{"line":225,"column":56},"end":{"line":225,"column":117}},"line":225},"22":{"name":"(anonymous_22)","decl":{"start":{"line":226,"column":2},"end":{"line":226,"column":3}},"loc":{"start":{"line":226,"column":56},"end":{"line":226,"column":123}},"line":226},"23":{"name":"(anonymous_23)","decl":{"start":{"line":227,"column":2},"end":{"line":227,"column":3}},"loc":{"start":{"line":227,"column":56},"end":{"line":227,"column":112}},"line":227},"24":{"name":"(anonymous_24)","decl":{"start":{"line":230,"column":2},"end":{"line":230,"column":3}},"loc":{"start":{"line":230,"column":61},"end":{"line":230,"column":126}},"line":230},"25":{"name":"(anonymous_25)","decl":{"start":{"line":231,"column":2},"end":{"line":231,"column":3}},"loc":{"start":{"line":231,"column":61},"end":{"line":231,"column":116}},"line":231},"26":{"name":"(anonymous_26)","decl":{"start":{"line":232,"column":2},"end":{"line":232,"column":3}},"loc":{"start":{"line":232,"column":61},"end":{"line":232,"column":116}},"line":232},"27":{"name":"(anonymous_27)","decl":{"start":{"line":233,"column":2},"end":{"line":233,"column":3}},"loc":{"start":{"line":233,"column":61},"end":{"line":233,"column":116}},"line":233},"28":{"name":"(anonymous_28)","decl":{"start":{"line":235,"column":2},"end":{"line":235,"column":3}},"loc":{"start":{"line":235,"column":38},"end":{"line":237,"column":3}},"line":235},"29":{"name":"(anonymous_29)","decl":{"start":{"line":239,"column":2},"end":{"line":239,"column":3}},"loc":{"start":{"line":239,"column":38},"end":{"line":241,"column":3}},"line":239},"30":{"name":"(anonymous_30)","decl":{"start":{"line":243,"column":2},"end":{"line":243,"column":3}},"loc":{"start":{"line":243,"column":33},"end":{"line":245,"column":3}},"line":243},"31":{"name":"(anonymous_31)","decl":{"start":{"line":247,"column":2},"end":{"line":247,"column":3}},"loc":{"start":{"line":253,"column":4},"end":{"line":261,"column":3}},"line":253},"32":{"name":"(anonymous_32)","decl":{"start":{"line":263,"column":2},"end":{"line":263,"column":3}},"loc":{"start":{"line":263,"column":74},"end":{"line":265,"column":3}},"line":263},"33":{"name":"(anonymous_33)","decl":{"start":{"line":267,"column":2},"end":{"line":267,"column":3}},"loc":{"start":{"line":267,"column":39},"end":{"line":269,"column":3}},"line":267},"34":{"name":"(anonymous_34)","decl":{"start":{"line":274,"column":2},"end":{"line":274,"column":3}},"loc":{"start":{"line":274,"column":100},"end":{"line":276,"column":3}},"line":274},"35":{"name":"(anonymous_35)","decl":{"start":{"line":278,"column":2},"end":{"line":278,"column":3}},"loc":{"start":{"line":278,"column":23},"end":{"line":280,"column":3}},"line":278},"36":{"name":"(anonymous_36)","decl":{"start":{"line":284,"column":2},"end":{"line":284,"column":3}},"loc":{"start":{"line":284,"column":40},"end":{"line":289,"column":3}},"line":284},"37":{"name":"(anonymous_37)","decl":{"start":{"line":291,"column":2},"end":{"line":291,"column":3}},"loc":{"start":{"line":291,"column":41},"end":{"line":293,"column":3}},"line":291},"38":{"name":"(anonymous_38)","decl":{"start":{"line":295,"column":2},"end":{"line":295,"column":3}},"loc":{"start":{"line":295,"column":36},"end":{"line":297,"column":3}},"line":295},"39":{"name":"(anonymous_39)","decl":{"start":{"line":299,"column":2},"end":{"line":299,"column":3}},"loc":{"start":{"line":299,"column":41},"end":{"line":307,"column":3}},"line":299},"40":{"name":"(anonymous_40)","decl":{"start":{"line":300,"column":39},"end":{"line":300,"column":40}},"loc":{"start":{"line":300,"column":51},"end":{"line":306,"column":5}},"line":300}},"branchMap":{"0":{"loc":{"start":{"line":38,"column":6},"end":{"line":54,"column":7}},"type":"if","locations":[{"start":{"line":38,"column":6},"end":{"line":54,"column":7}},{"start":{},"end":{}}],"line":38},"1":{"loc":{"start":{"line":46,"column":10},"end":{"line":50,"column":11}},"type":"if","locations":[{"start":{"line":46,"column":10},"end":{"line":50,"column":11}},{"start":{},"end":{}}],"line":46},"2":{"loc":{"start":{"line":56,"column":6},"end":{"line":59,"column":7}},"type":"if","locations":[{"start":{"line":56,"column":6},"end":{"line":59,"column":7}},{"start":{},"end":{}}],"line":56},"3":{"loc":{"start":{"line":62,"column":6},"end":{"line":64,"column":7}},"type":"if","locations":[{"start":{"line":62,"column":6},"end":{"line":64,"column":7}},{"start":{},"end":{}}],"line":62},"4":{"loc":{"start":{"line":104,"column":10},"end":{"line":106,"column":11}},"type":"if","locations":[{"start":{"line":104,"column":10},"end":{"line":106,"column":11}},{"start":{},"end":{}}],"line":104},"5":{"loc":{"start":{"line":114,"column":10},"end":{"line":116,"column":11}},"type":"if","locations":[{"start":{"line":114,"column":10},"end":{"line":116,"column":11}},{"start":{},"end":{}}],"line":114},"6":{"loc":{"start":{"line":126,"column":4},"end":{"line":126,"column":29}},"type":"if","locations":[{"start":{"line":126,"column":4},"end":{"line":126,"column":29}},{"start":{},"end":{}}],"line":126},"7":{"loc":{"start":{"line":163,"column":4},"end":{"line":166,"column":5}},"type":"if","locations":[{"start":{"line":163,"column":4},"end":{"line":166,"column":5}},{"start":{},"end":{}}],"line":163},"8":{"loc":{"start":{"line":172,"column":11},"end":{"line":172,"column":62}},"type":"binary-expr","locations":[{"start":{"line":172,"column":11},"end":{"line":172,"column":27}},{"start":{"line":172,"column":31},"end":{"line":172,"column":62}}],"line":172},"9":{"loc":{"start":{"line":180,"column":6},"end":{"line":182,"column":7}},"type":"if","locations":[{"start":{"line":180,"column":6},"end":{"line":182,"column":7}},{"start":{},"end":{}}],"line":180},"10":{"loc":{"start":{"line":187,"column":4},"end":{"line":190,"column":5}},"type":"if","locations":[{"start":{"line":187,"column":4},"end":{"line":190,"column":5}},{"start":{},"end":{}}],"line":187},"11":{"loc":{"start":{"line":230,"column":39},"end":{"line":230,"column":59}},"type":"default-arg","locations":[{"start":{"line":230,"column":50},"end":{"line":230,"column":59}}],"line":230},"12":{"loc":{"start":{"line":285,"column":4},"end":{"line":287,"column":5}},"type":"if","locations":[{"start":{"line":285,"column":4},"end":{"line":287,"column":5}},{"start":{},"end":{}}],"line":285}},"s":{"0":0,"1":0,"2":0,"3":0,"4":0,"5":0,"6":0,"7":0,"8":0,"9":0,"10":0,"11":0,"12":0,"13":0,"14":0,"15":0,"16":0,"17":0,"18":0,"19":0,"20":0,"21":0,"22":0,"23":0,"24":0,"25":0,"26":0,"27":0,"28":0,"29":0,"30":0,"31":0,"32":0,"33":0,"34":0,"35":0,"36":0,"37":0,"38":0,"39":0,"40":0,"41":0,"42":0,"43":0,"44":0,"45":0,"46":0,"47":0,"48":0,"49":0,"50":0,"51":0,"52":0,"53":0,"54":0,"55":0,"56":0,"57":0,"58":0,"59":0,"60":0,"61":0,"62":0,"63":0,"64":0,"65":0,"66":0,"67":0,"68":0,"69":0,"70":0,"71":0,"72":0,"73":0,"74":0,"75":0,"76":0,"77":0,"78":0,"79":0,"80":0,"81":0,"82":0,"83":0,"84":0,"85":0,"86":0,"87":0,"88":0,"89":0,"90":0,"91":0,"92":0,"93":0,"94":0,"95":0,"96":0,"97":0,"98":0,"99":0,"100":0,"101":0,"102":0},"f":{"0":0,"1":0,"2":0,"3":0,"4":0,"5":0,"6":0,"7":0,"8":0,"9":0,"10":0,"11":0,"12":0,"13":0,"14":0,"15":0,"16":0,"17":0,"18":0,"19":0,"20":0,"21":0,"22":0,"23":0,"24":0,"25":0,"26":0,"27":0,"28":0,"29":0,"30":0,"31":0,"32":0,"33":0,"34":0,"35":0,"36":0,"37":0,"38":0,"39":0,"40":0},"b":{"0":[0,0],"1":[0,0],"2":[0,0],"3":[0,0],"4":[0,0],"5":[0,0],"6":[0,0],"7":[0,0],"8":[0,0],"9":[0,0],"10":[0,0],"11":[0],"12":[0,0]}}
,"C:\\Users\\21266\\Desktop\\sdk52\\sallysudo\\mobile\\utils\\storage.ts": {"path":"C:\\Users\\21266\\Desktop\\sdk52\\sallysudo\\mobile\\utils\\storage.ts","statementMap":{"0":{"start":{"line":61,"column":26},"end":{"line":65,"column":6}},"1":{"start":{"line":68,"column":30},"end":{"line":90,"column":1}},"2":{"start":{"line":69,"column":30},"end":{"line":69,"column":32}},"3":{"start":{"line":70,"column":2},"end":{"line":88,"column":3}},"4":{"start":{"line":70,"column":15},"end":{"line":70,"column":16}},"5":{"start":{"line":72,"column":4},"end":{"line":77,"column":31}},"6":{"start":{"line":72,"column":16},"end":{"line":72,"column":40}},"7":{"start":{"line":73,"column":9},"end":{"line":77,"column":31}},"8":{"start":{"line":73,"column":22},"end":{"line":73,"column":42}},"9":{"start":{"line":74,"column":9},"end":{"line":77,"column":31}},"10":{"start":{"line":74,"column":22},"end":{"line":74,"column":44}},"11":{"start":{"line":75,"column":9},"end":{"line":77,"column":31}},"12":{"start":{"line":75,"column":22},"end":{"line":75,"column":42}},"13":{"start":{"line":76,"column":9},"end":{"line":77,"column":31}},"14":{"start":{"line":76,"column":22},"end":{"line":76,"column":44}},"15":{"start":{"line":77,"column":9},"end":{"line":77,"column":31}},"16":{"start":{"line":79,"column":4},"end":{"line":87,"column":7}},"17":{"start":{"line":89,"column":2},"end":{"line":89,"column":16}},"18":{"start":{"line":93,"column":43},"end":{"line":194,"column":1}},"19":{"start":{"line":197,"column":27},"end":{"line":208,"column":1}},"20":{"start":{"line":211,"column":13},"end":{"line":218,"column":1}},"21":{"start":{"line":222,"column":23},"end":{"line":477,"column":1}},"22":{"start":{"line":225,"column":17},"end":{"line":225,"column":54}},"23":{"start":{"line":226,"column":4},"end":{"line":226,"column":42}},"24":{"start":{"line":230,"column":4},"end":{"line":230,"column":64}},"25":{"start":{"line":234,"column":4},"end":{"line":234,"column":45}},"26":{"start":{"line":235,"column":4},"end":{"line":235,"column":51}},"27":{"start":{"line":240,"column":17},"end":{"line":240,"column":56}},"28":{"start":{"line":241,"column":4},"end":{"line":241,"column":54}},"29":{"start":{"line":245,"column":4},"end":{"line":245,"column":68}},"30":{"start":{"line":249,"column":19},"end":{"line":249,"column":41}},"31":{"start":{"line":250,"column":18},"end":{"line":250,"column":57}},"32":{"start":{"line":250,"column":40},"end":{"line":250,"column":56}},"33":{"start":{"line":251,"column":4},"end":{"line":258,"column":5}},"34":{"start":{"line":252,"column":6},"end":{"line":252,"column":55}},"35":{"start":{"line":254,"column":6},"end":{"line":256,"column":7}},"36":{"start":{"line":255,"column":8},"end":{"line":255,"column":41}},"37":{"start":{"line":257,"column":6},"end":{"line":257,"column":35}},"38":{"start":{"line":263,"column":17},"end":{"line":263,"column":55}},"39":{"start":{"line":264,"column":4},"end":{"line":272,"column":6}},"40":{"start":{"line":276,"column":18},"end":{"line":276,"column":39}},"41":{"start":{"line":277,"column":4},"end":{"line":277,"column":85}},"42":{"start":{"line":282,"column":17},"end":{"line":282,"column":58}},"43":{"start":{"line":283,"column":4},"end":{"line":290,"column":6}},"44":{"start":{"line":294,"column":4},"end":{"line":294,"column":72}},"45":{"start":{"line":299,"column":17},"end":{"line":299,"column":62}},"46":{"start":{"line":300,"column":4},"end":{"line":300,"column":50}},"47":{"start":{"line":304,"column":25},"end":{"line":304,"column":53}},"48":{"start":{"line":305,"column":18},"end":{"line":305,"column":58}},"49":{"start":{"line":305,"column":46},"end":{"line":305,"column":57}},"50":{"start":{"line":306,"column":4},"end":{"line":309,"column":5}},"51":{"start":{"line":307,"column":6},"end":{"line":307,"column":67}},"52":{"start":{"line":308,"column":6},"end":{"line":308,"column":82}},"53":{"start":{"line":318,"column":48},"end":{"line":320,"column":6}},"54":{"start":{"line":321,"column":18},"end":{"line":321,"column":55}},"55":{"start":{"line":322,"column":28},"end":{"line":322,"column":66}},"56":{"start":{"line":322,"column":47},"end":{"line":322,"column":58}},"57":{"start":{"line":323,"column":33},"end":{"line":323,"column":35}},"58":{"start":{"line":324,"column":4},"end":{"line":342,"column":5}},"59":{"start":{"line":325,"column":6},"end":{"line":325,"column":31}},"60":{"start":{"line":325,"column":22},"end":{"line":325,"column":31}},"61":{"start":{"line":326,"column":21},"end":{"line":326,"column":31}},"62":{"start":{"line":327,"column":6},"end":{"line":339,"column":7}},"63":{"start":{"line":328,"column":30},"end":{"line":328,"column":76}},"64":{"start":{"line":328,"column":77},"end":{"line":328,"column":83}},"65":{"start":{"line":329,"column":30},"end":{"line":329,"column":129}},"66":{"start":{"line":329,"column":130},"end":{"line":329,"column":136}},"67":{"start":{"line":330,"column":30},"end":{"line":330,"column":80}},"68":{"start":{"line":330,"column":81},"end":{"line":330,"column":87}},"69":{"start":{"line":331,"column":30},"end":{"line":331,"column":78}},"70":{"start":{"line":331,"column":79},"end":{"line":331,"column":85}},"71":{"start":{"line":332,"column":30},"end":{"line":332,"column":119}},"72":{"start":{"line":332,"column":120},"end":{"line":332,"column":126}},"73":{"start":{"line":334,"column":30},"end":{"line":334,"column":67}},"74":{"start":{"line":334,"column":68},"end":{"line":334,"column":74}},"75":{"start":{"line":335,"column":30},"end":{"line":335,"column":77}},"76":{"start":{"line":335,"column":78},"end":{"line":335,"column":84}},"77":{"start":{"line":336,"column":30},"end":{"line":336,"column":78}},"78":{"start":{"line":336,"column":79},"end":{"line":336,"column":85}},"79":{"start":{"line":337,"column":30},"end":{"line":337,"column":77}},"80":{"start":{"line":337,"column":78},"end":{"line":337,"column":84}},"81":{"start":{"line":338,"column":17},"end":{"line":338,"column":23}},"82":{"start":{"line":340,"column":6},"end":{"line":340,"column":28}},"83":{"start":{"line":341,"column":6},"end":{"line":341,"column":69}},"84":{"start":{"line":341,"column":34},"end":{"line":341,"column":52}},"85":{"start":{"line":341,"column":53},"end":{"line":341,"column":67}},"86":{"start":{"line":343,"column":4},"end":{"line":343,"column":80}},"87":{"start":{"line":344,"column":4},"end":{"line":344,"column":17}},"88":{"start":{"line":349,"column":18},"end":{"line":349,"column":61}},"89":{"start":{"line":350,"column":4},"end":{"line":350,"column":19}},"90":{"start":{"line":355,"column":4},"end":{"line":386,"column":5}},"91":{"start":{"line":356,"column":18},"end":{"line":360,"column":8}},"92":{"start":{"line":361,"column":6},"end":{"line":383,"column":7}},"93":{"start":{"line":362,"column":21},"end":{"line":362,"column":37}},"94":{"start":{"line":363,"column":8},"end":{"line":382,"column":9}},"95":{"start":{"line":364,"column":20},"end":{"line":364,"column":35}},"96":{"start":{"line":365,"column":29},"end":{"line":375,"column":11}},"97":{"start":{"line":376,"column":10},"end":{"line":376,"column":35}},"98":{"start":{"line":379,"column":10},"end":{"line":379,"column":65}},"99":{"start":{"line":380,"column":10},"end":{"line":380,"column":66}},"100":{"start":{"line":381,"column":10},"end":{"line":381,"column":22}},"101":{"start":{"line":385,"column":6},"end":{"line":385,"column":59}},"102":{"start":{"line":388,"column":21},"end":{"line":388,"column":87}},"103":{"start":{"line":388,"column":42},"end":{"line":388,"column":86}},
[...]
":{"line":222,"column":48}},"line":222}},"branchMap":{"0":{"loc":{"start":{"line":30,"column":4},"end":{"line":30,"column":44}},"type":"if","locations":[{"start":{"line":30,"column":4},"end":{"line":30,"column":44}},{"start":{},"end":{}}],"line":30},"1":{"loc":{"start":{"line":35,"column":4},"end":{"line":35,"column":44}},"type":"if","locations":[{"start":{"line":35,"column":4},"end":{"line":35,"column":44}},{"start":{},"end":{}}],"line":35},"2":{"loc":{"start":{"line":43,"column":6},"end":{"line":43,"column":62}},"type":"if","locations":[{"start":{"line":43,"column":6},"end":{"line":43,"column":62}},{"start":{},"end":{}}],"line":43},"3":{"loc":{"start":{"line":64,"column":6},"end":{"line":74,"column":7}},"type":"if","locations":[{"start":{"line":64,"column":6},"end":{"line":74,"column":7}},{"start":{},"end":{}}],"line":64},"4":{"loc":{"start":{"line":67,"column":10},"end":{"line":71,"column":11}},"type":"if","locations":[{"start":{"line":67,"column":10},"end":{"line":71,"column":11}},{"start":{},"end":{}}],"line":67},"5":{"loc":{"start":{"line":69,"column":12},"end":{"line":69,"column":42}},"type":"if","locations":[{"start":{"line":69,"column":12},"end":{"line":69,"column":42}},{"start":{},"end":{}}],"line":69},"6":{"loc":{"start":{"line":81,"column":38},"end":{"line":81,"column":55}},"type":"default-arg","locations":[{"start":{"line":81,"column":54},"end":{"line":81,"column":55}}],"line":81},"7":{"loc":{"start":{"line":85,"column":4},"end":{"line":85,"column":31}},"type":"if","locations":[{"start":{"line":85,"column":4},"end":{"line":85,"column":31}},{"start":{},"end":{}}],"line":85},"8":{"loc":{"start":{"line":89,"column":8},"end":{"line":98,"column":9}},"type":"if","locations":[{"start":{"line":89,"column":8},"end":{"line":98,"column":9}},{"start":{},"end":{}}],"line":89},"9":{"loc":{"start":{"line":91,"column":12},"end":{"line":95,"column":13}},"type":"if","locations":[{"start":{"line":91,"column":12},"end":{"line":95,"column":13}},{"start":{},"end":{}}],"line":91},"10":{"loc":{"start":{"line":119,"column":31},"end":{"line":119,"column":86}},"type":"binary-expr","locations":[{"start":{"line":119,"column":31},"end":{"line":119,"column":59}},{"start":{"line":119,"column":63},"end":{"line":119,"column":86}}],"line":119},"11":{"loc":{"start":{"line":134,"column":4},"end":{"line":134,"column":40}},"type":"if","locations":[{"start":{"line":134,"column":4},"end":{"line":134,"column":40}},{"start":{},"end":{}}],"line":134},"12":{"loc":{"start":{"line":140,"column":4},"end":{"line":144,"column":5}},"type":"if","locations":[{"start":{"line":140,"column":4},"end":{"line":144,"column":5}},{"start":{"line":142,"column":11},"end":{"line":144,"column":5}}],"line":140},"13":{"loc":{"start":{"line":153,"column":2},"end":{"line":158,"column":29}},"type":"if","locations":[{"start":{"line":153,"column":2},"end":{"line":158,"column":29}},{"start":{"line":154,"column":7},"end":{"line":158,"column":29}}],"line":153},"14":{"loc":{"start":{"line":154,"column":7},"end":{"line":158,"column":29}},"type":"if","locations":[{"start":{"line":154,"column":7},"end":{"line":158,"column":29}},{"start":{"line":155,"column":7},"end":{"line":158,"column":29}}],"line":154},"15":{"loc":{"start":{"line":155,"column":7},"end":{"line":158,"column":29}},"type":"if","locations":[{"start":{"line":155,"column":7},"end":{"line":158,"column":29}},{"start":{"line":156,"column":7},"end":{"line":158,"column":29}}],"line":155},"16":{"loc":{"start":{"line":156,"column":7},"end":{"line":158,"column":29}},"type":"if","locations":[{"start":{"line":156,"column":7},"end":{"line":158,"column":29}},{"start":{"line":157,"column":7},"end":{"line":158,"column":29}}],"line":156},"17":{"loc":{"start":{"line":157,"column":7},"end":{"line":158,"column":29}},"type":"if","locations":[{"start":{"line":157,"column":7},"end":{"line":158,"column":29}},{"start":{"line":158,"column":7},"end":{"line":158,"column":29}}],"line":157},"18":{"loc":{"start":{"line":172,"column":6},"end":{"line":174,"column":7}},"type":"if","locations":[{"start":{"line":172,"column":6},"end":{"line":174,"column":7}},{"start":{},"end":{}}],"line":172},"19":{"loc":{"start":{"line":178,"column":2},"end":{"line":178,"column":43}},"type":"if","locations":[{"start":{"line":178,"column":2},"end":{"line":178,"column":43}},{"start":{},"end":{}}],"line":178},"20":{"loc":{"start":{"line":192,"column":6},"end":{"line":192,"column":55}},"type":"if","locations":[{"start":{"line":192,"column":6},"end":{"line":192,"column":55}},{"start":{},"end":{}}],"line":192},"21":{"loc":{"start":{"line":202,"column":4},"end":{"line":204,"column":5}},"type":"if","locations":[{"start":{"line":202,"column":4},"end":{"line":204,"column":5}},{"start":{},"end":{}}],"line":202},"22":{"loc":{"start":{"line":220,"column":6},"end":{"line":223,"column":7}},"type":"if","locations":[{"start":{"line":220,"column":6},"end":{"line":223,"column":7}},{"start":{},"end":{}}],"line":220}},"s":{"0":1,"1":1,"2":2,"3":18,"4":1,"5":20508,"6":20508,"7":117131,"8":15533,"9":4975,"10":4975,"11":35016,"12":2304,"13":2671,"14":2671,"15":2671,"16":2671,"17":7707,"18":7707,"19":22879,"20":276,"21":2395,"22":1,"23":239,"24":239,"25":239,"26":2056,"27":2056,"28":239,"29":1,"30":239,"31":239,"32":1316,"33":1316,"34":11056,"35":237,"36":237,"37":1280,"38":237,"39":237,"40":162,"41":75,"42":75,"43":2,"44":1,"45":71,"46":71,"47":2219,"48":10,"49":2209,"50":2209,"51":8738,"52":8738,"53":70550,"54":2135,"55":2135,"56":19215,"57":2148,"58":2148,"59":2148,"60":2135,"61":74,"62":71,"63":639,"64":71,"65":71,"66":1,"67":2,"68":2,"69":2,"70":1,"71":2,"72":18,"73":2,"74":2,"75":2,"76":2,"77":2,"78":2,"79":18,"80":18,"81":162,"82":2,"83":2,"84":2,"85":73,"86":2,"87":71,"88":71,"89":71,"90":3,"91":68,"92":2,"93":1,"94":2,"95":2,"96":0,"97":0,"98":0,"99":0,"100":0,"101":0,"102":0,"103":0,"104":0,"105":2,"106":2,"107":2,"108":1,"109":0,"110":0,"111":0,"112":0,"113":0,"114":0,"115":0,"116":0,"117":0,"118":0,"119":0,"120":1,"121":4,"122":4,"123":23,"124":23,"125":194,"126":2,"127":2,"128":1,"129":1,"130":1,"131":1,"132":9,"133":9,"134":1,"135":1,"136":0,"137":0,"138":0,"139":1,"140":0,"141":0,"142":0,"143":0,"144":0,"145":0,"146":0,"147":0,"148":0,"149":0},"f":{"0":2,"1":18,"2":20508,"3":239,"4":239,"5":71,"6":2219,"7":639,"8":2,"9":2,"10":18,"11":2,"12":0,"13":4,"14":1,"15":0,"16":0,"17":0,"18":0,"19":0},"b":{"0":[15533,101598],"1":[2304,32712],"2":[276,22603],"3":[237,10819],"4":[237,1043],"5":[162,75],"6":[71],"7":[10,2209],"8":[2135,68415],"9":[2148,17067],"10":[2,0],"11":[2,71],"12":[3,68],"13":[2,0],"14":[0,0],"15":[0,0],"16":[0,0],"17":[0,0],"18":[0,0],"19":[0,0],"20":[2,192],"21":[9,0],"22":[0,0]},"_coverageSchema":"1a1c01bbd47fc00a2c39e90264f33305004495a9","hash":"8df8fa8880107dd110041f2f891a18429f21a64a"}
,"C:\\Users\\21266\\Desktop\\sdk52\\sallysudo\\mobile\\utils\\theme.ts": {"path":"C:\\Users\\21266\\Desktop\\sdk52\\sallysudo\\mobile\\utils\\theme.ts","statementMap":{"0":{"start":{"line":53,"column":33},"end":{"line":80,"column":1}},"1":{"start":{"line":82,"column":35},"end":{"line":109,"column":1}},"2":{"start":{"line":112,"column":21},"end":{"line":114,"column":1}},"3":{"start":{"line":116,"column":22},"end":{"line":118,"column":1}},"4":{"start":{"line":122,"column":20},"end":{"line":131,"column":1}},"5":{"start":{"line":133,"column":20},"end":{"line":133,"column":34}},"6":{"start":{"line":136,"column":2},"end":{"line":136,"column":55}},"7":{"start":{"line":139,"column":30},"end":{"line":139,"column":40}},"8":{"start":{"line":140,"column":18},"end":{"line":140,"column":51}},"9":{"start":{"line":143,"column":2},"end":{"line":143,"column":22}},"10":{"start":{"line":147,"column":2},"end":{"line":147,"column":22}},"11":{"start":{"line":148,"column":2},"end":{"line":148,"column":65}},"12":{"start":{"line":148,"column":8},"end":{"line":148,"column":54}},"13":{"start":{"line":149,"column":2},"end":{"line":149,"column":36}},"14":{"start":{"line":149,"column":26},"end":{"line":149,"column":34}},"15":{"start":{"line":153,"column":2},"end":{"line":159,"column":12}},"16":{"start":{"line":154,"column":16},"end":{"line":154,"column":55}},"17":{"start":{"line":155,"column":4},"end":{"line":158,"column":5}},"18":{"start":{"line":156,"column":6},"end":{"line":156,"column":25}},"19":{"start":{"line":157,"column":6},"end":{"line":157,"column":39}},"20":{"start":{"line":157,"column":30},"end":{"line":157,"column":37}},"21":{"start":{"line":164,"column":26},"end":{"line":164,"column":59}},"22":{"start":{"line":165,"column":2},"end":{"line":169,"column":9}},"23":{"start":{"line":166,"column":4},"end":{"line":166,"column":27}},"24":{"start":{"line":167,"column":4},"end":{"line":167,"column":22}},"25":{"start":{"line":168,"column":4},"end":{"line":168,"column":48}},"26":{"start":{"line":168,"column":19},"end":{"line":168,"column":45}},"27":{"start":{"line":170,"column":2},"end":{"line":176,"column":4}}},"fnMap":{"0":{"name":"paletteFor","decl":{"start":{"line":135,"column":16},"end":{"line":135,"column":26}},"loc":{"start":{"line":135,"column":53},"end":{"line":137,"column":1}},"line":135},"1":{"name":"getThemeName","decl":{"start":{"line":142,"column":16},"end":{"line":142,"column":28}},"loc":{"start":{"line":142,"column":42},"end":{"line":144,"column":1}},"line":142},"2":{"name":"setTheme","decl":{"start":{"line":146,"column":22},"end":{"line":146,"column":30}},"loc":{"start":{"line":146,"column":48},"end":{"line":150,"column":1}},"line":146},"3":{"name":"(anonymous_3)","decl":{"start":{"line":149,"column":20},"end":{"line":149,"column":21}},"loc":{"start":{"line":149,"column":26},"end":{"line":149,"column":34}},"line":149},"4":{"name":"loadStoredTheme","decl":{"start":{"line":152,"column":22},"end":{"line":152,"column":37}},"loc":{"start":{"line":152,"column":40},"end":{"line":160,"column":1}},"line":152},"5":{"name":"(anonymous_5)","decl":{"start":{"line":157,"column":24},"end":{"line":157,"column":25}},"loc":{"start":{"line":157,"column":30},"end":{"line":157,"column":37}},"line":157},"6":{"name":"useTheme","decl":{"start":{"line":163,"column":16},"end":{"line":163,"column":24}},"loc":{"start":{"line":163,"column":27},"end":{"line":177,"column":1}},"line":163},"7":{"name":"(anonymous_7)","decl":{"start":{"line":165,"column":12},"end":{"line":165,"column":13}},"loc":{"start":{"line":165,"column":18},"end":{"line":169,"column":3}},"line":165},"8":{"name":"(anonymous_8)","decl":{"start":{"line":168,"column":11},"end":{"line":168,"column":12}},"loc":{"start":{"line":168,"column":17},"end":{"line":168,"column":47}},"line":168}},"branchMap":{"0":{"loc":{"start":{"line":136,"column":9},"end":{"line":136,"column":54}},"type":"cond-expr","locations":[{"start":{"line":136,"column":33},"end":{"line":136,"column":43}},{"start":{"line":136,"column":46},"end":{"line":136,"column":54}}],"line":136},"1":{"loc":{"start":{"line":155,"column":4},"end":{"line":158,"column":5}},"type":"if","locations":[{"start":{"line":155,"column":4},"end":{"line":158,"column":5}},{"start":{},"end":{}}],"line":155},"2":{"loc":{"start":{"line":155,"column":8},"end":{"line":155,"column":50}},"type":"binary-expr","locations":[{"start":{"line":155,"column":8},"end":{"line":155,"column":26}},{"start":{"line":155,"column":30},"end":{"line":155,"column":50}}],"line":155}},"s":{"0":0,"1":0,"2":0,"3":0,"4":0,"5":0,"6":0,"7":0,"8":0,"9":0,"10":0,"11":0,"12":0,"13":0,"14":0,"15":0,"16":0,"17":0,"18":0,"19":0,"20":0,"21":0,"22":0,"23":0,"24":0,"25":0,"26":0,"27":0},"f":{"0":0,"1":0,"2":0,"3":0,"4":0,"5":0,"6":0,"7":0,"8":0},"b":{"0":[0,0],"1":[0,0],"2":[0,0]}}
,"C:\\Users\\21266\\Desktop\\sdk52\\sallysudo\\mobile\\utils\\themes.ts": {"path":"C:\\Users\\21266\\Desktop\\sdk52\\sallysudo\\mobile\\utils\\themes.ts","statementMap":{"0":{"start":{"line":16,"column":31},"end":{"line":23,"column":1}}},"fnMap":{},"branchMap":{},"s":{"0":0},"f":{},"b":{}}
,"C:\\Users\\21266\\Desktop\\sdk52\\sallysudo\\mobile\\utils\\tutorial.ts": {"path":"C:\\Users\\21266\\Desktop\\sdk52\\sallysudo\\mobile\\utils\\tutorial.ts","statementMap":{"0":{"start":{"line":10,"column":46},"end":{"line":19,"column":1}}},"fnMap":{},"branchMap":{},"s":{"0":0},"f":{},"b":{}}
,"C:\\Users\\21266\\Desktop\\sdk52\\sallysudo\\mobile\\utils\\useBoardKeyboard.ts": {"path":"C:\\Users\\21266\\Desktop\\sdk52\\sallysudo\\mobile\\utils\\useBoardKeyboard.ts","statementMap":{"0":{"start":{"line":16,"column":14},"end":{"line":16,"column":23}},"1":{"start":{"line":17,"column":2},"end":{"line":17,"column":18}},"2":{"start":{"line":18,"column":2},"end":{"line":48,"column":9}},"3":{"start":{"line":19,"column":4},"end":{"line":19,"column":73}},"4":{"start":{"line":19,"column":66},"end":{"line":19,"column":73}},"5":{"start":{"line":20,"column":18},"end":{"line":45,"column":5}},"6":{"start":{"line":21,"column":18},"end":{"line":21,"column":29}},"7":{"start":{"line":22,"column":6},"end":{"line":22,"column":40}},"8":{"start":{"line":22,"column":33},"end":{"line":22,"column":40}},"9":{"start":{"line":24,"column":18},"end":{"line":24,"column":52}},"10":{"start":{"line":25,"column":6},"end":{"line":25,"column":56}},"11":{"start":{"line":25,"column":49},"end":{"line":25,"column":56}},"12":{"start":{"line":26,"column":18},"end":{"line":26,"column":30}},"13":{"start":{"line":27,"column":19},"end":{"line":32,"column":7}},"14":{"start":{"line":28,"column":18},"end":{"line":28,"column":35}},"15":{"start":{"line":28,"column":41},"end":{"line":28,"column":58}},"16":{"start":{"line":29,"column":19},"end":{"line":29,"column":51}},"17":{"start":{"line":30,"column":19},"end":{"line":30,"column":51}},"18":{"start":{"line":31,"column":8},"end":{"line":31,"column":46}},"19":{"start":{"line":33,"column":6},"end":{"line":44,"column":7}},"20":{"start":{"line":34,"column":24},"end":{"line":34,"column":36}},"21":{"start":{"line":34,"column":37},"end":{"line":34,"column":56}},"22":{"start":{"line":34,"column":57},"end":{"line":34,"column":63}},"23":{"start":{"line":35,"column":26},"end":{"line":35,"column":37}},"24":{"start":{"line":35,"column":38},"end":{"line":35,"column":57}},"25":{"start":{"line":35,"column":58},"end":{"line":35,"column":64}},"26":{"start":{"line":36,"column":26},"end":{"line":36,"column":38}},"27":{"start":{"line":36,"column":39},"end":{"line":36,"column":58}},"28":{"start":{"line":36,"column":59},"end":{"line":36,"column":65}},"29":{"start":{"line":37,"column":27},"end":{"line":37,"column":38}},"30":{"start":{"line":37,"column":39},"end":{"line":37,"column":58}},"31":{"start":{"line":37,"column":59},"end":{"line":37,"column":65}},"32":{"start":{"line":38,"column":51},"end":{"line":38,"column":65}},"33":{"start":{"line":38,"column":66},"end":{"line":38,"column":85}},"34":{"start":{"line":38,"column":86},"end":{"line":38,"column":92}},"35":{"start":{"line":39,"column":28},"end":{"line":39,"column":43}},"36":{"start":{"line":39,"column":44},"end":{"line":39,"column":50}},"37":{"start":{"line":40,"column":28},"end":{"line":40,"column":43}},"38":{"start":{"line":40,"column":44},"end":{"line":40,"column":50}},"39":{"start":{"line":41,"column":28},"end":{"line":41,"column":50}},"40":{"start":{"line":41,"column":51},"end":{"line":41,"column":57}},"41":{"start":{"line":43,"column":10},"end":{"line":43,"column":102}},"42":{"start":{"line":43,"column":46},"end":{"line":43,"column":80}},"43":{"start":{"line":43,"column":81},"end":{"line":43,"column":100}},"44":{"start":{"line":46,"column":4},"end":{"line":46,"column":48}},"45":{"start":{"line":47,"column":4},"end":{"line":47,"column":64}},"46":{"start":{"line":47,"column":17},"end":{"line":47,"column":63}}},"fnMap":{"0":{"name":"useBoardKeyboard","decl":{"start":{"line":15,"column":16},"end":{"line":15,"column":32}},"loc":{"start":{"line":15,"column":46},"end":{"line":49,"column":1}},"line":15},"1":{"name":"(anonymous_1)","decl":{"start":{"line":18,"column":12},"end":{"line":18,"column":13}},"loc":{"start":{"line":18,"column":18},"end":{"line":48,"column":3}},"line":18},"2":{"name":"(anonymous_2)","decl":{"start":{"line":20,"column":18},"end":{"line":20,"column":19}},"loc":{"start":{"line":20,"column":40},"end":{"line":45,"column":5}},"line":20},"3":{"name":"(anonymous_3)","decl":{"start":{"line":27,"column":19},"end":{"line":27,"column":20}},"loc":{"start":{"line":27,"column":47},"end":{"line":32,"column":7}},"line":27},"4":{"name":"(anonymous_4)","decl":{"start":{"line":47,"column":11},"end":{"line":47,"column":12}},"loc":{"start":{"line":47,"column":17},"end":{"line":47,"column":63}},"line":47}},"branchMap":{"0":{"loc":{"start":{"line":19,"column":4},"end":{"line":19,"column":73}},"type":"if","locations":[{"start":{"line":19,"column":4},"end":{"line":19,"column":73}},{"start":{},"end":{}}],"line":19},"1":{"loc":{"start":{"line":19,"column":8},"end":{"line":19,"column":64}},"type":"binary-expr","locations":[{"start":{"line":19,"column":8},"end":{"line":19,"column":29}},{"start":{"line":19,"column":33},"end":{"line":19,"column":64}}],"line":19},"2":{"loc":{"start":{"line":22,"column":6},"end":{"line":22,"column":40}},"type":"if","locations":[{"start":{"line":22,"column":6},"end":{"line":22,"column":40}},{"start":{},"end":{}}],"line":22},"3":{"loc":{"start":{"line":25,"column":6},"end":{"line":25,"column":56}},"type":"if","locations":[{"start":{"line":25,"column":6},"end":{"line":25,"column":56}},{"start":{},"end":{}}],"line":25},"4":{"loc":{"start":{"line":25,"column":10},"end":{"line":25,"column":47}},"type":"binary-expr","locations":[{"start":{"line":25,"column":10},"end":{"line":25,"column":25}},{"start":{"line":25,"column":29},"end":{"line":25,"column":47}}],"line":25},"5":{"loc":{"start":{"line":28,"column":18},"end":{"line":28,"column":35}},"type":"cond-expr","locations":[{"start":{"line":28,"column":24},"end":{"line":28,"column":31}},{"start":{"line":28,"column":34},"end":{"line":28,"column":35}}],"line":28},"6":{"loc":{"start":{"line":28,"column":41},"end":{"line":28,"column":58}},"type":"cond-expr","locations":[{"start":{"line":28,"column":47},"end":{"line":28,"column":54}},{"start":{"line":28,"column":57},"end":{"line":28,"column":58}}],"line":28},"7":{"loc":{"start":{"line":33,"column":6},"end":{"line":44,"column":7}},"type":"switch","locations":[{"start":{"line":34,"column":8},"end":{"line":34,"column":63}},{"start":{"line":35,"column":8},"end":{"line":35,"column":64}},{"start":{"line":36,"column":8},"end":{"line":36,"column":65}},{"start":{"line":37,"column":8},"end":{"line":37,"column":65}},{"start":{"line":38,"column":8},"end":{"line":38,"column":25}},{"start":{"line":38,"column":26},"end":{"line":38,"column":40}},{"start":{"line":38,"column":41},"end":{"line":38,"column":92}},{"start":{"line":39,"column":8},"end":{"line":39,"column":17}},{"start":{"line":39,"column":18},"end":{"line":39,"column":50}},{"start":{"line":40,"column":8},"end":{"line":40,"column":17}},{"start":{"line":40,"column":18},"end":{"line":40,"column":50}},{"start":{"line":41,"column":8},"end":{"line":41,"column":17}},{"start":{"line":41,"column":18},"end":{"line":41,"column":57}},{"start":{"line":42,"column":8},"end":{"line":43,"column":102}}],"line":33},"8":{"loc":{"start":{"line":43,"column":10},"end":{"line":43,"column":102}},"type":"if","locations":[{"start":{"line":43,"column":10},"end":{"line":43,"column":102}},{"start":{},"end":{}}],"line":43},"9":{"loc":{"start":{"line":43,"column":14},"end":{"line":43,"column":42}},"type":"binary-expr","locations":[{"start":{"line":43,"column":14},"end":{"line":43,"column":26}},{"start":{"line":43,"column":30},"end":{"line":43,"column":42}}],"line":43}},"s":{"0":0,"1":0,"2":0,"3":0,"4":0,"5":0,"6":0,"7":0,"8":0,"9":0,"10":0,"11":0,"12":0,"13":0,"14":0,"15":0,"16":0,"17":0,"18":0,"19":0,"20":0,"21":0,"22":0,"23":0,"24":0,"25":0,"26":0,"27":0,"28":0,"29":0,"30":0,"31":0,"32":0,"33":0,"34":0,"35":0,"36":0,"37":0,"38":0,"39":0,"40":0,"41":0,"42":0,"43":0,"44":0,"45":0,"46":0},"f":{"0":0,"1":0,"2":0,"3":0,"4":0},"b":{"0":[0,0],"1":[0,0],"2":[0,0],"3":[0,0],"4":[0,0],"5":[0,0],"6":[0,0],"7":[0,0,0,0,0,0,0,0,0,0,0,0,0,0],"8":[0,0],"9":[0,0]}}
}
