TN:
SF:utils\api.ts
FN:33,(anonymous_0)
FN:34,(anonymous_1)
FN:36,(anonymous_2)
FN:48,(anonymous_3)
FN:54,(anonymous_4)
FN:60,(anonymous_5)
FN:66,(anonymous_6)
FN:69,(anonymous_7)
FN:73,(anonymous_8)
FN:77,(anonymous_9)
FN:81,(anonymous_10)
FN:84,(anonymous_11)
FN:85,(anonymous_12)
FN:88,(anonymous_13)
FN:89,(anonymous_14)
FN:90,(anonymous_15)
FN:93,(anonymous_16)
FN:94,(anonymous_17)
FN:99,(anonymous_18)
FN:100,(anonymous_19)
FN:103,(anonymous_20)
FN:104,(anonymous_21)
FN:105,(anonymous_22)
FN:108,(anonymous_23)
FN:109,(anonymous_24)
FN:112,(anonymous_25)
FNF:26
FNH:26
FNDA:5,(anonymous_0)
FNDA:32,(anonymous_1)
FNDA:32,(anonymous_2)
FNDA:1,(anonymous_3)
FNDA:3,(anonymous_4)
FNDA:1,(anonymous_5)
FNDA:6,(anonymous_6)
FNDA:2,(anonymous_7)
FNDA:1,(anonymous_8)
FNDA:1,(anonymous_9)
FNDA:2,(anonymous_10)
FNDA:1,(anonymous_11)
FNDA:1,(anonymous_12)
FNDA:1,(anonymous_13)
FNDA:1,(anonymous_14)
FNDA:1,(anonymous_15)
FNDA:1,(anonymous_16)
FNDA:1,(anonymous_17)
FNDA:1,(anonymous_18)
FNDA:1,(anonymous_19)
FNDA:1,(anonymous_20)
FNDA:1,(anonymous_21)
FNDA:1,(anonymous_22)
FNDA:1,(anonymous_23)
FNDA:1,(anonymous_24)
FNDA:1,(anonymous_25)
DA:15,2
DA:22,2
DA:28,2
DA:31,2
DA:33,5
DA:34,32
DA:37,32
DA:41,32
DA:42,32
DA:43,32
DA:44,30
DA:49,1
DA:50,1
DA:51,1
DA:55,3
DA:56,2
DA:57,2
DA:61,1
DA:62,1
DA:63,1
DA:66,6
DA:70,2
DA:74,1
DA:78,1
DA:81,2
DA:84,1
DA:85,1
DA:88,1
DA:89,1
DA:90,1
DA:93,1
DA:95,1
DA:99,1
DA:100,1
DA:103,1
DA:104,1
DA:105,1
DA:108,1
DA:109,1
DA:112,1
DA:115,2
LF:41
LH:41
BRDA:36,0,0,19
BRDA:39,1,0,2
BRDA:39,1,1,30
BRDA:43,2,0,2
BRDA:43,2,1,30
BRDA:43,3,0,2
BRDA:43,3,1,1
BRDA:50,4,0,1
BRDA:50,4,1,0
BRDA:56,5,0,1
BRDA:56,5,1,1
BRDA:62,6,0,1
BRDA:62,6,1,0
BRDA:69,7,0,1
BRDA:81,8,0,1
BRDA:81,9,0,1
BRF:16
BRH:14
end_of_record
TN:
SF:utils\changelog.ts
FNF:0
FNH:0
DA:10,1
DA:15,1
LF:2
LH:2
BRF:0
BRH:0
end_of_record
TN:
SF:utils\daily.ts
FN:11,(anonymous_0)
FN:30,(anonymous_1)
FNF:2
FNH:2
FNDA:4,(anonymous_0)
FNDA:1,(anonymous_1)
DA:11,1
DA:12,4
DA:13,4
DA:14,4
DA:17,4
DA:18,4
DA:20,4
DA:30,1
DA:31,1
DA:32,1
LF:10
LH:10
BRDA:18,0,0,1
BRDA:18,0,1,3
BRDA:18,1,0,2
BRDA:18,1,1,1
BRF:4
BRH:4
end_of_record
TN:
SF:utils\format.ts
FN:18,formatClock
FN:25,formatClockMs
FN:30,formatDuration
FNF:3
FNH:3
FNDA:10,formatClock
FNDA:3,formatClockMs
FNDA:5,formatDuration
DA:19,10
DA:20,10
DA:21,10
DA:26,3
DA:31,5
DA:32,1
LF:6
LH:6
BRDA:19,0,0,10
BRDA:19,0,1,3
BRDA:26,1,0,3
BRDA:26,1,1,1
BRDA:31,2,0,4
BRDA:31,2,1,1
BRDA:31,3,0,5
BRDA:31,3,1,3
BRF:8
BRH:8
end_of_record
TN:
SF:utils\i18n.ts
FN:2085,(anonymous_0)
FN:2089,(anonymous_1)
FNF:2
FNH:2
FNDA:9,(anonymous_0)
FNDA:3,(anonymous_1)
DA:4,1
DA:2085,1
DA:2086,9
DA:2089,3
LF:4
LH:4
BRDA:2085,0,0,1
BRDA:2086,1,0,9
BRDA:2086,1,1,1
BRDA:2086,1,2,1
BRF:4
BRH:4
end_of_record
TN:
SF:utils\legalContent.ts
FN:25,(anonymous_0)
FNF:1
FNH:1
FNDA:100,(anonymous_0)
DA:25,100
DA:28,1
DA:151,1
DA:266,1
DA:328,1
DA:374,1
DA:413,1
DA:486,1
DA:519,1
LF:9
LH:9
BRF:0
BRH:0
end_of_record
TN:
SF:utils\powerups.ts
FNF:0
FNH:0
DA:11,1
LF:1
LH:1
BRF:0
BRH:0
end_of_record
TN:
SF:utils\storage.ts
FN:68,(anonymous_0)
FN:224,(anonymous_1)
FN:229,(anonymous_2)
FN:233,(anonymous_3)
FN:239,(anonymous_4)
FN:244,(anonymous_5)
FN:248,(anonymous_6)
FN:250,(anonymous_7)
FN:262,(anonymous_8)
FN:275,(anonymous_9)
FN:281,(anonymous_10)
FN:293,(anonymous_11)
FN:298,(anonymous_12)
FN:303,(anonymous_13)
FN:305,(anonymous_14)
FN:317,(anonymous_15)
FN:322,(anonymous_16)
FN:348,(anonymous_17)
FN:353,(anonymous_18)
FN:388,(anonymous_19)
FN:408,(anonymous_20)
FN:469,(anonymous_21)
FN:474,(anonymous_22)
FN:481,(anonymous_23)
FN:487,(anonymous_24)
FN:505,(anonymous_25)
FNF:26
FNH:26
FNDA:15,(anonymous_0)
FNDA:13,(anonymous_1)
FNDA:10,(anonymous_2)
FNDA:2,(anonymous_3)
FNDA:16,(anonymous_4)
FNDA:8,(anonymous_5)
FNDA:3,(anonymous_6)
FNDA:61,(anonymous_7)
FNDA:15,(anonymous_8)
FNDA:4,(anonymous_9)
FNDA:2,(anonymous_10)
FNDA:1,(anonymous_11)
FNDA:15,(anonymous_12)
FNDA:2,(anonymous_13)
FNDA:13,(anonymous_14)
FNDA:8,(anonymous_15)
FNDA:240,(anonymous_16)
FNDA:7,(anonymous_17)
FNDA:3,(anonymous_18)
FNDA:4,(anonymous_19)
FNDA:2,(anonymous_20)
FNDA:1,(anonymous_21)
FNDA:1,(anonymous_22)
FNDA:5,(anonymous_23)
FNDA:14,(anonymous_24)
FNDA:8,(anonymous_25)
DA:61,1
DA:68,1
DA:69,15
DA:70,15
DA:72,450
DA:73,375
DA:74,300
DA:75,225
DA:76,150
DA:77,75
DA:79,450
DA:89,15
DA:93,1
DA:197,1
DA:211,1
DA:222,1
DA:225,13
DA:226,13
DA:230,10
DA:234,2
DA:235,2
DA:240,16
DA:241,16
DA:245,8
DA:249,3
DA:250,61
DA:251,3
DA:252,2
DA:254,2
DA:255,1
DA:257,2
DA:263,15
DA:264,15
DA:276,4
DA:277,4
DA:282,2
DA:283,2
DA:294,1
DA:299,15
DA:300,15
DA:304,2
DA:305,13
DA:306,2
DA:307,1
DA:308,1
DA:318,8
DA:321,8
DA:322,240
DA:323,8
DA:324,8
DA:325,88
DA:326,80
DA:327,80
DA:328,8
DA:329,8
DA:330,8
DA:331,8
DA:332,8
DA:334,16
DA:335,8
DA:336,8
DA:337,8
DA:338,0
DA:340,80
DA:341,80
DA:343,8
DA:344,8
DA:349,7
DA:350,7
DA:355,3
DA:356,3
DA:361,2
DA:362,1
DA:363,1
DA:364,1
DA:365,1
DA:376,1
DA:379,1
DA:380,1
DA:381,1
DA:385,1
DA:388,4
DA:389,2
DA:390,1
DA:401,1
DA:402,1
DA:403,1
DA:405,1
DA:415,2
DA:416,2
DA:417,2
DA:418,2
DA:427,1
DA:428,1
DA:429,1
DA:430,1
DA:441,1
DA:444,1
DA:445,1
DA:446,1
DA:449,1
DA:453,1
DA:464,1
DA:465,1
DA:466,1
DA:470,1
DA:475,1
DA:481,1
DA:482,5
DA:483,5
DA:484,5
DA:487,1
DA:488,14
DA:497,14
DA:499,14
DA:500,12
DA:501,7
DA:502,3
DA:505,1
DA:506,8
DA:514,8
LF:121
LH:120
BRDA:61,0,0,1
BRDA:61,0,1,0
BRDA:72,1,0,75
BRDA:72,1,1,375
BRDA:73,2,0,75
BRDA:73,2,1,300
BRDA:74,3,0,75
BRDA:74,3,1,225
BRDA:75,4,0,75
BRDA:75,4,1,150
BRDA:76,5,0,75
BRDA:76,5,1,75
BRDA:226,6,0,3
BRDA:226,6,1,10
BRDA:241,7,0,8
BRDA:241,7,1,8
BRDA:251,8,0,2
BRDA:251,8,1,1
BRDA:254,9,0,1
BRDA:254,9,1,1
BRDA:254,10,0,2
BRDA:254,10,1,2
BRDA:264,11,0,3
BRDA:264,11,1,12
BRDA:283,12,0,1
BRDA:283,12,1,1
BRDA:300,13,0,15
BRDA:300,13,1,0
BRDA:306,14,0,1
BRDA:306,14,1,1
BRDA:321,15,0,8
BRDA:321,15,1,7
BRDA:325,16,0,8
BRDA:325,16,1,80
BRDA:327,17,0,8
BRDA:327,17,1,8
BRDA:327,17,2,8
BRDA:327,17,3,8
BRDA:327,17,4,8
BRDA:327,17,5,8
BRDA:327,17,6,16
BRDA:327,17,7,8
BRDA:327,17,8,8
BRDA:327,17,9,8
BRDA:327,17,10,0
BRDA:329,18,0,1
BRDA:329,18,1,7
BRDA:329,19,0,8
BRDA:329,19,1,4
BRDA:329,19,2,4
BRDA:332,20,0,4
BRDA:332,20,1,4
BRDA:332,21,0,8
BRDA:332,21,1,4
BRDA:336,22,0,8
BRDA:336,22,1,7
BRDA:341,23,0,5
BRDA:341,23,1,75
BRDA:361,24,0,1
BRDA:361,24,1,1
BRDA:363,25,0,1
BRDA:363,25,1,0
BRDA:363,26,0,1
BRDA:363,26,1,1
BRDA:364,27,0,1
BRDA:364,27,1,0
BRDA:366,28,0,1
BRDA:366,28,1,0
BRDA:366,28,2,0
BRDA:367,29,0,1
BRDA:367,29,1,0
BRDA:368,30,0,1
BRDA:368,30,1,0
BRDA:369,31,0,1
BRDA:369,31,1,1
BRDA:370,32,0,1
BRDA:370,32,1,1
BRDA:371,33,0,1
BRDA:371,33,1,1
BRDA:372,34,0,1
BRDA:372,34,1,1
BRDA:373,35,0,1
BRDA:373,35,1,1
BRDA:374,36,0,1
BRDA:374,36,1,1
BRDA:388,37,0,4
BRDA:388,37,1,1
BRDA:389,38,0,1
BRDA:389,38,1,1
BRDA:428,39,0,1
BRDA:428,39,1,0
BRDA:428,40,0,1
BRDA:428,40,1,1
BRDA:428,40,2,1
BRDA:431,41,0,1
BRDA:431,41,1,0
BRDA:434,42,0,1
BRDA:434,42,1,1
BRDA:435,43,0,1
BRDA:435,43,1,1
BRDA:436,44,0,1
BRDA:436,44,1,1
BRDA:437,45,0,1
BRDA:437,45,1,1
BRDA:438,46,0,1
BRDA:438,46,1,1
BRDA:439,47,0,1
BRDA:439,47,1,1
BRDA:497,48,0,14
BRDA:497,48,1,3
BRDA:499,49,0,2
BRDA:499,49,1,12
BRDA:500,50,0,5
BRDA:500,50,1,7
BRDA:500,51,0,12
BRDA:500,51,1,6
BRDA:501,52,0,4
BRDA:501,52,1,3
BRDA:501,53,0,7
BRDA:501,53,1,5
BRDA:514,54,0,8
BRDA:514,54,1,1
BRF:122
BRH:111
end_of_record
TN:
SF:utils\sudoku.ts
FN:23,(anonymous_0)
FN:24,(anonymous_1)
FN:27,(anonymous_2)
FN:51,(anonymous_3)
FN:61,(anonymous_4)
FN:81,(anonymous_5)
FN:84,(anonymous_6)
FN:104,(anonymous_7)
FN:110,(anonymous_8)
FN:117,(anonymous_9)
FN:118,(anonymous_10)
FN:151,(anonymous_11)
FN:167,(anonymous_12)
FN:189,(anonymous_13)
FN:199,(anonymous_14)
FN:210,(anonymous_15)
FN:211,(anonymous_16)
FN:212,(anonymous_17)
FN:216,(anonymous_18)
FN:222,(anonymous_19)
FNF:20
FNH:20
FNDA:16,(anonymous_0)
FNDA:144,(anonymous_1)
FNDA:33953082,(anonymous_2)
FNDA:1988,(anonymous_3)
FNDA:1988,(anonymous_4)
FNDA:782,(anonymous_5)
FNDA:3773306,(anonymous_6)
FNDA:7038,(anonymous_7)
FNDA:16,(anonymous_8)
FNDA:16,(anonymous_9)
FNDA:144,(anonymous_10)
FNDA:16,(anonymous_11)
FNDA:3,(anonymous_12)
FNDA:7,(anonymous_13)
FNDA:5,(anonymous_14)
FNDA:3,(anonymous_15)
FNDA:27,(anonymous_16)
FNDA:243,(anonymous_17)
FNDA:1,(anonymous_18)
FNDA:2,(anonymous_19)
DA:13,2
DA:23,2
DA:24,144
DA:27,2
DA:29,33953082
DA:30,194026538
DA:34,11552561
DA:35,72368450
DA:39,5143467
DA:40,5143467
DA:41,5143467
DA:42,13805468
DA:43,40173942
DA:47,3774519
DA:51,2
DA:52,1988
DA:53,1988
DA:54,17056
DA:55,17056
DA:57,1988
DA:61,2
DA:62,1988
DA:63,10060
DA:64,84295
DA:65,1972
DA:66,1972
DA:67,10765
DA:68,1972
DA:69,1972
DA:70,676
DA:73,676
DA:77,16
DA:81,2
DA:82,782
DA:84,782
DA:85,3773306
DA:87,3772233
DA:88,16559051
DA:89,137649704
DA:90,3771363
DA:91,33942267
DA:92,3772524
DA:93,3772524
DA:94,3772524
DA:97,3771363
DA:101,870
DA:104,7038
DA:105,782
DA:106,782
DA:110,2
DA:111,16
DA:112,16
DA:113,16
DA:117,2
DA:118,144
DA:119,16
DA:120,16
DA:121,16
DA:124,16
DA:125,16
DA:126,144
DA:127,1296
DA:130,16
DA:132,16
DA:133,16
DA:134,796
DA:136,782
DA:137,782
DA:140,782
DA:141,88
DA:143,694
DA:147,16
DA:151,2
DA:153,16
DA:154,10
DA:155,8
DA:156,6
DA:157,4
DA:158,2
DA:160,16
DA:161,16
DA:163,16
DA:167,2
DA:168,3
DA:170,3
DA:171,27
DA:172,243
DA:173,3
DA:178,3
DA:180,2
DA:181,2
DA:189,2
DA:190,7
DA:191,37
DA:192,307
DA:195,3
DA:199,2
DA:200,5
DA:201,5
DA:202,45
DA:203,21
DA:206,5
DA:210,2
DA:211,3
DA:212,243
DA:216,2
DA:217,1
DA:218,1
DA:219,9
DA:220,81
DA:221,2
DA:222,2
DA:226,1
LF:113
LH:113
BRDA:30,0,0,22400521
BRDA:30,0,1,171626017
BRDA:35,1,0,6409094
BRDA:35,1,1,65959356
BRDA:43,2,0,1368948
BRDA:43,2,1,38804994
BRDA:64,3,0,1972
BRDA:64,3,1,82323
BRDA:67,4,0,1972
BRDA:67,4,1,8793
BRDA:69,5,0,1296
BRDA:69,5,1,676
BRDA:81,6,0,782
BRDA:85,7,0,1073
BRDA:85,7,1,3772233
BRDA:89,8,0,3771363
BRDA:89,8,1,133878341
BRDA:91,9,0,3772524
BRDA:91,9,1,30169743
BRDA:119,10,0,16
BRDA:119,10,1,0
BRDA:134,11,0,14
BRDA:134,11,1,782
BRDA:140,12,0,88
BRDA:140,12,1,694
BRDA:153,13,0,6
BRDA:153,13,1,10
BRDA:154,14,0,2
BRDA:154,14,1,8
BRDA:155,15,0,2
BRDA:155,15,1,6
BRDA:156,16,0,2
BRDA:156,16,1,4
BRDA:157,17,0,2
BRDA:157,17,1,2
BRDA:172,18,0,3
BRDA:172,18,1,240
BRDA:178,19,0,1
BRDA:178,19,1,2
BRDA:192,20,0,4
BRDA:192,20,1,303
BRDA:202,21,0,21
BRDA:202,21,1,24
BRDA:220,22,0,2
BRDA:220,22,1,79
BRF:45
BRH:44
end_of_record
TN:
SF:utils\theme.ts
FN:135,paletteFor
FN:142,getThemeName
FN:146,setTheme
FN:149,(anonymous_3)
FN:152,loadStoredTheme
FN:157,(anonymous_5)
FN:163,useTheme
FN:165,(anonymous_7)
FN:168,(anonymous_8)
FNF:9
FNH:4
FNDA:3,paletteFor
FNDA:5,getThemeName
FNDA:5,setTheme
FNDA:0,(anonymous_3)
FNDA:3,loadStoredTheme
FNDA:0,(anonymous_5)
FNDA:0,useTheme
FNDA:0,(anonymous_7)
FNDA:0,(anonymous_8)
DA:53,1
DA:82,1
DA:112,1
DA:116,1
DA:122,1
DA:133,1
DA:136,3
DA:139,1
DA:140,1
DA:143,5
DA:147,5
DA:148,5
DA:149,5
DA:153,3
DA:154,3
DA:155,3
DA:156,1
DA:157,1
DA:164,0
DA:165,0
DA:166,0
DA:167,0
DA:168,0
DA:170,0
LF:24
LH:18
BRDA:136,0,0,1
BRDA:136,0,1,2
BRDA:155,1,0,1
BRDA:155,1,1,2
BRDA:155,2,0,3
BRDA:155,2,1,3
BRF:6
BRH:6
end_of_record
TN:
SF:utils\themes.ts
FNF:0
FNH:0
DA:16,1
LF:1
LH:1
BRF:0
BRH:0
end_of_record
TN:
SF:utils\tutorial.ts
FNF:0
FNH:0
DA:10,1
LF:1
LH:1
BRF:0
BRH:0
end_of_record
