TN:
SF:utils\api.ts
FN:33,(anonymous_0)
FN:34,(anonymous_1)
FN:36,(anonymous_2)
FN:48,(anonymous_3)
FN:54,(anonymous_4)
FN:60,(anonymous_5)
FN:66,(anonymous_6)
FN:69,(anonymous_7)
FN:73,(anonymous_8)
FN:77,(anonymous_9)
FN:81,(anonymous_10)
FN:84,(anonymous_11)
FN:85,(anonymous_12)
FN:88,(anonymous_13)
FN:89,(anonymous_14)
FN:90,(anonymous_15)
FN:93,(anonymous_16)
FN:94,(anonymous_17)
FN:99,(anonymous_18)
FN:100,(anonymous_19)
FN:103,(anonymous_20)
FN:104,(anonymous_21)
FN:105,(anonymous_22)
FN:108,(anonymous_23)
FN:109,(anonymous_24)
FN:112,(anonymous_25)
FNF:26
FNH:0
FNDA:0,(anonymous_0)
FNDA:0,(anonymous_1)
FNDA:0,(anonymous_2)
FNDA:0,(anonymous_3)
FNDA:0,(anonymous_4)
FNDA:0,(anonymous_5)
FNDA:0,(anonymous_6)
FNDA:0,(anonymous_7)
FNDA:0,(anonymous_8)
FNDA:0,(anonymous_9)
FNDA:0,(anonymous_10)
FNDA:0,(anonymous_11)
FNDA:0,(anonymous_12)
FNDA:0,(anonymous_13)
FNDA:0,(anonymous_14)
FNDA:0,(anonymous_15)
FNDA:0,(anonymous_16)
FNDA:0,(anonymous_17)
FNDA:0,(anonymous_18)
FNDA:0,(anonymous_19)
FNDA:0,(anonymous_20)
FNDA:0,(anonymous_21)
FNDA:0,(anonymous_22)
FNDA:0,(anonymous_23)
FNDA:0,(anonymous_24)
FNDA:0,(anonymous_25)
DA:15,0
DA:22,0
DA:28,0
DA:31,0
DA:33,0
DA:34,0
DA:37,0
DA:41,0
DA:42,0
DA:43,0
DA:44,0
DA:49,0
DA:50,0
DA:51,0
DA:55,0
DA:56,0
DA:57,0
DA:61,0
DA:62,0
DA:63,0
DA:66,0
DA:70,0
DA:74,0
DA:78,0
DA:81,0
DA:84,0
DA:85,0
DA:88,0
DA:89,0
DA:90,0
DA:93,0
DA:95,0
DA:99,0
DA:100,0
DA:103,0
DA:104,0
DA:105,0
DA:108,0
DA:109,0
DA:112,0
DA:115,0
LF:41
LH:0
BRDA:36,0,0,0
BRDA:39,1,0,0
BRDA:39,1,1,0
BRDA:43,2,0,0
BRDA:43,2,1,0
BRDA:43,3,0,0
BRDA:43,3,1,0
BRDA:50,4,0,0
BRDA:50,4,1,0
BRDA:56,5,0,0
BRDA:56,5,1,0
BRDA:62,6,0,0
BRDA:62,6,1,0
BRDA:69,7,0,0
BRDA:81,8,0,0
BRDA:81,9,0,0
BRF:16
BRH:0
end_of_record
TN:
SF:utils\changelog.ts
FNF:0
FNH:0
DA:10,0
DA:15,0
LF:2
LH:0
BRF:0
BRH:0
end_of_record
TN:
SF:utils\daily.ts
FN:11,(anonymous_0)
FN:30,(anonymous_1)
FNF:2
FNH:0
FNDA:0,(anonymous_0)
FNDA:0,(anonymous_1)
DA:11,0
DA:12,0
DA:13,0
DA:14,0
DA:17,0
DA:18,0
DA:20,0
DA:30,0
DA:31,0
DA:32,0
LF:10
LH:0
BRDA:18,0,0,0
BRDA:18,0,1,0
BRDA:18,1,0,0
BRDA:18,1,1,0
BRF:4
BRH:0
end_of_record
TN:
SF:utils\format.ts
FN:18,formatClock
FN:25,formatClockMs
FN:30,formatDuration
FNF:3
FNH:0
FNDA:0,formatClock
FNDA:0,formatClockMs
FNDA:0,formatDuration
DA:19,0
DA:20,0
DA:21,0
DA:26,0
DA:31,0
DA:32,0
LF:6
LH:0
BRDA:19,0,0,0
BRDA:19,0,1,0
BRDA:26,1,0,0
BRDA:26,1,1,0
BRDA:31,2,0,0
BRDA:31,2,1,0
BRDA:31,3,0,0
BRDA:31,3,1,0
BRF:8
BRH:0
end_of_record
TN:
SF:utils\googleAuth.ts
FN:34,(anonymous_0)
FN:70,exchangeGoogleIdToken
FN:94,signInWithGoogle
FNF:3
FNH:0
FNDA:0,(anonymous_0)
FNDA:0,exchangeGoogleIdToken
FNDA:0,signInWithGoogle
DA:26,0
DA:33,0
DA:34,0
DA:42,0
DA:71,0
DA:72,0
DA:77,0
DA:78,0
DA:79,0
DA:81,0
DA:83,0
DA:87,0
DA:96,0
DA:97,0
DA:98,0
DA:104,0
DA:105,0
DA:106,0
DA:107,0
DA:109,0
DA:110,0
DA:114,0
DA:115,0
DA:116,0
DA:117,0
DA:119,0
DA:122,0
DA:123,0
DA:125,0
DA:127,0
DA:128,0
DA:129,0
DA:130,0
DA:131,0
DA:134,0
DA:135,0
DA:136,0
DA:137,0
DA:139,0
DA:141,0
DA:142,0
DA:143,0
DA:146,0
DA:147,0
DA:148,0
DA:149,0
DA:150,0
DA:151,0
DA:152,0
DA:153,0
DA:154,0
DA:156,0
LF:52
LH:0
BRDA:34,0,0,0
BRDA:34,0,1,0
BRDA:78,1,0,0
BRDA:78,1,1,0
BRDA:78,2,0,0
BRDA:78,2,1,0
BRDA:79,3,0,0
BRDA:79,3,1,0
BRDA:83,4,0,0
BRDA:83,4,1,0
BRDA:96,5,0,0
BRDA:96,5,1,0
BRDA:115,6,0,0
BRDA:115,6,1,0
BRDA:128,7,0,0
BRDA:128,7,1,0
BRDA:130,8,0,0
BRDA:130,8,1,0
BRDA:135,9,0,0
BRDA:135,9,1,0
BRDA:141,10,0,0
BRDA:141,10,1,0
BRDA:142,11,0,0
BRDA:142,11,1,0
BRDA:147,12,0,0
BRDA:147,12,1,0
BRDA:147,13,0,0
BRDA:147,13,1,0
BRDA:147,13,2,0
BRDA:149,14,0,0
BRDA:149,14,1,0
BRDA:151,15,0,0
BRDA:151,15,1,0
BRDA:153,16,0,0
BRDA:153,16,1,0
BRDA:153,17,0,0
BRDA:153,17,1,0
BRDA:153,17,2,0
BRDA:156,18,0,0
BRDA:156,18,1,0
BRF:40
BRH:0
end_of_record
TN:
SF:utils\googleAuth.web.ts
FN:26,(anonymous_0)
FN:53,loadGsi
FN:57,(anonymous_2)
FN:60,(anonymous_3)
FN:61,(anonymous_4)
FN:68,(anonymous_5)
FN:69,(anonymous_6)
FN:76,exchangeGoogleIdToken
FN:95,signInWithGoogle
FN:102,(anonymous_9)
FN:104,(anonymous_10)
FN:112,(anonymous_11)
FN:120,(anonymous_12)
FN:127,(anonymous_13)
FNF:14
FNH:0
FNDA:0,(anonymous_0)
FNDA:0,loadGsi
FNDA:0,(anonymous_2)
FNDA:0,(anonymous_3)
FNDA:0,(anonymous_4)
FNDA:0,(anonymous_5)
FNDA:0,(anonymous_6)
FNDA:0,exchangeGoogleIdToken
FNDA:0,signInWithGoogle
FNDA:0,(anonymous_9)
FNDA:0,(anonymous_10)
FNDA:0,(anonymous_11)
FNDA:0,(anonymous_12)
FNDA:0,(anonymous_13)
DA:19,0
DA:25,0
DA:26,0
DA:29,0
DA:49,0
DA:50,0
DA:54,0
DA:55,0
DA:56,0
DA:57,0
DA:58,0
DA:59,0
DA:60,0
DA:61,0
DA:62,0
DA:64,0
DA:65,0
DA:66,0
DA:67,0
DA:68,0
DA:69,0
DA:70,0
DA:72,0
DA:77,0
DA:78,0
DA:83,0
DA:84,0
DA:85,0
DA:87,0
DA:96,0
DA:97,0
DA:99,0
DA:102,0
DA:103,0
DA:104,0
DA:105,0
DA:106,0
DA:107,0
DA:113,0
DA:114,0
DA:115,0
DA:116,0
DA:117,0
DA:120,0
DA:122,0
DA:123,0
DA:124,0
DA:127,0
DA:131,0
LF:49
LH:0
BRDA:26,0,0,0
BRDA:26,0,1,0
BRDA:54,1,0,0
BRDA:54,1,1,0
BRDA:55,2,0,0
BRDA:55,2,1,0
BRDA:56,3,0,0
BRDA:56,3,1,0
BRDA:59,4,0,0
BRDA:59,4,1,0
BRDA:84,5,0,0
BRDA:84,5,1,0
BRDA:84,6,0,0
BRDA:84,6,1,0
BRDA:84,7,0,0
BRDA:84,7,1,0
BRDA:87,8,0,0
BRDA:87,8,1,0
BRDA:99,9,0,0
BRDA:99,9,1,0
BRDA:104,10,0,0
BRDA:104,10,1,0
BRDA:114,11,0,0
BRDA:114,11,1,0
BRDA:116,12,0,0
BRDA:116,12,1,0
BRDA:122,13,0,0
BRDA:122,13,1,0
BRDA:122,14,0,0
BRDA:122,14,1,0
BRDA:122,14,2,0
BRDA:123,15,0,0
BRDA:123,15,1,0
BRDA:123,15,2,0
BRDA:123,15,3,0
BRDA:131,16,0,0
BRDA:131,16,1,0
BRF:37
BRH:0
end_of_record
TN:
SF:utils\i18n.ts
FN:2085,(anonymous_0)
FN:2089,(anonymous_1)
FNF:2
FNH:0
FNDA:0,(anonymous_0)
FNDA:0,(anonymous_1)
DA:4,0
DA:2085,0
DA:2086,0
DA:2089,0
LF:4
LH:0
BRDA:2085,0,0,0
BRDA:2086,1,0,0
BRDA:2086,1,1,0
BRDA:2086,1,2,0
BRF:4
BRH:0
end_of_record
TN:
SF:utils\legalContent.ts
FN:25,(anonymous_0)
FNF:1
FNH:0
FNDA:0,(anonymous_0)
DA:25,0
DA:28,0
DA:151,0
DA:266,0
DA:328,0
DA:374,0
DA:413,0
DA:486,0
DA:519,0
LF:9
LH:0
BRF:0
BRH:0
end_of_record
TN:
SF:utils\liveCompositor.ts
FN:18,rrect
FN:24,drawOwl
FN:44,fmt
FN:54,drawSudokuBoard
FN:80,drawCamTile
FNF:5
FNH:0
FNDA:0,rrect
FNDA:0,drawOwl
FNDA:0,fmt
FNDA:0,drawSudokuBoard
FNDA:0,drawCamTile
DA:16,0
DA:19,0
DA:20,0
DA:25,0
DA:26,0
DA:27,0
DA:28,0
DA:29,0
DA:30,0
DA:31,0
DA:32,0
DA:33,0
DA:34,0
DA:35,0
DA:36,0
DA:37,0
DA:38,0
DA:39,0
DA:40,0
DA:45,0
DA:59,0
DA:60,0
DA:61,0
DA:62,0
DA:63,0
DA:64,0
DA:65,0
DA:66,0
DA:68,0
DA:69,0
DA:70,0
DA:71,0
DA:72,0
DA:73,0
DA:74,0
DA:75,0
DA:81,0
DA:82,0
DA:83,0
DA:84,0
DA:85,0
DA:86,0
DA:87,0
DA:88,0
DA:89,0
DA:92,0
DA:93,0
DA:94,0
DA:95,0
DA:97,0
DA:98,0
DA:99,0
DA:100,0
LF:53
LH:0
BRDA:19,0,0,0
BRDA:19,0,1,0
BRDA:45,1,0,0
BRDA:45,1,1,0
BRDA:45,2,0,0
BRDA:45,2,1,0
BRDA:64,3,0,0
BRDA:64,3,1,0
BRDA:64,4,0,0
BRDA:64,4,1,0
BRDA:71,5,0,0
BRDA:71,5,1,0
BRDA:71,6,0,0
BRDA:71,6,1,0
BRDA:73,7,0,0
BRDA:73,7,1,0
BRDA:74,8,0,0
BRDA:74,8,1,0
BRDA:85,9,0,0
BRDA:85,9,1,0
BRDA:85,10,0,0
BRDA:85,10,1,0
BRDA:85,10,2,0
BRDA:88,11,0,0
BRDA:88,11,1,0
BRDA:93,12,0,0
BRDA:93,12,1,0
BRF:27
BRH:0
end_of_record
TN:
SF:utils\powerups.ts
FNF:0
FNH:0
DA:11,0
LF:1
LH:0
BRF:0
BRH:0
end_of_record
TN:
SF:utils\socket.ts
FN:33,(anonymous_0)
FN:83,(anonymous_1)
FN:84,(anonymous_2)
FN:91,(anonymous_3)
FN:95,(anonymous_4)
FN:101,(anonymous_5)
FN:113,(anonymous_6)
FN:125,(anonymous_7)
FN:156,(anonymous_8)
FN:157,(anonymous_9)
FN:161,(anonymous_10)
FN:171,(anonymous_11)
FN:177,(anonymous_12)
FN:179,(anonymous_13)
FN:186,(anonymous_14)
FN:195,(anonymous_15)
FN:202,(anonymous_16)
FN:210,(anonymous_17)
FN:214,(anonymous_18)
FN:219,(anonymous_19)
FN:224,(anonymous_20)
FN:225,(anonymous_21)
FN:226,(anonymous_22)
FN:227,(anonymous_23)
FN:230,(anonymous_24)
FN:231,(anonymous_25)
FN:232,(anonymous_26)
FN:233,(anonymous_27)
FN:235,(anonymous_28)
FN:239,(anonymous_29)
FN:243,(anonymous_30)
FN:247,(anonymous_31)
FN:263,(anonymous_32)
FN:267,(anonymous_33)
FN:274,(anonymous_34)
FN:278,(anonymous_35)
FN:284,(anonymous_36)
FN:291,(anonymous_37)
FN:295,(anonymous_38)
FN:299,(anonymous_39)
FN:300,(anonymous_40)
FNF:41
FNH:0
FNDA:0,(anonymous_0)
FNDA:0,(anonymous_1)
FNDA:0,(anonymous_2)
FNDA:0,(anonymous_3)
FNDA:0,(anonymous_4)
FNDA:0,(anonymous_5)
FNDA:0,(anonymous_6)
FNDA:0,(anonymous_7)
FNDA:0,(anonymous_8)
FNDA:0,(anonymous_9)
FNDA:0,(anonymous_10)
FNDA:0,(anonymous_11)
FNDA:0,(anonymous_12)
FNDA:0,(anonymous_13)
FNDA:0,(anonymous_14)
FNDA:0,(anonymous_15)
FNDA:0,(anonymous_16)
FNDA:0,(anonymous_17)
FNDA:0,(anonymous_18)
FNDA:0,(anonymous_19)
FNDA:0,(anonymous_20)
FNDA:0,(anonymous_21)
FNDA:0,(anonymous_22)
FNDA:0,(anonymous_23)
FNDA:0,(anonymous_24)
FNDA:0,(anonymous_25)
FNDA:0,(anonymous_26)
FNDA:0,(anonymous_27)
FNDA:0,(anonymous_28)
FNDA:0,(anonymous_29)
FNDA:0,(anonymous_30)
FNDA:0,(anonymous_31)
FNDA:0,(anonymous_32)
FNDA:0,(anonymous_33)
FNDA:0,(anonymous_34)
FNDA:0,(anonymous_35)
FNDA:0,(anonymous_36)
FNDA:0,(anonymous_37)
FNDA:0,(anonymous_38)
FNDA:0,(anonymous_39)
FNDA:0,(anonymous_40)
DA:13,0
DA:21,0
DA:22,0
DA:23,0
DA:24,0
DA:25,0
DA:26,0
DA:29,0
DA:34,0
DA:35,0
DA:38,0
DA:39,0
DA:40,0
DA:41,0
DA:45,0
DA:46,0
DA:47,0
DA:48,0
DA:49,0
DA:52,0
DA:56,0
DA:57,0
DA:58,0
DA:62,0
DA:63,0
DA:66,0
DA:83,0
DA:84,0
DA:85,0
DA:86,0
DA:87,0
DA:88,0
DA:91,0
DA:92,0
DA:95,0
DA:96,0
DA:97,0
DA:98,0
DA:101,0
DA:102,0
DA:103,0
DA:104,0
DA:105,0
DA:110,0
DA:113,0
DA:114,0
DA:115,0
DA:120,0
DA:121,0
DA:126,0
DA:128,0
DA:156,0
DA:157,0
DA:162,0
DA:163,0
DA:164,0
DA:165,0
DA:167,0
DA:168,0
DA:172,0
DA:178,0
DA:179,0
DA:180,0
DA:181,0
DA:187,0
DA:188,0
DA:189,0
DA:198,0
DA:199,0
DA:203,0
DA:204,0
DA:211,0
DA:215,0
DA:220,0
DA:224,0
DA:225,0
DA:226,0
DA:227,0
DA:230,0
DA:231,0
DA:232,0
DA:233,0
DA:236,0
DA:240,0
DA:244,0
DA:254,0
DA:264,0
DA:268,0
DA:275,0
DA:279,0
DA:285,0
DA:286,0
DA:288,0
DA:292,0
DA:296,0
DA:300,0
DA:301,0
DA:302,0
DA:304,0
DA:311,0
LF:100
LH:0
BRDA:38,0,0,0
BRDA:38,0,1,0
BRDA:46,1,0,0
BRDA:46,1,1,0
BRDA:56,2,0,0
BRDA:56,2,1,0
BRDA:62,3,0,0
BRDA:62,3,1,0
BRDA:104,4,0,0
BRDA:104,4,1,0
BRDA:114,5,0,0
BRDA:114,5,1,0
BRDA:126,6,0,0
BRDA:126,6,1,0
BRDA:163,7,0,0
BRDA:163,7,1,0
BRDA:172,8,0,0
BRDA:172,8,1,0
BRDA:180,9,0,0
BRDA:180,9,1,0
BRDA:187,10,0,0
BRDA:187,10,1,0
BRDA:230,11,0,0
BRDA:285,12,0,0
BRDA:285,12,1,0
BRF:25
BRH:0
end_of_record
TN:
SF:utils\storage.ts
FN:68,(anonymous_0)
FN:224,(anonymous_1)
FN:229,(anonymous_2)
FN:233,(anonymous_3)
FN:239,(anonymous_4)
FN:244,(anonymous_5)
FN:248,(anonymous_6)
FN:250,(anonymous_7)
FN:262,(anonymous_8)
FN:275,(anonymous_9)
FN:281,(anonymous_10)
FN:293,(anonymous_11)
FN:298,(anonymous_12)
FN:303,(anonymous_13)
FN:305,(anonymous_14)
FN:317,(anonymous_15)
FN:322,(anonymous_16)
FN:348,(anonymous_17)
FN:353,(anonymous_18)
FN:388,(anonymous_19)
FN:408,(anonymous_20)
FN:469,(anonymous_21)
FN:474,(anonymous_22)
FN:481,(anonymous_23)
FN:487,(anonymous_24)
FN:505,(anonymous_25)
FNF:26
FNH:0
FNDA:0,(anonymous_0)
FNDA:0,(anonymous_1)
FNDA:0,(anonymous_2)
FNDA:0,(anonymous_3)
FNDA:0,(anonymous_4)
FNDA:0,(anonymous_5)
FNDA:0,(anonymous_6)
FNDA:0,(anonymous_7)
FNDA:0,(anonymous_8)
FNDA:0,(anonymous_9)
FNDA:0,(anonymous_10)
FNDA:0,(anonymous_11)
FNDA:0,(anonymous_12)
FNDA:0,(anonymous_13)
FNDA:0,(anonymous_14)
FNDA:0,(anonymous_15)
FNDA:0,(anonymous_16)
FNDA:0,(anonymous_17)
FNDA:0,(anonymous_18)
FNDA:0,(anonymous_19)
FNDA:0,(anonymous_20)
FNDA:0,(anonymous_21)
FNDA:0,(anonymous_22)
FNDA:0,(anonymous_23)
FNDA:0,(anonymous_24)
FNDA:0,(anonymous_25)
DA:61,0
DA:68,0
DA:69,0
DA:70,0
DA:72,0
DA:73,0
DA:74,0
DA:75,0
DA:76,0
DA:77,0
DA:79,0
DA:89,0
DA:93,0
DA:197,0
DA:211,0
DA:222,0
DA:225,0
DA:226,0
DA:230,0
DA:234,0
DA:235,0
DA:240,0
DA:241,0
DA:245,0
DA:249,0
DA:250,0
DA:251,0
DA:252,0
DA:254,0
DA:255,0
DA:257,0
DA:263,0
DA:264,0
DA:276,0
DA:277,0
DA:282,0
DA:283,0
DA:294,0
DA:299,0
DA:300,0
DA:304,0
DA:305,0
DA:306,0
DA:307,0
DA:308,0
DA:318,0
DA:321,0
DA:322,0
DA:323,0
DA:324,0
DA:325,0
DA:326,0
DA:327,0
DA:328,0
DA:329,0
DA:330,0
DA:331,0
DA:332,0
DA:334,0
DA:335,0
DA:336,0
DA:337,0
DA:338,0
DA:340,0
DA:341,0
DA:343,0
DA:344,0
DA:349,0
DA:350,0
DA:355,0
DA:356,0
DA:361,0
DA:362,0
DA:363,0
DA:364,0
DA:365,0
DA:376,0
DA:379,0
DA:380,0
DA:381,0
DA:385,0
DA:388,0
DA:389,0
DA:390,0
DA:401,0
DA:402,0
DA:403,0
DA:405,0
DA:415,0
DA:416,0
DA:417,0
DA:418,0
DA:427,0
DA:428,0
DA:429,0
DA:430,0
DA:441,0
DA:444,0
DA:445,0
DA:446,0
DA:449,0
DA:453,0
DA:464,0
DA:465,0
DA:466,0
DA:470,0
DA:475,0
DA:481,0
DA:482,0
DA:483,0
DA:484,0
DA:487,0
DA:488,0
DA:497,0
DA:499,0
DA:500,0
DA:501,0
DA:502,0
DA:505,0
DA:506,0
DA:514,0
LF:121
LH:0
BRDA:61,0,0,0
BRDA:61,0,1,0
BRDA:72,1,0,0
BRDA:72,1,1,0
BRDA:73,2,0,0
BRDA:73,2,1,0
BRDA:74,3,0,0
BRDA:74,3,1,0
BRDA:75,4,0,0
BRDA:75,4,1,0
BRDA:76,5,0,0
BRDA:76,5,1,0
BRDA:226,6,0,0
BRDA:226,6,1,0
BRDA:241,7,0,0
BRDA:241,7,1,0
BRDA:251,8,0,0
BRDA:251,8,1,0
BRDA:254,9,0,0
BRDA:254,9,1,0
BRDA:254,10,0,0
BRDA:254,10,1,0
BRDA:264,11,0,0
BRDA:264,11,1,0
BRDA:283,12,0,0
BRDA:283,12,1,0
BRDA:300,13,0,0
BRDA:300,13,1,0
BRDA:306,14,0,0
BRDA:306,14,1,0
BRDA:321,15,0,0
BRDA:321,15,1,0
BRDA:325,16,0,0
BRDA:325,16,1,0
BRDA:327,17,0,0
BRDA:327,17,1,0
BRDA:327,17,2,0
BRDA:327,17,3,0
BRDA:327,17,4,0
BRDA:327,17,5,0
BRDA:327,17,6,0
BRDA:327,17,7,0
BRDA:327,17,8,0
BRDA:327,17,9,0
BRDA:327,17,10,0
BRDA:329,18,0,0
BRDA:329,18,1,0
BRDA:329,19,0,0
BRDA:329,19,1,0
BRDA:329,19,2,0
BRDA:332,20,0,0
BRDA:332,20,1,0
BRDA:332,21,0,0
BRDA:332,21,1,0
BRDA:336,22,0,0
BRDA:336,22,1,0
BRDA:341,23,0,0
BRDA:341,23,1,0
BRDA:361,24,0,0
BRDA:361,24,1,0
BRDA:363,25,0,0
BRDA:363,25,1,0
BRDA:363,26,0,0
BRDA:363,26,1,0
BRDA:364,27,0,0
BRDA:364,27,1,0
BRDA:366,28,0,0
BRDA:366,28,1,0
BRDA:366,28,2,0
BRDA:367,29,0,0
BRDA:367,29,1,0
BRDA:368,30,0,0
BRDA:368,30,1,0
BRDA:369,31,0,0
BRDA:369,31,1,0
BRDA:370,32,0,0
BRDA:370,32,1,0
BRDA:371,33,0,0
BRDA:371,33,1,0
BRDA:372,34,0,0
BRDA:372,34,1,0
BRDA:373,35,0,0
BRDA:373,35,1,0
BRDA:374,36,0,0
BRDA:374,36,1,0
BRDA:388,37,0,0
BRDA:388,37,1,0
BRDA:389,38,0,0
BRDA:389,38,1,0
BRDA:428,39,0,0
BRDA:428,39,1,0
BRDA:428,40,0,0
BRDA:428,40,1,0
BRDA:428,40,2,0
BRDA:431,41,0,0
BRDA:431,41,1,0
BRDA:434,42,0,0
BRDA:434,42,1,0
BRDA:435,43,0,0
BRDA:435,43,1,0
BRDA:436,44,0,0
BRDA:436,44,1,0
BRDA:437,45,0,0
BRDA:437,45,1,0
BRDA:438,46,0,0
BRDA:438,46,1,0
BRDA:439,47,0,0
BRDA:439,47,1,0
BRDA:497,48,0,0
BRDA:497,48,1,0
BRDA:499,49,0,0
BRDA:499,49,1,0
BRDA:500,50,0,0
BRDA:500,50,1,0
BRDA:500,51,0,0
BRDA:500,51,1,0
BRDA:501,52,0,0
BRDA:501,52,1,0
BRDA:501,53,0,0
BRDA:501,53,1,0
BRDA:514,54,0,0
BRDA:514,54,1,0
BRF:122
BRH:0
end_of_record
TN:
SF:utils\sudoku.ts
FN:23,(anonymous_0)
FN:24,(anonymous_1)
FN:27,(anonymous_2)
FN:51,(anonymous_3)
FN:61,(anonymous_4)
FN:81,(anonymous_5)
FN:84,(anonymous_6)
FN:104,(anonymous_7)
FN:110,(anonymous_8)
FN:117,(anonymous_9)
FN:118,(anonymous_10)
FN:151,(anonymous_11)
FN:167,(anonymous_12)
FN:189,(anonymous_13)
FN:199,(anonymous_14)
FN:210,(anonymous_15)
FN:211,(anonymous_16)
FN:212,(anonymous_17)
FN:216,(anonymous_18)
FN:222,(anonymous_19)
FNF:20
FNH:14
FNDA:2,(anonymous_0)
FNDA:18,(anonymous_1)
FNDA:20508,(anonymous_2)
FNDA:239,(anonymous_3)
FNDA:239,(anonymous_4)
FNDA:71,(anonymous_5)
FNDA:2219,(anonymous_6)
FNDA:639,(anonymous_7)
FNDA:2,(anonymous_8)
FNDA:2,(anonymous_9)
FNDA:18,(anonymous_10)
FNDA:2,(anonymous_11)
FNDA:0,(anonymous_12)
FNDA:4,(anonymous_13)
FNDA:1,(anonymous_14)
FNDA:0,(anonymous_15)
FNDA:0,(anonymous_16)
FNDA:0,(anonymous_17)
FNDA:0,(anonymous_18)
FNDA:0,(anonymous_19)
DA:13,1
DA:23,1
DA:24,18
DA:27,1
DA:29,20508
DA:30,117131
DA:34,4975
DA:35,35016
DA:39,2671
DA:40,2671
DA:41,2671
DA:42,7707
DA:43,22879
DA:47,2395
DA:51,1
DA:52,239
DA:53,239
DA:54,2056
DA:55,2056
DA:57,239
DA:61,1
DA:62,239
DA:63,1316
DA:64,11056
DA:65,237
DA:66,237
DA:67,1280
DA:68,237
DA:69,237
DA:70,75
DA:73,75
DA:77,2
DA:81,1
DA:82,71
DA:84,71
DA:85,2219
DA:87,2209
DA:88,8738
DA:89,70550
DA:90,2135
DA:91,19215
DA:92,2148
DA:93,2148
DA:94,2148
DA:97,2135
DA:101,74
DA:104,639
DA:105,71
DA:106,71
DA:110,1
DA:111,2
DA:112,2
DA:113,2
DA:117,1
DA:118,18
DA:119,2
DA:120,2
DA:121,2
DA:124,2
DA:125,2
DA:126,18
DA:127,162
DA:130,2
DA:132,2
DA:133,2
DA:134,73
DA:136,71
DA:137,71
DA:140,71
DA:141,3
DA:143,68
DA:147,2
DA:151,1
DA:153,2
DA:154,0
DA:155,0
DA:156,0
DA:157,0
DA:158,0
DA:160,2
DA:161,2
DA:163,2
DA:167,1
DA:168,0
DA:170,0
DA:171,0
DA:172,0
DA:173,0
DA:178,0
DA:180,0
DA:181,0
DA:189,1
DA:190,4
DA:191,23
DA:192,194
DA:195,2
DA:199,1
DA:200,1
DA:201,1
DA:202,9
DA:203,9
DA:206,1
DA:210,1
DA:211,0
DA:212,0
DA:216,1
DA:217,0
DA:218,0
DA:219,0
DA:220,0
DA:221,0
DA:222,0
DA:226,0
LF:113
LH:91
BRDA:30,0,0,15533
BRDA:30,0,1,101598
BRDA:35,1,0,2304
BRDA:35,1,1,32712
BRDA:43,2,0,276
BRDA:43,2,1,22603
BRDA:64,3,0,237
BRDA:64,3,1,10819
BRDA:67,4,0,237
BRDA:67,4,1,1043
BRDA:69,5,0,162
BRDA:69,5,1,75
BRDA:81,6,0,71
BRDA:85,7,0,10
BRDA:85,7,1,2209
BRDA:89,8,0,2135
BRDA:89,8,1,68415
BRDA:91,9,0,2148
BRDA:91,9,1,17067
BRDA:119,10,0,2
BRDA:119,10,1,0
BRDA:134,11,0,2
BRDA:134,11,1,71
BRDA:140,12,0,3
BRDA:140,12,1,68
BRDA:153,13,0,2
BRDA:153,13,1,0
BRDA:154,14,0,0
BRDA:154,14,1,0
BRDA:155,15,0,0
BRDA:155,15,1,0
BRDA:156,16,0,0
BRDA:156,16,1,0
BRDA:157,17,0,0
BRDA:157,17,1,0
BRDA:172,18,0,0
BRDA:172,18,1,0
BRDA:178,19,0,0
BRDA:178,19,1,0
BRDA:192,20,0,2
BRDA:192,20,1,192
BRDA:202,21,0,9
BRDA:202,21,1,0
BRDA:220,22,0,0
BRDA:220,22,1,0
BRF:45
BRH:28
end_of_record
TN:
SF:utils\theme.ts
FN:135,paletteFor
FN:142,getThemeName
FN:146,setTheme
FN:149,(anonymous_3)
FN:152,loadStoredTheme
FN:157,(anonymous_5)
FN:163,useTheme
FN:165,(anonymous_7)
FN:168,(anonymous_8)
FNF:9
FNH:0
FNDA:0,paletteFor
FNDA:0,getThemeName
FNDA:0,setTheme
FNDA:0,(anonymous_3)
FNDA:0,loadStoredTheme
FNDA:0,(anonymous_5)
FNDA:0,useTheme
FNDA:0,(anonymous_7)
FNDA:0,(anonymous_8)
DA:53,0
DA:82,0
DA:112,0
DA:116,0
DA:122,0
DA:133,0
DA:136,0
DA:139,0
DA:140,0
DA:143,0
DA:147,0
DA:148,0
DA:149,0
DA:153,0
DA:154,0
DA:155,0
DA:156,0
DA:157,0
DA:164,0
DA:165,0
DA:166,0
DA:167,0
DA:168,0
DA:170,0
LF:24
LH:0
BRDA:136,0,0,0
BRDA:136,0,1,0
BRDA:155,1,0,0
BRDA:155,1,1,0
BRDA:155,2,0,0
BRDA:155,2,1,0
BRF:6
BRH:0
end_of_record
TN:
SF:utils\themes.ts
FNF:0
FNH:0
DA:16,0
LF:1
LH:0
BRF:0
BRH:0
end_of_record
TN:
SF:utils\tutorial.ts
FNF:0
FNH:0
DA:10,0
LF:1
LH:0
BRF:0
BRH:0
end_of_record
TN:
SF:utils\useBoardKeyboard.ts
FN:15,useBoardKeyboard
FN:18,(anonymous_1)
FN:20,(anonymous_2)
FN:27,(anonymous_3)
FN:47,(anonymous_4)
FNF:5
FNH:0
FNDA:0,useBoardKeyboard
FNDA:0,(anonymous_1)
FNDA:0,(anonymous_2)
FNDA:0,(anonymous_3)
FNDA:0,(anonymous_4)
DA:16,0
DA:17,0
DA:18,0
DA:19,0
DA:20,0
DA:21,0
DA:22,0
DA:24,0
DA:25,0
DA:26,0
DA:27,0
DA:28,0
DA:29,0
DA:30,0
DA:31,0
DA:33,0
DA:34,0
DA:35,0
DA:36,0
DA:37,0
DA:38,0
DA:39,0
DA:40,0
DA:41,0
DA:43,0
DA:46,0
DA:47,0
LF:27
LH:0
BRDA:19,0,0,0
BRDA:19,0,1,0
BRDA:19,1,0,0
BRDA:19,1,1,0
BRDA:22,2,0,0
BRDA:22,2,1,0
BRDA:25,3,0,0
BRDA:25,3,1,0
BRDA:25,4,0,0
BRDA:25,4,1,0
BRDA:28,5,0,0
BRDA:28,5,1,0
BRDA:28,6,0,0
BRDA:28,6,1,0
BRDA:33,7,0,0
BRDA:33,7,1,0
BRDA:33,7,2,0
BRDA:33,7,3,0
BRDA:33,7,4,0
BRDA:33,7,5,0
BRDA:33,7,6,0
BRDA:33,7,7,0
BRDA:33,7,8,0
BRDA:33,7,9,0
BRDA:33,7,10,0
BRDA:33,7,11,0
BRDA:33,7,12,0
BRDA:33,7,13,0
BRDA:43,8,0,0
BRDA:43,8,1,0
BRDA:43,9,0,0
BRDA:43,9,1,0
BRF:32
BRH:0
end_of_record
